R runs=4
D inst=maxsat-adv1.cnf
D seed=4
D iterations=100
D CH('random', 0)
D LI('k-flip neighborhood search', 1)
D SH('k random flip', 1)
 1 2 3 4 5 6 7 8 9 10 11 12 13 14 15 16 17 18 19 20 21 22 23 24 25 26 27 28 29 30 31 32 33 34 35 36 37 38 39 40 41 42 43 44 45 46 47 48 49 50 51 52 53 54 55 56 57 58 59 60 61 62 63 64 65 66 67 68 69 70 71 72 73 74 75 76 77 78 79 80 81 82 83 84 85 86 87 88 89 90 91 92 93 94 95 96 97 98 99 100
1 704.0 706.0 707.0 709.0 711.0 712.0 713.0 718.0 722.0 727.0 728.0 732.0 735.0 736.0 739.0 742.0 743.0 745.0 746.0 748.0 749.0 751.0 752.0 753.0 754.0 755.0 757.0 758.0 759.0 759.0 757.0 759.0 759.0 754.0 755.0 757.0 760.0 760.0 757.0 760.0 760.0 759.0 760.0 760.0 757.0 758.0 759.0 760.0 761.0 761.0 759.0 760.0 761.0 761.0 758.0 761.0 761.0 754.0 755.0 756.0 757.0 761.0 761.0 760.0 761.0 761.0 758.0 761.0 761.0 759.0 761.0 761.0 756.0 758.0 760.0 761.0 761.0 758.0 761.0 761.0 757.0 761.0 761.0 760.0 761.0 761.0 760.0 761.0 761.0 755.0 756.0 760.0 761.0 761.0 758.0 761.0 761.0 757.0 761.0 761.0
2 714.0 716.0 719.0 720.0 721.0 722.0 723.0 728.0 730.0 731.0 734.0 735.0 736.0 737.0 738.0 739.0 742.0 743.0 744.0 748.0 750.0 751.0 753.0 754.0 755.0 755.0 753.0 755.0 755.0 752.0 755.0 755.0 753.0 755.0 755.0 752.0 755.0 755.0 754.0 755.0 755.0 752.0 755.0 755.0 755.0 755.0 753.0 755.0 755.0 751.0 755.0 755.0 753.0 755.0 755.0 753.0 754.0 755.0 755.0 749.0 755.0 755.0 753.0 755.0 755.0 754.0 755.0 755.0 754.0 755.0 755.0 753.0 755.0 755.0 751.0 755.0 755.0 755.0 755.0 752.0 753.0 754.0 755.0 755.0 752.0 755.0 755.0 753.0 755.0 755.0 752.0 753.0 754.0 755.0 755.0 752.0 755.0 755.0 753.0 754.0
3 710.0 715.0 718.0 722.0 725.0 726.0 727.0 728.0 730.0 731.0 732.0 734.0 735.0 738.0 739.0 741.0 742.0 745.0 746.0 747.0 749.0 750.0 752.0 754.0 756.0 757.0 758.0 759.0 761.0 762.0 762.0 756.0 762.0 762.0 758.0 762.0 762.0 761.0 762.0 762.0 757.0 762.0 762.0 759.0 762.0 762.0 757.0 762.0 762.0 759.0 762.0 762.0 759.0 762.0 762.0 759.0 762.0 762.0 760.0 762.0 762.0 762.0 763.0 764.0 764.0 761.0 762.0 764.0 764.0 761.0 764.0 764.0 761.0 764.0 764.0 760.0 761.0 764.0 764.0 764.0 764.0 761.0 762.0 763.0 764.0 765.0 765.0 761.0 762.0 765.0 765.0 760.0 761.0 764.0 765.0 765.0 763.0 765.0 765.0 761.0
4 691.0 693.0 694.0 697.0 698.0 700.0 702.0 708.0 709.0 710.0 711.0 718.0 721.0 723.0 725.0 730.0 731.0 732.0 735.0 738.0 739.0 742.0 743.0 745.0 747.0 748.0 751.0 752.0 754.0 755.0 756.0 758.0 759.0 760.0 761.0 762.0 763.0 763.0 760.0 761.0 763.0 763.0 763.0 764.0 765.0 765.0 759.0 765.0 765.0 762.0 765.0 765.0 763.0 764.0 765.0 765.0 759.0 760.0 765.0 766.0 766.0 765.0 766.0 766.0 760.0 761.0 766.0 766.0 763.0 765.0 765.0 763.0 764.0 766.0 766.0 762.0 766.0 766.0 762.0 766.0 766.0 764.0 765.0 766.0 766.0 763.0 766.0 766.0 760.0 761.0 766.0 766.0 764.0 766.0 766.0 764.0 766.0 766.0 761.0 766.0
S summary
run method iter succ succ-rate% tot-obj-gain avg-obj-gain rel-succ% net-time net-time% brut-time brut-time%
1 ch0 1 1 100.0000 1.00000 1.00000 1.5625 0.0000 0.0000 0.0000 0.0000
1 li1 80 60 75.0000 116.00000 1.45000 93.7500 0.8750 87.5000 0.8750 87.5000
1 sh1 19 3 15.7895 57.00000 3.00000 4.6875 0.0000 0.0000 0.8281 82.8125
1 SUM/AVG 100 64 64.0000 174.00000 1.74000 33.3333 0.8750 87.5000 1.7031 170.3125
2 ch0 1 1 100.0000 11.00000 11.00000 1.8868 0.0000 0.0000 0.0000 0.0000
2 li1 75 51 68.0000 96.00000 1.28000 96.2264 1.0469 94.3662 1.0469 94.3662
2 sh1 24 1 4.1667 41.00000 1.70833 1.8868 0.0000 0.0000 0.9688 87.3239
2 SUM/AVG 100 53 53.0000 148.00000 1.48000 33.3333 1.0469 94.3662 2.0156 181.6901
3 ch0 1 1 100.0000 7.00000 7.00000 1.6393 0.0000 0.0000 0.0000 0.0000
3 li1 78 57 73.0769 117.00000 1.50000 93.4426 1.0000 88.8889 1.0000 88.8889
3 sh1 21 3 14.2857 55.00000 2.61905 4.9180 0.0000 0.0000 0.9844 87.5000
3 SUM/AVG 100 61 61.0000 179.00000 1.79000 33.3333 1.0000 88.8889 1.9844 176.3889
4 ch0 1 0 0.0000 0.00000 0.00000 0.0000 0.0000 0.0000 0.0000 0.0000
4 li1 81 63 77.7778 135.00000 1.66667 95.4545 1.0000 92.7536 1.0000 92.7536
4 sh1 18 3 16.6667 75.00000 4.16667 4.5455 0.0000 0.0000 0.9062 84.0580
4 SUM/AVG 100 66 66.0000 210.00000 2.10000 33.3333 1.0000 92.7536 1.9062 176.8116
