R runs=10
D inst=maxsat-adv1.cnf
D seed=0
D iterations=200
D CH('random', 0)
D LI('k-flip neighborhood search', 1)
D SH('k random flip', 2)
D SH('k random flip', 4)
D SH('k random flip', 6)
 1 2 3 4 5 6 7 8 9 10 11 12 13 14 15 16 17 18 19 20 21 22 23 24 25 26 27 28 29 30 31 32 33 34 35 36 37 38 39 40 41 42 43 44 45 46 47 48 49 50 51 52 53 54 55 56 57 58 59 60 61 62 63 64 65 66 67 68 69 70 71 72 73 74 75 76 77 78 79 80 81 82 83 84 85 86 87 88 89 90 91 92 93 94 95 96 97 98 99 100 101 102 103 104 105 106 107 108 109 110 111 112 113 114 115 116 117 118 119 120 121 122 123 124 125 126 127 128 129 130 131 132 133 134 135 136 137 138 139 140 141 142 143 144 145 146 147 148 149 150 151 152 153 154 155 156 157 158 159 160 161 162 163 164 165 166 167 168 169 170 171 172 173 174 175 176 177 178 179 180 181 182 183 184 185 186 187 188 189 190 191 192 193 194 195 196 197 198 199 200
1 714.0 716.0 718.0 719.0 722.0 723.0 724.0 728.0 730.0 731.0 735.0 736.0 739.0 740.0 742.0 743.0 745.0 746.0 748.0 749.0 751.0 752.0 754.0 755.0 756.0 757.0 758.0 759.0 759.0 752.0 754.0 759.0 759.0 753.0 754.0 757.0 758.0 759.0 759.0 751.0 752.0 755.0 759.0 759.0 738.0 739.0 741.0 743.0 747.0 749.0 750.0 752.0 753.0 754.0 760.0 761.0 761.0 758.0 761.0 763.0 763.0 754.0 756.0 763.0 763.0 754.0 756.0 757.0 758.0 763.0 764.0 764.0 756.0 758.0 761.0 764.0 764.0 754.0 755.0 756.0 758.0 760.0 762.0 764.0 764.0 747.0 748.0 749.0 752.0 755.0 756.0 760.0 761.0 762.0 763.0 763.0 757.0 762.0 763.0 764.0 764.0 753.0 755.0 756.0 757.0 760.0 761.0 764.0 764.0 745.0 748.0 750.0 752.0 756.0 757.0 758.0 762.0 764.0 764.0 757.0 758.0 762.0 764.0 764.0 752.0 755.0 756.0 759.0 763.0 764.0 765.0 765.0 759.0 765.0 765.0 755.0 756.0 759.0 760.0 762.0 763.0 764.0 765.0 765.0 756.0 757.0 760.0 761.0 762.0 763.0 763.0 760.0 761.0 762.0 763.0 765.0 765.0 744.0 745.0 750.0 751.0 752.0 754.0 758.0 759.0 760.0 761.0 762.0 763.0 764.0 764.0 748.0 749.0 750.0 754.0 756.0 761.0 765.0 765.0 756.0 757.0 759.0 760.0 762.0 763.0 764.0 765.0 765.0 751.0 756.0 757.0 759.0 760.0 764.0 765.0 765.0 751.0 752.0 757.0 758.0
2 726.0 730.0 731.0 733.0 735.0 737.0 739.0 741.0 742.0 743.0 745.0 747.0 748.0 749.0 750.0 754.0 755.0 756.0 757.0 759.0 760.0 761.0 766.0 766.0 757.0 761.0 766.0 766.0 757.0 758.0 759.0 760.0 761.0 762.0 767.0 767.0 763.0 764.0 765.0 765.0 750.0 751.0 756.0 757.0 758.0 761.0 766.0 767.0 767.0 741.0 745.0 749.0 750.0 754.0 755.0 758.0 761.0 766.0 767.0 767.0 754.0 759.0 760.0 767.0 767.0 763.0 765.0 767.0 767.0 754.0 756.0 759.0 764.0 767.0 767.0 763.0 764.0 765.0 766.0 766.0 755.0 758.0 760.0 765.0 765.0 744.0 745.0 749.0 753.0 754.0 759.0 760.0 761.0 764.0 766.0 767.0 767.0 761.0 763.0 764.0 767.0 767.0 756.0 758.0 760.0 763.0 767.0 767.0 758.0 761.0 763.0 764.0 766.0 767.0 767.0 761.0 763.0 767.0 767.0 751.0 752.0 755.0 758.0 761.0 764.0 767.0 767.0 744.0 745.0 746.0 752.0 756.0 762.0 767.0 767.0 759.0 760.0 763.0 764.0 767.0 767.0 750.0 751.0 752.0 755.0 759.0 761.0 762.0 763.0 766.0 767.0 767.0 752.0 753.0 755.0 758.0 761.0 764.0 765.0 766.0 767.0 767.0 761.0 765.0 767.0 767.0 754.0 755.0 756.0 757.0 759.0 760.0 761.0 766.0 766.0 752.0 753.0 760.0 765.0 766.0 767.0 767.0 754.0 755.0 762.0 766.0 767.0 767.0 753.0 760.0 764.0 766.0 767.0 767.0 749.0 755.0 756.0 757.0 760.0 761.0
3 683.0 684.0 688.0 693.0 696.0 700.0 703.0 704.0 707.0 710.0 712.0 717.0 718.0 719.0 722.0 726.0 727.0 729.0 730.0 731.0 732.0 734.0 735.0 736.0 738.0 741.0 742.0 744.0 745.0 748.0 752.0 753.0 754.0 755.0 757.0 757.0 754.0 757.0 758.0 758.0 750.0 751.0 753.0 754.0 758.0 758.0 744.0 746.0 749.0 750.0 753.0 757.0 758.0 758.0 734.0 737.0 738.0 739.0 741.0 742.0 744.0 745.0 747.0 748.0 752.0 755.0 756.0 757.0 759.0 759.0 751.0 754.0 759.0 759.0 749.0 750.0 753.0 754.0 757.0 758.0 758.0 751.0 754.0 755.0 757.0 757.0 752.0 755.0 759.0 759.0 747.0 751.0 754.0 755.0 758.0 759.0 759.0 748.0 750.0 752.0 753.0 754.0 755.0 756.0 757.0 759.0 759.0 751.0 752.0 756.0 757.0 758.0 759.0 759.0 744.0 745.0 751.0 752.0 756.0 757.0 759.0 759.0 751.0 752.0 753.0 758.0 759.0 759.0 755.0 756.0 758.0 759.0 760.0 760.0 753.0 754.0 755.0 756.0 757.0 758.0 759.0 759.0 746.0 748.0 749.0 751.0 752.0 754.0 755.0 756.0 760.0 760.0 746.0 747.0 748.0 749.0 755.0 756.0 757.0 758.0 758.0 755.0 756.0 757.0 758.0 759.0 760.0 760.0 751.0 752.0 754.0 755.0 756.0 759.0 760.0 760.0 747.0 749.0 750.0 751.0 754.0 755.0 757.0 761.0 762.0 763.0 763.0 759.0 761.0 763.0 763.0 753.0 756.0 757.0 758.0 759.0 760.0 761.0 762.0 762.0
4 705.0 706.0 707.0 708.0 710.0 714.0 715.0 716.0 718.0 722.0 724.0 725.0 728.0 733.0 734.0 736.0 738.0 739.0 741.0 742.0 745.0 747.0 750.0 751.0 754.0 756.0 756.0 747.0 753.0 756.0 756.0 750.0 755.0 756.0 756.0 747.0 749.0 752.0 753.0 756.0 756.0 740.0 741.0 745.0 748.0 749.0 750.0 752.0 756.0 757.0 757.0 752.0 755.0 757.0 757.0 743.0 745.0 746.0 747.0 751.0 754.0 757.0 758.0 760.0 760.0 756.0 757.0 758.0 760.0 761.0 761.0 752.0 753.0 756.0 757.0 761.0 761.0 754.0 756.0 757.0 761.0 762.0 762.0 757.0 761.0 762.0 762.0 754.0 757.0 760.0 761.0 762.0 762.0 749.0 752.0 754.0 758.0 762.0 762.0 760.0 761.0 762.0 762.0 745.0 746.0 747.0 749.0 751.0 753.0 754.0 761.0 763.0 763.0 758.0 761.0 763.0 763.0 750.0 755.0 756.0 758.0 760.0 762.0 763.0 763.0 749.0 751.0 752.0 754.0 756.0 757.0 758.0 760.0 762.0 763.0 763.0 759.0 761.0 763.0 763.0 742.0 747.0 754.0 755.0 756.0 763.0 763.0 734.0 736.0 737.0 741.0 742.0 747.0 752.0 754.0 755.0 756.0 757.0 759.0 761.0 763.0 763.0 757.0 759.0 763.0 763.0 758.0 760.0 761.0 762.0 762.0 748.0 751.0 752.0 756.0 758.0 759.0 761.0 762.0 763.0 763.0 756.0 759.0 763.0 763.0 752.0 754.0 759.0 760.0 761.0 763.0 763.0 745.0 750.0 752.0 756.0 758.0 759.0 761.0 762.0
5 707.0 710.0 713.0 714.0 719.0 720.0 722.0 724.0 725.0 726.0 728.0 730.0 731.0 736.0 738.0 740.0 741.0 746.0 747.0 748.0 749.0 750.0 751.0 753.0 754.0 754.0 751.0 754.0 755.0 755.0 749.0 751.0 752.0 754.0 755.0 756.0 760.0 760.0 754.0 755.0 756.0 758.0 760.0 761.0 761.0 754.0 758.0 759.0 761.0 762.0 762.0 758.0 759.0 762.0 762.0 746.0 749.0 753.0 755.0 756.0 758.0 759.0 761.0 761.0 743.0 747.0 748.0 750.0 752.0 753.0 755.0 759.0 760.0 760.0 759.0 762.0 762.0 747.0 748.0 749.0 754.0 756.0 760.0 762.0 762.0 752.0 753.0 755.0 756.0 759.0 762.0 762.0 757.0 760.0 761.0 762.0 762.0 751.0 752.0 753.0 756.0 758.0 759.0 761.0 762.0 762.0 742.0 746.0 747.0 750.0 751.0 755.0 756.0 760.0 761.0 762.0 763.0 763.0 755.0 756.0 759.0 762.0 763.0 763.0 752.0 754.0 756.0 757.0 758.0 759.0 760.0 761.0 761.0 745.0 746.0 747.0 748.0 754.0 756.0 758.0 759.0 763.0 763.0 756.0 759.0 763.0 763.0 748.0 752.0 755.0 761.0 762.0 763.0 763.0 749.0 751.0 752.0 754.0 759.0 762.0 763.0 763.0 755.0 757.0 763.0 763.0 748.0 749.0 752.0 756.0 757.0 761.0 763.0 763.0 743.0 746.0 748.0 754.0 760.0 763.0 763.0 758.0 759.0 760.0 762.0 763.0 763.0 747.0 748.0 752.0 753.0 757.0 758.0 761.0 762.0 763.0 763.0 736.0 741.0 743.0
6 703.0 708.0 713.0 715.0 718.0 719.0 725.0 729.0 731.0 732.0 735.0 736.0 739.0 740.0 742.0 743.0 744.0 747.0 748.0 749.0 752.0 753.0 754.0 755.0 756.0 757.0 758.0 759.0 759.0 750.0 751.0 752.0 753.0 754.0 756.0 759.0 760.0 760.0 758.0 759.0 760.0 760.0 744.0 748.0 756.0 759.0 760.0 760.0 743.0 748.0 749.0 752.0 753.0 754.0 756.0 760.0 760.0 754.0 755.0 756.0 757.0 760.0 760.0 745.0 748.0 753.0 757.0 760.0 760.0 739.0 745.0 752.0 754.0 755.0 756.0 759.0 759.0 754.0 758.0 760.0 760.0 748.0 751.0 752.0 756.0 757.0 758.0 759.0 759.0 741.0 742.0 746.0 748.0 750.0 758.0 761.0 761.0 758.0 760.0 761.0 761.0 752.0 753.0 755.0 757.0 759.0 761.0 762.0 762.0 753.0 758.0 759.0 760.0 761.0 762.0 762.0 750.0 751.0 752.0 754.0 757.0 758.0 759.0 761.0 762.0 762.0 747.0 751.0 755.0 756.0 762.0 762.0 753.0 754.0 760.0 761.0 762.0 762.0 751.0 755.0 756.0 758.0 760.0 761.0 762.0 762.0 755.0 756.0 757.0 758.0 760.0 761.0 763.0 765.0 766.0 766.0 758.0 759.0 760.0 764.0 766.0 767.0 767.0 757.0 764.0 767.0 767.0 750.0 755.0 758.0 763.0 764.0 765.0 767.0 767.0 747.0 748.0 754.0 761.0 763.0 765.0 767.0 767.0 764.0 766.0 767.0 767.0 751.0 756.0 762.0 763.0 765.0 766.0 767.0 767.0 751.0 752.0 755.0 760.0 761.0
7 695.0 699.0 700.0 701.0 709.0 711.0 714.0 716.0 718.0 719.0 720.0 721.0 724.0 725.0 727.0 728.0 734.0 736.0 737.0 738.0 740.0 741.0 742.0 745.0 747.0 748.0 748.0 744.0 747.0 748.0 748.0 748.0 748.0 738.0 740.0 744.0 745.0 746.0 748.0 749.0 750.0 750.0 745.0 749.0 750.0 750.0 739.0 740.0 742.0 745.0 746.0 747.0 749.0 751.0 751.0 743.0 744.0 747.0 751.0 751.0 737.0 740.0 743.0 747.0 751.0 751.0 744.0 746.0 747.0 748.0 749.0 751.0 752.0 752.0 746.0 748.0 752.0 752.0 744.0 749.0 750.0 752.0 753.0 753.0 739.0 740.0 744.0 753.0 753.0 738.0 740.0 742.0 746.0 753.0 753.0 727.0 729.0 731.0 732.0 733.0 737.0 746.0 749.0 750.0 752.0 752.0 743.0 750.0 753.0 753.0 734.0 739.0 741.0 743.0 751.0 752.0 753.0 754.0 754.0 747.0 748.0 750.0 753.0 754.0 754.0 739.0 743.0 747.0 752.0 754.0 754.0 736.0 740.0 742.0 743.0 747.0 748.0 749.0 750.0 751.0 752.0 755.0 755.0 749.0 750.0 755.0 755.0 749.0 750.0 752.0 753.0 754.0 755.0 756.0 756.0 749.0 753.0 756.0 756.0 748.0 749.0 751.0 755.0 756.0 756.0 748.0 751.0 753.0 756.0 756.0 749.0 751.0 754.0 755.0 756.0 756.0 738.0 739.0 741.0 742.0 746.0 747.0 750.0 751.0 752.0 755.0 755.0 746.0 751.0 752.0 753.0 755.0 756.0 757.0 757.0 754.0 756.0 757.0 757.0 749.0
8 682.0 684.0 688.0 692.0 695.0 698.0 699.0 702.0 704.0 705.0 706.0 711.0 714.0 715.0 717.0 719.0 721.0 726.0 727.0 728.0 729.0 730.0 735.0 740.0 741.0 743.0 747.0 748.0 749.0 750.0 750.0 739.0 740.0 749.0 750.0 751.0 752.0 753.0 754.0 755.0 756.0 757.0 758.0 758.0 751.0 755.0 756.0 758.0 758.0 745.0 750.0 751.0 752.0 753.0 756.0 756.0 746.0 747.0 748.0 750.0 752.0 753.0 754.0 755.0 756.0 759.0 760.0 761.0 762.0 762.0 755.0 759.0 762.0 762.0 745.0 748.0 749.0 752.0 753.0 756.0 762.0 763.0 763.0 753.0 758.0 763.0 763.0 747.0 748.0 750.0 755.0 756.0 757.0 758.0 759.0 763.0 764.0 764.0 762.0 763.0 764.0 764.0 756.0 759.0 760.0 761.0 762.0 763.0 763.0 745.0 747.0 748.0 752.0 755.0 756.0 757.0 758.0 759.0 762.0 763.0 763.0 759.0 760.0 764.0 764.0 750.0 752.0 755.0 759.0 764.0 764.0 754.0 755.0 756.0 757.0 761.0 762.0 763.0 763.0 757.0 760.0 764.0 764.0 754.0 760.0 764.0 764.0 747.0 748.0 749.0 750.0 752.0 753.0 755.0 759.0 762.0 763.0 764.0 764.0 761.0 763.0 764.0 764.0 744.0 745.0 750.0 758.0 760.0 761.0 763.0 764.0 764.0 743.0 744.0 750.0 751.0 755.0 756.0 758.0 759.0 760.0 761.0 762.0 763.0 764.0 764.0 762.0 763.0 764.0 764.0 749.0 750.0 755.0 756.0 757.0 758.0 759.0 760.0 761.0 762.0
9 687.0 691.0 698.0 700.0 703.0 709.0 712.0 713.0 716.0 718.0 720.0 725.0 726.0 729.0 732.0 734.0 735.0 737.0 738.0 741.0 744.0 746.0 748.0 749.0 750.0 751.0 752.0 754.0 755.0 756.0 757.0 758.0 759.0 762.0 762.0 762.0 762.0 754.0 755.0 757.0 758.0 762.0 762.0 747.0 752.0 757.0 758.0 762.0 762.0 739.0 745.0 749.0 750.0 751.0 752.0 754.0 757.0 759.0 762.0 762.0 761.0 762.0 762.0 756.0 757.0 759.0 762.0 762.0 746.0 748.0 749.0 750.0 751.0 752.0 753.0 755.0 756.0 759.0 762.0 762.0 758.0 762.0 762.0 751.0 752.0 755.0 760.0 762.0 762.0 742.0 743.0 745.0 746.0 749.0 752.0 753.0 754.0 756.0 757.0 761.0 761.0 759.0 761.0 762.0 762.0 751.0 752.0 755.0 758.0 761.0 762.0 762.0 747.0 749.0 752.0 753.0 754.0 759.0 760.0 762.0 762.0 752.0 753.0 754.0 755.0 757.0 758.0 762.0 762.0 751.0 754.0 755.0 756.0 757.0 760.0 761.0 761.0 747.0 748.0 751.0 754.0 758.0 759.0 762.0 762.0 760.0 761.0 762.0 762.0 745.0 747.0 748.0 749.0 752.0 754.0 756.0 757.0 761.0 763.0 763.0 760.0 762.0 763.0 763.0 758.0 759.0 761.0 762.0 763.0 763.0 748.0 753.0 757.0 758.0 760.0 761.0 762.0 763.0 763.0 755.0 756.0 759.0 760.0 763.0 763.0 752.0 753.0 754.0 757.0 759.0 760.0 761.0 762.0 763.0 763.0 743.0 746.0 750.0 751.0 754.0
10 710.0 712.0 713.0 717.0 720.0 724.0 726.0 728.0 730.0 733.0 734.0 736.0 739.0 741.0 743.0 746.0 747.0 749.0 750.0 751.0 754.0 756.0 757.0 758.0 759.0 761.0 762.0 763.0 763.0 754.0 755.0 760.0 763.0 763.0 753.0 762.0 763.0 763.0 752.0 755.0 756.0 757.0 758.0 759.0 760.0 760.0 749.0 750.0 753.0 758.0 760.0 761.0 761.0 762.0 763.0 763.0 747.0 751.0 752.0 753.0 754.0 755.0 756.0 757.0 758.0 761.0 762.0 762.0 745.0 749.0 750.0 751.0 756.0 757.0 758.0 759.0 761.0 763.0 763.0 757.0 762.0 763.0 763.0 749.0 750.0 751.0 752.0 753.0 754.0 755.0 759.0 760.0 763.0 763.0 748.0 752.0 753.0 755.0 758.0 759.0 760.0 761.0 763.0 764.0 764.0 762.0 763.0 764.0 764.0 756.0 758.0 759.0 761.0 764.0 764.0 756.0 759.0 760.0 762.0 764.0 764.0 756.0 760.0 764.0 764.0 749.0 756.0 760.0 761.0 764.0 764.0 752.0 756.0 757.0 759.0 760.0 764.0 764.0 759.0 763.0 764.0 764.0 747.0 751.0 754.0 756.0 760.0 761.0 763.0 764.0 764.0 753.0 754.0 757.0 759.0 760.0 761.0 762.0 763.0 764.0 764.0 762.0 763.0 764.0 764.0 755.0 756.0 758.0 762.0 764.0 764.0 755.0 760.0 761.0 762.0 763.0 763.0 755.0 757.0 764.0 764.0 755.0 758.0 759.0 761.0 763.0 764.0 764.0 738.0 739.0 740.0 744.0 747.0 753.0 754.0 755.0 756.0 757.0 758.0 760.0
S summary
run method iter succ succ-rate% tot-obj-gain avg-obj-gain rel-succ% net-time net-time% brut-time brut-time%
1 ch0 1 1 100.0000 11.00000 11.00000 0.6369 0.0000 0.0000 0.0000 0.0000
1 li1 175 151 86.2857 299.00000 1.70857 96.1783 1.4844 94.0594 1.4844 94.0594
1 sh2 10 2 20.0000 47.00000 4.70000 1.2739 0.0000 0.0000 0.4844 30.6931
1 sh4 8 2 25.0000 2.00000 0.25000 1.2739 0.0000 0.0000 0.5469 34.6535
1 sh6 6 1 16.6667 2.00000 0.33333 0.6369 0.0000 0.0000 0.3906 24.7525
1 SUM/AVG 200 157 78.5000 361.00000 1.80500 20.0000 1.4844 94.0594 2.9062 184.1584
2 ch0 1 1 100.0000 23.00000 23.00000 0.6667 0.0000 0.0000 0.0000 0.0000
2 li1 173 147 84.9711 353.00000 2.04046 98.0000 1.5625 95.2381 1.5625 95.2381
2 sh2 10 2 20.0000 41.00000 4.10000 1.3333 0.0000 0.0000 0.5469 33.3333
2 sh4 8 0 0.0000 0.00000 0.00000 0.0000 0.0000 0.0000 0.4531 27.6190
2 sh6 8 0 0.0000 0.00000 0.00000 0.0000 0.0000 0.0000 0.5312 32.3810
2 SUM/AVG 200 150 75.0000 417.00000 2.08500 20.0000 1.5625 95.2381 3.0938 188.5714
3 ch0 1 0 0.0000 0.00000 0.00000 0.0000 0.0000 0.0000 0.0000 0.0000
3 li1 177 154 87.0056 289.00000 1.63277 97.4684 1.3906 90.8163 1.3906 90.8163
3 sh2 9 2 22.2222 76.00000 8.44444 1.2658 0.0000 0.0000 0.4688 30.6122
3 sh4 7 0 0.0000 0.00000 0.00000 0.0000 0.0000 0.0000 0.5000 32.6531
3 sh6 6 2 33.3333 4.00000 0.66667 1.2658 0.0000 0.0000 0.4531 29.5918
3 SUM/AVG 200 158 79.0000 369.00000 1.84500 20.0000 1.3906 90.8163 2.8125 183.6735
4 ch0 1 1 100.0000 2.00000 2.00000 0.6494 0.0000 0.0000 0.0000 0.0000
4 li1 173 147 84.9711 328.00000 1.89595 95.4545 1.5781 94.3925 1.5781 94.3925
4 sh2 11 2 18.1818 52.00000 4.72727 1.2987 0.0000 0.0000 0.5781 34.5794
4 sh4 9 3 33.3333 5.00000 0.55556 1.9481 0.0000 0.0000 0.5781 34.5794
4 sh6 6 1 16.6667 1.00000 0.16667 0.6494 0.0000 0.0000 0.4062 24.2991
4 SUM/AVG 200 154 77.0000 388.00000 1.94000 20.0000 1.5781 94.3925 3.1406 187.8505
5 ch0 1 1 100.0000 4.00000 4.00000 0.6452 0.0000 0.0000 0.0000 0.0000
5 li1 174 149 85.6322 320.00000 1.83908 96.1290 1.6875 94.7368 1.6875 94.7368
5 sh2 11 4 36.3636 55.00000 5.00000 2.5806 0.0000 0.0000 0.6562 36.8421
5 sh4 7 0 0.0000 0.00000 0.00000 0.0000 0.0000 0.0000 0.5156 28.9474
5 sh6 7 1 14.2857 1.00000 0.14286 0.6452 0.0000 0.0000 0.5000 28.0702
5 SUM/AVG 200 155 77.5000 380.00000 1.90000 20.0000 1.6875 94.7368 3.3594 188.5965
6 ch0 1 0 0.0000 0.00000 0.00000 0.0000 0.0000 0.0000 0.0000 0.0000
6 li1 174 149 85.6322 344.00000 1.97701 96.7532 1.6562 93.8053 1.6562 93.8053
6 sh2 10 2 20.0000 58.00000 5.80000 1.2987 0.0000 0.0000 0.6562 37.1681
6 sh4 8 1 12.5000 1.00000 0.12500 0.6494 0.0000 0.0000 0.5781 32.7434
6 sh6 7 2 28.5714 5.00000 0.71429 1.2987 0.0000 0.0000 0.4062 23.0088
6 SUM/AVG 200 154 77.0000 408.00000 2.04000 20.0000 1.6562 93.8053 3.2969 186.7257
7 ch0 1 0 0.0000 0.00000 0.00000 0.0000 0.0000 0.0000 0.0000 0.0000
7 li1 171 143 83.6257 330.00000 1.92982 94.0789 1.6250 92.0354 1.6250 92.0354
7 sh2 12 1 8.3333 53.00000 4.41667 0.6579 0.0000 0.0000 0.6406 36.2832
7 sh4 11 5 45.4545 6.00000 0.54545 3.2895 0.0000 0.0000 0.6094 34.5133
7 sh6 5 3 60.0000 3.00000 0.60000 1.9737 0.0000 0.0000 0.3906 22.1239
7 SUM/AVG 200 152 76.0000 392.00000 1.96000 20.0000 1.6250 92.0354 3.2656 184.9558
8 ch0 1 0 0.0000 0.00000 0.00000 0.0000 0.0000 0.0000 0.0000 0.0000
8 li1 177 155 87.5706 321.00000 1.81356 97.4843 1.6094 93.6364 1.6094 93.6364
8 sh2 9 1 11.1111 76.00000 8.44444 0.6289 0.0000 0.0000 0.5469 31.8182
8 sh4 8 2 25.0000 2.00000 0.25000 1.2579 0.0000 0.0000 0.5469 31.8182
8 sh6 5 1 20.0000 4.00000 0.80000 0.6289 0.0000 0.0000 0.5000 29.0909
8 SUM/AVG 200 159 79.5000 403.00000 2.01500 20.0000 1.6094 93.6364 3.2031 186.3636
9 ch0 1 0 0.0000 0.00000 0.00000 0.0000 0.0000 0.0000 0.0000 0.0000
9 li1 175 151 86.2857 315.00000 1.80000 98.6928 1.5156 94.1748 1.5156 94.1748
9 sh2 9 1 11.1111 75.00000 8.33333 0.6536 0.0000 0.0000 0.4219 26.2136
9 sh4 8 1 12.5000 1.00000 0.12500 0.6536 0.0000 0.0000 0.5625 34.9515
9 sh6 7 0 0.0000 0.00000 0.00000 0.0000 0.0000 0.0000 0.4844 30.0971
9 SUM/AVG 200 153 76.5000 391.00000 1.95500 20.0000 1.5156 94.1748 2.9844 185.4369
10 ch0 1 1 100.0000 7.00000 7.00000 0.6579 0.0000 0.0000 0.0000 0.0000
10 li1 174 149 85.6322 307.00000 1.76437 98.0263 1.3906 91.7526 1.3906 91.7526
10 sh2 9 1 11.1111 53.00000 5.88889 0.6579 0.0000 0.0000 0.4219 27.8351
10 sh4 8 0 0.0000 0.00000 0.00000 0.0000 0.0000 0.0000 0.5156 34.0206
10 sh6 8 1 12.5000 1.00000 0.12500 0.6579 0.0000 0.0000 0.4531 29.8969
10 SUM/AVG 200 152 76.0000 368.00000 1.84000 20.0000 1.3906 91.7526 2.7812 183.5052
