MISP
GRASP
START
SOL: []
OBJ: 0
M: li2
PAR: 2
INC: []
BEST: 0
END
SOL: []
OBJ: 0
M: li2
PAR: 2
INC: []
BEST: 0
BETTER: False
START
SOL: []
OBJ: 0
M: rgc5
PAR: 5
INC: []
BEST: 0
SOL: []
CL: {0: 2, 1: 2, 2: 4, 3: 6, 4: 2, 5: 6, 6: 6, 7: 4, 8: 4, 9: 8, 10: 3, 11: 2, 12: 5, 13: 2, 14: 4, 15: 3, 16: 3, 17: 1, 18: 5, 19: 5, 20: 4, 21: 4, 22: 4, 23: 4, 24: 8, 25: 3, 26: 3, 27: 4, 28: 1, 29: 8}
PAR: 5
RCL: [17 28  0  1  4]
SEL: 28
SOL: [28]
CL: {0: 2, 1: 2, 2: 4, 3: 6, 4: 2, 6: 6, 7: 4, 8: 4, 9: 7, 10: 3, 11: 2, 12: 4, 13: 2, 14: 4, 15: 2, 16: 3, 17: 1, 18: 5, 19: 5, 20: 4, 21: 4, 22: 4, 23: 4, 24: 7, 25: 3, 26: 3, 27: 4, 29: 7}
PAR: 5
RCL: [17  0  1  4 11]
SEL: 11
SOL: [11 28]
CL: {0: 2, 1: 2, 2: 4, 4: 2, 6: 5, 7: 4, 8: 3, 9: 7, 10: 3, 12: 4, 13: 2, 14: 4, 15: 2, 17: 1, 18: 5, 19: 5, 20: 3, 21: 3, 22: 3, 23: 4, 24: 6, 25: 2, 26: 3, 27: 4, 29: 7}
PAR: 5
RCL: [17  0  1  4 13]
SEL: 4
SOL: [ 4 11 28]
CL: {0: 2, 1: 2, 2: 4, 6: 5, 7: 3, 8: 3, 9: 6, 10: 3, 12: 4, 13: 2, 14: 4, 15: 2, 18: 4, 19: 4, 20: 3, 21: 3, 22: 3, 23: 4, 25: 2, 26: 3, 27: 4, 29: 6}
PAR: 5
RCL: [ 0  1 13 15 25]
SEL: 0
SOL: [ 0  4 11 28]
CL: {1: 2, 2: 3, 6: 5, 7: 3, 8: 3, 9: 4, 10: 3, 12: 4, 13: 1, 14: 4, 15: 2, 18: 4, 19: 4, 20: 2, 21: 3, 22: 3, 23: 4, 25: 2, 29: 6}
PAR: 5
RCL: [13  1 15 20 25]
SEL: 25
SOL: [ 0  4 11 25 28]
CL: {1: 1, 2: 2, 7: 2, 8: 3, 10: 3, 12: 4, 13: 1, 14: 4, 15: 2, 18: 3, 19: 4, 20: 2, 21: 2, 22: 3, 23: 4, 29: 4}
PAR: 5
RCL: [ 1 13  2  7 15]
SEL: 2
SOL: [ 0  2  4 11 25 28]
CL: {1: 0, 7: 2, 8: 3, 10: 3, 13: 0, 14: 4, 15: 1, 18: 3, 19: 2, 20: 2, 21: 2, 22: 3, 23: 3}
PAR: 5
RCL: [ 1 13 15  7 19]
SEL: 1
SOL: [ 0  1  2  4 11 25 28]
CL: {7: 2, 8: 3, 10: 3, 13: 0, 14: 4, 15: 1, 18: 3, 19: 2, 20: 2, 21: 2, 22: 3, 23: 3}
PAR: 5
RCL: [13 15  7 19 20]
SEL: 7
SOL: [ 0  1  2  4  7 11 25 28]
CL: {8: 2, 10: 3, 13: 0, 14: 3, 15: 1, 18: 3, 19: 2, 21: 1, 22: 3}
PAR: 5
RCL: [13 15 21  8 19]
SEL: 15
SOL: [ 0  1  2  4  7 11 15 25 28]
CL: {8: 2, 10: 2, 13: 0, 14: 3, 18: 2, 19: 2, 21: 1}
PAR: 5
RCL: [13 21  8 10 18]
SEL: 18
SOL: [ 0  1  2  4  7 11 15 18 25 28]
CL: {8: 0, 13: 0, 19: 1, 21: 1}
PAR: 5
RCL: [ 8 13 19 21]
SEL: 21
SOL: [ 0  1  2  4  7 11 15 18 21 25 28]
CL: {8: 0, 13: 0}
PAR: 5
RCL: [ 8 13]
SEL: 13
SOL: [ 0  1  2  4  7 11 13 15 18 21 25 28]
CL: {8: 0}
PAR: 5
RCL: [8]
SEL: 8
END
SOL: [ 0  1  2  4  7  8 11 13 15 18 21 25 28]
OBJ: 13
M: rgc5
PAR: 5
INC: [ 0  1  2  4  7  8 11 13 15 18 21 25 28]
BEST: 13
BETTER: True
START
SOL: [ 0  1  2  4  7  8 11 13 15 18 21 25 28]
OBJ: 13
M: li2
PAR: 2
INC: [ 0  1  2  4  7  8 11 13 15 18 21 25 28]
BEST: 13
END
SOL: [ 0  1  2  4  7  8 11 13 15 18 21 25 28]
OBJ: 13
M: li2
PAR: 2
INC: [ 0  1  2  4  7  8 11 13 15 18 21 25 28]
BEST: 13
BETTER: False
START
SOL: [ 0  1  2  4  7  8 11 13 15 18 21 25 28]
OBJ: 13
M: rgc5
PAR: 5
INC: [ 0  1  2  4  7  8 11 13 15 18 21 25 28]
BEST: 13
SOL: []
CL: {0: 2, 1: 2, 2: 4, 3: 6, 4: 2, 5: 6, 6: 6, 7: 4, 8: 4, 9: 8, 10: 3, 11: 2, 12: 5, 13: 2, 14: 4, 15: 3, 16: 3, 17: 1, 18: 5, 19: 5, 20: 4, 21: 4, 22: 4, 23: 4, 24: 8, 25: 3, 26: 3, 27: 4, 28: 1, 29: 8}
PAR: 5
RCL: [17 28  0  1  4]
SEL: 4
SOL: [4]
CL: {0: 2, 1: 2, 2: 4, 3: 6, 5: 5, 6: 6, 7: 3, 8: 4, 9: 7, 10: 3, 11: 2, 12: 5, 13: 2, 14: 4, 15: 3, 16: 2, 18: 4, 19: 4, 20: 4, 21: 4, 22: 4, 23: 4, 25: 3, 26: 3, 27: 4, 28: 1, 29: 7}
PAR: 5
RCL: [28  0  1 11 13]
SEL: 28
SOL: [ 4 28]
CL: {0: 2, 1: 2, 2: 4, 3: 6, 6: 6, 7: 3, 8: 4, 9: 6, 10: 3, 11: 2, 12: 4, 13: 2, 14: 4, 15: 2, 16: 2, 18: 4, 19: 4, 20: 4, 21: 4, 22: 4, 23: 4, 25: 3, 26: 3, 27: 4, 29: 6}
PAR: 5
RCL: [ 0  1 11 13 15]
SEL: 15
SOL: [ 4 15 28]
CL: {0: 2, 1: 2, 2: 3, 3: 5, 6: 5, 7: 3, 8: 4, 9: 5, 10: 2, 11: 2, 12: 4, 13: 2, 14: 4, 16: 2, 18: 3, 19: 3, 20: 4, 21: 4, 23: 3, 25: 3, 26: 3, 27: 4}
PAR: 5
RCL: [ 0  1 10 11 13]
SEL: 0
SOL: [ 0  4 15 28]
CL: {1: 2, 2: 2, 3: 5, 6: 5, 7: 3, 8: 4, 9: 3, 10: 2, 11: 2, 12: 4, 13: 1, 14: 4, 16: 2, 18: 3, 19: 3, 20: 3, 21: 4, 23: 3, 25: 3}
PAR: 5
RCL: [13  1  2 10 11]
SEL: 2
SOL: [ 0  2  4 15 28]
CL: {1: 0, 3: 4, 7: 2, 8: 4, 9: 3, 10: 2, 11: 2, 13: 0, 14: 4, 16: 2, 18: 3, 19: 2, 20: 3, 21: 4, 23: 3, 25: 2}
PAR: 5
RCL: [ 1 13  7 10 11]
SEL: 10
SOL: [ 0  2  4 10 15 28]
CL: {1: 0, 3: 3, 7: 2, 9: 2, 11: 2, 13: 0, 14: 2, 16: 2, 19: 2, 20: 3, 21: 4, 23: 2, 25: 2}
PAR: 5
RCL: [ 1 13  7  9 11]
SEL: 9
SOL: [ 0  2  4  9 10 15 28]
CL: {1: 0, 3: 2, 7: 2, 11: 2, 13: 0, 14: 2, 16: 1, 19: 1, 20: 3, 23: 1}
PAR: 5
RCL: [ 1 13 16 19 23]
SEL: 16
SOL: [ 0  2  4  9 10 15 16 28]
CL: {1: 0, 3: 1, 7: 2, 13: 0, 14: 2, 19: 1, 20: 3, 23: 1}
PAR: 5
RCL: [ 1 13  3 19 23]
SEL: 19
SOL: [ 0  2  4  9 10 15 16 19 28]
CL: {1: 0, 3: 1, 7: 2, 13: 0, 20: 2, 23: 1}
PAR: 5
RCL: [ 1 13  3 23  7]
SEL: 7
SOL: [ 0  2  4  7  9 10 15 16 19 28]
CL: {1: 0, 3: 0, 13: 0}
PAR: 5
RCL: [ 1  3 13]
SEL: 3
SOL: [ 0  2  3  4  7  9 10 15 16 19 28]
CL: {1: 0, 13: 0}
PAR: 5
RCL: [ 1 13]
SEL: 13
SOL: [ 0  2  3  4  7  9 10 13 15 16 19 28]
CL: {1: 0}
PAR: 5
RCL: [1]
SEL: 1
END
SOL: [ 0  1  2  3  4  7  9 10 13 15 16 19 28]
OBJ: 13
M: rgc5
PAR: 5
INC: [ 0  1  2  4  7  8 11 13 15 18 21 25 28]
BEST: 13
BETTER: False
START
SOL: [ 0  1  2  3  4  7  9 10 13 15 16 19 28]
OBJ: 13
M: li2
PAR: 2
INC: [ 0  1  2  4  7  8 11 13 15 18 21 25 28]
BEST: 13
END
SOL: [ 0  1  2  3  4  7  9 10 13 15 16 19 28]
OBJ: 13
M: li2
PAR: 2
INC: [ 0  1  2  4  7  8 11 13 15 18 21 25 28]
BEST: 13
BETTER: False
START
SOL: [ 0  1  2  4  7  8 11 13 15 18 21 25 28]
OBJ: 13
M: rgc5
PAR: 5
INC: [ 0  1  2  4  7  8 11 13 15 18 21 25 28]
BEST: 13
SOL: []
CL: {0: 2, 1: 2, 2: 4, 3: 6, 4: 2, 5: 6, 6: 6, 7: 4, 8: 4, 9: 8, 10: 3, 11: 2, 12: 5, 13: 2, 14: 4, 15: 3, 16: 3, 17: 1, 18: 5, 19: 5, 20: 4, 21: 4, 22: 4, 23: 4, 24: 8, 25: 3, 26: 3, 27: 4, 28: 1, 29: 8}
PAR: 5
RCL: [17 28  0  1  4]
SEL: 0
SOL: [0]
CL: {1: 2, 2: 3, 3: 6, 4: 2, 5: 6, 6: 6, 7: 4, 8: 4, 9: 6, 10: 3, 11: 2, 12: 5, 13: 1, 14: 4, 15: 3, 16: 3, 17: 1, 18: 5, 19: 5, 20: 3, 21: 4, 22: 4, 23: 4, 24: 8, 25: 3, 28: 1, 29: 8}
PAR: 5
RCL: [13 17 28  1  4]
SEL: 13
SOL: [ 0 13]
CL: {1: 1, 2: 2, 3: 6, 4: 2, 5: 5, 6: 6, 7: 4, 8: 4, 9: 6, 10: 3, 11: 2, 14: 4, 15: 3, 16: 3, 17: 1, 18: 5, 19: 4, 20: 3, 21: 4, 22: 4, 23: 4, 24: 8, 25: 3, 28: 1, 29: 8}
PAR: 5
RCL: [ 1 17 28  2  4]
SEL: 4
SOL: [ 0  4 13]
CL: {1: 1, 2: 2, 3: 6, 5: 4, 6: 6, 7: 3, 8: 4, 9: 5, 10: 3, 11: 2, 14: 4, 15: 3, 16: 2, 18: 4, 19: 3, 20: 3, 21: 4, 22: 4, 23: 4, 25: 3, 28: 1, 29: 7}
PAR: 5
RCL: [ 1 28  2 11 16]
SEL: 11
SOL: [ 0  4 11 13]
CL: {1: 1, 2: 2, 5: 4, 6: 5, 7: 3, 8: 3, 9: 5, 10: 3, 14: 4, 15: 3, 18: 4, 19: 3, 20: 2, 21: 3, 22: 3, 23: 4, 25: 2, 28: 1, 29: 7}
PAR: 5
RCL: [ 1 28  2 20 25]
SEL: 1
SOL: [ 0  1  4 11 13]
CL: {2: 1, 5: 4, 7: 2, 8: 3, 9: 5, 10: 3, 14: 4, 15: 3, 18: 4, 19: 3, 20: 2, 21: 3, 22: 3, 23: 4, 25: 1, 28: 1, 29: 6}
PAR: 5
RCL: [ 2 25 28  7 20]
SEL: 2
SOL: [ 0  1  2  4 11 13]
CL: {5: 3, 7: 2, 8: 3, 9: 4, 10: 3, 14: 4, 15: 2, 18: 4, 19: 2, 20: 2, 21: 3, 22: 3, 23: 3, 25: 1, 28: 1}
PAR: 5
RCL: [25 28  7 15 19]
SEL: 25
SOL: [ 0  1  2  4 11 13 25]
CL: {5: 2, 7: 2, 8: 3, 10: 3, 14: 4, 15: 2, 18: 3, 19: 2, 20: 2, 21: 2, 22: 3, 23: 3, 28: 1}
PAR: 5
RCL: [28  5  7 15 19]
SEL: 15
SOL: [ 0  1  2  4 11 13 15 25]
CL: {7: 2, 8: 3, 10: 2, 14: 4, 18: 2, 19: 2, 20: 2, 21: 2, 23: 3, 28: 0}
PAR: 5
RCL: [28  7 10 18 19]
SEL: 28
SOL: [ 0  1  2  4 11 13 15 25 28]
CL: {7: 2, 8: 3, 10: 2, 14: 4, 18: 2, 19: 2, 20: 2, 21: 2, 23: 3}
PAR: 5
RCL: [ 7 10 18 19 20]
SEL: 18
SOL: [ 0  1  2  4 11 13 15 18 25 28]
CL: {7: 2, 8: 1, 19: 1, 20: 1, 21: 2, 23: 3}
PAR: 5
RCL: [ 8 19 20  7 21]
SEL: 7
SOL: [ 0  1  2  4  7 11 13 15 18 25 28]
CL: {8: 0, 19: 1, 21: 1}
PAR: 5
RCL: [ 8 19 21]
SEL: 19
SOL: [ 0  1  2  4  7 11 13 15 18 19 25 28]
CL: {8: 0}
PAR: 5
RCL: [8]
SEL: 8
END
SOL: [ 0  1  2  4  7  8 11 13 15 18 19 25 28]
OBJ: 13
M: rgc5
PAR: 5
INC: [ 0  1  2  4  7  8 11 13 15 18 21 25 28]
BEST: 13
BETTER: False
START
SOL: [ 0  1  2  4  7  8 11 13 15 18 19 25 28]
OBJ: 13
M: li2
PAR: 2
INC: [ 0  1  2  4  7  8 11 13 15 18 21 25 28]
BEST: 13
END
SOL: [ 0  1  2  4  7  8 11 13 15 18 19 25 28]
OBJ: 13
M: li2
PAR: 2
INC: [ 0  1  2  4  7  8 11 13 15 18 21 25 28]
BEST: 13
BETTER: False
START
SOL: [ 0  1  2  4  7  8 11 13 15 18 21 25 28]
OBJ: 13
M: rgc5
PAR: 5
INC: [ 0  1  2  4  7  8 11 13 15 18 21 25 28]
BEST: 13
SOL: []
CL: {0: 2, 1: 2, 2: 4, 3: 6, 4: 2, 5: 6, 6: 6, 7: 4, 8: 4, 9: 8, 10: 3, 11: 2, 12: 5, 13: 2, 14: 4, 15: 3, 16: 3, 17: 1, 18: 5, 19: 5, 20: 4, 21: 4, 22: 4, 23: 4, 24: 8, 25: 3, 26: 3, 27: 4, 28: 1, 29: 8}
PAR: 5
RCL: [17 28  0  1  4]
SEL: 4
SOL: [4]
CL: {0: 2, 1: 2, 2: 4, 3: 6, 5: 5, 6: 6, 7: 3, 8: 4, 9: 7, 10: 3, 11: 2, 12: 5, 13: 2, 14: 4, 15: 3, 16: 2, 18: 4, 19: 4, 20: 4, 21: 4, 22: 4, 23: 4, 25: 3, 26: 3, 27: 4, 28: 1, 29: 7}
PAR: 5
RCL: [28  0  1 11 13]
SEL: 1
SOL: [1 4]
CL: {0: 2, 2: 2, 3: 5, 5: 4, 7: 2, 8: 4, 9: 7, 10: 3, 11: 2, 13: 1, 14: 4, 15: 3, 16: 2, 18: 4, 19: 3, 20: 4, 21: 4, 22: 4, 23: 4, 25: 2, 26: 3, 27: 4, 28: 1, 29: 6}
PAR: 5
RCL: [13 28  0  2  7]
SEL: 2
SOL: [1 2 4]
CL: {0: 1, 3: 5, 5: 3, 7: 2, 8: 4, 9: 5, 10: 3, 11: 2, 13: 0, 14: 4, 15: 2, 16: 2, 18: 4, 19: 2, 20: 4, 21: 4, 22: 4, 23: 3, 25: 2, 26: 3, 28: 1}
PAR: 5
RCL: [13  0 28  7 11]
SEL: 28
SOL: [ 1  2  4 28]
CL: {0: 1, 3: 5, 7: 2, 8: 4, 9: 4, 10: 3, 11: 2, 13: 0, 14: 4, 15: 1, 16: 2, 18: 4, 19: 2, 20: 4, 21: 4, 22: 4, 23: 3, 25: 2, 26: 3}
PAR: 5
RCL: [13  0 15  7 11]
SEL: 0
SOL: [ 0  1  2  4 28]
CL: {3: 5, 7: 2, 8: 4, 9: 3, 10: 3, 11: 2, 13: 0, 14: 4, 15: 1, 16: 2, 18: 4, 19: 2, 20: 3, 21: 4, 22: 4, 23: 3, 25: 2}
PAR: 5
RCL: [13 15  7 11 16]
SEL: 16
SOL: [ 0  1  2  4 16 28]
CL: {3: 4, 7: 2, 8: 4, 9: 2, 10: 3, 13: 0, 14: 4, 15: 1, 18: 4, 19: 2, 20: 3, 21: 4, 22: 4, 23: 3}
PAR: 5
RCL: [13 15  7  9 19]
SEL: 7
SOL: [ 0  1  2  4  7 16 28]
CL: {3: 3, 8: 3, 9: 2, 10: 3, 13: 0, 14: 3, 15: 1, 18: 4, 19: 2, 21: 3, 22: 4}
PAR: 5
RCL: [13 15  9 19  3]
SEL: 19
SOL: [ 0  1  2  4  7 16 19 28]
CL: {3: 2, 8: 2, 9: 1, 10: 3, 13: 0, 15: 1, 18: 3, 22: 4}
PAR: 5
RCL: [13  9 15  3  8]
SEL: 8
SOL: [ 0  1  2  4  7  8 16 19 28]
CL: {9: 1, 13: 0, 15: 1, 18: 2, 22: 2}
PAR: 5
RCL: [13  9 15 18 22]
SEL: 18
SOL: [ 0  1  2  4  7  8 16 18 19 28]
CL: {13: 0, 15: 0}
PAR: 5
RCL: [13 15]
SEL: 15
SOL: [ 0  1  2  4  7  8 15 16 18 19 28]
CL: {13: 0}
PAR: 5
RCL: [13]
SEL: 13
END
SOL: [ 0  1  2  4  7  8 13 15 16 18 19 28]
OBJ: 12
M: rgc5
PAR: 5
INC: [ 0  1  2  4  7  8 11 13 15 18 21 25 28]
BEST: 13
BETTER: False
START
SOL: [ 0  1  2  4  7  8 13 15 16 18 19 28]
OBJ: 12
M: li2
PAR: 2
INC: [ 0  1  2  4  7  8 11 13 15 18 21 25 28]
BEST: 13
END
SOL: [ 0  1  2  4  7  8 13 15 16 18 19 28]
OBJ: 12
M: li2
PAR: 2
INC: [ 0  1  2  4  7  8 11 13 15 18 21 25 28]
BEST: 13
BETTER: False
START
SOL: [ 0  1  2  4  7  8 11 13 15 18 21 25 28]
OBJ: 13
M: rgc5
PAR: 5
INC: [ 0  1  2  4  7  8 11 13 15 18 21 25 28]
BEST: 13
SOL: []
CL: {0: 2, 1: 2, 2: 4, 3: 6, 4: 2, 5: 6, 6: 6, 7: 4, 8: 4, 9: 8, 10: 3, 11: 2, 12: 5, 13: 2, 14: 4, 15: 3, 16: 3, 17: 1, 18: 5, 19: 5, 20: 4, 21: 4, 22: 4, 23: 4, 24: 8, 25: 3, 26: 3, 27: 4, 28: 1, 29: 8}
PAR: 5
RCL: [17 28  0  1  4]
SEL: 28
SOL: [28]
CL: {0: 2, 1: 2, 2: 4, 3: 6, 4: 2, 6: 6, 7: 4, 8: 4, 9: 7, 10: 3, 11: 2, 12: 4, 13: 2, 14: 4, 15: 2, 16: 3, 17: 1, 18: 5, 19: 5, 20: 4, 21: 4, 22: 4, 23: 4, 24: 7, 25: 3, 26: 3, 27: 4, 29: 7}
PAR: 5
RCL: [17  0  1  4 11]
SEL: 4
SOL: [ 4 28]
CL: {0: 2, 1: 2, 2: 4, 3: 6, 6: 6, 7: 3, 8: 4, 9: 6, 10: 3, 11: 2, 12: 4, 13: 2, 14: 4, 15: 2, 16: 2, 18: 4, 19: 4, 20: 4, 21: 4, 22: 4, 23: 4, 25: 3, 26: 3, 27: 4, 29: 6}
PAR: 5
RCL: [ 0  1 11 13 15]
SEL: 11
SOL: [ 4 11 28]
CL: {0: 2, 1: 2, 2: 4, 6: 5, 7: 3, 8: 3, 9: 6, 10: 3, 12: 4, 13: 2, 14: 4, 15: 2, 18: 4, 19: 4, 20: 3, 21: 3, 22: 3, 23: 4, 25: 2, 26: 3, 27: 4, 29: 6}
PAR: 5
RCL: [ 0  1 13 15 25]
SEL: 0
SOL: [ 0  4 11 28]
CL: {1: 2, 2: 3, 6: 5, 7: 3, 8: 3, 9: 4, 10: 3, 12: 4, 13: 1, 14: 4, 15: 2, 18: 4, 19: 4, 20: 2, 21: 3, 22: 3, 23: 4, 25: 2, 29: 6}
PAR: 5
RCL: [13  1 15 20 25]
SEL: 25
SOL: [ 0  4 11 25 28]
CL: {1: 1, 2: 2, 7: 2, 8: 3, 10: 3, 12: 4, 13: 1, 14: 4, 15: 2, 18: 3, 19: 4, 20: 2, 21: 2, 22: 3, 23: 4, 29: 4}
PAR: 5
RCL: [ 1 13  2  7 15]
SEL: 1
SOL: [ 0  1  4 11 25 28]
CL: {2: 1, 7: 2, 8: 3, 10: 3, 13: 0, 14: 4, 15: 2, 18: 3, 19: 3, 20: 2, 21: 2, 22: 3, 23: 4, 29: 4}
PAR: 5
RCL: [13  2  7 15 20]
SEL: 7
SOL: [ 0  1  4  7 11 25 28]
CL: {2: 1, 8: 2, 10: 3, 13: 0, 14: 3, 15: 2, 18: 3, 19: 3, 21: 1, 22: 3, 29: 3}
PAR: 5
RCL: [13  2 21  8 15]
SEL: 21
SOL: [ 0  1  4  7 11 21 25 28]
CL: {2: 1, 8: 2, 10: 3, 13: 0, 14: 2, 15: 2, 18: 3, 22: 3, 29: 2}
PAR: 5
RCL: [13  2  8 14 15]
SEL: 8
SOL: [ 0  1  4  7  8 11 21 25 28]
CL: {2: 1, 13: 0, 15: 2, 18: 1, 22: 2, 29: 2}
PAR: 5
RCL: [13  2 18 15 22]
SEL: 22
SOL: [ 0  1  4  7  8 11 21 22 25 28]
CL: {2: 1, 13: 0, 29: 1}
PAR: 5
RCL: [13  2 29]
SEL: 13
SOL: [ 0  1  4  7  8 11 13 21 22 25 28]
CL: {2: 1, 29: 1}
PAR: 5
RCL: [ 2 29]
SEL: 29
END
SOL: [ 0  1  4  7  8 11 13 21 22 25 28 29]
OBJ: 12
M: rgc5
PAR: 5
INC: [ 0  1  2  4  7  8 11 13 15 18 21 25 28]
BEST: 13
BETTER: False
START
SOL: [ 0  1  4  7  8 11 13 21 22 25 28 29]
OBJ: 12
M: li2
PAR: 2
INC: [ 0  1  2  4  7  8 11 13 15 18 21 25 28]
BEST: 13
END
SOL: [ 0  1  4  7  8 11 13 21 22 25 28 29]
OBJ: 12
M: li2
PAR: 2
INC: [ 0  1  2  4  7  8 11 13 15 18 21 25 28]
BEST: 13
BETTER: False
START
SOL: [ 0  1  2  4  7  8 11 13 15 18 21 25 28]
OBJ: 13
M: rgc5
PAR: 5
INC: [ 0  1  2  4  7  8 11 13 15 18 21 25 28]
BEST: 13
SOL: []
CL: {0: 2, 1: 2, 2: 4, 3: 6, 4: 2, 5: 6, 6: 6, 7: 4, 8: 4, 9: 8, 10: 3, 11: 2, 12: 5, 13: 2, 14: 4, 15: 3, 16: 3, 17: 1, 18: 5, 19: 5, 20: 4, 21: 4, 22: 4, 23: 4, 24: 8, 25: 3, 26: 3, 27: 4, 28: 1, 29: 8}
PAR: 5
RCL: [17 28  0  1  4]
SEL: 28
SOL: [28]
CL: {0: 2, 1: 2, 2: 4, 3: 6, 4: 2, 6: 6, 7: 4, 8: 4, 9: 7, 10: 3, 11: 2, 12: 4, 13: 2, 14: 4, 15: 2, 16: 3, 17: 1, 18: 5, 19: 5, 20: 4, 21: 4, 22: 4, 23: 4, 24: 7, 25: 3, 26: 3, 27: 4, 29: 7}
PAR: 5
RCL: [17  0  1  4 11]
SEL: 0
SOL: [ 0 28]
CL: {1: 2, 2: 3, 3: 6, 4: 2, 6: 6, 7: 4, 8: 4, 9: 5, 10: 3, 11: 2, 12: 4, 13: 1, 14: 4, 15: 2, 16: 3, 17: 1, 18: 5, 19: 5, 20: 3, 21: 4, 22: 4, 23: 4, 24: 7, 25: 3, 29: 7}
PAR: 5
RCL: [13 17  1  4 11]
SEL: 17
SOL: [ 0 17 28]
CL: {1: 2, 2: 3, 3: 6, 6: 6, 7: 4, 8: 4, 9: 5, 10: 3, 11: 2, 12: 4, 13: 1, 14: 4, 15: 2, 16: 3, 18: 5, 19: 5, 20: 3, 21: 4, 22: 4, 23: 4, 24: 6, 25: 3, 29: 7}
PAR: 5
RCL: [13  1 11 15  2]
SEL: 13
SOL: [ 0 13 17 28]
CL: {1: 1, 2: 2, 3: 6, 6: 6, 7: 4, 8: 4, 9: 5, 10: 3, 11: 2, 14: 4, 15: 2, 16: 3, 18: 5, 19: 4, 20: 3, 21: 4, 22: 4, 23: 4, 24: 6, 25: 3, 29: 7}
PAR: 5
RCL: [ 1  2 11 15 10]
SEL: 15
SOL: [ 0 13 15 17 28]
CL: {1: 1, 2: 1, 3: 5, 6: 5, 7: 4, 8: 4, 9: 4, 10: 2, 11: 2, 14: 4, 16: 3, 18: 4, 19: 3, 20: 3, 21: 4, 23: 3, 24: 5, 25: 3}
PAR: 5
RCL: [ 1  2 10 11 16]
SEL: 16
SOL: [ 0 13 15 16 17 28]
CL: {1: 1, 2: 1, 3: 4, 6: 4, 7: 3, 8: 4, 9: 2, 10: 2, 14: 4, 18: 3, 19: 2, 20: 3, 21: 4, 23: 3}
PAR: 5
RCL: [ 1  2  9 10 19]
SEL: 9
SOL: [ 0  9 13 15 16 17 28]
CL: {1: 1, 2: 1, 3: 3, 6: 4, 7: 3, 8: 4, 10: 1, 14: 3, 19: 1, 20: 3, 23: 2}
PAR: 5
RCL: [ 1  2 10 19 23]
SEL: 19
SOL: [ 0  9 13 15 16 17 19 28]
CL: {1: 1, 2: 1, 3: 3, 6: 4, 7: 3, 8: 3, 10: 1, 20: 2, 23: 2}
PAR: 5
RCL: [ 1  2 10 20 23]
SEL: 20
SOL: [ 0  9 13 15 16 17 19 20 28]
CL: {1: 1, 2: 1, 6: 2, 8: 2, 10: 1, 23: 1}
PAR: 5
RCL: [ 1  2 10 23  6]
SEL: 6
SOL: [ 0  6  9 13 15 16 17 19 20 28]
CL: {8: 2, 10: 1, 23: 1}
PAR: 5
RCL: [10 23  8]
SEL: 8
END
SOL: [ 0  6  8  9 13 15 16 17 19 20 28]
OBJ: 11
M: rgc5
PAR: 5
INC: [ 0  1  2  4  7  8 11 13 15 18 21 25 28]
BEST: 13
BETTER: False
START
SOL: [ 0  6  8  9 13 15 16 17 19 20 28]
OBJ: 11
M: li2
PAR: 2
INC: [ 0  1  2  4  7  8 11 13 15 18 21 25 28]
BEST: 13
END
SOL: [ 0  1  2  8  9 13 15 16 17 19 20 28]
OBJ: 12
M: li2
PAR: 2
INC: [ 0  1  2  4  7  8 11 13 15 18 21 25 28]
BEST: 13
BETTER: False
START
SOL: [ 0  1  2  8  9 13 15 16 17 19 20 28]
OBJ: 12
M: li2
PAR: 2
INC: [ 0  1  2  4  7  8 11 13 15 18 21 25 28]
BEST: 13
END
SOL: [ 0  1  2  9 10 13 15 16 17 19 20 23 28]
OBJ: 13
M: li2
PAR: 2
INC: [ 0  1  2  4  7  8 11 13 15 18 21 25 28]
BEST: 13
BETTER: False
START
SOL: [ 0  1  2  9 10 13 15 16 17 19 20 23 28]
OBJ: 13
M: li2
PAR: 2
INC: [ 0  1  2  4  7  8 11 13 15 18 21 25 28]
BEST: 13
END
SOL: [ 0  1  2  9 10 13 15 16 17 19 20 23 28]
OBJ: 13
M: li2
PAR: 2
INC: [ 0  1  2  4  7  8 11 13 15 18 21 25 28]
BEST: 13
BETTER: False
START
SOL: [ 0  1  2  4  7  8 11 13 15 18 21 25 28]
OBJ: 13
M: rgc5
PAR: 5
INC: [ 0  1  2  4  7  8 11 13 15 18 21 25 28]
BEST: 13
SOL: []
CL: {0: 2, 1: 2, 2: 4, 3: 6, 4: 2, 5: 6, 6: 6, 7: 4, 8: 4, 9: 8, 10: 3, 11: 2, 12: 5, 13: 2, 14: 4, 15: 3, 16: 3, 17: 1, 18: 5, 19: 5, 20: 4, 21: 4, 22: 4, 23: 4, 24: 8, 25: 3, 26: 3, 27: 4, 28: 1, 29: 8}
PAR: 5
RCL: [17 28  0  1  4]
SEL: 28
SOL: [28]
CL: {0: 2, 1: 2, 2: 4, 3: 6, 4: 2, 6: 6, 7: 4, 8: 4, 9: 7, 10: 3, 11: 2, 12: 4, 13: 2, 14: 4, 15: 2, 16: 3, 17: 1, 18: 5, 19: 5, 20: 4, 21: 4, 22: 4, 23: 4, 24: 7, 25: 3, 26: 3, 27: 4, 29: 7}
PAR: 5
RCL: [17  0  1  4 11]
SEL: 4
SOL: [ 4 28]
CL: {0: 2, 1: 2, 2: 4, 3: 6, 6: 6, 7: 3, 8: 4, 9: 6, 10: 3, 11: 2, 12: 4, 13: 2, 14: 4, 15: 2, 16: 2, 18: 4, 19: 4, 20: 4, 21: 4, 22: 4, 23: 4, 25: 3, 26: 3, 27: 4, 29: 6}
PAR: 5
RCL: [ 0  1 11 13 15]
SEL: 0
SOL: [ 0  4 28]
CL: {1: 2, 2: 3, 3: 6, 6: 6, 7: 3, 8: 4, 9: 4, 10: 3, 11: 2, 12: 4, 13: 1, 14: 4, 15: 2, 16: 2, 18: 4, 19: 4, 20: 3, 21: 4, 22: 4, 23: 4, 25: 3, 29: 6}
PAR: 5
RCL: [13  1 11 15 16]
SEL: 16
SOL: [ 0  4 16 28]
CL: {1: 2, 2: 3, 3: 5, 6: 5, 7: 3, 8: 4, 9: 3, 10: 3, 12: 4, 13: 1, 14: 4, 15: 2, 18: 4, 19: 4, 20: 3, 21: 4, 22: 4, 23: 4, 29: 6}
PAR: 5
RCL: [13  1 15  2  7]
SEL: 7
SOL: [ 0  4  7 16 28]
CL: {1: 1, 2: 2, 3: 3, 8: 3, 9: 3, 10: 3, 12: 4, 13: 1, 14: 3, 15: 2, 18: 4, 19: 4, 21: 3, 22: 4, 29: 4}
PAR: 5
RCL: [ 1 13  2 15  3]
SEL: 3
SOL: [ 0  3  4  7 16 28]
CL: {1: 1, 2: 2, 9: 2, 10: 1, 12: 4, 13: 1, 14: 2, 15: 1, 18: 3, 19: 3, 29: 4}
PAR: 5
RCL: [ 1 10 13 15  2]
SEL: 1
SOL: [ 0  1  3  4  7 16 28]
CL: {2: 1, 9: 2, 10: 1, 13: 0, 14: 2, 15: 1, 18: 3, 19: 2, 29: 4}
PAR: 5
RCL: [13  2 10 15  9]
SEL: 10
SOL: [ 0  1  3  4  7 10 16 28]
CL: {2: 1, 9: 1, 13: 0, 14: 1, 15: 1, 19: 2, 29: 4}
PAR: 5
RCL: [13  2  9 14 15]
SEL: 9
SOL: [ 0  1  3  4  7  9 10 16 28]
CL: {2: 0, 13: 0, 14: 1, 15: 0, 19: 1}
PAR: 5
RCL: [ 2 13 15 14 19]
SEL: 15
SOL: [ 0  1  3  4  7  9 10 15 16 28]
CL: {2: 0, 13: 0, 14: 1, 19: 1}
PAR: 5
RCL: [ 2 13 14 19]
SEL: 2
SOL: [ 0  1  2  3  4  7  9 10 15 16 28]
CL: {13: 0, 14: 1, 19: 1}
PAR: 5
RCL: [13 14 19]
SEL: 13
SOL: [ 0  1  2  3  4  7  9 10 13 15 16 28]
CL: {14: 1, 19: 1}
PAR: 5
RCL: [14 19]
SEL: 14
END
SOL: [ 0  1  2  3  4  7  9 10 13 14 15 16 28]
OBJ: 13
M: rgc5
PAR: 5
INC: [ 0  1  2  4  7  8 11 13 15 18 21 25 28]
BEST: 13
BETTER: False
START
SOL: [ 0  1  2  3  4  7  9 10 13 14 15 16 28]
OBJ: 13
M: li2
PAR: 2
INC: [ 0  1  2  4  7  8 11 13 15 18 21 25 28]
BEST: 13
END
SOL: [ 0  1  2  3  4  7  9 10 13 14 15 16 28]
OBJ: 13
M: li2
PAR: 2
INC: [ 0  1  2  4  7  8 11 13 15 18 21 25 28]
BEST: 13
BETTER: False
START
SOL: [ 0  1  2  4  7  8 11 13 15 18 21 25 28]
OBJ: 13
M: rgc5
PAR: 5
INC: [ 0  1  2  4  7  8 11 13 15 18 21 25 28]
BEST: 13
SOL: []
CL: {0: 2, 1: 2, 2: 4, 3: 6, 4: 2, 5: 6, 6: 6, 7: 4, 8: 4, 9: 8, 10: 3, 11: 2, 12: 5, 13: 2, 14: 4, 15: 3, 16: 3, 17: 1, 18: 5, 19: 5, 20: 4, 21: 4, 22: 4, 23: 4, 24: 8, 25: 3, 26: 3, 27: 4, 28: 1, 29: 8}
PAR: 5
RCL: [17 28  0  1  4]
SEL: 1
SOL: [1]
CL: {0: 2, 2: 2, 3: 5, 4: 2, 5: 5, 7: 3, 8: 4, 9: 8, 10: 3, 11: 2, 13: 1, 14: 4, 15: 3, 16: 3, 17: 1, 18: 5, 19: 4, 20: 4, 21: 4, 22: 4, 23: 4, 24: 8, 25: 2, 26: 3, 27: 4, 28: 1, 29: 7}
PAR: 5
RCL: [13 17 28  0  2]
SEL: 13
SOL: [ 1 13]
CL: {0: 1, 2: 1, 3: 5, 4: 2, 5: 5, 7: 3, 8: 4, 9: 7, 10: 3, 11: 2, 14: 4, 15: 3, 16: 3, 17: 1, 18: 5, 19: 4, 20: 4, 21: 4, 22: 4, 23: 4, 24: 8, 25: 2, 26: 3, 28: 1, 29: 7}
PAR: 5
RCL: [ 0  2 17 28  4]
SEL: 0
SOL: [ 0  1 13]
CL: {2: 1, 3: 5, 4: 2, 5: 5, 7: 3, 8: 4, 9: 6, 10: 3, 11: 2, 14: 4, 15: 3, 16: 3, 17: 1, 18: 5, 19: 4, 20: 3, 21: 4, 22: 4, 23: 4, 24: 8, 25: 2, 28: 1, 29: 7}
PAR: 5
RCL: [ 2 17 28  4 11]
SEL: 11
SOL: [ 0  1 11 13]
CL: {2: 1, 4: 2, 5: 5, 7: 3, 8: 3, 9: 6, 10: 3, 14: 4, 15: 3, 17: 1, 18: 5, 19: 4, 20: 2, 21: 3, 22: 3, 23: 4, 24: 7, 25: 1, 28: 1, 29: 7}
PAR: 5
RCL: [ 2 17 25 28  4]
SEL: 17
SOL: [ 0  1 11 13 17]
CL: {2: 1, 5: 5, 7: 3, 8: 3, 9: 6, 10: 3, 14: 4, 15: 3, 18: 5, 19: 4, 20: 2, 21: 3, 22: 3, 23: 4, 24: 6, 25: 1, 28: 1, 29: 7}
PAR: 5
RCL: [ 2 25 28 20  7]
SEL: 25
SOL: [ 0  1 11 13 17 25]
CL: {2: 1, 5: 4, 7: 3, 8: 3, 10: 3, 14: 4, 15: 3, 18: 4, 19: 4, 20: 2, 21: 2, 22: 3, 23: 4, 24: 5, 28: 1, 29: 6}
PAR: 5
RCL: [ 2 28 20 21  7]
SEL: 20
SOL: [ 0  1 11 13 17 20 25]
CL: {2: 1, 5: 4, 8: 2, 10: 3, 15: 3, 18: 3, 19: 3, 21: 2, 22: 3, 23: 3, 24: 4, 28: 1, 29: 6}
PAR: 5
RCL: [ 2 28  8 21 10]
SEL: 21
SOL: [ 0  1 11 13 17 20 21 25]
CL: {2: 1, 5: 4, 8: 1, 10: 3, 15: 3, 18: 3, 22: 3, 24: 3, 28: 1, 29: 4}
PAR: 5
RCL: [ 2  8 28 10 15]
SEL: 28
SOL: [ 0  1 11 13 17 20 21 25 28]
CL: {2: 1, 8: 1, 10: 3, 15: 2, 18: 3, 22: 3, 24: 2, 29: 3}
PAR: 5
RCL: [ 2  8 15 24 10]
SEL: 24
SOL: [ 0  1 11 13 17 20 21 24 25 28]
CL: {2: 0, 8: 1, 10: 2, 15: 1, 22: 2}
PAR: 5
RCL: [ 2  8 15 10 22]
SEL: 22
SOL: [ 0  1 11 13 17 20 21 22 24 25 28]
CL: {2: 0, 8: 0}
PAR: 5
RCL: [2 8]
SEL: 2
SOL: [ 0  1  2 11 13 17 20 21 22 24 25 28]
CL: {8: 0}
PAR: 5
RCL: [8]
SEL: 8
END
SOL: [ 0  1  2  8 11 13 17 20 21 22 24 25 28]
OBJ: 13
M: rgc5
PAR: 5
INC: [ 0  1  2  4  7  8 11 13 15 18 21 25 28]
BEST: 13
BETTER: False
START
SOL: [ 0  1  2  8 11 13 17 20 21 22 24 25 28]
OBJ: 13
M: li2
PAR: 2
INC: [ 0  1  2  4  7  8 11 13 15 18 21 25 28]
BEST: 13
END
SOL: [ 0  1  2  8 11 13 17 20 21 22 24 25 28]
OBJ: 13
M: li2
PAR: 2
INC: [ 0  1  2  4  7  8 11 13 15 18 21 25 28]
BEST: 13
BETTER: False
START
SOL: [ 0  1  2  4  7  8 11 13 15 18 21 25 28]
OBJ: 13
M: rgc5
PAR: 5
INC: [ 0  1  2  4  7  8 11 13 15 18 21 25 28]
BEST: 13
SOL: []
CL: {0: 2, 1: 2, 2: 4, 3: 6, 4: 2, 5: 6, 6: 6, 7: 4, 8: 4, 9: 8, 10: 3, 11: 2, 12: 5, 13: 2, 14: 4, 15: 3, 16: 3, 17: 1, 18: 5, 19: 5, 20: 4, 21: 4, 22: 4, 23: 4, 24: 8, 25: 3, 26: 3, 27: 4, 28: 1, 29: 8}
PAR: 5
RCL: [17 28  0  1  4]
SEL: 17
SOL: [17]
CL: {0: 2, 1: 2, 2: 4, 3: 6, 5: 6, 6: 6, 7: 4, 8: 4, 9: 8, 10: 3, 11: 2, 12: 5, 13: 2, 14: 4, 15: 3, 16: 3, 18: 5, 19: 5, 20: 4, 21: 4, 22: 4, 23: 4, 24: 7, 25: 3, 26: 3, 27: 4, 28: 1, 29: 8}
PAR: 5
RCL: [28  0  1 11 13]
SEL: 0
SOL: [ 0 17]
CL: {1: 2, 2: 3, 3: 6, 5: 6, 6: 6, 7: 4, 8: 4, 9: 6, 10: 3, 11: 2, 12: 5, 13: 1, 14: 4, 15: 3, 16: 3, 18: 5, 19: 5, 20: 3, 21: 4, 22: 4, 23: 4, 24: 7, 25: 3, 28: 1, 29: 8}
PAR: 5
RCL: [13 28  1 11  2]
SEL: 2
SOL: [ 0  2 17]
CL: {1: 0, 3: 5, 5: 4, 7: 3, 8: 4, 9: 5, 10: 3, 11: 2, 13: 0, 14: 4, 15: 2, 16: 3, 18: 5, 19: 3, 20: 3, 21: 4, 22: 4, 23: 3, 24: 6, 25: 2, 28: 1}
PAR: 5
RCL: [ 1 13 28 11 15]
SEL: 13
SOL: [ 0  2 13 17]
CL: {1: 0, 3: 5, 5: 4, 7: 3, 8: 4, 9: 5, 10: 3, 11: 2, 14: 4, 15: 2, 16: 3, 18: 5, 19: 3, 20: 3, 21: 4, 22: 4, 23: 3, 24: 6, 25: 2, 28: 1}
PAR: 5
RCL: [ 1 28 11 15 25]
SEL: 28
SOL: [ 0  2 13 17 28]
CL: {1: 0, 3: 5, 7: 3, 8: 4, 9: 4, 10: 3, 11: 2, 14: 4, 15: 1, 16: 3, 18: 5, 19: 3, 20: 3, 21: 4, 22: 4, 23: 3, 24: 5, 25: 2}
PAR: 5
RCL: [ 1 15 11 25  7]
SEL: 25
SOL: [ 0  2 13 17 25 28]
CL: {1: 0, 3: 5, 7: 3, 8: 4, 10: 3, 11: 1, 14: 4, 15: 1, 18: 4, 19: 3, 20: 3, 21: 3, 22: 4, 23: 3, 24: 3}
PAR: 5
RCL: [ 1 11 15  7 10]
SEL: 1
SOL: [ 0  1  2 13 17 25 28]
CL: {3: 5, 7: 3, 8: 4, 10: 3, 11: 1, 14: 4, 15: 1, 18: 4, 19: 3, 20: 3, 21: 3, 22: 4, 23: 3, 24: 3}
PAR: 5
RCL: [11 15  7 10 19]
SEL: 10
SOL: [ 0  1  2 10 13 17 25 28]
CL: {3: 3, 7: 3, 11: 1, 14: 2, 15: 0, 19: 3, 20: 3, 21: 3, 23: 2, 24: 2}
PAR: 5
RCL: [15 11 14 23 24]
SEL: 14
SOL: [ 0  1  2 10 13 14 17 25 28]
CL: {3: 2, 7: 2, 11: 1, 15: 0, 21: 2, 23: 2, 24: 1}
PAR: 5
RCL: [15 11 24  3  7]
SEL: 24
SOL: [ 0  1  2 10 13 14 17 24 25 28]
CL: {3: 2, 11: 1, 15: 0, 21: 2, 23: 1}
PAR: 5
RCL: [15 11 23  3 21]
SEL: 11
SOL: [ 0  1  2 10 11 13 14 17 24 25 28]
CL: {15: 0, 21: 1, 23: 1}
PAR: 5
RCL: [15 21 23]
SEL: 15
SOL: [ 0  1  2 10 11 13 14 15 17 24 25 28]
CL: {21: 1, 23: 1}
PAR: 5
RCL: [21 23]
SEL: 21
END
SOL: [ 0  1  2 10 11 13 14 15 17 21 24 25 28]
OBJ: 13
M: rgc5
PAR: 5
INC: [ 0  1  2  4  7  8 11 13 15 18 21 25 28]
BEST: 13
BETTER: False
START
SOL: [ 0  1  2 10 11 13 14 15 17 21 24 25 28]
OBJ: 13
M: li2
PAR: 2
INC: [ 0  1  2  4  7  8 11 13 15 18 21 25 28]
BEST: 13
END
SOL: [ 0  1  2 10 11 13 14 15 17 21 24 25 28]
OBJ: 13
M: li2
PAR: 2
INC: [ 0  1  2  4  7  8 11 13 15 18 21 25 28]
BEST: 13
BETTER: False
START
SOL: [ 0  1  2  4  7  8 11 13 15 18 21 25 28]
OBJ: 13
M: rgc5
PAR: 5
INC: [ 0  1  2  4  7  8 11 13 15 18 21 25 28]
BEST: 13
SOL: []
CL: {0: 2, 1: 2, 2: 4, 3: 6, 4: 2, 5: 6, 6: 6, 7: 4, 8: 4, 9: 8, 10: 3, 11: 2, 12: 5, 13: 2, 14: 4, 15: 3, 16: 3, 17: 1, 18: 5, 19: 5, 20: 4, 21: 4, 22: 4, 23: 4, 24: 8, 25: 3, 26: 3, 27: 4, 28: 1, 29: 8}
PAR: 5
RCL: [17 28  0  1  4]
SEL: 28
SOL: [28]
CL: {0: 2, 1: 2, 2: 4, 3: 6, 4: 2, 6: 6, 7: 4, 8: 4, 9: 7, 10: 3, 11: 2, 12: 4, 13: 2, 14: 4, 15: 2, 16: 3, 17: 1, 18: 5, 19: 5, 20: 4, 21: 4, 22: 4, 23: 4, 24: 7, 25: 3, 26: 3, 27: 4, 29: 7}
PAR: 5
RCL: [17  0  1  4 11]
SEL: 17
SOL: [17 28]
CL: {0: 2, 1: 2, 2: 4, 3: 6, 6: 6, 7: 4, 8: 4, 9: 7, 10: 3, 11: 2, 12: 4, 13: 2, 14: 4, 15: 2, 16: 3, 18: 5, 19: 5, 20: 4, 21: 4, 22: 4, 23: 4, 24: 6, 25: 3, 26: 3, 27: 4, 29: 7}
PAR: 5
RCL: [ 0  1 11 13 15]
SEL: 13
SOL: [13 17 28]
CL: {0: 1, 1: 1, 2: 2, 3: 6, 6: 6, 7: 4, 8: 4, 9: 6, 10: 3, 11: 2, 14: 4, 15: 2, 16: 3, 18: 5, 19: 4, 20: 4, 21: 4, 22: 4, 23: 4, 24: 6, 25: 3, 26: 3, 29: 7}
PAR: 5
RCL: [ 0  1  2 11 15]
SEL: 2
SOL: [ 2 13 17 28]
CL: {0: 1, 1: 0, 3: 5, 7: 3, 8: 4, 9: 5, 10: 3, 11: 2, 14: 4, 15: 1, 16: 3, 18: 5, 19: 3, 20: 4, 21: 4, 22: 4, 23: 3, 24: 5, 25: 2, 26: 3}
PAR: 5
RCL: [ 1  0 15 11 25]
SEL: 1
SOL: [ 1  2 13 17 28]
CL: {0: 1, 3: 5, 7: 3, 8: 4, 9: 5, 10: 3, 11: 2, 14: 4, 15: 1, 16: 3, 18: 5, 19: 3, 20: 4, 21: 4, 22: 4, 23: 3, 24: 5, 25: 2, 26: 3}
PAR: 5
RCL: [ 0 15 11 25  7]
SEL: 25
SOL: [ 1  2 13 17 25 28]
CL: {0: 1, 3: 5, 7: 3, 8: 4, 10: 3, 11: 1, 14: 4, 15: 1, 18: 4, 19: 3, 20: 4, 21: 3, 22: 4, 23: 3, 24: 3, 26: 2}
PAR: 5
RCL: [ 0 11 15 26  7]
SEL: 26
SOL: [ 1  2 13 17 25 26 28]
CL: {3: 4, 7: 2, 8: 4, 10: 3, 11: 1, 14: 3, 15: 1, 18: 4, 19: 3, 21: 3, 22: 4, 23: 3, 24: 3}
PAR: 5
RCL: [11 15  7 10 14]
SEL: 15
SOL: [ 1  2 13 15 17 25 26 28]
CL: {3: 3, 7: 2, 8: 4, 10: 2, 11: 1, 14: 3, 18: 3, 19: 3, 21: 3, 23: 3, 24: 3}
PAR: 5
RCL: [11  7 10  3 14]
SEL: 7
SOL: [ 1  2  7 13 15 17 25 26 28]
CL: {3: 3, 8: 3, 10: 2, 11: 1, 14: 3, 18: 2, 19: 2, 21: 2}
PAR: 5
RCL: [11 10 18 19 21]
SEL: 11
SOL: [ 1  2  7 11 13 15 17 25 26 28]
CL: {8: 2, 10: 2, 14: 3, 18: 2, 19: 2, 21: 1}
PAR: 5
RCL: [21  8 10 18 19]
SEL: 8
SOL: [ 1  2  7  8 11 13 15 17 25 26 28]
CL: {18: 0, 19: 1, 21: 1}
PAR: 5
RCL: [18 19 21]
SEL: 19
SOL: [ 1  2  7  8 11 13 15 17 19 25 26 28]
CL: {18: 0}
PAR: 5
RCL: [18]
SEL: 18
END
SOL: [ 1  2  7  8 11 13 15 17 18 19 25 26 28]
OBJ: 13
M: rgc5
PAR: 5
INC: [ 0  1  2  4  7  8 11 13 15 18 21 25 28]
BEST: 13
BETTER: False
START
SOL: [ 1  2  7  8 11 13 15 17 18 19 25 26 28]
OBJ: 13
M: li2
PAR: 2
INC: [ 0  1  2  4  7  8 11 13 15 18 21 25 28]
BEST: 13
END
SOL: [ 1  2  7  8 11 13 15 17 18 19 25 26 28]
OBJ: 13
M: li2
PAR: 2
INC: [ 0  1  2  4  7  8 11 13 15 18 21 25 28]
BEST: 13
BETTER: False
START
SOL: [ 0  1  2  4  7  8 11 13 15 18 21 25 28]
OBJ: 13
M: rgc5
PAR: 5
INC: [ 0  1  2  4  7  8 11 13 15 18 21 25 28]
BEST: 13
SOL: []
CL: {0: 2, 1: 2, 2: 4, 3: 6, 4: 2, 5: 6, 6: 6, 7: 4, 8: 4, 9: 8, 10: 3, 11: 2, 12: 5, 13: 2, 14: 4, 15: 3, 16: 3, 17: 1, 18: 5, 19: 5, 20: 4, 21: 4, 22: 4, 23: 4, 24: 8, 25: 3, 26: 3, 27: 4, 28: 1, 29: 8}
PAR: 5
RCL: [17 28  0  1  4]
SEL: 17
SOL: [17]
CL: {0: 2, 1: 2, 2: 4, 3: 6, 5: 6, 6: 6, 7: 4, 8: 4, 9: 8, 10: 3, 11: 2, 12: 5, 13: 2, 14: 4, 15: 3, 16: 3, 18: 5, 19: 5, 20: 4, 21: 4, 22: 4, 23: 4, 24: 7, 25: 3, 26: 3, 27: 4, 28: 1, 29: 8}
PAR: 5
RCL: [28  0  1 11 13]
SEL: 0
SOL: [ 0 17]
CL: {1: 2, 2: 3, 3: 6, 5: 6, 6: 6, 7: 4, 8: 4, 9: 6, 10: 3, 11: 2, 12: 5, 13: 1, 14: 4, 15: 3, 16: 3, 18: 5, 19: 5, 20: 3, 21: 4, 22: 4, 23: 4, 24: 7, 25: 3, 28: 1, 29: 8}
PAR: 5
RCL: [13 28  1 11  2]
SEL: 1
SOL: [ 0  1 17]
CL: {2: 1, 3: 5, 5: 5, 7: 3, 8: 4, 9: 6, 10: 3, 11: 2, 13: 0, 14: 4, 15: 3, 16: 3, 18: 5, 19: 4, 20: 3, 21: 4, 22: 4, 23: 4, 24: 7, 25: 2, 28: 1, 29: 7}
PAR: 5
RCL: [13  2 28 11 25]
SEL: 28
SOL: [ 0  1 17 28]
CL: {2: 1, 3: 5, 7: 3, 8: 4, 9: 5, 10: 3, 11: 2, 13: 0, 14: 4, 15: 2, 16: 3, 18: 5, 19: 4, 20: 3, 21: 4, 22: 4, 23: 4, 24: 6, 25: 2, 29: 6}
PAR: 5
RCL: [13  2 11 15 25]
SEL: 11
SOL: [ 0  1 11 17 28]
CL: {2: 1, 7: 3, 8: 3, 9: 5, 10: 3, 13: 0, 14: 4, 15: 2, 18: 5, 19: 4, 20: 2, 21: 3, 22: 3, 23: 4, 24: 5, 25: 1, 29: 6}
PAR: 5
RCL: [13  2 25 15 20]
SEL: 13
SOL: [ 0  1 11 13 17 28]
CL: {2: 1, 7: 3, 8: 3, 9: 5, 10: 3, 14: 4, 15: 2, 18: 5, 19: 4, 20: 2, 21: 3, 22: 3, 23: 4, 24: 5, 25: 1, 29: 6}
PAR: 5
RCL: [ 2 25 15 20  7]
SEL: 20
SOL: [ 0  1 11 13 17 20 28]
CL: {2: 1, 8: 2, 9: 5, 10: 3, 15: 2, 18: 4, 19: 3, 21: 3, 22: 3, 23: 3, 24: 4, 25: 1, 29: 6}
PAR: 5
RCL: [ 2 25  8 15 10]
SEL: 15
SOL: [ 0  1 11 13 15 17 20 28]
CL: {2: 0, 8: 2, 9: 4, 10: 2, 18: 3, 19: 2, 21: 3, 23: 2, 24: 3, 25: 1}
PAR: 5
RCL: [ 2 25  8 10 19]
SEL: 2
SOL: [ 0  1  2 11 13 15 17 20 28]
CL: {8: 2, 9: 4, 10: 2, 18: 3, 19: 2, 21: 3, 23: 2, 24: 3, 25: 1}
PAR: 5
RCL: [25  8 10 19 23]
SEL: 19
SOL: [ 0  1  2 11 13 15 17 19 20 28]
CL: {8: 2, 9: 2, 10: 2, 18: 2, 23: 1, 25: 1}
PAR: 5
RCL: [23 25  8  9 10]
SEL: 25
SOL: [ 0  1  2 11 13 15 17 19 20 25 28]
CL: {8: 2, 10: 2, 18: 1, 23: 1}
PAR: 5
RCL: [18 23  8 10]
SEL: 10
SOL: [ 0  1  2 10 11 13 15 17 19 20 25 28]
CL: {23: 0}
PAR: 5
RCL: [23]
SEL: 23
END
SOL: [ 0  1  2 10 11 13 15 17 19 20 23 25 28]
OBJ: 13
M: rgc5
PAR: 5
INC: [ 0  1  2  4  7  8 11 13 15 18 21 25 28]
BEST: 13
BETTER: False
START
SOL: [ 0  1  2 10 11 13 15 17 19 20 23 25 28]
OBJ: 13
M: li2
PAR: 2
INC: [ 0  1  2  4  7  8 11 13 15 18 21 25 28]
BEST: 13
END
SOL: [ 0  1  2 10 11 13 15 17 19 20 23 25 28]
OBJ: 13
M: li2
PAR: 2
INC: [ 0  1  2  4  7  8 11 13 15 18 21 25 28]
BEST: 13
BETTER: False
START
SOL: [ 0  1  2  4  7  8 11 13 15 18 21 25 28]
OBJ: 13
M: rgc5
PAR: 5
INC: [ 0  1  2  4  7  8 11 13 15 18 21 25 28]
BEST: 13
SOL: []
CL: {0: 2, 1: 2, 2: 4, 3: 6, 4: 2, 5: 6, 6: 6, 7: 4, 8: 4, 9: 8, 10: 3, 11: 2, 12: 5, 13: 2, 14: 4, 15: 3, 16: 3, 17: 1, 18: 5, 19: 5, 20: 4, 21: 4, 22: 4, 23: 4, 24: 8, 25: 3, 26: 3, 27: 4, 28: 1, 29: 8}
PAR: 5
RCL: [17 28  0  1  4]
SEL: 1
SOL: [1]
CL: {0: 2, 2: 2, 3: 5, 4: 2, 5: 5, 7: 3, 8: 4, 9: 8, 10: 3, 11: 2, 13: 1, 14: 4, 15: 3, 16: 3, 17: 1, 18: 5, 19: 4, 20: 4, 21: 4, 22: 4, 23: 4, 24: 8, 25: 2, 26: 3, 27: 4, 28: 1, 29: 7}
PAR: 5
RCL: [13 17 28  0  2]
SEL: 28
SOL: [ 1 28]
CL: {0: 2, 2: 2, 3: 5, 4: 2, 7: 3, 8: 4, 9: 7, 10: 3, 11: 2, 13: 1, 14: 4, 15: 2, 16: 3, 17: 1, 18: 5, 19: 4, 20: 4, 21: 4, 22: 4, 23: 4, 24: 7, 25: 2, 26: 3, 27: 4, 29: 6}
PAR: 5
RCL: [13 17  0  2  4]
SEL: 0
SOL: [ 0  1 28]
CL: {2: 1, 3: 5, 4: 2, 7: 3, 8: 4, 9: 5, 10: 3, 11: 2, 13: 0, 14: 4, 15: 2, 16: 3, 17: 1, 18: 5, 19: 4, 20: 3, 21: 4, 22: 4, 23: 4, 24: 7, 25: 2, 29: 6}
PAR: 5
RCL: [13  2 17  4 11]
SEL: 17
SOL: [ 0  1 17 28]
CL: {2: 1, 3: 5, 7: 3, 8: 4, 9: 5, 10: 3, 11: 2, 13: 0, 14: 4, 15: 2, 16: 3, 18: 5, 19: 4, 20: 3, 21: 4, 22: 4, 23: 4, 24: 6, 25: 2, 29: 6}
PAR: 5
RCL: [13  2 11 15 25]
SEL: 2
SOL: [ 0  1  2 17 28]
CL: {3: 5, 7: 3, 8: 4, 9: 4, 10: 3, 11: 2, 13: 0, 14: 4, 15: 1, 16: 3, 18: 5, 19: 3, 20: 3, 21: 4, 22: 4, 23: 3, 24: 5, 25: 2}
PAR: 5
RCL: [13 15 11 25  7]
SEL: 13
SOL: [ 0  1  2 13 17 28]
CL: {3: 5, 7: 3, 8: 4, 9: 4, 10: 3, 11: 2, 14: 4, 15: 1, 16: 3, 18: 5, 19: 3, 20: 3, 21: 4, 22: 4, 23: 3, 24: 5, 25: 2}
PAR: 5
RCL: [15 11 25  7 10]
SEL: 15
SOL: [ 0  1  2 13 15 17 28]
CL: {3: 4, 7: 3, 8: 4, 9: 4, 10: 2, 11: 2, 14: 4, 16: 3, 18: 4, 19: 3, 20: 3, 21: 4, 23: 3, 24: 5, 25: 2}
PAR: 5
RCL: [10 11 25  7 16]
SEL: 25
SOL: [ 0  1  2 13 15 17 25 28]
CL: {3: 4, 7: 3, 8: 4, 10: 2, 11: 1, 14: 4, 18: 3, 19: 3, 20: 3, 21: 3, 23: 3, 24: 3}
PAR: 5
RCL: [11 10  7 18 19]
SEL: 19
SOL: [ 0  1  2 13 15 17 19 25 28]
CL: {3: 3, 7: 2, 8: 3, 10: 2, 11: 1, 18: 1, 20: 2, 23: 2}
PAR: 5
RCL: [11 18  7 10 20]
SEL: 10
SOL: [ 0  1  2 10 13 15 17 19 25 28]
CL: {3: 2, 7: 2, 11: 1, 20: 2, 23: 1}
PAR: 5
RCL: [11 23  3  7 20]
SEL: 7
SOL: [ 0  1  2  7 10 13 15 17 19 25 28]
CL: {3: 1, 11: 1}
PAR: 5
RCL: [ 3 11]
SEL: 11
END
SOL: [ 0  1  2  7 10 11 13 15 17 19 25 28]
OBJ: 12
M: rgc5
PAR: 5
INC: [ 0  1  2  4  7  8 11 13 15 18 21 25 28]
BEST: 13
BETTER: False
START
SOL: [ 0  1  2  7 10 11 13 15 17 19 25 28]
OBJ: 12
M: li2
PAR: 2
INC: [ 0  1  2  4  7  8 11 13 15 18 21 25 28]
BEST: 13
END
SOL: [ 0  1  2  7  8 11 13 15 17 18 19 25 28]
OBJ: 13
M: li2
PAR: 2
INC: [ 0  1  2  4  7  8 11 13 15 18 21 25 28]
BEST: 13
BETTER: False
START
SOL: [ 0  1  2  7  8 11 13 15 17 18 19 25 28]
OBJ: 13
M: li2
PAR: 2
INC: [ 0  1  2  4  7  8 11 13 15 18 21 25 28]
BEST: 13
END
SOL: [ 0  1  2  7  8 11 13 15 17 18 19 25 28]
OBJ: 13
M: li2
PAR: 2
INC: [ 0  1  2  4  7  8 11 13 15 18 21 25 28]
BEST: 13
BETTER: False
START
SOL: [ 0  1  2  4  7  8 11 13 15 18 21 25 28]
OBJ: 13
M: rgc5
PAR: 5
INC: [ 0  1  2  4  7  8 11 13 15 18 21 25 28]
BEST: 13
SOL: []
CL: {0: 2, 1: 2, 2: 4, 3: 6, 4: 2, 5: 6, 6: 6, 7: 4, 8: 4, 9: 8, 10: 3, 11: 2, 12: 5, 13: 2, 14: 4, 15: 3, 16: 3, 17: 1, 18: 5, 19: 5, 20: 4, 21: 4, 22: 4, 23: 4, 24: 8, 25: 3, 26: 3, 27: 4, 28: 1, 29: 8}
PAR: 5
RCL: [17 28  0  1  4]
SEL: 0
SOL: [0]
CL: {1: 2, 2: 3, 3: 6, 4: 2, 5: 6, 6: 6, 7: 4, 8: 4, 9: 6, 10: 3, 11: 2, 12: 5, 13: 1, 14: 4, 15: 3, 16: 3, 17: 1, 18: 5, 19: 5, 20: 3, 21: 4, 22: 4, 23: 4, 24: 8, 25: 3, 28: 1, 29: 8}
PAR: 5
RCL: [13 17 28  1  4]
SEL: 13
SOL: [ 0 13]
CL: {1: 1, 2: 2, 3: 6, 4: 2, 5: 5, 6: 6, 7: 4, 8: 4, 9: 6, 10: 3, 11: 2, 14: 4, 15: 3, 16: 3, 17: 1, 18: 5, 19: 4, 20: 3, 21: 4, 22: 4, 23: 4, 24: 8, 25: 3, 28: 1, 29: 8}
PAR: 5
RCL: [ 1 17 28  2  4]
SEL: 4
SOL: [ 0  4 13]
CL: {1: 1, 2: 2, 3: 6, 5: 4, 6: 6, 7: 3, 8: 4, 9: 5, 10: 3, 11: 2, 14: 4, 15: 3, 16: 2, 18: 4, 19: 3, 20: 3, 21: 4, 22: 4, 23: 4, 25: 3, 28: 1, 29: 7}
PAR: 5
RCL: [ 1 28  2 11 16]
SEL: 1
SOL: [ 0  1  4 13]
CL: {2: 1, 3: 5, 5: 4, 7: 2, 8: 4, 9: 5, 10: 3, 11: 2, 14: 4, 15: 3, 16: 2, 18: 4, 19: 3, 20: 3, 21: 4, 22: 4, 23: 4, 25: 2, 28: 1, 29: 6}
PAR: 5
RCL: [ 2 28  7 11 16]
SEL: 28
SOL: [ 0  1  4 13 28]
CL: {2: 1, 3: 5, 7: 2, 8: 4, 9: 4, 10: 3, 11: 2, 14: 4, 15: 2, 16: 2, 18: 4, 19: 3, 20: 3, 21: 4, 22: 4, 23: 4, 25: 2, 29: 5}
PAR: 5
RCL: [ 2  7 11 15 16]
SEL: 15
SOL: [ 0  1  4 13 15 28]
CL: {2: 0, 3: 4, 7: 2, 8: 4, 9: 3, 10: 2, 11: 2, 14: 4, 16: 2, 18: 3, 19: 2, 20: 3, 21: 4, 23: 3, 25: 2}
PAR: 5
RCL: [ 2  7 10 11 16]
SEL: 7
SOL: [ 0  1  4  7 13 15 28]
CL: {2: 0, 3: 3, 8: 3, 9: 3, 10: 2, 11: 2, 14: 3, 16: 2, 18: 3, 19: 2, 21: 3, 25: 2}
PAR: 5
RCL: [ 2 10 11 16 19]
SEL: 11
SOL: [ 0  1  4  7 11 13 15 28]
CL: {2: 0, 8: 2, 9: 3, 10: 2, 14: 3, 18: 3, 19: 2, 21: 2, 25: 1}
PAR: 5
RCL: [ 2 25  8 10 19]
SEL: 19
SOL: [ 0  1  4  7 11 13 15 19 28]
CL: {2: 0, 8: 1, 9: 2, 10: 2, 18: 2, 25: 1}
PAR: 5
RCL: [ 2  8 25  9 10]
SEL: 10
SOL: [ 0  1  4  7 10 11 13 15 19 28]
CL: {2: 0, 9: 1, 25: 1}
PAR: 5
RCL: [ 2  9 25]
SEL: 9
SOL: [ 0  1  4  7  9 10 11 13 15 19 28]
CL: {2: 0}
PAR: 5
RCL: [2]
SEL: 2
END
SOL: [ 0  1  2  4  7  9 10 11 13 15 19 28]
OBJ: 12
M: rgc5
PAR: 5
INC: [ 0  1  2  4  7  8 11 13 15 18 21 25 28]
BEST: 13
BETTER: False
START
SOL: [ 0  1  2  4  7  9 10 11 13 15 19 28]
OBJ: 12
M: li2
PAR: 2
INC: [ 0  1  2  4  7  8 11 13 15 18 21 25 28]
BEST: 13
END
SOL: [ 0  1  2  4  9 10 11 13 15 19 20 23 28]
OBJ: 13
M: li2
PAR: 2
INC: [ 0  1  2  4  7  8 11 13 15 18 21 25 28]
BEST: 13
BETTER: False
START
SOL: [ 0  1  2  4  9 10 11 13 15 19 20 23 28]
OBJ: 13
M: li2
PAR: 2
INC: [ 0  1  2  4  7  8 11 13 15 18 21 25 28]
BEST: 13
END
SOL: [ 0  1  2  4  9 10 11 13 15 19 20 23 28]
OBJ: 13
M: li2
PAR: 2
INC: [ 0  1  2  4  7  8 11 13 15 18 21 25 28]
BEST: 13
BETTER: False
START
SOL: [ 0  1  2  4  7  8 11 13 15 18 21 25 28]
OBJ: 13
M: rgc5
PAR: 5
INC: [ 0  1  2  4  7  8 11 13 15 18 21 25 28]
BEST: 13
SOL: []
CL: {0: 2, 1: 2, 2: 4, 3: 6, 4: 2, 5: 6, 6: 6, 7: 4, 8: 4, 9: 8, 10: 3, 11: 2, 12: 5, 13: 2, 14: 4, 15: 3, 16: 3, 17: 1, 18: 5, 19: 5, 20: 4, 21: 4, 22: 4, 23: 4, 24: 8, 25: 3, 26: 3, 27: 4, 28: 1, 29: 8}
PAR: 5
RCL: [17 28  0  1  4]
SEL: 0
SOL: [0]
CL: {1: 2, 2: 3, 3: 6, 4: 2, 5: 6, 6: 6, 7: 4, 8: 4, 9: 6, 10: 3, 11: 2, 12: 5, 13: 1, 14: 4, 15: 3, 16: 3, 17: 1, 18: 5, 19: 5, 20: 3, 21: 4, 22: 4, 23: 4, 24: 8, 25: 3, 28: 1, 29: 8}
PAR: 5
RCL: [13 17 28  1  4]
SEL: 13
SOL: [ 0 13]
CL: {1: 1, 2: 2, 3: 6, 4: 2, 5: 5, 6: 6, 7: 4, 8: 4, 9: 6, 10: 3, 11: 2, 14: 4, 15: 3, 16: 3, 17: 1, 18: 5, 19: 4, 20: 3, 21: 4, 22: 4, 23: 4, 24: 8, 25: 3, 28: 1, 29: 8}
PAR: 5
RCL: [ 1 17 28  2  4]
SEL: 1
SOL: [ 0  1 13]
CL: {2: 1, 3: 5, 4: 2, 5: 5, 7: 3, 8: 4, 9: 6, 10: 3, 11: 2, 14: 4, 15: 3, 16: 3, 17: 1, 18: 5, 19: 4, 20: 3, 21: 4, 22: 4, 23: 4, 24: 8, 25: 2, 28: 1, 29: 7}
PAR: 5
RCL: [ 2 17 28  4 11]
SEL: 2
SOL: [ 0  1  2 13]
CL: {3: 5, 4: 2, 5: 4, 7: 3, 8: 4, 9: 5, 10: 3, 11: 2, 14: 4, 15: 2, 16: 3, 17: 1, 18: 5, 19: 3, 20: 3, 21: 4, 22: 4, 23: 3, 24: 7, 25: 2, 28: 1}
PAR: 5
RCL: [17 28  4 11 15]
SEL: 17
SOL: [ 0  1  2 13 17]
CL: {3: 5, 5: 4, 7: 3, 8: 4, 9: 5, 10: 3, 11: 2, 14: 4, 15: 2, 16: 3, 18: 5, 19: 3, 20: 3, 21: 4, 22: 4, 23: 3, 24: 6, 25: 2, 28: 1}
PAR: 5
RCL: [28 11 15 25  7]
SEL: 15
SOL: [ 0  1  2 13 15 17]
CL: {3: 4, 7: 3, 8: 4, 9: 4, 10: 2, 11: 2, 14: 4, 16: 3, 18: 4, 19: 3, 20: 3, 21: 4, 23: 3, 24: 5, 25: 2, 28: 0}
PAR: 5
RCL: [28 10 11 25  7]
SEL: 25
SOL: [ 0  1  2 13 15 17 25]
CL: {3: 4, 7: 3, 8: 4, 10: 2, 11: 1, 14: 4, 18: 3, 19: 3, 20: 3, 21: 3, 23: 3, 24: 3, 28: 0}
PAR: 5
RCL: [28 11 10  7 18]
SEL: 11
SOL: [ 0  1  2 11 13 15 17 25]
CL: {7: 3, 8: 3, 10: 2, 14: 4, 18: 3, 19: 3, 20: 2, 21: 2, 23: 3, 24: 3, 28: 0}
PAR: 5
RCL: [28 10 20 21  7]
SEL: 21
SOL: [ 0  1  2 11 13 15 17 21 25]
CL: {7: 2, 8: 2, 10: 2, 14: 3, 18: 3, 20: 2, 24: 2, 28: 0}
PAR: 5
RCL: [28  7  8 10 20]
SEL: 28
SOL: [ 0  1  2 11 13 15 17 21 25 28]
CL: {7: 2, 8: 2, 10: 2, 14: 3, 18: 3, 20: 2, 24: 2}
PAR: 5
RCL: [ 7  8 10 20 24]
SEL: 7
SOL: [ 0  1  2  7 11 13 15 17 21 25 28]
CL: {8: 2, 10: 2, 14: 2, 18: 2}
PAR: 5
RCL: [ 8 10 14 18]
SEL: 8
SOL: [ 0  1  2  7  8 11 13 15 17 21 25 28]
CL: {18: 0}
PAR: 5
RCL: [18]
SEL: 18
END
SOL: [ 0  1  2  7  8 11 13 15 17 18 21 25 28]
OBJ: 13
M: rgc5
PAR: 5
INC: [ 0  1  2  4  7  8 11 13 15 18 21 25 28]
BEST: 13
BETTER: False
