MAXSAT
GRASP
START: [False False False False False False False]
OBJ: 37
M: li1
INC: [False False False False False False False]
BEST: 37
END: [ True False False False False False False]
OBJ: 40
M: li1
BETTER: True
INC: [ True False False False False False False]
BEST: 40
START: [ True False False False False False False]
OBJ: 40
M: li1
INC: [ True False False False False False False]
BEST: 40
END: [ True False False False False False False]
OBJ: 40
M: li1
BETTER: False
INC: [ True False False False False False False]
BEST: 40
START: [ True False False False False False False]
OBJ: 40
M: rc3
INC: [ True False False False False False False]
BEST: 40
CL: {1: 7, -1: 14, 2: 5, -2: 5, 3: 12, -3: 8, 4: 9, -4: 7, 5: 15, -5: 9, 6: 14, -6: 12, 7: 10, -7: 9}
X_START: [-1 -1 -1 -1 -1 -1 -1]
RCL: [ 5 -1  6]
SEL: -1
CL: {2: 5, -2: 3, 3: 11, -3: 5, 4: 7, -4: 2, 5: 8, -5: 6, 6: 9, -6: 9, 7: 6, -7: 8}
X_START: [ 0 -1 -1 -1 -1 -1 -1]
RCL: [ 3  6 -6]
SEL: -6
CL: {2: 5, -2: 3, 3: 8, -3: 3, 4: 7, -4: 0, 5: 6, -5: 5, 7: 5, -7: 5}
X_START: [ 0 -1 -1 -1 -1  0 -1]
RCL: [3 4 5]
SEL: 5
CL: {2: 3, -2: 3, 3: 6, -3: 2, 4: 6, -4: 0, 7: 3, -7: 3}
X_START: [ 0 -1 -1 -1  1  0 -1]
RCL: [3 4 2]
SEL: 3
CL: {2: 3, -2: 2, 4: 5, -4: 0, 7: 3, -7: 1}
X_START: [ 0 -1  1 -1  1  0 -1]
RCL: [4 2 7]
SEL: 4
CL: {2: 3, -2: 2, 7: 3, -7: 0}
X_START: [ 0 -1  1  1  1  0 -1]
RCL: [ 2  7 -2]
SEL: 7
CL: {2: 3, -2: 2}
X_START: [ 0 -1  1  1  1  0  1]
RCL: [ 2 -2]
SEL: -2
END: [0 0 1 1 1 0 1]
OBJ: 45
M: rc3
BETTER: True
INC: [False False  True  True  True False  True]
BEST: 45
START: [False False  True  True  True False  True]
OBJ: 45
M: li1
INC: [False False  True  True  True False  True]
BEST: 45
END: [False  True  True  True  True False  True]
OBJ: 46
M: li1
BETTER: True
INC: [False  True  True  True  True False  True]
BEST: 46
START: [False  True  True  True  True False  True]
OBJ: 46
M: li1
INC: [False  True  True  True  True False  True]
BEST: 46
END: [False  True  True  True  True False  True]
OBJ: 46
M: li1
BETTER: False
INC: [False  True  True  True  True False  True]
BEST: 46
START: [0 1 1 1 1 0 1]
OBJ: 46
M: rc3
INC: [False  True  True  True  True False  True]
BEST: 46
CL: {1: 7, -1: 14, 2: 5, -2: 5, 3: 12, -3: 8, 4: 9, -4: 7, 5: 15, -5: 9, 6: 14, -6: 12, 7: 10, -7: 9}
X_START: [-1 -1 -1 -1 -1 -1 -1]
RCL: [ 5 -1  6]
SEL: 5
CL: {1: 7, -1: 7, 2: 3, -2: 5, 3: 9, -3: 5, 4: 7, -4: 5, 6: 13, -6: 8, 7: 5, -7: 5}
X_START: [-1 -1 -1 -1  1 -1 -1]
RCL: [ 6  3 -6]
SEL: 6
CL: {1: 5, -1: 3, 2: 1, -2: 2, 3: 7, -3: 5, 4: 4, -4: 4, 7: 4, -7: 5}
X_START: [-1 -1 -1 -1  1  1 -1]
RCL: [ 3  1 -3]
SEL: -3
CL: {1: 3, -1: 2, 2: 1, -2: 2, 4: 2, -4: 2, 7: 2, -7: 5}
X_START: [-1 -1  0 -1  1  1 -1]
RCL: [-7  1 -1]
SEL: -7
CL: {1: 2, -1: 2, 2: 1, -2: 2, 4: 1, -4: 2}
X_START: [-1 -1  0 -1  1  1  0]
RCL: [ 1 -1 -2]
SEL: -1
CL: {2: 1, -2: 1, 4: 1, -4: 1}
X_START: [ 0 -1  0 -1  1  1  0]
RCL: [ 2 -2  4]
SEL: 2
CL: {4: 1, -4: 1}
X_START: [ 0  1  0 -1  1  1  0]
RCL: [ 4 -4]
SEL: -4
END: [0 1 0 0 1 1 0]
OBJ: 42
M: rc3
BETTER: False
INC: [False  True  True  True  True False  True]
BEST: 46
START: [False  True False False  True  True False]
OBJ: 42
M: li1
INC: [False  True  True  True  True False  True]
BEST: 46
END: [ True  True False False  True  True False]
OBJ: 43
M: li1
BETTER: False
INC: [False  True  True  True  True False  True]
BEST: 46
START: [ True  True False False  True  True False]
OBJ: 43
M: li1
INC: [False  True  True  True  True False  True]
BEST: 46
END: [ True False False False  True  True False]
OBJ: 44
M: li1
BETTER: False
INC: [False  True  True  True  True False  True]
BEST: 46
START: [ True False False False  True  True False]
OBJ: 44
M: li1
INC: [False  True  True  True  True False  True]
BEST: 46
END: [ True False False False  True  True False]
OBJ: 44
M: li1
BETTER: False
INC: [False  True  True  True  True False  True]
BEST: 46
START: [0 1 1 1 1 0 1]
OBJ: 46
M: rc3
INC: [False  True  True  True  True False  True]
BEST: 46
CL: {1: 7, -1: 14, 2: 5, -2: 5, 3: 12, -3: 8, 4: 9, -4: 7, 5: 15, -5: 9, 6: 14, -6: 12, 7: 10, -7: 9}
X_START: [-1 -1 -1 -1 -1 -1 -1]
RCL: [ 5 -1  6]
SEL: 6
CL: {1: 5, -1: 9, 2: 3, -2: 2, 3: 10, -3: 8, 4: 6, -4: 5, 5: 14, -5: 4, 7: 9, -7: 9}
X_START: [-1 -1 -1 -1 -1  1 -1]
RCL: [ 5  3 -1]
SEL: -1
CL: {2: 3, -2: 1, 3: 9, -3: 5, 4: 5, -4: 2, 5: 8, -5: 3, 7: 5, -7: 8}
X_START: [ 0 -1 -1 -1 -1  1 -1]
RCL: [ 3  5 -7]
SEL: 5
CL: {2: 1, -2: 1, 3: 6, -3: 4, 4: 4, -4: 2, 7: 3, -7: 5}
X_START: [ 0 -1 -1 -1  1  1 -1]
RCL: [ 3 -7 -3]
SEL: 3
CL: {2: 1, -2: 0, 4: 4, -4: 1, 7: 3, -7: 3}
X_START: [ 0 -1  1 -1  1  1 -1]
RCL: [ 4  7 -7]
SEL: 7
CL: {2: 1, -2: 0, 4: 4, -4: 1}
X_START: [ 0 -1  1 -1  1  1  1]
RCL: [ 4  2 -4]
SEL: 2
CL: {4: 4, -4: 1}
X_START: [ 0  1  1 -1  1  1  1]
RCL: [ 4 -4]
SEL: 4
END: [0 1 1 1 1 1 1]
OBJ: 45
M: rc3
BETTER: False
INC: [False  True  True  True  True False  True]
BEST: 46
START: [False  True  True  True  True  True  True]
OBJ: 45
M: li1
INC: [False  True  True  True  True False  True]
BEST: 46
END: [False  True  True  True  True False  True]
OBJ: 46
M: li1
BETTER: False
INC: [False  True  True  True  True False  True]
BEST: 46
START: [False  True  True  True  True False  True]
OBJ: 46
M: li1
INC: [False  True  True  True  True False  True]
BEST: 46
END: [False  True  True  True  True False  True]
OBJ: 46
M: li1
BETTER: False
INC: [False  True  True  True  True False  True]
BEST: 46
START: [0 1 1 1 1 0 1]
OBJ: 46
M: rc3
INC: [False  True  True  True  True False  True]
BEST: 46
CL: {1: 7, -1: 14, 2: 5, -2: 5, 3: 12, -3: 8, 4: 9, -4: 7, 5: 15, -5: 9, 6: 14, -6: 12, 7: 10, -7: 9}
X_START: [-1 -1 -1 -1 -1 -1 -1]
RCL: [ 5 -1  6]
SEL: 5
CL: {1: 7, -1: 7, 2: 3, -2: 5, 3: 9, -3: 5, 4: 7, -4: 5, 6: 13, -6: 8, 7: 5, -7: 5}
X_START: [-1 -1 -1 -1  1 -1 -1]
RCL: [ 6  3 -6]
SEL: 3
CL: {1: 5, -1: 6, 2: 3, -2: 4, 4: 6, -4: 3, 6: 11, -6: 6, 7: 5, -7: 3}
X_START: [-1 -1  1 -1  1 -1 -1]
RCL: [ 6 -1  4]
SEL: -1
CL: {2: 3, -2: 2, 4: 5, -4: 1, 6: 7, -6: 5, 7: 4, -7: 3}
X_START: [ 0 -1  1 -1  1 -1 -1]
RCL: [ 6  4 -6]
SEL: 4
CL: {2: 3, -2: 2, 6: 6, -6: 5, 7: 4, -7: 2}
X_START: [ 0 -1  1  1  1 -1 -1]
RCL: [ 6 -6  7]
SEL: 6
CL: {2: 1, -2: 0, 7: 3, -7: 2}
X_START: [ 0 -1  1  1  1  1 -1]
RCL: [ 7 -7  2]
SEL: 7
CL: {2: 1, -2: 0}
X_START: [ 0 -1  1  1  1  1  1]
RCL: [ 2 -2]
SEL: 2
END: [0 1 1 1 1 1 1]
OBJ: 45
M: rc3
BETTER: False
INC: [False  True  True  True  True False  True]
BEST: 46
START: [False  True  True  True  True  True  True]
OBJ: 45
M: li1
INC: [False  True  True  True  True False  True]
BEST: 46
END: [False  True  True  True  True False  True]
OBJ: 46
M: li1
BETTER: False
INC: [False  True  True  True  True False  True]
BEST: 46
START: [False  True  True  True  True False  True]
OBJ: 46
M: li1
INC: [False  True  True  True  True False  True]
BEST: 46
END: [False  True  True  True  True False  True]
OBJ: 46
M: li1
BETTER: False
INC: [False  True  True  True  True False  True]
BEST: 46
START: [0 1 1 1 1 0 1]
OBJ: 46
M: rc3
INC: [False  True  True  True  True False  True]
BEST: 46
CL: {1: 7, -1: 14, 2: 5, -2: 5, 3: 12, -3: 8, 4: 9, -4: 7, 5: 15, -5: 9, 6: 14, -6: 12, 7: 10, -7: 9}
X_START: [-1 -1 -1 -1 -1 -1 -1]
RCL: [ 5 -1  6]
SEL: 6
CL: {1: 5, -1: 9, 2: 3, -2: 2, 3: 10, -3: 8, 4: 6, -4: 5, 5: 14, -5: 4, 7: 9, -7: 9}
X_START: [-1 -1 -1 -1 -1  1 -1]
RCL: [ 5  3 -1]
SEL: -1
CL: {2: 3, -2: 1, 3: 9, -3: 5, 4: 5, -4: 2, 5: 8, -5: 3, 7: 5, -7: 8}
X_START: [ 0 -1 -1 -1 -1  1 -1]
RCL: [ 3  5 -7]
SEL: 3
CL: {2: 2, -2: 0, 4: 4, -4: 1, 5: 5, -5: 2, 7: 4, -7: 5}
X_START: [ 0 -1  1 -1 -1  1 -1]
RCL: [ 5 -7  4]
SEL: 4
CL: {2: 2, -2: 0, 5: 5, -5: 2, 7: 4, -7: 4}
X_START: [ 0 -1  1  1 -1  1 -1]
RCL: [ 5  7 -7]
SEL: 5
CL: {2: 1, -2: 0, 7: 3, -7: 2}
X_START: [ 0 -1  1  1  1  1 -1]
RCL: [ 7 -7  2]
SEL: 7
CL: {2: 1, -2: 0}
X_START: [ 0 -1  1  1  1  1  1]
RCL: [ 2 -2]
SEL: -2
END: [0 0 1 1 1 1 1]
OBJ: 44
M: rc3
BETTER: False
INC: [False  True  True  True  True False  True]
BEST: 46
START: [False False  True  True  True  True  True]
OBJ: 44
M: li1
INC: [False  True  True  True  True False  True]
BEST: 46
END: [False  True  True  True  True  True  True]
OBJ: 45
M: li1
BETTER: False
INC: [False  True  True  True  True False  True]
BEST: 46
START: [False  True  True  True  True  True  True]
OBJ: 45
M: li1
INC: [False  True  True  True  True False  True]
BEST: 46
END: [False  True  True  True  True False  True]
OBJ: 46
M: li1
BETTER: False
INC: [False  True  True  True  True False  True]
BEST: 46
START: [False  True  True  True  True False  True]
OBJ: 46
M: li1
INC: [False  True  True  True  True False  True]
BEST: 46
END: [False  True  True  True  True False  True]
OBJ: 46
M: li1
BETTER: False
INC: [False  True  True  True  True False  True]
BEST: 46
START: [0 1 1 1 1 0 1]
OBJ: 46
M: rc3
INC: [False  True  True  True  True False  True]
BEST: 46
CL: {1: 7, -1: 14, 2: 5, -2: 5, 3: 12, -3: 8, 4: 9, -4: 7, 5: 15, -5: 9, 6: 14, -6: 12, 7: 10, -7: 9}
X_START: [-1 -1 -1 -1 -1 -1 -1]
RCL: [ 5 -1  6]
SEL: -1
CL: {2: 5, -2: 3, 3: 11, -3: 5, 4: 7, -4: 2, 5: 8, -5: 6, 6: 9, -6: 9, 7: 6, -7: 8}
X_START: [ 0 -1 -1 -1 -1 -1 -1]
RCL: [ 3  6 -6]
SEL: 6
CL: {2: 3, -2: 1, 3: 9, -3: 5, 4: 5, -4: 2, 5: 8, -5: 3, 7: 5, -7: 8}
X_START: [ 0 -1 -1 -1 -1  1 -1]
RCL: [ 3  5 -7]
SEL: -7
CL: {2: 2, -2: 1, 3: 6, -3: 5, 4: 4, -4: 2, 5: 5, -5: 1}
X_START: [ 0 -1 -1 -1 -1  1  0]
RCL: [ 3 -3  5]
SEL: 5
CL: {2: 1, -2: 1, 3: 4, -3: 4, 4: 3, -4: 2}
X_START: [ 0 -1 -1 -1  1  1  0]
RCL: [ 3 -3  4]
SEL: -3
CL: {2: 1, -2: 1, 4: 1, -4: 1}
X_START: [ 0 -1  0 -1  1  1  0]
RCL: [ 2 -2  4]
SEL: 4
CL: {2: 1, -2: 1}
X_START: [ 0 -1  0  1  1  1  0]
RCL: [ 2 -2]
SEL: -2
END: [0 0 0 1 1 1 0]
OBJ: 42
M: rc3
BETTER: False
INC: [False  True  True  True  True False  True]
BEST: 46
START: [False False False  True  True  True False]
OBJ: 42
M: li1
INC: [False  True  True  True  True False  True]
BEST: 46
END: [False False  True  True  True  True False]
OBJ: 43
M: li1
BETTER: False
INC: [False  True  True  True  True False  True]
BEST: 46
START: [False False  True  True  True  True False]
OBJ: 43
M: li1
INC: [False  True  True  True  True False  True]
BEST: 46
END: [ True False  True  True  True  True False]
OBJ: 44
M: li1
BETTER: False
INC: [False  True  True  True  True False  True]
BEST: 46
START: [ True False  True  True  True  True False]
OBJ: 44
M: li1
INC: [False  True  True  True  True False  True]
BEST: 46
END: [ True False  True  True  True  True  True]
OBJ: 45
M: li1
BETTER: False
INC: [False  True  True  True  True False  True]
BEST: 46
START: [ True False  True  True  True  True  True]
OBJ: 45
M: li1
INC: [False  True  True  True  True False  True]
BEST: 46
END: [ True False  True  True  True  True  True]
OBJ: 45
M: li1
BETTER: False
INC: [False  True  True  True  True False  True]
BEST: 46
START: [0 1 1 1 1 0 1]
OBJ: 46
M: rc3
INC: [False  True  True  True  True False  True]
BEST: 46
CL: {1: 7, -1: 14, 2: 5, -2: 5, 3: 12, -3: 8, 4: 9, -4: 7, 5: 15, -5: 9, 6: 14, -6: 12, 7: 10, -7: 9}
X_START: [-1 -1 -1 -1 -1 -1 -1]
RCL: [ 5 -1  6]
SEL: 5
CL: {1: 7, -1: 7, 2: 3, -2: 5, 3: 9, -3: 5, 4: 7, -4: 5, 6: 13, -6: 8, 7: 5, -7: 5}
X_START: [-1 -1 -1 -1  1 -1 -1]
RCL: [ 6  3 -6]
SEL: -6
CL: {1: 6, -1: 6, 2: 3, -2: 4, 3: 7, -3: 3, 4: 7, -4: 3, 7: 4, -7: 3}
X_START: [-1 -1 -1 -1  1  0 -1]
RCL: [3 4 1]
SEL: 3
CL: {1: 4, -1: 5, 2: 3, -2: 3, 4: 6, -4: 2, 7: 4, -7: 1}
X_START: [-1 -1  1 -1  1  0 -1]
RCL: [ 4 -1  1]
SEL: 4
CL: {1: 1, -1: 4, 2: 3, -2: 3, 7: 4, -7: 0}
X_START: [-1 -1  1  1  1  0 -1]
RCL: [-1  7  2]
SEL: 2
CL: {1: 1, -1: 4, 7: 4, -7: 0}
X_START: [-1  1  1  1  1  0 -1]
RCL: [-1  7  1]
SEL: 7
CL: {1: 0, -1: 3}
X_START: [-1  1  1  1  1  0  1]
RCL: [-1  1]
SEL: -1
END: [0 1 1 1 1 0 1]
OBJ: 46
M: rc3
BETTER: False
INC: [False  True  True  True  True False  True]
BEST: 46
START: [False  True  True  True  True False  True]
OBJ: 46
M: li1
INC: [False  True  True  True  True False  True]
BEST: 46
END: [False  True  True  True  True False  True]
OBJ: 46
M: li1
BETTER: False
INC: [False  True  True  True  True False  True]
BEST: 46
START: [0 1 1 1 1 0 1]
OBJ: 46
M: rc3
INC: [False  True  True  True  True False  True]
BEST: 46
CL: {1: 7, -1: 14, 2: 5, -2: 5, 3: 12, -3: 8, 4: 9, -4: 7, 5: 15, -5: 9, 6: 14, -6: 12, 7: 10, -7: 9}
X_START: [-1 -1 -1 -1 -1 -1 -1]
RCL: [ 5 -1  6]
SEL: 5
CL: {1: 7, -1: 7, 2: 3, -2: 5, 3: 9, -3: 5, 4: 7, -4: 5, 6: 13, -6: 8, 7: 5, -7: 5}
X_START: [-1 -1 -1 -1  1 -1 -1]
RCL: [ 6  3 -6]
SEL: 6
CL: {1: 5, -1: 3, 2: 1, -2: 2, 3: 7, -3: 5, 4: 4, -4: 4, 7: 4, -7: 5}
X_START: [-1 -1 -1 -1  1  1 -1]
RCL: [ 3  1 -3]
SEL: 1
CL: {2: 1, -2: 2, 3: 6, -3: 3, 4: 2, -4: 3, 7: 3, -7: 4}
X_START: [ 1 -1 -1 -1  1  1 -1]
RCL: [ 3 -7 -3]
SEL: 3
CL: {2: 1, -2: 1, 4: 2, -4: 1, 7: 3, -7: 3}
X_START: [ 1 -1  1 -1  1  1 -1]
RCL: [ 7 -7  4]
SEL: 7
CL: {2: 1, -2: 1, 4: 2, -4: 0}
X_START: [ 1 -1  1 -1  1  1  1]
RCL: [ 4  2 -2]
SEL: 4
CL: {2: 1, -2: 1}
X_START: [ 1 -1  1  1  1  1  1]
RCL: [ 2 -2]
SEL: -2
END: [1 0 1 1 1 1 1]
OBJ: 45
M: rc3
BETTER: False
INC: [False  True  True  True  True False  True]
BEST: 46
START: [ True False  True  True  True  True  True]
OBJ: 45
M: li1
INC: [False  True  True  True  True False  True]
BEST: 46
END: [ True False  True  True  True  True  True]
OBJ: 45
M: li1
BETTER: False
INC: [False  True  True  True  True False  True]
BEST: 46
START: [0 1 1 1 1 0 1]
OBJ: 46
M: rc3
INC: [False  True  True  True  True False  True]
BEST: 46
CL: {1: 7, -1: 14, 2: 5, -2: 5, 3: 12, -3: 8, 4: 9, -4: 7, 5: 15, -5: 9, 6: 14, -6: 12, 7: 10, -7: 9}
X_START: [-1 -1 -1 -1 -1 -1 -1]
RCL: [ 5 -1  6]
SEL: -1
CL: {2: 5, -2: 3, 3: 11, -3: 5, 4: 7, -4: 2, 5: 8, -5: 6, 6: 9, -6: 9, 7: 6, -7: 8}
X_START: [ 0 -1 -1 -1 -1 -1 -1]
RCL: [ 3  6 -6]
SEL: -6
CL: {2: 5, -2: 3, 3: 8, -3: 3, 4: 7, -4: 0, 5: 6, -5: 5, 7: 5, -7: 5}
X_START: [ 0 -1 -1 -1 -1  0 -1]
RCL: [3 4 5]
SEL: 5
CL: {2: 3, -2: 3, 3: 6, -3: 2, 4: 6, -4: 0, 7: 3, -7: 3}
X_START: [ 0 -1 -1 -1  1  0 -1]
RCL: [3 4 2]
SEL: 4
CL: {2: 3, -2: 3, 3: 5, -3: 0, 7: 3, -7: 2}
X_START: [ 0 -1 -1  1  1  0 -1]
RCL: [ 3  2 -2]
SEL: -2
CL: {3: 4, -3: 0, 7: 3, -7: 2}
X_START: [ 0  0 -1  1  1  0 -1]
RCL: [ 3  7 -7]
SEL: -7
CL: {3: 2, -3: 0}
X_START: [ 0  0 -1  1  1  0  0]
RCL: [ 3 -3]
SEL: 3
END: [0 0 1 1 1 0 0]
OBJ: 42
M: rc3
BETTER: False
INC: [False  True  True  True  True False  True]
BEST: 46
START: [False False  True  True  True False False]
OBJ: 42
M: li1
INC: [False  True  True  True  True False  True]
BEST: 46
END: [False False  True  True  True  True False]
OBJ: 43
M: li1
BETTER: False
INC: [False  True  True  True  True False  True]
BEST: 46
START: [False False  True  True  True  True False]
OBJ: 43
M: li1
INC: [False  True  True  True  True False  True]
BEST: 46
END: [False  True  True  True  True  True False]
OBJ: 44
M: li1
BETTER: False
INC: [False  True  True  True  True False  True]
BEST: 46
START: [False  True  True  True  True  True False]
OBJ: 44
M: li1
INC: [False  True  True  True  True False  True]
BEST: 46
END: [False  True  True  True  True  True  True]
OBJ: 45
M: li1
BETTER: False
INC: [False  True  True  True  True False  True]
BEST: 46
START: [False  True  True  True  True  True  True]
OBJ: 45
M: li1
INC: [False  True  True  True  True False  True]
BEST: 46
END: [False  True  True  True  True False  True]
OBJ: 46
M: li1
BETTER: False
INC: [False  True  True  True  True False  True]
BEST: 46
START: [False  True  True  True  True False  True]
OBJ: 46
M: li1
INC: [False  True  True  True  True False  True]
BEST: 46
END: [False  True  True  True  True False  True]
OBJ: 46
M: li1
BETTER: False
INC: [False  True  True  True  True False  True]
BEST: 46
