MISP
GVNS
START
SOL: []
OBJ: 0
M: ch0
PAR: 0
INC: []
BEST: 0
END
SOL: [ 0  5  9 10 14 17 21 22 24 25]
OBJ: 10
M: ch0
PAR: 0
INC: [ 0  5  9 10 14 17 21 22 24 25]
BEST: 10
BETTER: True
START
SOL: [ 0  5  9 10 14 17 21 22 24 25]
OBJ: 10
M: li2
PAR: 2
INC: [ 0  5  9 10 14 17 21 22 24 25]
BEST: 10
END
SOL: [ 0  5  9 10 11 14 21 22 23 24 25]
OBJ: 11
M: li2
PAR: 2
INC: [ 0  5  9 10 11 14 21 22 23 24 25]
BEST: 11
BETTER: True
START
SOL: [ 0  5  9 10 11 14 21 22 23 24 25]
OBJ: 11
M: li2
PAR: 2
INC: [ 0  5  9 10 11 14 21 22 23 24 25]
BEST: 11
END
SOL: [ 0  5  9 10 11 14 17 21 22 23 24 25]
OBJ: 12
M: li2
PAR: 2
INC: [ 0  5  9 10 11 14 17 21 22 23 24 25]
BEST: 12
BETTER: True
START
SOL: [ 0  5  9 10 11 14 17 21 22 23 24 25]
OBJ: 12
M: li2
PAR: 2
INC: [ 0  5  9 10 11 14 17 21 22 23 24 25]
BEST: 12
END
SOL: [ 0  5  9 10 11 14 17 21 22 23 24 25]
OBJ: 12
M: li2
PAR: 2
INC: [ 0  5  9 10 11 14 17 21 22 23 24 25]
BEST: 12
BETTER: False
START
SOL: [ 0  5  9 10 11 14 17 21 22 23 24 25]
OBJ: 12
M: sh4
PAR: 4
INC: [ 0  5  9 10 11 14 17 21 22 23 24 25]
BEST: 12
END
SOL: [ 0  5  8 10 11 12 16 17 21 22 23 24]
OBJ: 12
M: sh4
PAR: 4
INC: [ 0  5  9 10 11 14 17 21 22 23 24 25]
BEST: 12
BETTER: False
START
SOL: [ 0  5  8 10 11 12 16 17 21 22 23 24]
OBJ: 12
M: li2
PAR: 2
INC: [ 0  5  9 10 11 14 17 21 22 23 24 25]
BEST: 12
END
SOL: [ 0  5  8 10 11 12 16 17 21 22 23 24]
OBJ: 12
M: li2
PAR: 2
INC: [ 0  5  9 10 11 14 17 21 22 23 24 25]
BEST: 12
BETTER: False
START
SOL: [ 0  5  8 10 11 12 16 17 21 22 23 24]
OBJ: 12
M: sh4
PAR: 4
INC: [ 0  5  9 10 11 14 17 21 22 23 24 25]
BEST: 12
END
SOL: [ 0  8 10 11 12 16 17 22 23 24 29]
OBJ: 11
M: sh4
PAR: 4
INC: [ 0  5  9 10 11 14 17 21 22 23 24 25]
BEST: 12
BETTER: False
START
SOL: [ 0  8 10 11 12 16 17 22 23 24 29]
OBJ: 11
M: li2
PAR: 2
INC: [ 0  5  9 10 11 14 17 21 22 23 24 25]
BEST: 12
END
SOL: [ 0  9 10 11 12 16 17 22 23 24 26 29]
OBJ: 12
M: li2
PAR: 2
INC: [ 0  5  9 10 11 14 17 21 22 23 24 25]
BEST: 12
BETTER: False
START
SOL: [ 0  9 10 11 12 16 17 22 23 24 26 29]
OBJ: 12
M: li2
PAR: 2
INC: [ 0  5  9 10 11 14 17 21 22 23 24 25]
BEST: 12
END
SOL: [ 0  9 10 11 12 16 17 22 23 24 26 29]
OBJ: 12
M: li2
PAR: 2
INC: [ 0  5  9 10 11 14 17 21 22 23 24 25]
BEST: 12
BETTER: False
START
SOL: [ 0  5  8 10 11 12 16 17 21 22 23 24]
OBJ: 12
M: sh7
PAR: 7
INC: [ 0  5  9 10 11 14 17 21 22 23 24 25]
BEST: 12
END
SOL: [ 1  3  5  8 10 12 16 17 21 22 23 24]
OBJ: 12
M: sh7
PAR: 7
INC: [ 0  5  9 10 11 14 17 21 22 23 24 25]
BEST: 12
BETTER: False
START
SOL: [ 1  3  5  8 10 12 16 17 21 22 23 24]
OBJ: 12
M: li2
PAR: 2
INC: [ 0  5  9 10 11 14 17 21 22 23 24 25]
BEST: 12
END
SOL: [ 1  3  5  8 10 11 12 16 17 21 22 23 24]
OBJ: 13
M: li2
PAR: 2
INC: [ 1  3  5  8 10 11 12 16 17 21 22 23 24]
BEST: 13
BETTER: True
START
SOL: [ 1  3  5  8 10 11 12 16 17 21 22 23 24]
OBJ: 13
M: li2
PAR: 2
INC: [ 1  3  5  8 10 11 12 16 17 21 22 23 24]
BEST: 13
END
SOL: [ 1  3  5  8 10 11 12 16 17 21 22 23 24]
OBJ: 13
M: li2
PAR: 2
INC: [ 1  3  5  8 10 11 12 16 17 21 22 23 24]
BEST: 13
BETTER: False
START
SOL: [ 1  3  5  8 10 11 12 16 17 21 22 23 24]
OBJ: 13
M: sh4
PAR: 4
INC: [ 1  3  5  8 10 11 12 16 17 21 22 23 24]
BEST: 13
END
SOL: [ 1  3  5  8 10 11 12 16 17 21 22 23 24]
OBJ: 13
M: sh4
PAR: 4
INC: [ 1  3  5  8 10 11 12 16 17 21 22 23 24]
BEST: 13
BETTER: False
START
SOL: [ 1  3  5  8 10 11 12 16 17 21 22 23 24]
OBJ: 13
M: li2
PAR: 2
INC: [ 1  3  5  8 10 11 12 16 17 21 22 23 24]
BEST: 13
END
SOL: [ 1  3  5  8 10 11 12 16 17 21 22 23 24]
OBJ: 13
M: li2
PAR: 2
INC: [ 1  3  5  8 10 11 12 16 17 21 22 23 24]
BEST: 13
BETTER: False
START
SOL: [ 1  3  5  8 10 11 12 16 17 21 22 23 24]
OBJ: 13
M: sh7
PAR: 7
INC: [ 1  3  5  8 10 11 12 16 17 21 22 23 24]
BEST: 13
END
SOL: [ 1  5  9 10 11 12 16 17 21 22 23 27]
OBJ: 12
M: sh7
PAR: 7
INC: [ 1  3  5  8 10 11 12 16 17 21 22 23 24]
BEST: 13
BETTER: False
START
SOL: [ 1  5  9 10 11 12 16 17 21 22 23 27]
OBJ: 12
M: li2
PAR: 2
INC: [ 1  3  5  8 10 11 12 16 17 21 22 23 24]
BEST: 13
END
SOL: [ 1  3  5  9 10 11 12 16 17 21 22 23 27]
OBJ: 13
M: li2
PAR: 2
INC: [ 1  3  5  8 10 11 12 16 17 21 22 23 24]
BEST: 13
BETTER: False
START
SOL: [ 1  3  5  9 10 11 12 16 17 21 22 23 27]
OBJ: 13
M: li2
PAR: 2
INC: [ 1  3  5  8 10 11 12 16 17 21 22 23 24]
BEST: 13
END
SOL: [ 1  3  5  9 10 11 12 16 17 21 22 23 27]
OBJ: 13
M: li2
PAR: 2
INC: [ 1  3  5  8 10 11 12 16 17 21 22 23 24]
BEST: 13
BETTER: False
START
SOL: [ 1  3  5  8 10 11 12 16 17 21 22 23 24]
OBJ: 13
M: sh4
PAR: 4
INC: [ 1  3  5  8 10 11 12 16 17 21 22 23 24]
BEST: 13
END
SOL: [ 1  3  5  8 10 11 12 16 17 21 22 23 24]
OBJ: 13
M: sh4
PAR: 4
INC: [ 1  3  5  8 10 11 12 16 17 21 22 23 24]
BEST: 13
BETTER: False
START
SOL: [ 1  3  5  8 10 11 12 16 17 21 22 23 24]
OBJ: 13
M: li2
PAR: 2
INC: [ 1  3  5  8 10 11 12 16 17 21 22 23 24]
BEST: 13
END
SOL: [ 1  3  5  8 10 11 12 16 17 21 22 23 24]
OBJ: 13
M: li2
PAR: 2
INC: [ 1  3  5  8 10 11 12 16 17 21 22 23 24]
BEST: 13
BETTER: False
START
SOL: [ 1  3  5  8 10 11 12 16 17 21 22 23 24]
OBJ: 13
M: sh7
PAR: 7
INC: [ 1  3  5  8 10 11 12 16 17 21 22 23 24]
BEST: 13
END
SOL: [ 2  5  9 10 11 12 16 21 22 23 24]
OBJ: 11
M: sh7
PAR: 7
INC: [ 1  3  5  8 10 11 12 16 17 21 22 23 24]
BEST: 13
BETTER: False
START
SOL: [ 2  5  9 10 11 12 16 21 22 23 24]
OBJ: 11
M: li2
PAR: 2
INC: [ 1  3  5  8 10 11 12 16 17 21 22 23 24]
BEST: 13
END
SOL: [ 1  5  9 10 11 12 16 17 21 22 23 24]
OBJ: 12
M: li2
PAR: 2
INC: [ 1  3  5  8 10 11 12 16 17 21 22 23 24]
BEST: 13
BETTER: False
START
SOL: [ 1  5  9 10 11 12 16 17 21 22 23 24]
OBJ: 12
M: li2
PAR: 2
INC: [ 1  3  5  8 10 11 12 16 17 21 22 23 24]
BEST: 13
END
SOL: [ 1  3  5  8 10 11 12 16 17 21 22 23 24]
OBJ: 13
M: li2
PAR: 2
INC: [ 1  3  5  8 10 11 12 16 17 21 22 23 24]
BEST: 13
BETTER: False
START
SOL: [ 1  3  5  8 10 11 12 16 17 21 22 23 24]
OBJ: 13
M: li2
PAR: 2
INC: [ 1  3  5  8 10 11 12 16 17 21 22 23 24]
BEST: 13
END
SOL: [ 1  3  5  8 10 11 12 16 17 21 22 23 24]
OBJ: 13
M: li2
PAR: 2
INC: [ 1  3  5  8 10 11 12 16 17 21 22 23 24]
BEST: 13
BETTER: False
START
SOL: [ 1  3  5  8 10 11 12 16 17 21 22 23 24]
OBJ: 13
M: sh4
PAR: 4
INC: [ 1  3  5  8 10 11 12 16 17 21 22 23 24]
BEST: 13
END
SOL: [ 1  3  5  8 10 11 12 16 17 21 22 23 24]
OBJ: 13
M: sh4
PAR: 4
INC: [ 1  3  5  8 10 11 12 16 17 21 22 23 24]
BEST: 13
BETTER: False
START
SOL: [ 1  3  5  8 10 11 12 16 17 21 22 23 24]
OBJ: 13
M: li2
PAR: 2
INC: [ 1  3  5  8 10 11 12 16 17 21 22 23 24]
BEST: 13
END
SOL: [ 1  3  5  8 10 11 12 16 17 21 22 23 24]
OBJ: 13
M: li2
PAR: 2
INC: [ 1  3  5  8 10 11 12 16 17 21 22 23 24]
BEST: 13
BETTER: False
START
SOL: [ 1  3  5  8 10 11 12 16 17 21 22 23 24]
OBJ: 13
M: sh7
PAR: 7
INC: [ 1  3  5  8 10 11 12 16 17 21 22 23 24]
BEST: 13
END
SOL: [ 1  3  5 10 11 12 16 17 21 22 23 27]
OBJ: 12
M: sh7
PAR: 7
INC: [ 1  3  5  8 10 11 12 16 17 21 22 23 24]
BEST: 13
BETTER: False
START
SOL: [ 1  3  5 10 11 12 16 17 21 22 23 27]
OBJ: 12
M: li2
PAR: 2
INC: [ 1  3  5  8 10 11 12 16 17 21 22 23 24]
BEST: 13
END
SOL: [ 1  3  5  9 10 11 12 16 17 22 23 26 27]
OBJ: 13
M: li2
PAR: 2
INC: [ 1  3  5  8 10 11 12 16 17 21 22 23 24]
BEST: 13
BETTER: False
START
SOL: [ 1  3  5  9 10 11 12 16 17 22 23 26 27]
OBJ: 13
M: li2
PAR: 2
INC: [ 1  3  5  8 10 11 12 16 17 21 22 23 24]
BEST: 13
END
SOL: [ 1  3  5  9 10 11 12 16 17 22 23 26 27]
OBJ: 13
M: li2
PAR: 2
INC: [ 1  3  5  8 10 11 12 16 17 21 22 23 24]
BEST: 13
BETTER: False
START
SOL: [ 1  3  5  8 10 11 12 16 17 21 22 23 24]
OBJ: 13
M: sh4
PAR: 4
INC: [ 1  3  5  8 10 11 12 16 17 21 22 23 24]
BEST: 13
END
SOL: [ 0  5  9 10 11 12 16 17 21 22 23 24]
OBJ: 12
M: sh4
PAR: 4
INC: [ 1  3  5  8 10 11 12 16 17 21 22 23 24]
BEST: 13
BETTER: False
START
SOL: [ 0  5  9 10 11 12 16 17 21 22 23 24]
OBJ: 12
M: li2
PAR: 2
INC: [ 1  3  5  8 10 11 12 16 17 21 22 23 24]
BEST: 13
END
SOL: [ 0  5  9 10 11 12 16 17 21 22 23 24]
OBJ: 12
M: li2
PAR: 2
INC: [ 1  3  5  8 10 11 12 16 17 21 22 23 24]
BEST: 13
BETTER: False
START
SOL: [ 1  3  5  8 10 11 12 16 17 21 22 23 24]
OBJ: 13
M: sh7
PAR: 7
INC: [ 1  3  5  8 10 11 12 16 17 21 22 23 24]
BEST: 13
END
SOL: [ 0  5  8 10 11 12 16 17 21 22 23 24]
OBJ: 12
M: sh7
PAR: 7
INC: [ 1  3  5  8 10 11 12 16 17 21 22 23 24]
BEST: 13
BETTER: False
START
SOL: [ 0  5  8 10 11 12 16 17 21 22 23 24]
OBJ: 12
M: li2
PAR: 2
INC: [ 1  3  5  8 10 11 12 16 17 21 22 23 24]
BEST: 13
END
SOL: [ 1  3  5  8 10 11 12 16 17 21 22 23 24]
OBJ: 13
M: li2
PAR: 2
INC: [ 1  3  5  8 10 11 12 16 17 21 22 23 24]
BEST: 13
BETTER: False
START
SOL: [ 1  3  5  8 10 11 12 16 17 21 22 23 24]
OBJ: 13
M: li2
PAR: 2
INC: [ 1  3  5  8 10 11 12 16 17 21 22 23 24]
BEST: 13
END
SOL: [ 1  3  5  8 10 11 12 16 17 21 22 23 24]
OBJ: 13
M: li2
PAR: 2
INC: [ 1  3  5  8 10 11 12 16 17 21 22 23 24]
BEST: 13
BETTER: False
START
SOL: [ 1  3  5  8 10 11 12 16 17 21 22 23 24]
OBJ: 13
M: sh4
PAR: 4
INC: [ 1  3  5  8 10 11 12 16 17 21 22 23 24]
BEST: 13
END
SOL: [ 1  3  5  8 11 12 16 17 18 21 22 23 24]
OBJ: 13
M: sh4
PAR: 4
INC: [ 1  3  5  8 10 11 12 16 17 21 22 23 24]
BEST: 13
BETTER: False
START
SOL: [ 1  3  5  8 11 12 16 17 18 21 22 23 24]
OBJ: 13
M: li2
PAR: 2
INC: [ 1  3  5  8 10 11 12 16 17 21 22 23 24]
BEST: 13
END
SOL: [ 1  3  5  8 11 12 16 17 18 21 22 23 24]
OBJ: 13
M: li2
PAR: 2
INC: [ 1  3  5  8 10 11 12 16 17 21 22 23 24]
BEST: 13
BETTER: False
START
SOL: [ 1  3  5  8 10 11 12 16 17 21 22 23 24]
OBJ: 13
M: sh7
PAR: 7
INC: [ 1  3  5  8 10 11 12 16 17 21 22 23 24]
BEST: 13
END
SOL: [ 1  3  5  8 11 12 16 17 18 21 22 23 24]
OBJ: 13
M: sh7
PAR: 7
INC: [ 1  3  5  8 10 11 12 16 17 21 22 23 24]
BEST: 13
BETTER: False
START
SOL: [ 1  3  5  8 11 12 16 17 18 21 22 23 24]
OBJ: 13
M: li2
PAR: 2
INC: [ 1  3  5  8 10 11 12 16 17 21 22 23 24]
BEST: 13
END
SOL: [ 1  3  5  8 11 12 16 17 18 21 22 23 24]
OBJ: 13
M: li2
PAR: 2
INC: [ 1  3  5  8 10 11 12 16 17 21 22 23 24]
BEST: 13
BETTER: False
START
SOL: [ 1  3  5  8 10 11 12 16 17 21 22 23 24]
OBJ: 13
M: sh4
PAR: 4
INC: [ 1  3  5  8 10 11 12 16 17 21 22 23 24]
BEST: 13
END
SOL: [ 1  2  3  5  8 10 11 12 16 21 22 23 24]
OBJ: 13
M: sh4
PAR: 4
INC: [ 1  3  5  8 10 11 12 16 17 21 22 23 24]
BEST: 13
BETTER: False
START
SOL: [ 1  2  3  5  8 10 11 12 16 21 22 23 24]
OBJ: 13
M: li2
PAR: 2
INC: [ 1  3  5  8 10 11 12 16 17 21 22 23 24]
BEST: 13
END
SOL: [ 1  2  3  5  8 10 11 12 16 21 22 23 24]
OBJ: 13
M: li2
PAR: 2
INC: [ 1  3  5  8 10 11 12 16 17 21 22 23 24]
BEST: 13
BETTER: False
START
SOL: [ 1  3  5  8 10 11 12 16 17 21 22 23 24]
OBJ: 13
M: sh7
PAR: 7
INC: [ 1  3  5  8 10 11 12 16 17 21 22 23 24]
BEST: 13
END
SOL: [ 0  4  5  8 11 12 16 17 20 21 23 24]
OBJ: 12
M: sh7
PAR: 7
INC: [ 1  3  5  8 10 11 12 16 17 21 22 23 24]
BEST: 13
BETTER: False
START
SOL: [ 0  4  5  8 11 12 16 17 20 21 23 24]
OBJ: 12
M: li2
PAR: 2
INC: [ 1  3  5  8 10 11 12 16 17 21 22 23 24]
BEST: 13
END
SOL: [ 1  4  5  8 11 12 16 17 18 20 21 23 24]
OBJ: 13
M: li2
PAR: 2
INC: [ 1  3  5  8 10 11 12 16 17 21 22 23 24]
BEST: 13
BETTER: False
START
SOL: [ 1  4  5  8 11 12 16 17 18 20 21 23 24]
OBJ: 13
M: li2
PAR: 2
INC: [ 1  3  5  8 10 11 12 16 17 21 22 23 24]
BEST: 13
END
SOL: [ 1  4  5  8 11 12 16 17 18 20 21 23 24]
OBJ: 13
M: li2
PAR: 2
INC: [ 1  3  5  8 10 11 12 16 17 21 22 23 24]
BEST: 13
BETTER: False
START
SOL: [ 1  3  5  8 10 11 12 16 17 21 22 23 24]
OBJ: 13
M: sh4
PAR: 4
INC: [ 1  3  5  8 10 11 12 16 17 21 22 23 24]
BEST: 13
END
SOL: [ 1  3  5  8 10 11 12 17 21 22 23 24]
OBJ: 12
M: sh4
PAR: 4
INC: [ 1  3  5  8 10 11 12 16 17 21 22 23 24]
BEST: 13
BETTER: False
START
SOL: [ 1  3  5  8 10 11 12 17 21 22 23 24]
OBJ: 12
M: li2
PAR: 2
INC: [ 1  3  5  8 10 11 12 16 17 21 22 23 24]
BEST: 13
END
SOL: [ 1  3  5  8 10 11 12 16 17 21 22 23 24]
OBJ: 13
M: li2
PAR: 2
INC: [ 1  3  5  8 10 11 12 16 17 21 22 23 24]
BEST: 13
BETTER: False
START
SOL: [ 1  3  5  8 10 11 12 16 17 21 22 23 24]
OBJ: 13
M: li2
PAR: 2
INC: [ 1  3  5  8 10 11 12 16 17 21 22 23 24]
BEST: 13
END
SOL: [ 1  3  5  8 10 11 12 16 17 21 22 23 24]
OBJ: 13
M: li2
PAR: 2
INC: [ 1  3  5  8 10 11 12 16 17 21 22 23 24]
BEST: 13
BETTER: False
START
SOL: [ 1  3  5  8 10 11 12 16 17 21 22 23 24]
OBJ: 13
M: sh7
PAR: 7
INC: [ 1  3  5  8 10 11 12 16 17 21 22 23 24]
BEST: 13
END
SOL: [ 1  3  5  8 10 12 16 17 21 22 23 24]
OBJ: 12
M: sh7
PAR: 7
INC: [ 1  3  5  8 10 11 12 16 17 21 22 23 24]
BEST: 13
BETTER: False
START
SOL: [ 1  3  5  8 10 12 16 17 21 22 23 24]
OBJ: 12
M: li2
PAR: 2
INC: [ 1  3  5  8 10 11 12 16 17 21 22 23 24]
BEST: 13
END
SOL: [ 1  3  5  8 10 11 12 16 17 21 22 23 24]
OBJ: 13
M: li2
PAR: 2
INC: [ 1  3  5  8 10 11 12 16 17 21 22 23 24]
BEST: 13
BETTER: False
START
SOL: [ 1  3  5  8 10 11 12 16 17 21 22 23 24]
OBJ: 13
M: li2
PAR: 2
INC: [ 1  3  5  8 10 11 12 16 17 21 22 23 24]
BEST: 13
END
SOL: [ 1  3  5  8 10 11 12 16 17 21 22 23 24]
OBJ: 13
M: li2
PAR: 2
INC: [ 1  3  5  8 10 11 12 16 17 21 22 23 24]
BEST: 13
BETTER: False
START
SOL: [ 1  3  5  8 10 11 12 16 17 21 22 23 24]
OBJ: 13
M: sh4
PAR: 4
INC: [ 1  3  5  8 10 11 12 16 17 21 22 23 24]
BEST: 13
END
SOL: [ 1  3  5  8 10 11 12 16 17 21 22 23 24]
OBJ: 13
M: sh4
PAR: 4
INC: [ 1  3  5  8 10 11 12 16 17 21 22 23 24]
BEST: 13
BETTER: False
START
SOL: [ 1  3  5  8 10 11 12 16 17 21 22 23 24]
OBJ: 13
M: li2
PAR: 2
INC: [ 1  3  5  8 10 11 12 16 17 21 22 23 24]
BEST: 13
END
SOL: [ 1  3  5  8 10 11 12 16 17 21 22 23 24]
OBJ: 13
M: li2
PAR: 2
INC: [ 1  3  5  8 10 11 12 16 17 21 22 23 24]
BEST: 13
BETTER: False
START
SOL: [ 1  3  5  8 10 11 12 16 17 21 22 23 24]
OBJ: 13
M: sh7
PAR: 7
INC: [ 1  3  5  8 10 11 12 16 17 21 22 23 24]
BEST: 13
END
SOL: [ 1  3  5  9 12 16 17 18 21 22 23 24]
OBJ: 12
M: sh7
PAR: 7
INC: [ 1  3  5  8 10 11 12 16 17 21 22 23 24]
BEST: 13
BETTER: False
START
SOL: [ 1  3  5  9 12 16 17 18 21 22 23 24]
OBJ: 12
M: li2
PAR: 2
INC: [ 1  3  5  8 10 11 12 16 17 21 22 23 24]
BEST: 13
END
SOL: [ 1  3  4  5  9 11 12 16 17 18 21 23 24]
OBJ: 13
M: li2
PAR: 2
INC: [ 1  3  5  8 10 11 12 16 17 21 22 23 24]
BEST: 13
BETTER: False
START
SOL: [ 1  3  4  5  9 11 12 16 17 18 21 23 24]
OBJ: 13
M: li2
PAR: 2
INC: [ 1  3  5  8 10 11 12 16 17 21 22 23 24]
BEST: 13
END
SOL: [ 1  3  4  5  9 11 12 16 17 18 21 23 24]
OBJ: 13
M: li2
PAR: 2
INC: [ 1  3  5  8 10 11 12 16 17 21 22 23 24]
BEST: 13
BETTER: False
START
SOL: [ 1  3  5  8 10 11 12 16 17 21 22 23 24]
OBJ: 13
M: sh4
PAR: 4
INC: [ 1  3  5  8 10 11 12 16 17 21 22 23 24]
BEST: 13
END
SOL: [ 1  3  5  7  9 10 11 12 16 21 23 24]
OBJ: 12
M: sh4
PAR: 4
INC: [ 1  3  5  8 10 11 12 16 17 21 22 23 24]
BEST: 13
BETTER: False
START
SOL: [ 1  3  5  7  9 10 11 12 16 21 23 24]
OBJ: 12
M: li2
PAR: 2
INC: [ 1  3  5  8 10 11 12 16 17 21 22 23 24]
BEST: 13
END
SOL: [ 1  2  3  5  7  9 10 11 12 16 21 23 24]
OBJ: 13
M: li2
PAR: 2
INC: [ 1  3  5  8 10 11 12 16 17 21 22 23 24]
BEST: 13
BETTER: False
START
SOL: [ 1  2  3  5  7  9 10 11 12 16 21 23 24]
OBJ: 13
M: li2
PAR: 2
INC: [ 1  3  5  8 10 11 12 16 17 21 22 23 24]
BEST: 13
END
SOL: [ 1  2  3  5  7  9 10 11 12 16 21 23 24]
OBJ: 13
M: li2
PAR: 2
INC: [ 1  3  5  8 10 11 12 16 17 21 22 23 24]
BEST: 13
BETTER: False
START
SOL: [ 1  3  5  8 10 11 12 16 17 21 22 23 24]
OBJ: 13
M: sh7
PAR: 7
INC: [ 1  3  5  8 10 11 12 16 17 21 22 23 24]
BEST: 13
END
SOL: [ 1  2  3  8 10 11 12 16 22 23 24 29]
OBJ: 12
M: sh7
PAR: 7
INC: [ 1  3  5  8 10 11 12 16 17 21 22 23 24]
BEST: 13
BETTER: False
START
SOL: [ 1  2  3  8 10 11 12 16 22 23 24 29]
OBJ: 12
M: li2
PAR: 2
INC: [ 1  3  5  8 10 11 12 16 17 21 22 23 24]
BEST: 13
END
SOL: [ 1  2  3  5  8 10 11 12 16 21 22 23 24]
OBJ: 13
M: li2
PAR: 2
INC: [ 1  3  5  8 10 11 12 16 17 21 22 23 24]
BEST: 13
BETTER: False
START
SOL: [ 1  2  3  5  8 10 11 12 16 21 22 23 24]
OBJ: 13
M: li2
PAR: 2
INC: [ 1  3  5  8 10 11 12 16 17 21 22 23 24]
BEST: 13
END
SOL: [ 1  2  3  5  8 10 11 12 16 21 22 23 24]
OBJ: 13
M: li2
PAR: 2
INC: [ 1  3  5  8 10 11 12 16 17 21 22 23 24]
BEST: 13
BETTER: False
START
SOL: [ 1  3  5  8 10 11 12 16 17 21 22 23 24]
OBJ: 13
M: sh4
PAR: 4
INC: [ 1  3  5  8 10 11 12 16 17 21 22 23 24]
BEST: 13
END
SOL: [ 1  2  3  5  8 10 11 12 16 21 22 23 24]
OBJ: 13
M: sh4
PAR: 4
INC: [ 1  3  5  8 10 11 12 16 17 21 22 23 24]
BEST: 13
BETTER: False
START
SOL: [ 1  2  3  5  8 10 11 12 16 21 22 23 24]
OBJ: 13
M: li2
PAR: 2
INC: [ 1  3  5  8 10 11 12 16 17 21 22 23 24]
BEST: 13
END
SOL: [ 1  2  3  5  8 10 11 12 16 21 22 23 24]
OBJ: 13
M: li2
PAR: 2
INC: [ 1  3  5  8 10 11 12 16 17 21 22 23 24]
BEST: 13
BETTER: False
START
SOL: [ 1  3  5  8 10 11 12 16 17 21 22 23 24]
OBJ: 13
M: sh7
PAR: 7
INC: [ 1  3  5  8 10 11 12 16 17 21 22 23 24]
BEST: 13
END
SOL: [ 3  5  8 10 11 12 16 17 22 23 24]
OBJ: 11
M: sh7
PAR: 7
INC: [ 1  3  5  8 10 11 12 16 17 21 22 23 24]
BEST: 13
BETTER: False
START
SOL: [ 3  5  8 10 11 12 16 17 22 23 24]
OBJ: 11
M: li2
PAR: 2
INC: [ 1  3  5  8 10 11 12 16 17 21 22 23 24]
BEST: 13
END
SOL: [ 1  3  5  8 10 11 12 16 17 21 22 23 24]
OBJ: 13
M: li2
PAR: 2
INC: [ 1  3  5  8 10 11 12 16 17 21 22 23 24]
BEST: 13
BETTER: False
START
SOL: [ 1  3  5  8 10 11 12 16 17 21 22 23 24]
OBJ: 13
M: li2
PAR: 2
INC: [ 1  3  5  8 10 11 12 16 17 21 22 23 24]
BEST: 13
END
SOL: [ 1  3  5  8 10 11 12 16 17 21 22 23 24]
OBJ: 13
M: li2
PAR: 2
INC: [ 1  3  5  8 10 11 12 16 17 21 22 23 24]
BEST: 13
BETTER: False
START
SOL: [ 1  3  5  8 10 11 12 16 17 21 22 23 24]
OBJ: 13
M: sh4
PAR: 4
INC: [ 1  3  5  8 10 11 12 16 17 21 22 23 24]
BEST: 13
END
SOL: [ 1  3  5  8 10 11 12 16 17 21 22 23 24]
OBJ: 13
M: sh4
PAR: 4
INC: [ 1  3  5  8 10 11 12 16 17 21 22 23 24]
BEST: 13
BETTER: False
START
SOL: [ 1  3  5  8 10 11 12 16 17 21 22 23 24]
OBJ: 13
M: li2
PAR: 2
INC: [ 1  3  5  8 10 11 12 16 17 21 22 23 24]
BEST: 13
END
SOL: [ 1  3  5  8 10 11 12 16 17 21 22 23 24]
OBJ: 13
M: li2
PAR: 2
INC: [ 1  3  5  8 10 11 12 16 17 21 22 23 24]
BEST: 13
BETTER: False
START
SOL: [ 1  3  5  8 10 11 12 16 17 21 22 23 24]
OBJ: 13
M: sh7
PAR: 7
INC: [ 1  3  5  8 10 11 12 16 17 21 22 23 24]
BEST: 13
END
SOL: [ 1  3  5  9 11 12 16 17 18 22 23 24 26]
OBJ: 13
M: sh7
PAR: 7
INC: [ 1  3  5  8 10 11 12 16 17 21 22 23 24]
BEST: 13
BETTER: False
START
SOL: [ 1  3  5  9 11 12 16 17 18 22 23 24 26]
OBJ: 13
M: li2
PAR: 2
INC: [ 1  3  5  8 10 11 12 16 17 21 22 23 24]
BEST: 13
END
SOL: [ 1  3  5  9 11 12 16 17 18 22 23 24 26]
OBJ: 13
M: li2
PAR: 2
INC: [ 1  3  5  8 10 11 12 16 17 21 22 23 24]
BEST: 13
BETTER: False
START
SOL: [ 1  3  5  8 10 11 12 16 17 21 22 23 24]
OBJ: 13
M: sh4
PAR: 4
INC: [ 1  3  5  8 10 11 12 16 17 21 22 23 24]
BEST: 13
END
SOL: [ 1  3  5  9 10 11 12 16 17 21 22 23 24]
OBJ: 13
M: sh4
PAR: 4
INC: [ 1  3  5  8 10 11 12 16 17 21 22 23 24]
BEST: 13
BETTER: False
START
SOL: [ 1  3  5  9 10 11 12 16 17 21 22 23 24]
OBJ: 13
M: li2
PAR: 2
INC: [ 1  3  5  8 10 11 12 16 17 21 22 23 24]
BEST: 13
END
SOL: [ 1  3  5  9 10 11 12 16 17 21 22 23 24]
OBJ: 13
M: li2
PAR: 2
INC: [ 1  3  5  8 10 11 12 16 17 21 22 23 24]
BEST: 13
BETTER: False
START
SOL: [ 1  3  5  8 10 11 12 16 17 21 22 23 24]
OBJ: 13
M: sh7
PAR: 7
INC: [ 1  3  5  8 10 11 12 16 17 21 22 23 24]
BEST: 13
END
SOL: [ 5  8 11 16 17 18 21 22 23 24]
OBJ: 10
M: sh7
PAR: 7
INC: [ 1  3  5  8 10 11 12 16 17 21 22 23 24]
BEST: 13
BETTER: False
START
SOL: [ 5  8 11 16 17 18 21 22 23 24]
OBJ: 10
M: li2
PAR: 2
INC: [ 1  3  5  8 10 11 12 16 17 21 22 23 24]
BEST: 13
END
SOL: [ 3  5  8 11 12 16 17 18 21 22 23 24]
OBJ: 12
M: li2
PAR: 2
INC: [ 1  3  5  8 10 11 12 16 17 21 22 23 24]
BEST: 13
BETTER: False
START
SOL: [ 3  5  8 11 12 16 17 18 21 22 23 24]
OBJ: 12
M: li2
PAR: 2
INC: [ 1  3  5  8 10 11 12 16 17 21 22 23 24]
BEST: 13
END
SOL: [ 1  3  5  8 11 12 16 17 18 21 22 23 24]
OBJ: 13
M: li2
PAR: 2
INC: [ 1  3  5  8 10 11 12 16 17 21 22 23 24]
BEST: 13
BETTER: False
START
SOL: [ 1  3  5  8 11 12 16 17 18 21 22 23 24]
OBJ: 13
M: li2
PAR: 2
INC: [ 1  3  5  8 10 11 12 16 17 21 22 23 24]
BEST: 13
END
SOL: [ 1  3  5  8 11 12 16 17 18 21 22 23 24]
OBJ: 13
M: li2
PAR: 2
INC: [ 1  3  5  8 10 11 12 16 17 21 22 23 24]
BEST: 13
BETTER: False
START
SOL: [ 1  3  5  8 10 11 12 16 17 21 22 23 24]
OBJ: 13
M: sh4
PAR: 4
INC: [ 1  3  5  8 10 11 12 16 17 21 22 23 24]
BEST: 13
END
SOL: [ 3  5  9 10 11 12 16 17 21 22 23 24]
OBJ: 12
M: sh4
PAR: 4
INC: [ 1  3  5  8 10 11 12 16 17 21 22 23 24]
BEST: 13
BETTER: False
START
SOL: [ 3  5  9 10 11 12 16 17 21 22 23 24]
OBJ: 12
M: li2
PAR: 2
INC: [ 1  3  5  8 10 11 12 16 17 21 22 23 24]
BEST: 13
END
SOL: [ 1  3  5  9 10 11 12 16 17 21 22 23 24]
OBJ: 13
M: li2
PAR: 2
INC: [ 1  3  5  8 10 11 12 16 17 21 22 23 24]
BEST: 13
BETTER: False
START
SOL: [ 1  3  5  9 10 11 12 16 17 21 22 23 24]
OBJ: 13
M: li2
PAR: 2
INC: [ 1  3  5  8 10 11 12 16 17 21 22 23 24]
BEST: 13
END
SOL: [ 1  3  5  9 10 11 12 16 17 21 22 23 24]
OBJ: 13
M: li2
PAR: 2
INC: [ 1  3  5  8 10 11 12 16 17 21 22 23 24]
BEST: 13
BETTER: False
START
SOL: [ 1  3  5  8 10 11 12 16 17 21 22 23 24]
OBJ: 13
M: sh7
PAR: 7
INC: [ 1  3  5  8 10 11 12 16 17 21 22 23 24]
BEST: 13
END
SOL: [ 1  3  4  5  8 11 16 17 18 21 23 24]
OBJ: 12
M: sh7
PAR: 7
INC: [ 1  3  5  8 10 11 12 16 17 21 22 23 24]
BEST: 13
BETTER: False
START
SOL: [ 1  3  4  5  8 11 16 17 18 21 23 24]
OBJ: 12
M: li2
PAR: 2
INC: [ 1  3  5  8 10 11 12 16 17 21 22 23 24]
BEST: 13
END
SOL: [ 1  3  4  5  9 11 12 16 17 18 21 23 24]
OBJ: 13
M: li2
PAR: 2
INC: [ 1  3  5  8 10 11 12 16 17 21 22 23 24]
BEST: 13
BETTER: False
START
SOL: [ 1  3  4  5  9 11 12 16 17 18 21 23 24]
OBJ: 13
M: li2
PAR: 2
INC: [ 1  3  5  8 10 11 12 16 17 21 22 23 24]
BEST: 13
END
SOL: [ 1  3  4  5  9 11 12 16 17 18 21 23 24]
OBJ: 13
M: li2
PAR: 2
INC: [ 1  3  5  8 10 11 12 16 17 21 22 23 24]
BEST: 13
BETTER: False
START
SOL: [ 1  3  5  8 10 11 12 16 17 21 22 23 24]
OBJ: 13
M: sh4
PAR: 4
INC: [ 1  3  5  8 10 11 12 16 17 21 22 23 24]
BEST: 13
END
SOL: [ 1  3  5  8 10 11 12 16 17 22 23 24]
OBJ: 12
M: sh4
PAR: 4
INC: [ 1  3  5  8 10 11 12 16 17 21 22 23 24]
BEST: 13
BETTER: False
START
SOL: [ 1  3  5  8 10 11 12 16 17 22 23 24]
OBJ: 12
M: li2
PAR: 2
INC: [ 1  3  5  8 10 11 12 16 17 21 22 23 24]
BEST: 13
END
SOL: [ 1  3  5  8 10 11 12 16 17 21 22 23 24]
OBJ: 13
M: li2
PAR: 2
INC: [ 1  3  5  8 10 11 12 16 17 21 22 23 24]
BEST: 13
BETTER: False
START
SOL: [ 1  3  5  8 10 11 12 16 17 21 22 23 24]
OBJ: 13
M: li2
PAR: 2
INC: [ 1  3  5  8 10 11 12 16 17 21 22 23 24]
BEST: 13
END
SOL: [ 1  3  5  8 10 11 12 16 17 21 22 23 24]
OBJ: 13
M: li2
PAR: 2
INC: [ 1  3  5  8 10 11 12 16 17 21 22 23 24]
BEST: 13
BETTER: False
START
SOL: [ 1  3  5  8 10 11 12 16 17 21 22 23 24]
OBJ: 13
M: sh7
PAR: 7
INC: [ 1  3  5  8 10 11 12 16 17 21 22 23 24]
BEST: 13
END
SOL: [ 0  5  8 10 11 17 21 22 23 24]
OBJ: 10
M: sh7
PAR: 7
INC: [ 1  3  5  8 10 11 12 16 17 21 22 23 24]
BEST: 13
BETTER: False
START
SOL: [ 0  5  8 10 11 17 21 22 23 24]
OBJ: 10
M: li2
PAR: 2
INC: [ 1  3  5  8 10 11 12 16 17 21 22 23 24]
BEST: 13
END
SOL: [ 0  5  8 10 11 16 17 21 22 23 24]
OBJ: 11
M: li2
PAR: 2
INC: [ 1  3  5  8 10 11 12 16 17 21 22 23 24]
BEST: 13
BETTER: False
START
SOL: [ 0  5  8 10 11 16 17 21 22 23 24]
OBJ: 11
M: li2
PAR: 2
INC: [ 1  3  5  8 10 11 12 16 17 21 22 23 24]
BEST: 13
END
SOL: [ 0  5  8 10 11 12 16 17 21 22 23 24]
OBJ: 12
M: li2
PAR: 2
INC: [ 1  3  5  8 10 11 12 16 17 21 22 23 24]
BEST: 13
BETTER: False
START
SOL: [ 0  5  8 10 11 12 16 17 21 22 23 24]
OBJ: 12
M: li2
PAR: 2
INC: [ 1  3  5  8 10 11 12 16 17 21 22 23 24]
BEST: 13
END
SOL: [ 0  5  8 10 11 12 16 17 21 22 23 24]
OBJ: 12
M: li2
PAR: 2
INC: [ 1  3  5  8 10 11 12 16 17 21 22 23 24]
BEST: 13
BETTER: False
START
SOL: [ 1  3  5  8 10 11 12 16 17 21 22 23 24]
OBJ: 13
M: sh4
PAR: 4
INC: [ 1  3  5  8 10 11 12 16 17 21 22 23 24]
BEST: 13
END
SOL: [ 1  3  5  8 10 11 12 16 17 21 22 23 24]
OBJ: 13
M: sh4
PAR: 4
INC: [ 1  3  5  8 10 11 12 16 17 21 22 23 24]
BEST: 13
BETTER: False
START
SOL: [ 1  3  5  8 10 11 12 16 17 21 22 23 24]
OBJ: 13
M: li2
PAR: 2
INC: [ 1  3  5  8 10 11 12 16 17 21 22 23 24]
BEST: 13
END
SOL: [ 1  3  5  8 10 11 12 16 17 21 22 23 24]
OBJ: 13
M: li2
PAR: 2
INC: [ 1  3  5  8 10 11 12 16 17 21 22 23 24]
BEST: 13
BETTER: False
START
SOL: [ 1  3  5  8 10 11 12 16 17 21 22 23 24]
OBJ: 13
M: sh7
PAR: 7
INC: [ 1  3  5  8 10 11 12 16 17 21 22 23 24]
BEST: 13
END
SOL: [ 1  3  5  8 10 11 12 16 17 21 22 23 24]
OBJ: 13
M: sh7
PAR: 7
INC: [ 1  3  5  8 10 11 12 16 17 21 22 23 24]
BEST: 13
BETTER: False
START
SOL: [ 1  3  5  8 10 11 12 16 17 21 22 23 24]
OBJ: 13
M: li2
PAR: 2
INC: [ 1  3  5  8 10 11 12 16 17 21 22 23 24]
BEST: 13
END
SOL: [ 1  3  5  8 10 11 12 16 17 21 22 23 24]
OBJ: 13
M: li2
PAR: 2
INC: [ 1  3  5  8 10 11 12 16 17 21 22 23 24]
BEST: 13
BETTER: False
START
SOL: [ 1  3  5  8 10 11 12 16 17 21 22 23 24]
OBJ: 13
M: sh4
PAR: 4
INC: [ 1  3  5  8 10 11 12 16 17 21 22 23 24]
BEST: 13
END
SOL: [ 1  3  5  8 10 11 12 16 17 21 22 23 24]
OBJ: 13
M: sh4
PAR: 4
INC: [ 1  3  5  8 10 11 12 16 17 21 22 23 24]
BEST: 13
BETTER: False
START
SOL: [ 1  3  5  8 10 11 12 16 17 21 22 23 24]
OBJ: 13
M: li2
PAR: 2
INC: [ 1  3  5  8 10 11 12 16 17 21 22 23 24]
BEST: 13
END
SOL: [ 1  3  5  8 10 11 12 16 17 21 22 23 24]
OBJ: 13
M: li2
PAR: 2
INC: [ 1  3  5  8 10 11 12 16 17 21 22 23 24]
BEST: 13
BETTER: False
START
SOL: [ 1  3  5  8 10 11 12 16 17 21 22 23 24]
OBJ: 13
M: sh7
PAR: 7
INC: [ 1  3  5  8 10 11 12 16 17 21 22 23 24]
BEST: 13
END
SOL: [ 1  3  5  8 12 16 17 18 21 22 23 24]
OBJ: 12
M: sh7
PAR: 7
INC: [ 1  3  5  8 10 11 12 16 17 21 22 23 24]
BEST: 13
BETTER: False
START
SOL: [ 1  3  5  8 12 16 17 18 21 22 23 24]
OBJ: 12
M: li2
PAR: 2
INC: [ 1  3  5  8 10 11 12 16 17 21 22 23 24]
BEST: 13
END
SOL: [ 1  3  5  8 11 12 16 17 18 21 22 23 24]
OBJ: 13
M: li2
PAR: 2
INC: [ 1  3  5  8 10 11 12 16 17 21 22 23 24]
BEST: 13
BETTER: False
START
SOL: [ 1  3  5  8 11 12 16 17 18 21 22 23 24]
OBJ: 13
M: li2
PAR: 2
INC: [ 1  3  5  8 10 11 12 16 17 21 22 23 24]
BEST: 13
END
SOL: [ 1  3  5  8 11 12 16 17 18 21 22 23 24]
OBJ: 13
M: li2
PAR: 2
INC: [ 1  3  5  8 10 11 12 16 17 21 22 23 24]
BEST: 13
BETTER: False
START
SOL: [ 1  3  5  8 10 11 12 16 17 21 22 23 24]
OBJ: 13
M: sh4
PAR: 4
INC: [ 1  3  5  8 10 11 12 16 17 21 22 23 24]
BEST: 13
END
SOL: [ 1  3  5  8 10 11 12 16 17 21 22 23 24]
OBJ: 13
M: sh4
PAR: 4
INC: [ 1  3  5  8 10 11 12 16 17 21 22 23 24]
BEST: 13
BETTER: False
START
SOL: [ 1  3  5  8 10 11 12 16 17 21 22 23 24]
OBJ: 13
M: li2
PAR: 2
INC: [ 1  3  5  8 10 11 12 16 17 21 22 23 24]
BEST: 13
END
SOL: [ 1  3  5  8 10 11 12 16 17 21 22 23 24]
OBJ: 13
M: li2
PAR: 2
INC: [ 1  3  5  8 10 11 12 16 17 21 22 23 24]
BEST: 13
BETTER: False
START
SOL: [ 1  3  5  8 10 11 12 16 17 21 22 23 24]
OBJ: 13
M: sh7
PAR: 7
INC: [ 1  3  5  8 10 11 12 16 17 21 22 23 24]
BEST: 13
END
SOL: [ 1  3  5  9 11 12 16 17 18 21 22 23 24]
OBJ: 13
M: sh7
PAR: 7
INC: [ 1  3  5  8 10 11 12 16 17 21 22 23 24]
BEST: 13
BETTER: False
START
SOL: [ 1  3  5  9 11 12 16 17 18 21 22 23 24]
OBJ: 13
M: li2
PAR: 2
INC: [ 1  3  5  8 10 11 12 16 17 21 22 23 24]
BEST: 13
END
SOL: [ 1  3  5  9 11 12 16 17 18 21 22 23 24]
OBJ: 13
M: li2
PAR: 2
INC: [ 1  3  5  8 10 11 12 16 17 21 22 23 24]
BEST: 13
BETTER: False
