I  iteration             best          obj_old          obj_new         time method               info
I          0          0.00000              nan          0.00000       0.0000 -                    
I          1         33.00000         0.000000         33.00000       0.2969 ch1                  
I          2         33.00000        33.000000         33.00000       0.3594 li2                  
I          3         33.00000        33.000000         32.00000       0.3594 sh4                  
I          4         33.00000        32.000000         33.00000       0.3594 li2                  
I          5         33.00000        33.000000         33.00000       0.4219 li2                  
I          6         33.00000        33.000000         33.00000       0.4219 sh4                  
I          7         33.00000        33.000000         33.00000       0.4844 li2                  
I          8         33.00000        33.000000         31.00000       0.4844 sh4                  
I          9         33.00000        31.000000         32.00000       0.4844 li2                  
I         10         33.00000        32.000000         32.00000       0.5469 li2                  
I         11         33.00000        33.000000         33.00000       0.5469 sh4                  
I         12         33.00000        33.000000         33.00000       0.6094 li2                  
I         13         33.00000        33.000000         32.00000       0.6094 sh4                  
I         14         33.00000        32.000000         33.00000       0.6250 li2                  
I         15         33.00000        33.000000         33.00000       0.6719 li2                  
I         16         33.00000        33.000000         32.00000       0.6719 sh4                  
I         17         33.00000        32.000000         33.00000       0.6875 li2                  
I         18         33.00000        33.000000         33.00000       0.7344 li2                  
I         19         33.00000        33.000000         32.00000       0.7344 sh4                  
I         20         33.00000        32.000000         33.00000       0.7500 li2                  
I         21         33.00000        33.000000         33.00000       0.7969 li2                  
I         22         33.00000        33.000000         33.00000       0.7969 sh4                  
I         23         33.00000        33.000000         33.00000       0.8750 li2                  
I         24         33.00000        33.000000         33.00000       0.8750 sh4                  
I         25         33.00000        33.000000         33.00000       0.9531 li2                  
I         26         33.00000        33.000000         33.00000       0.9531 sh4                  
I         27         33.00000        33.000000         33.00000       1.0469 li2                  
I         28         33.00000        33.000000         32.00000       1.0469 sh4                  
I         29         33.00000        32.000000         33.00000       1.0469 li2                  
I         30         33.00000        33.000000         33.00000       1.1094 li2                  
I         31         33.00000        33.000000         33.00000       1.1094 sh4                  
I         32         33.00000        33.000000         33.00000       1.1875 li2                  
I         33         33.00000        33.000000         32.00000       1.1875 sh4                  
I         34         33.00000        32.000000         33.00000       1.1875 li2                  
I         35         33.00000        33.000000         33.00000       1.2500 li2                  
I         36         33.00000        33.000000         33.00000       1.2500 sh4                  
I         37         33.00000        33.000000         33.00000       1.3125 li2                  
I         38         33.00000        33.000000         33.00000       1.3125 sh4                  
I         39         33.00000        33.000000         33.00000       1.3750 li2                  
I         40         33.00000        33.000000         33.00000       1.3750 sh4                  
I         41         33.00000        33.000000         33.00000       1.4375 li2                  
I         42         33.00000        33.000000         32.00000       1.4375 sh4                  
I         43         33.00000        32.000000         33.00000       1.4375 li2                  
I         44         33.00000        33.000000         33.00000       1.5000 li2                  
I         45         33.00000        33.000000         32.00000       1.5000 sh4                  
I         46         33.00000        32.000000         33.00000       1.5156 li2                  
I         47         34.00000        33.000000         34.00000       1.5469 li2                  
I         48         34.00000        34.000000         34.00000       1.6094 li2                  
I         49         34.00000        34.000000         33.00000       1.6094 sh4                  
I         50         34.00000        33.000000         34.00000       1.6094 li2                  
I         51         34.00000        34.000000         34.00000       1.6562 li2                  
I         52         34.00000        34.000000         33.00000       1.6562 sh4                  
I         53         34.00000        33.000000         34.00000       1.6562 li2                  
I         54         34.00000        34.000000         34.00000       1.7188 li2                  
I         55         34.00000        34.000000         33.00000       1.7188 sh4                  
I         56         34.00000        33.000000         34.00000       1.7812 li2                  
I         57         34.00000        34.000000         34.00000       1.8438 li2                  
I         58         34.00000        34.000000         34.00000       1.8438 sh4                  
I         59         34.00000        34.000000         34.00000       1.9219 li2                  
I         60         34.00000        34.000000         33.00000       1.9219 sh4                  
I         61         34.00000        33.000000         34.00000       1.9219 li2                  
I         62         34.00000        34.000000         34.00000       2.0000 li2                  
I         63         34.00000        34.000000         33.00000       2.0000 sh4                  
I         64         34.00000        33.000000         34.00000       2.0000 li2                  
I         65         34.00000        34.000000         34.00000       2.0625 li2                  
I         66         34.00000        34.000000         34.00000       2.0625 sh4                  
I         67         34.00000        34.000000         34.00000       2.1250 li2                  
I         68         34.00000        34.000000         34.00000       2.1250 sh4                  
I         69         34.00000        34.000000         34.00000       2.2031 li2                  
I         70         34.00000        34.000000         34.00000       2.2031 sh4                  
I         71         34.00000        34.000000         34.00000       2.2656 li2                  
I         72         34.00000        34.000000         32.00000       2.2656 sh4                  
I         73         34.00000        32.000000         33.00000       2.2656 li2                  
I         74         34.00000        33.000000         34.00000       2.2969 li2                  
I         75         34.00000        34.000000         34.00000       2.3750 li2                  
I         76         34.00000        34.000000         34.00000       2.3750 sh4                  
I         77         34.00000        34.000000         34.00000       2.4531 li2                  
I         78         34.00000        34.000000         33.00000       2.4531 sh4                  
I         79         34.00000        33.000000         34.00000       2.4688 li2                  
I         80         34.00000        34.000000         34.00000       2.5469 li2                  
I         81         34.00000        34.000000         34.00000       2.5469 sh4                  
I         82         34.00000        34.000000         34.00000       2.6250 li2                  
I         83         34.00000        34.000000         34.00000       2.6250 sh4                  
I         84         34.00000        34.000000         34.00000       2.6875 li2                  
I         85         34.00000        34.000000         33.00000       2.6875 sh4                  
I         86         34.00000        33.000000         34.00000       2.6875 li2                  
I         87         34.00000        34.000000         34.00000       2.7500 li2                  
I         88         34.00000        34.000000         34.00000       2.7500 sh4                  
I         89         34.00000        34.000000         34.00000       2.8125 li2                  
I         90         34.00000        34.000000         34.00000       2.8125 sh4                  
I         91         34.00000        34.000000         34.00000       2.8906 li2                  
I         92         34.00000        34.000000         34.00000       2.8906 sh4                  
I         93         34.00000        34.000000         34.00000       2.9375 li2                  
I         94         34.00000        34.000000         34.00000       2.9375 sh4                  
I         95         34.00000        34.000000         34.00000       3.0000 li2                  
I         96         34.00000        34.000000         34.00000       3.0000 sh4                  
I         97         34.00000        34.000000         34.00000       3.0625 li2                  
I         98         34.00000        34.000000         34.00000       3.0625 sh4                  
I         99         34.00000        34.000000         34.00000       3.1250 li2                  
I        100         34.00000        34.000000         33.00000       3.1250 sh4                  
