Method statistics:
S  method    iter   succ succ-rate%    tot-obj-gain    avg-obj-gain rel-succ%  net-time  net-time%  brut-time  brut-time%
S     li1      93     86    92.4731       150.00000         1.61290   96.6292    0.6875    12.3944     0.6875     12.3944
S   rgc10       7      3    42.8571        62.00000         8.85714    3.3708    4.8438    87.3239     5.3594     96.6197
S SUM/AVG     100     89    89.0000       212.00000         2.12000   50.0000    5.5312    99.7183     6.0469    109.0141

T best solution: [ True False  True  True False False False False  True False False False
  True False  True False  True False False  True False  True False False
  True  True False False  True  True False False False False  True  True
 False False  True  True False  True  True  True False  True  True False
 False False False False  True False  True  True  True False  True False
 False  True  True False False False False  True False  True]
T best obj: 765
T best iteration: 97
T total iterations: 100
T best time [s]: 4.797
T total time [s]: 5.5469

Method statistics:
S  method    iter   succ succ-rate%    tot-obj-gain    avg-obj-gain rel-succ%  net-time  net-time%  brut-time  brut-time%
S     li1      93     86    92.4731       153.00000         1.64516   96.6292    0.7031    13.1965     0.7031     13.1965
S   rgc10       7      3    42.8571        63.00000         9.00000    3.3708    4.6250    86.8035     5.2188     97.9472
S SUM/AVG     100     89    89.0000       216.00000         2.16000   50.0000    5.3281   100.0000     5.9219    111.1437

T best solution: [ True False  True  True False False  True False  True False False False
  True False  True  True  True  True  True  True False  True False  True
  True  True  True False  True  True False  True False  True  True  True
 False  True False  True False  True  True  True False False  True  True
 False  True False False  True False  True  True  True  True  True False
 False False  True False  True  True  True False False  True]
T best obj: 766
T best iteration: 74
T total iterations: 100
T best time [s]: 3.125
T total time [s]: 5.3281

