I: cnf_7_50.cnf
O: CH ('greedy', 0)
O: LI ('k-flip neighborhood search', 1)
O: SH ('k random flip', 3)
O: SH ('k random flip', 5)
MAXSAT
GVNS
START
SOL: [False False False False False False False]
OBJ: 37
M: ch1
PAR: 1
INC: [False False False False False False False]
BEST: 37
SOL: [-1 -1 -1 -1 -1 -1 -1]
CL: {1: 7, -1: 14, 2: 5, -2: 5, 3: 12, -3: 8, 4: 9, -4: 7, 5: 15, -5: 9, 6: 14, -6: 12, 7: 10, -7: 9}
PAR: 1
RCL: [ 5 ]
SEL: 5
SOL: [-1 -1 -1 -1  1 -1 -1]
CL: {1: 7, -1: 7, 2: 3, -2: 5, 3: 9, -3: 5, 4: 7, -4: 5, 6: 13, -6: 8, 7: 5, -7: 5}
PAR: 1
RCL: [ 6 ]
SEL: 6
SOL: [-1 -1 -1 -1  1  1 -1]
CL: {1: 5, -1: 3, 2: 1, -2: 2, 3: 7, -3: 5, 4: 4, -4: 4, 7: 4, -7: 5}
PAR: 1
RCL: [ 3 ]
SEL: 3
SOL: [-1 -1  1 -1  1  1 -1]
CL: {1: 4, -1: 2, 2: 1, -2: 1, 4: 4, -4: 2, 7: 4, -7: 3}
PAR: 1
RCL: [ 1 ]
SEL: 1
SOL: [ 1 -1  1 -1  1  1 -1]
CL: {2: 1, -2: 1, 4: 2, -4: 1, 7: 3, -7: 3}
PAR: 1
RCL: [ 7 ]
SEL: 7
SOL: [ 1 -1  1 -1  1  1  1]
CL: {2: 1, -2: 1, 4: 2, -4: 0}
PAR: 1
RCL: [ 4 ]
SEL: 4
SOL: [ 1 -1  1  1  1  1  1]
CL: {2: 1, -2: 1}
PAR: 1
RCL: [ 2 ]
SEL: 2
END
SOL: [ True  True  True  True  True  True  True]
OBJ: 45
M: ch1
PAR: 1
INC: [ True  True  True  True  True  True  True]
BEST: 45
BETTER: True
START
SOL: [ True  True  True  True  True  True  True]
OBJ: 45
M: li1
PAR: 1
INC: [ True  True  True  True  True  True  True]
BEST: 45
END
SOL: [ True  True  True  True  True  True  True]
OBJ: 45
M: li1
PAR: 1
INC: [ True  True  True  True  True  True  True]
BEST: 45
BETTER: False
START
SOL: [ True  True  True  True  True  True  True]
OBJ: 45
M: sh3
PAR: 3
INC: [ True  True  True  True  True  True  True]
BEST: 45
END
SOL: [ True  True False  True  True False False]
OBJ: 37
M: sh3
PAR: 3
INC: [ True  True  True  True  True  True  True]
BEST: 45
BETTER: False
START
SOL: [ True  True False  True  True False False]
OBJ: 37
M: li1
PAR: 1
INC: [ True  True  True  True  True  True  True]
BEST: 45
END
SOL: [ True False False  True  True False False]
OBJ: 38
M: li1
PAR: 1
INC: [ True  True  True  True  True  True  True]
BEST: 45
BETTER: False
START
SOL: [ True False False  True  True False False]
OBJ: 38
M: li1
PAR: 1
INC: [ True  True  True  True  True  True  True]
BEST: 45
END
SOL: [False False False  True  True False False]
OBJ: 40
M: li1
PAR: 1
INC: [ True  True  True  True  True  True  True]
BEST: 45
BETTER: False
START
SOL: [False False False  True  True False False]
OBJ: 40
M: li1
PAR: 1
INC: [ True  True  True  True  True  True  True]
BEST: 45
END
SOL: [False False  True  True  True False False]
OBJ: 42
M: li1
PAR: 1
INC: [ True  True  True  True  True  True  True]
BEST: 45
BETTER: False
START
SOL: [False False  True  True  True False False]
OBJ: 42
M: li1
PAR: 1
INC: [ True  True  True  True  True  True  True]
BEST: 45
END
SOL: [False False  True  True  True  True False]
OBJ: 43
M: li1
PAR: 1
INC: [ True  True  True  True  True  True  True]
BEST: 45
BETTER: False
START
SOL: [False False  True  True  True  True False]
OBJ: 43
M: li1
PAR: 1
INC: [ True  True  True  True  True  True  True]
BEST: 45
END
SOL: [False False  True  True  True  True  True]
OBJ: 44
M: li1
PAR: 1
INC: [ True  True  True  True  True  True  True]
BEST: 45
BETTER: False
START
SOL: [False False  True  True  True  True  True]
OBJ: 44
M: li1
PAR: 1
INC: [ True  True  True  True  True  True  True]
BEST: 45
END
SOL: [False False  True  True  True False  True]
OBJ: 45
M: li1
PAR: 1
INC: [ True  True  True  True  True  True  True]
BEST: 45
BETTER: False
START
SOL: [False False  True  True  True False  True]
OBJ: 45
M: li1
PAR: 1
INC: [ True  True  True  True  True  True  True]
BEST: 45
END
SOL: [False  True  True  True  True False  True]
OBJ: 46
M: li1
PAR: 1
INC: [False  True  True  True  True False  True]
BEST: 46
BETTER: True
START
SOL: [False  True  True  True  True False  True]
OBJ: 46
M: li1
PAR: 1
INC: [False  True  True  True  True False  True]
BEST: 46
END
SOL: [False  True  True  True  True False  True]
OBJ: 46
M: li1
PAR: 1
INC: [False  True  True  True  True False  True]
BEST: 46
BETTER: False
END_ITER
START
SOL: [False  True  True  True  True False  True]
OBJ: 46
M: sh3
PAR: 3
INC: [False  True  True  True  True False  True]
BEST: 46
END
SOL: [False  True  True  True False False  True]
OBJ: 46
M: sh3
PAR: 3
INC: [False  True  True  True  True False  True]
BEST: 46
BETTER: False
START
SOL: [False  True  True  True False False  True]
OBJ: 46
M: li1
PAR: 1
INC: [False  True  True  True  True False  True]
BEST: 46
END
SOL: [False  True  True  True False False  True]
OBJ: 46
M: li1
PAR: 1
INC: [False  True  True  True  True False  True]
BEST: 46
BETTER: False
END_ITER
START
SOL: [False  True  True  True  True False  True]
OBJ: 46
M: sh5
PAR: 5
INC: [False  True  True  True  True False  True]
BEST: 46
END
SOL: [False  True False  True False  True  True]
OBJ: 40
M: sh5
PAR: 5
INC: [False  True  True  True  True False  True]
BEST: 46
BETTER: False
START
SOL: [False  True False  True False  True  True]
OBJ: 40
M: li1
PAR: 1
INC: [False  True  True  True  True False  True]
BEST: 46
END
SOL: [False  True  True  True False  True  True]
OBJ: 44
M: li1
PAR: 1
INC: [False  True  True  True  True False  True]
BEST: 46
BETTER: False
START
SOL: [False  True  True  True False  True  True]
OBJ: 44
M: li1
PAR: 1
INC: [False  True  True  True  True False  True]
BEST: 46
END
SOL: [False  True  True  True False False  True]
OBJ: 46
M: li1
PAR: 1
INC: [False  True  True  True  True False  True]
BEST: 46
BETTER: False
START
SOL: [False  True  True  True False False  True]
OBJ: 46
M: li1
PAR: 1
INC: [False  True  True  True  True False  True]
BEST: 46
END
SOL: [False  True  True  True False False  True]
OBJ: 46
M: li1
PAR: 1
INC: [False  True  True  True  True False  True]
BEST: 46
BETTER: False
END_ITER
START
SOL: [False  True  True  True  True False  True]
OBJ: 46
M: sh3
PAR: 3
INC: [False  True  True  True  True False  True]
BEST: 46
END
SOL: [False False False  True False False  True]
OBJ: 42
M: sh3
PAR: 3
INC: [False  True  True  True  True False  True]
BEST: 46
BETTER: False
START
SOL: [False False False  True False False  True]
OBJ: 42
M: li1
PAR: 1
INC: [False  True  True  True  True False  True]
BEST: 46
END
SOL: [False  True False  True False False  True]
OBJ: 43
M: li1
PAR: 1
INC: [False  True  True  True  True False  True]
BEST: 46
BETTER: False
START
SOL: [False  True False  True False False  True]
OBJ: 43
M: li1
PAR: 1
INC: [False  True  True  True  True False  True]
BEST: 46
END
SOL: [False  True  True  True False False  True]
OBJ: 46
M: li1
PAR: 1
INC: [False  True  True  True  True False  True]
BEST: 46
BETTER: False
START
SOL: [False  True  True  True False False  True]
OBJ: 46
M: li1
PAR: 1
INC: [False  True  True  True  True False  True]
BEST: 46
END
SOL: [False  True  True  True False False  True]
OBJ: 46
M: li1
PAR: 1
INC: [False  True  True  True  True False  True]
BEST: 46
BETTER: False
END_ITER
START
SOL: [False  True  True  True  True False  True]
OBJ: 46
M: sh5
PAR: 5
INC: [False  True  True  True  True False  True]
BEST: 46
END
SOL: [False  True  True False False  True  True]
OBJ: 41
M: sh5
PAR: 5
INC: [False  True  True  True  True False  True]
BEST: 46
BETTER: False
START
SOL: [False  True  True False False  True  True]
OBJ: 41
M: li1
PAR: 1
INC: [False  True  True  True  True False  True]
BEST: 46
END
SOL: [False  True  True  True False  True  True]
OBJ: 44
M: li1
PAR: 1
INC: [False  True  True  True  True False  True]
BEST: 46
BETTER: False
START
SOL: [False  True  True  True False  True  True]
OBJ: 44
M: li1
PAR: 1
INC: [False  True  True  True  True False  True]
BEST: 46
END
SOL: [False  True  True  True  True  True  True]
OBJ: 45
M: li1
PAR: 1
INC: [False  True  True  True  True False  True]
BEST: 46
BETTER: False
START
SOL: [False  True  True  True  True  True  True]
OBJ: 45
M: li1
PAR: 1
INC: [False  True  True  True  True False  True]
BEST: 46
END
SOL: [False  True  True  True  True False  True]
OBJ: 46
M: li1
PAR: 1
INC: [False  True  True  True  True False  True]
BEST: 46
BETTER: False
START
SOL: [False  True  True  True  True False  True]
OBJ: 46
M: li1
PAR: 1
INC: [False  True  True  True  True False  True]
BEST: 46
END
SOL: [False  True  True  True  True False  True]
OBJ: 46
M: li1
PAR: 1
INC: [False  True  True  True  True False  True]
BEST: 46
BETTER: False
END_ITER
START
SOL: [False  True  True  True  True False  True]
OBJ: 46
M: sh3
PAR: 3
INC: [False  True  True  True  True False  True]
BEST: 46
END
SOL: [False  True  True False  True False  True]
OBJ: 41
M: sh3
PAR: 3
INC: [False  True  True  True  True False  True]
BEST: 46
BETTER: False
START
SOL: [False  True  True False  True False  True]
OBJ: 41
M: li1
PAR: 1
INC: [False  True  True  True  True False  True]
BEST: 46
END
SOL: [False  True  True False  True  True  True]
OBJ: 42
M: li1
PAR: 1
INC: [False  True  True  True  True False  True]
BEST: 46
BETTER: False
START
SOL: [False  True  True False  True  True  True]
OBJ: 42
M: li1
PAR: 1
INC: [False  True  True  True  True False  True]
BEST: 46
END
SOL: [False  True  True  True  True  True  True]
OBJ: 45
M: li1
PAR: 1
INC: [False  True  True  True  True False  True]
BEST: 46
BETTER: False
START
SOL: [False  True  True  True  True  True  True]
OBJ: 45
M: li1
PAR: 1
INC: [False  True  True  True  True False  True]
BEST: 46
END
SOL: [False  True  True  True  True False  True]
OBJ: 46
M: li1
PAR: 1
INC: [False  True  True  True  True False  True]
BEST: 46
BETTER: False
START
SOL: [False  True  True  True  True False  True]
OBJ: 46
M: li1
PAR: 1
INC: [False  True  True  True  True False  True]
BEST: 46
END
SOL: [False  True  True  True  True False  True]
OBJ: 46
M: li1
PAR: 1
INC: [False  True  True  True  True False  True]
BEST: 46
BETTER: False
END_ITER
START
SOL: [False  True  True  True  True False  True]
OBJ: 46
M: sh5
PAR: 5
INC: [False  True  True  True  True False  True]
BEST: 46
END
SOL: [False  True False  True False False False]
OBJ: 41
M: sh5
PAR: 5
INC: [False  True  True  True  True False  True]
BEST: 46
BETTER: False
START
SOL: [False  True False  True False False False]
OBJ: 41
M: li1
PAR: 1
INC: [False  True  True  True  True False  True]
BEST: 46
END
SOL: [False  True  True  True False False False]
OBJ: 43
M: li1
PAR: 1
INC: [False  True  True  True  True False  True]
BEST: 46
BETTER: False
START
SOL: [False  True  True  True False False False]
OBJ: 43
M: li1
PAR: 1
INC: [False  True  True  True  True False  True]
BEST: 46
END
SOL: [False  True  True  True False False  True]
OBJ: 46
M: li1
PAR: 1
INC: [False  True  True  True  True False  True]
BEST: 46
BETTER: False
START
SOL: [False  True  True  True False False  True]
OBJ: 46
M: li1
PAR: 1
INC: [False  True  True  True  True False  True]
BEST: 46
END
SOL: [False  True  True  True False False  True]
OBJ: 46
M: li1
PAR: 1
INC: [False  True  True  True  True False  True]
BEST: 46
BETTER: False
END_ITER
START
SOL: [False  True  True  True  True False  True]
OBJ: 46
M: sh3
PAR: 3
INC: [False  True  True  True  True False  True]
BEST: 46
END
SOL: [False  True False  True False  True  True]
OBJ: 40
M: sh3
PAR: 3
INC: [False  True  True  True  True False  True]
BEST: 46
BETTER: False
START
SOL: [False  True False  True False  True  True]
OBJ: 40
M: li1
PAR: 1
INC: [False  True  True  True  True False  True]
BEST: 46
END
SOL: [False  True False  True False  True False]
OBJ: 41
M: li1
PAR: 1
INC: [False  True  True  True  True False  True]
BEST: 46
BETTER: False
START
SOL: [False  True False  True False  True False]
OBJ: 41
M: li1
PAR: 1
INC: [False  True  True  True  True False  True]
BEST: 46
END
SOL: [False  True False  True  True  True False]
OBJ: 42
M: li1
PAR: 1
INC: [False  True  True  True  True False  True]
BEST: 46
BETTER: False
START
SOL: [False  True False  True  True  True False]
OBJ: 42
M: li1
PAR: 1
INC: [False  True  True  True  True False  True]
BEST: 46
END
SOL: [False  True  True  True  True  True False]
OBJ: 44
M: li1
PAR: 1
INC: [False  True  True  True  True False  True]
BEST: 46
BETTER: False
START
SOL: [False  True  True  True  True  True False]
OBJ: 44
M: li1
PAR: 1
INC: [False  True  True  True  True False  True]
BEST: 46
END
SOL: [False  True  True  True  True  True  True]
OBJ: 45
M: li1
PAR: 1
INC: [False  True  True  True  True False  True]
BEST: 46
BETTER: False
START
SOL: [False  True  True  True  True  True  True]
OBJ: 45
M: li1
PAR: 1
INC: [False  True  True  True  True False  True]
BEST: 46
END
SOL: [False  True  True  True  True False  True]
OBJ: 46
M: li1
PAR: 1
INC: [False  True  True  True  True False  True]
BEST: 46
BETTER: False
START
SOL: [False  True  True  True  True False  True]
OBJ: 46
M: li1
PAR: 1
INC: [False  True  True  True  True False  True]
BEST: 46
END
SOL: [False  True  True  True  True False  True]
OBJ: 46
M: li1
PAR: 1
INC: [False  True  True  True  True False  True]
BEST: 46
BETTER: False
END_ITER
START
SOL: [False  True  True  True  True False  True]
OBJ: 46
M: sh5
PAR: 5
INC: [False  True  True  True  True False  True]
BEST: 46
END
SOL: [False  True  True False False False False]
OBJ: 39
M: sh5
PAR: 5
INC: [False  True  True  True  True False  True]
BEST: 46
BETTER: False
START
SOL: [False  True  True False False False False]
OBJ: 39
M: li1
PAR: 1
INC: [False  True  True  True  True False  True]
BEST: 46
END
SOL: [False  True  True False False  True False]
OBJ: 41
M: li1
PAR: 1
INC: [False  True  True  True  True False  True]
BEST: 46
BETTER: False
START
SOL: [False  True  True False False  True False]
OBJ: 41
M: li1
PAR: 1
INC: [False  True  True  True  True False  True]
BEST: 46
END
SOL: [False  True  True False  True  True False]
OBJ: 42
M: li1
PAR: 1
INC: [False  True  True  True  True False  True]
BEST: 46
BETTER: False
START
SOL: [False  True  True False  True  True False]
OBJ: 42
M: li1
PAR: 1
INC: [False  True  True  True  True False  True]
BEST: 46
END
SOL: [ True  True  True False  True  True False]
OBJ: 44
M: li1
PAR: 1
INC: [False  True  True  True  True False  True]
BEST: 46
BETTER: False
START
SOL: [ True  True  True False  True  True False]
OBJ: 44
M: li1
PAR: 1
INC: [False  True  True  True  True False  True]
BEST: 46
END
SOL: [ True  True  True False  True  True False]
OBJ: 44
M: li1
PAR: 1
INC: [False  True  True  True  True False  True]
BEST: 46
BETTER: False
END_ITER
START
SOL: [False  True  True  True  True False  True]
OBJ: 46
M: sh3
PAR: 3
INC: [False  True  True  True  True False  True]
BEST: 46
END
SOL: [False  True  True  True  True  True  True]
OBJ: 45
M: sh3
PAR: 3
INC: [False  True  True  True  True False  True]
BEST: 46
BETTER: False
START
SOL: [False  True  True  True  True  True  True]
OBJ: 45
M: li1
PAR: 1
INC: [False  True  True  True  True False  True]
BEST: 46
END
SOL: [False  True  True  True  True False  True]
OBJ: 46
M: li1
PAR: 1
INC: [False  True  True  True  True False  True]
BEST: 46
BETTER: False
START
SOL: [False  True  True  True  True False  True]
OBJ: 46
M: li1
PAR: 1
INC: [False  True  True  True  True False  True]
BEST: 46
END
SOL: [False  True  True  True  True False  True]
OBJ: 46
M: li1
PAR: 1
INC: [False  True  True  True  True False  True]
BEST: 46
BETTER: False
END_ITER
START
SOL: [False  True  True  True  True False  True]
OBJ: 46
M: sh5
PAR: 5
INC: [False  True  True  True  True False  True]
BEST: 46
END
SOL: [ True  True  True  True  True  True False]
OBJ: 44
M: sh5
PAR: 5
INC: [False  True  True  True  True False  True]
BEST: 46
BETTER: False
START
SOL: [ True  True  True  True  True  True False]
OBJ: 44
M: li1
PAR: 1
INC: [False  True  True  True  True False  True]
BEST: 46
END
SOL: [ True  True  True  True  True  True  True]
OBJ: 45
M: li1
PAR: 1
INC: [False  True  True  True  True False  True]
BEST: 46
BETTER: False
START
SOL: [ True  True  True  True  True  True  True]
OBJ: 45
M: li1
PAR: 1
INC: [False  True  True  True  True False  True]
BEST: 46
END
SOL: [ True  True  True  True  True  True  True]
OBJ: 45
M: li1
PAR: 1
INC: [False  True  True  True  True False  True]
BEST: 46
BETTER: False
END_ITER
START
SOL: [False  True  True  True  True False  True]
OBJ: 46
M: sh3
PAR: 3
INC: [False  True  True  True  True False  True]
BEST: 46
END
SOL: [ True  True False False  True False  True]
OBJ: 38
M: sh3
PAR: 3
INC: [False  True  True  True  True False  True]
BEST: 46
BETTER: False
START
SOL: [ True  True False False  True False  True]
OBJ: 38
M: li1
PAR: 1
INC: [False  True  True  True  True False  True]
BEST: 46
END
SOL: [ True False False False  True False  True]
OBJ: 39
M: li1
PAR: 1
INC: [False  True  True  True  True False  True]
BEST: 46
BETTER: False
START
SOL: [ True False False False  True False  True]
OBJ: 39
M: li1
PAR: 1
INC: [False  True  True  True  True False  True]
BEST: 46
END
SOL: [ True False  True False  True False  True]
OBJ: 41
M: li1
PAR: 1
INC: [False  True  True  True  True False  True]
BEST: 46
BETTER: False
START
SOL: [ True False  True False  True False  True]
OBJ: 41
M: li1
PAR: 1
INC: [False  True  True  True  True False  True]
BEST: 46
END
SOL: [ True False  True False  True  True  True]
OBJ: 43
M: li1
PAR: 1
INC: [False  True  True  True  True False  True]
BEST: 46
BETTER: False
START
SOL: [ True False  True False  True  True  True]
OBJ: 43
M: li1
PAR: 1
INC: [False  True  True  True  True False  True]
BEST: 46
END
SOL: [ True False  True  True  True  True  True]
OBJ: 45
M: li1
PAR: 1
INC: [False  True  True  True  True False  True]
BEST: 46
BETTER: False
START
SOL: [ True False  True  True  True  True  True]
OBJ: 45
M: li1
PAR: 1
INC: [False  True  True  True  True False  True]
BEST: 46
END
SOL: [ True False  True  True  True  True  True]
OBJ: 45
M: li1
PAR: 1
INC: [False  True  True  True  True False  True]
BEST: 46
BETTER: False
END_ITER
START
SOL: [False  True  True  True  True False  True]
OBJ: 46
M: sh5
PAR: 5
INC: [False  True  True  True  True False  True]
BEST: 46
END
SOL: [False  True  True False False False False]
OBJ: 39
M: sh5
PAR: 5
INC: [False  True  True  True  True False  True]
BEST: 46
BETTER: False
START
SOL: [False  True  True False False False False]
OBJ: 39
M: li1
PAR: 1
INC: [False  True  True  True  True False  True]
BEST: 46
END
SOL: [False  True  True False False  True False]
OBJ: 41
M: li1
PAR: 1
INC: [False  True  True  True  True False  True]
BEST: 46
BETTER: False
START
SOL: [False  True  True False False  True False]
OBJ: 41
M: li1
PAR: 1
INC: [False  True  True  True  True False  True]
BEST: 46
END
SOL: [False  True  True  True False  True False]
OBJ: 43
M: li1
PAR: 1
INC: [False  True  True  True  True False  True]
BEST: 46
BETTER: False
START
SOL: [False  True  True  True False  True False]
OBJ: 43
M: li1
PAR: 1
INC: [False  True  True  True  True False  True]
BEST: 46
END
SOL: [False  True  True  True  True  True False]
OBJ: 44
M: li1
PAR: 1
INC: [False  True  True  True  True False  True]
BEST: 46
BETTER: False
START
SOL: [False  True  True  True  True  True False]
OBJ: 44
M: li1
PAR: 1
INC: [False  True  True  True  True False  True]
BEST: 46
END
SOL: [False  True  True  True  True  True  True]
OBJ: 45
M: li1
PAR: 1
INC: [False  True  True  True  True False  True]
BEST: 46
BETTER: False
START
SOL: [False  True  True  True  True  True  True]
OBJ: 45
M: li1
PAR: 1
INC: [False  True  True  True  True False  True]
BEST: 46
END
SOL: [False  True  True  True  True False  True]
OBJ: 46
M: li1
PAR: 1
INC: [False  True  True  True  True False  True]
BEST: 46
BETTER: False
START
SOL: [False  True  True  True  True False  True]
OBJ: 46
M: li1
PAR: 1
INC: [False  True  True  True  True False  True]
BEST: 46
END
SOL: [False  True  True  True  True False  True]
OBJ: 46
M: li1
PAR: 1
INC: [False  True  True  True  True False  True]
BEST: 46
BETTER: False
END_ITER
START
SOL: [False  True  True  True  True False  True]
OBJ: 46
M: sh3
PAR: 3
INC: [False  True  True  True  True False  True]
BEST: 46
END
SOL: [ True  True False  True  True  True  True]
OBJ: 39
M: sh3
PAR: 3
INC: [False  True  True  True  True False  True]
BEST: 46
BETTER: False
START
SOL: [ True  True False  True  True  True  True]
OBJ: 39
M: li1
PAR: 1
INC: [False  True  True  True  True False  True]
BEST: 46
END
SOL: [ True  True  True  True  True  True  True]
OBJ: 45
M: li1
PAR: 1
INC: [False  True  True  True  True False  True]
BEST: 46
BETTER: False
START
SOL: [ True  True  True  True  True  True  True]
OBJ: 45
M: li1
PAR: 1
INC: [False  True  True  True  True False  True]
BEST: 46
END
SOL: [ True  True  True  True  True  True  True]
OBJ: 45
M: li1
PAR: 1
INC: [False  True  True  True  True False  True]
BEST: 46
BETTER: False
END_ITER
START
SOL: [False  True  True  True  True False  True]
OBJ: 46
M: sh5
PAR: 5
INC: [False  True  True  True  True False  True]
BEST: 46
END
SOL: [False  True  True False  True False  True]
OBJ: 41
M: sh5
PAR: 5
INC: [False  True  True  True  True False  True]
BEST: 46
BETTER: False
START
SOL: [False  True  True False  True False  True]
OBJ: 41
M: li1
PAR: 1
INC: [False  True  True  True  True False  True]
BEST: 46
END
SOL: [False  True  True  True  True False  True]
OBJ: 46
M: li1
PAR: 1
INC: [False  True  True  True  True False  True]
BEST: 46
BETTER: False
START
SOL: [False  True  True  True  True False  True]
OBJ: 46
M: li1
PAR: 1
INC: [False  True  True  True  True False  True]
BEST: 46
END
SOL: [False  True  True  True  True False  True]
OBJ: 46
M: li1
PAR: 1
INC: [False  True  True  True  True False  True]
BEST: 46
BETTER: False
END_ITER
START
SOL: [False  True  True  True  True False  True]
OBJ: 46
M: sh3
PAR: 3
INC: [False  True  True  True  True False  True]
BEST: 46
END
SOL: [ True  True False  True False False  True]
OBJ: 39
M: sh3
PAR: 3
INC: [False  True  True  True  True False  True]
BEST: 46
BETTER: False
START
SOL: [ True  True False  True False False  True]
OBJ: 39
M: li1
PAR: 1
INC: [False  True  True  True  True False  True]
BEST: 46
END
SOL: [ True  True  True  True False False  True]
OBJ: 42
M: li1
PAR: 1
INC: [False  True  True  True  True False  True]
BEST: 46
BETTER: False
START
SOL: [ True  True  True  True False False  True]
OBJ: 42
M: li1
PAR: 1
INC: [False  True  True  True  True False  True]
BEST: 46
END
SOL: [False  True  True  True False False  True]
OBJ: 46
M: li1
PAR: 1
INC: [False  True  True  True  True False  True]
BEST: 46
BETTER: False
START
SOL: [False  True  True  True False False  True]
OBJ: 46
M: li1
PAR: 1
INC: [False  True  True  True  True False  True]
BEST: 46
END
SOL: [False  True  True  True False False  True]
OBJ: 46
M: li1
PAR: 1
INC: [False  True  True  True  True False  True]
BEST: 46
BETTER: False
END_ITER
START
SOL: [False  True  True  True  True False  True]
OBJ: 46
M: sh5
PAR: 5
INC: [False  True  True  True  True False  True]
BEST: 46
END
SOL: [False False  True  True  True False  True]
OBJ: 45
M: sh5
PAR: 5
INC: [False  True  True  True  True False  True]
BEST: 46
BETTER: False
START
SOL: [False False  True  True  True False  True]
OBJ: 45
M: li1
PAR: 1
INC: [False  True  True  True  True False  True]
BEST: 46
END
SOL: [False  True  True  True  True False  True]
OBJ: 46
M: li1
PAR: 1
INC: [False  True  True  True  True False  True]
BEST: 46
BETTER: False
START
SOL: [False  True  True  True  True False  True]
OBJ: 46
M: li1
PAR: 1
INC: [False  True  True  True  True False  True]
BEST: 46
END
SOL: [False  True  True  True  True False  True]
OBJ: 46
M: li1
PAR: 1
INC: [False  True  True  True  True False  True]
BEST: 46
BETTER: False
END_ITER
START
SOL: [False  True  True  True  True False  True]
OBJ: 46
M: sh3
PAR: 3
INC: [False  True  True  True  True False  True]
BEST: 46
END
SOL: [False  True  True  True False False  True]
OBJ: 46
M: sh3
PAR: 3
INC: [False  True  True  True  True False  True]
BEST: 46
BETTER: False
START
SOL: [False  True  True  True False False  True]
OBJ: 46
M: li1
PAR: 1
INC: [False  True  True  True  True False  True]
BEST: 46
END
SOL: [False  True  True  True False False  True]
OBJ: 46
M: li1
PAR: 1
INC: [False  True  True  True  True False  True]
BEST: 46
BETTER: False
END_ITER
START
SOL: [False  True  True  True  True False  True]
OBJ: 46
M: sh5
PAR: 5
INC: [False  True  True  True  True False  True]
BEST: 46
END
SOL: [False False  True  True False  True  True]
OBJ: 42
M: sh5
PAR: 5
INC: [False  True  True  True  True False  True]
BEST: 46
BETTER: False
START
SOL: [False False  True  True False  True  True]
OBJ: 42
M: li1
PAR: 1
INC: [False  True  True  True  True False  True]
BEST: 46
END
SOL: [False False  True  True  True  True  True]
OBJ: 44
M: li1
PAR: 1
INC: [False  True  True  True  True False  True]
BEST: 46
BETTER: False
START
SOL: [False False  True  True  True  True  True]
OBJ: 44
M: li1
PAR: 1
INC: [False  True  True  True  True False  True]
BEST: 46
END
SOL: [False  True  True  True  True  True  True]
OBJ: 45
M: li1
PAR: 1
INC: [False  True  True  True  True False  True]
BEST: 46
BETTER: False
START
SOL: [False  True  True  True  True  True  True]
OBJ: 45
M: li1
PAR: 1
INC: [False  True  True  True  True False  True]
BEST: 46
END
SOL: [False  True  True  True  True False  True]
OBJ: 46
M: li1
PAR: 1
INC: [False  True  True  True  True False  True]
BEST: 46
BETTER: False
START
SOL: [False  True  True  True  True False  True]
OBJ: 46
M: li1
PAR: 1
INC: [False  True  True  True  True False  True]
BEST: 46
END
SOL: [False  True  True  True  True False  True]
OBJ: 46
M: li1
PAR: 1
INC: [False  True  True  True  True False  True]
BEST: 46
BETTER: False
END_ITER
START
SOL: [False  True  True  True  True False  True]
OBJ: 46
M: sh3
PAR: 3
INC: [False  True  True  True  True False  True]
BEST: 46
END
SOL: [ True  True  True  True False  True  True]
OBJ: 42
M: sh3
PAR: 3
INC: [False  True  True  True  True False  True]
BEST: 46
BETTER: False
START
SOL: [ True  True  True  True False  True  True]
OBJ: 42
M: li1
PAR: 1
INC: [False  True  True  True  True False  True]
BEST: 46
END
SOL: [ True  True  True  True  True  True  True]
OBJ: 45
M: li1
PAR: 1
INC: [False  True  True  True  True False  True]
BEST: 46
BETTER: False
START
SOL: [ True  True  True  True  True  True  True]
OBJ: 45
M: li1
PAR: 1
INC: [False  True  True  True  True False  True]
BEST: 46
END
SOL: [ True  True  True  True  True  True  True]
OBJ: 45
M: li1
PAR: 1
INC: [False  True  True  True  True False  True]
BEST: 46
BETTER: False
END_ITER
START
SOL: [False  True  True  True  True False  True]
OBJ: 46
M: sh5
PAR: 5
INC: [False  True  True  True  True False  True]
BEST: 46
END
SOL: [False  True  True  True False False  True]
OBJ: 46
M: sh5
PAR: 5
INC: [False  True  True  True  True False  True]
BEST: 46
BETTER: False
START
SOL: [False  True  True  True False False  True]
OBJ: 46
M: li1
PAR: 1
INC: [False  True  True  True  True False  True]
BEST: 46
END
SOL: [False  True  True  True False False  True]
OBJ: 46
M: li1
PAR: 1
INC: [False  True  True  True  True False  True]
BEST: 46
BETTER: False
END_ITER
START
SOL: [False  True  True  True  True False  True]
OBJ: 46
M: sh3
PAR: 3
INC: [False  True  True  True  True False  True]
BEST: 46
END
SOL: [False  True  True False False False False]
OBJ: 39
M: sh3
PAR: 3
INC: [False  True  True  True  True False  True]
BEST: 46
BETTER: False
START
SOL: [False  True  True False False False False]
OBJ: 39
M: li1
PAR: 1
INC: [False  True  True  True  True False  True]
BEST: 46
END
SOL: [False  True  True False False False  True]
OBJ: 41
M: li1
PAR: 1
INC: [False  True  True  True  True False  True]
BEST: 46
BETTER: False
START
SOL: [False  True  True False False False  True]
OBJ: 41
M: li1
PAR: 1
INC: [False  True  True  True  True False  True]
BEST: 46
END
SOL: [False  True  True  True False False  True]
OBJ: 46
M: li1
PAR: 1
INC: [False  True  True  True  True False  True]
BEST: 46
BETTER: False
START
SOL: [False  True  True  True False False  True]
OBJ: 46
M: li1
PAR: 1
INC: [False  True  True  True  True False  True]
BEST: 46
END
SOL: [False  True  True  True False False  True]
OBJ: 46
M: li1
PAR: 1
INC: [False  True  True  True  True False  True]
BEST: 46
BETTER: False
END_ITER
START
SOL: [False  True  True  True  True False  True]
OBJ: 46
M: sh5
PAR: 5
INC: [False  True  True  True  True False  True]
BEST: 46
END
SOL: [ True False False  True  True  True False]
OBJ: 42
M: sh5
PAR: 5
INC: [False  True  True  True  True False  True]
BEST: 46
BETTER: False
START
SOL: [ True False False  True  True  True False]
OBJ: 42
M: li1
PAR: 1
INC: [False  True  True  True  True False  True]
BEST: 46
END
SOL: [ True False  True  True  True  True False]
OBJ: 44
M: li1
PAR: 1
INC: [False  True  True  True  True False  True]
BEST: 46
BETTER: False
START
SOL: [ True False  True  True  True  True False]
OBJ: 44
M: li1
PAR: 1
INC: [False  True  True  True  True False  True]
BEST: 46
END
SOL: [ True False  True  True  True  True  True]
OBJ: 45
M: li1
PAR: 1
INC: [False  True  True  True  True False  True]
BEST: 46
BETTER: False
START
SOL: [ True False  True  True  True  True  True]
OBJ: 45
M: li1
PAR: 1
INC: [False  True  True  True  True False  True]
BEST: 46
END
SOL: [ True False  True  True  True  True  True]
OBJ: 45
M: li1
PAR: 1
INC: [False  True  True  True  True False  True]
BEST: 46
BETTER: False
END_ITER
START
SOL: [False  True  True  True  True False  True]
OBJ: 46
M: sh3
PAR: 3
INC: [False  True  True  True  True False  True]
BEST: 46
END
SOL: [False  True  True  True False False  True]
OBJ: 46
M: sh3
PAR: 3
INC: [False  True  True  True  True False  True]
BEST: 46
BETTER: False
END_ITER
