I: gnm_37_60_20210127195738.mis
O: CH ('random', 0)
O: LI ('two-exchange random fill neighborhood search', 2)
O: SH ('remove k and random fill', 5)
START
SOL: []
OBJ: 0
M: ch0
PAR: 0
INC: []
BEST: 0
END
SOL: [ 3  4  7  8 16 17 18 19 23 32 33 34 35]
OBJ: 13
M: ch0
PAR: 0
INC: [ 3  4  7  8 16 17 18 19 23 32 33 34 35]
BEST: 13
BETTER: True
START
SOL: [ 3  4  7  8 16 17 18 19 23 32 33 34 35]
OBJ: 13
M: li2
PAR: 2
INC: [ 3  4  7  8 16 17 18 19 23 32 33 34 35]
BEST: 13
END
SOL: [ 1  3  4  7  8 16 17 18 19 23 32 33 34 35]
OBJ: 14
M: li2
PAR: 2
INC: [ 1  3  4  7  8 16 17 18 19 23 32 33 34 35]
BEST: 14
BETTER: True
START
SOL: [ 1  3  4  7  8 16 17 18 19 23 32 33 34 35]
OBJ: 14
M: li2
PAR: 2
INC: [ 1  3  4  7  8 16 17 18 19 23 32 33 34 35]
BEST: 14
END
SOL: [ 1  3  4  7  8 10 16 17 18 19 22 23 32 33 34]
OBJ: 15
M: li2
PAR: 2
INC: [ 1  3  4  7  8 10 16 17 18 19 22 23 32 33 34]
BEST: 15
BETTER: True
START
SOL: [ 1  3  4  7  8 10 16 17 18 19 22 23 32 33 34]
OBJ: 15
M: li2
PAR: 2
INC: [ 1  3  4  7  8 10 16 17 18 19 22 23 32 33 34]
BEST: 15
END
SOL: [ 1  3  4  7  8 10 11 16 18 19 22 23 29 32 33 34]
OBJ: 16
M: li2
PAR: 2
INC: [ 1  3  4  7  8 10 11 16 18 19 22 23 29 32 33 34]
BEST: 16
BETTER: True
START
SOL: [ 1  3  4  7  8 10 11 16 18 19 22 23 29 32 33 34]
OBJ: 16
M: li2
PAR: 2
INC: [ 1  3  4  7  8 10 11 16 18 19 22 23 29 32 33 34]
BEST: 16
END
SOL: [ 3  4  7  8 10 11 16 18 19 22 23 29 30 31 32 33 34]
OBJ: 17
M: li2
PAR: 2
INC: [ 3  4  7  8 10 11 16 18 19 22 23 29 30 31 32 33 34]
BEST: 17
BETTER: True
START
SOL: [ 3  4  7  8 10 11 16 18 19 22 23 29 30 31 32 33 34]
OBJ: 17
M: li2
PAR: 2
INC: [ 3  4  7  8 10 11 16 18 19 22 23 29 30 31 32 33 34]
BEST: 17
END
SOL: [ 2  3  4  7  8 10 11 16 18 19 20 22 23 29 30 31 33 34]
OBJ: 18
M: li2
PAR: 2
INC: [ 2  3  4  7  8 10 11 16 18 19 20 22 23 29 30 31 33 34]
BEST: 18
BETTER: True
START
SOL: [ 2  3  4  7  8 10 11 16 18 19 20 22 23 29 30 31 33 34]
OBJ: 18
M: li2
PAR: 2
INC: [ 2  3  4  7  8 10 11 16 18 19 20 22 23 29 30 31 33 34]
BEST: 18
END
SOL: [ 2  3  4  7  8 10 11 16 18 19 20 22 23 29 30 31 33 34]
OBJ: 18
M: li2
PAR: 2
INC: [ 2  3  4  7  8 10 11 16 18 19 20 22 23 29 30 31 33 34]
BEST: 18
BETTER: False
START
SOL: [ 2  3  4  7  8 10 11 16 18 19 20 22 23 29 30 31 33 34]
OBJ: 18
M: sh5
PAR: 5
INC: [ 2  3  4  7  8 10 11 16 18 19 20 22 23 29 30 31 33 34]
BEST: 18
END
SOL: [ 2  3  4  7  8 10 11 16 18 19 20 22 23 29 30 31 33 34]
OBJ: 18
M: sh5
PAR: 5
INC: [ 2  3  4  7  8 10 11 16 18 19 20 22 23 29 30 31 33 34]
BEST: 18
BETTER: False
START
SOL: [ 2  3  4  7  8 10 11 16 18 19 20 22 23 29 30 31 33 34]
OBJ: 18
M: li2
PAR: 2
INC: [ 2  3  4  7  8 10 11 16 18 19 20 22 23 29 30 31 33 34]
BEST: 18
END
SOL: [ 2  3  4  7  8 10 11 16 18 19 20 22 23 29 30 31 33 34]
OBJ: 18
M: li2
PAR: 2
INC: [ 2  3  4  7  8 10 11 16 18 19 20 22 23 29 30 31 33 34]
BEST: 18
BETTER: False
END_ITER
START
SOL: [ 2  3  4  7  8 10 11 16 18 19 20 22 23 29 30 31 33 34]
OBJ: 18
M: sh5
PAR: 5
INC: [ 2  3  4  7  8 10 11 16 18 19 20 22 23 29 30 31 33 34]
BEST: 18
END
SOL: [ 2  3  4  7  8 10 11 16 18 19 20 22 23 26 29 30 31 34]
OBJ: 18
M: sh5
PAR: 5
INC: [ 2  3  4  7  8 10 11 16 18 19 20 22 23 29 30 31 33 34]
BEST: 18
BETTER: False
START
SOL: [ 2  3  4  7  8 10 11 16 18 19 20 22 23 26 29 30 31 34]
OBJ: 18
M: li2
PAR: 2
INC: [ 2  3  4  7  8 10 11 16 18 19 20 22 23 29 30 31 33 34]
BEST: 18
END
SOL: [ 2  3  4  7  8 10 11 16 18 19 20 22 23 26 29 30 31 34]
OBJ: 18
M: li2
PAR: 2
INC: [ 2  3  4  7  8 10 11 16 18 19 20 22 23 29 30 31 33 34]
BEST: 18
BETTER: False
END_ITER
START
SOL: [ 2  3  4  7  8 10 11 16 18 19 20 22 23 29 30 31 33 34]
OBJ: 18
M: sh5
PAR: 5
INC: [ 2  3  4  7  8 10 11 16 18 19 20 22 23 29 30 31 33 34]
BEST: 18
END
SOL: [ 2  3  4  7  8 10 11 16 18 19 20 22 23 29 30 31 33 34]
OBJ: 18
M: sh5
PAR: 5
INC: [ 2  3  4  7  8 10 11 16 18 19 20 22 23 29 30 31 33 34]
BEST: 18
BETTER: False
START
SOL: [ 2  3  4  7  8 10 11 16 18 19 20 22 23 29 30 31 33 34]
OBJ: 18
M: li2
PAR: 2
INC: [ 2  3  4  7  8 10 11 16 18 19 20 22 23 29 30 31 33 34]
BEST: 18
END
SOL: [ 2  3  4  7  8 10 11 16 18 19 20 22 23 29 30 31 33 34]
OBJ: 18
M: li2
PAR: 2
INC: [ 2  3  4  7  8 10 11 16 18 19 20 22 23 29 30 31 33 34]
BEST: 18
BETTER: False
END_ITER
START
SOL: [ 2  3  4  7  8 10 11 16 18 19 20 22 23 29 30 31 33 34]
OBJ: 18
M: sh5
PAR: 5
INC: [ 2  3  4  7  8 10 11 16 18 19 20 22 23 29 30 31 33 34]
BEST: 18
END
SOL: [ 2  3  4  7  8 10 11 16 18 19 20 22 23 26 29 30 31 34]
OBJ: 18
M: sh5
PAR: 5
INC: [ 2  3  4  7  8 10 11 16 18 19 20 22 23 29 30 31 33 34]
BEST: 18
BETTER: False
START
SOL: [ 2  3  4  7  8 10 11 16 18 19 20 22 23 26 29 30 31 34]
OBJ: 18
M: li2
PAR: 2
INC: [ 2  3  4  7  8 10 11 16 18 19 20 22 23 29 30 31 33 34]
BEST: 18
END
SOL: [ 2  3  4  7  8 10 11 16 18 19 20 22 23 26 29 30 31 34]
OBJ: 18
M: li2
PAR: 2
INC: [ 2  3  4  7  8 10 11 16 18 19 20 22 23 29 30 31 33 34]
BEST: 18
BETTER: False
END_ITER
START
SOL: [ 2  3  4  7  8 10 11 16 18 19 20 22 23 29 30 31 33 34]
OBJ: 18
M: sh5
PAR: 5
INC: [ 2  3  4  7  8 10 11 16 18 19 20 22 23 29 30 31 33 34]
BEST: 18
END
SOL: [ 2  3  4  7  8 10 11 16 18 19 20 22 23 29 30 31 33 34]
OBJ: 18
M: sh5
PAR: 5
INC: [ 2  3  4  7  8 10 11 16 18 19 20 22 23 29 30 31 33 34]
BEST: 18
BETTER: False
START
SOL: [ 2  3  4  7  8 10 11 16 18 19 20 22 23 29 30 31 33 34]
OBJ: 18
M: li2
PAR: 2
INC: [ 2  3  4  7  8 10 11 16 18 19 20 22 23 29 30 31 33 34]
BEST: 18
END
SOL: [ 2  3  4  7  8 10 11 16 18 19 20 22 23 29 30 31 33 34]
OBJ: 18
M: li2
PAR: 2
INC: [ 2  3  4  7  8 10 11 16 18 19 20 22 23 29 30 31 33 34]
BEST: 18
BETTER: False
END_ITER
START
SOL: [ 2  3  4  7  8 10 11 16 18 19 20 22 23 29 30 31 33 34]
OBJ: 18
M: sh5
PAR: 5
INC: [ 2  3  4  7  8 10 11 16 18 19 20 22 23 29 30 31 33 34]
BEST: 18
END
SOL: [ 2  3  4  7  8 10 11 16 18 19 20 22 23 29 30 31 33 34]
OBJ: 18
M: sh5
PAR: 5
INC: [ 2  3  4  7  8 10 11 16 18 19 20 22 23 29 30 31 33 34]
BEST: 18
BETTER: False
START
SOL: [ 2  3  4  7  8 10 11 16 18 19 20 22 23 29 30 31 33 34]
OBJ: 18
M: li2
PAR: 2
INC: [ 2  3  4  7  8 10 11 16 18 19 20 22 23 29 30 31 33 34]
BEST: 18
END
SOL: [ 2  3  4  7  8 10 11 16 18 19 20 22 23 29 30 31 33 34]
OBJ: 18
M: li2
PAR: 2
INC: [ 2  3  4  7  8 10 11 16 18 19 20 22 23 29 30 31 33 34]
BEST: 18
BETTER: False
END_ITER
START
SOL: [ 2  3  4  7  8 10 11 16 18 19 20 22 23 29 30 31 33 34]
OBJ: 18
M: sh5
PAR: 5
INC: [ 2  3  4  7  8 10 11 16 18 19 20 22 23 29 30 31 33 34]
BEST: 18
END
SOL: [ 2  3  4  7  8 10 11 16 18 19 20 22 23 29 30 31 33 34]
OBJ: 18
M: sh5
PAR: 5
INC: [ 2  3  4  7  8 10 11 16 18 19 20 22 23 29 30 31 33 34]
BEST: 18
BETTER: False
START
SOL: [ 2  3  4  7  8 10 11 16 18 19 20 22 23 29 30 31 33 34]
OBJ: 18
M: li2
PAR: 2
INC: [ 2  3  4  7  8 10 11 16 18 19 20 22 23 29 30 31 33 34]
BEST: 18
END
SOL: [ 2  3  4  7  8 10 11 16 18 19 20 22 23 29 30 31 33 34]
OBJ: 18
M: li2
PAR: 2
INC: [ 2  3  4  7  8 10 11 16 18 19 20 22 23 29 30 31 33 34]
BEST: 18
BETTER: False
END_ITER
START
SOL: [ 2  3  4  7  8 10 11 16 18 19 20 22 23 29 30 31 33 34]
OBJ: 18
M: sh5
PAR: 5
INC: [ 2  3  4  7  8 10 11 16 18 19 20 22 23 29 30 31 33 34]
BEST: 18
END
SOL: [ 2  3  4  7  8 10 11 16 18 19 20 22 23 29 30 31 33 34]
OBJ: 18
M: sh5
PAR: 5
INC: [ 2  3  4  7  8 10 11 16 18 19 20 22 23 29 30 31 33 34]
BEST: 18
BETTER: False
START
SOL: [ 2  3  4  7  8 10 11 16 18 19 20 22 23 29 30 31 33 34]
OBJ: 18
M: li2
PAR: 2
INC: [ 2  3  4  7  8 10 11 16 18 19 20 22 23 29 30 31 33 34]
BEST: 18
END
SOL: [ 2  3  4  7  8 10 11 16 18 19 20 22 23 29 30 31 33 34]
OBJ: 18
M: li2
PAR: 2
INC: [ 2  3  4  7  8 10 11 16 18 19 20 22 23 29 30 31 33 34]
BEST: 18
BETTER: False
END_ITER
START
SOL: [ 2  3  4  7  8 10 11 16 18 19 20 22 23 29 30 31 33 34]
OBJ: 18
M: sh5
PAR: 5
INC: [ 2  3  4  7  8 10 11 16 18 19 20 22 23 29 30 31 33 34]
BEST: 18
END
SOL: [ 2  3  4  7  8 10 11 14 16 18 19 20 30 31 33 34]
OBJ: 16
M: sh5
PAR: 5
INC: [ 2  3  4  7  8 10 11 16 18 19 20 22 23 29 30 31 33 34]
BEST: 18
BETTER: False
START
SOL: [ 2  3  4  7  8 10 11 14 16 18 19 20 30 31 33 34]
OBJ: 16
M: li2
PAR: 2
INC: [ 2  3  4  7  8 10 11 16 18 19 20 22 23 29 30 31 33 34]
BEST: 18
END
SOL: [ 2  3  4  7  8 10 11 14 15 16 18 20 23 30 31 33 34]
OBJ: 17
M: li2
PAR: 2
INC: [ 2  3  4  7  8 10 11 16 18 19 20 22 23 29 30 31 33 34]
BEST: 18
BETTER: False
START
SOL: [ 2  3  4  7  8 10 11 14 15 16 18 20 23 30 31 33 34]
OBJ: 17
M: li2
PAR: 2
INC: [ 2  3  4  7  8 10 11 16 18 19 20 22 23 29 30 31 33 34]
BEST: 18
END
SOL: [ 2  3  4  7  8 10 11 14 15 16 18 20 23 30 31 33 34]
OBJ: 17
M: li2
PAR: 2
INC: [ 2  3  4  7  8 10 11 16 18 19 20 22 23 29 30 31 33 34]
BEST: 18
BETTER: False
END_ITER
START
SOL: [ 2  3  4  7  8 10 11 16 18 19 20 22 23 29 30 31 33 34]
OBJ: 18
M: sh5
PAR: 5
INC: [ 2  3  4  7  8 10 11 16 18 19 20 22 23 29 30 31 33 34]
BEST: 18
END
SOL: [ 2  3  4  7  8 10 11 15 16 18 20 22 23 30 31 33 34]
OBJ: 17
M: sh5
PAR: 5
INC: [ 2  3  4  7  8 10 11 16 18 19 20 22 23 29 30 31 33 34]
BEST: 18
BETTER: False
START
SOL: [ 2  3  4  7  8 10 11 15 16 18 20 22 23 30 31 33 34]
OBJ: 17
M: li2
PAR: 2
INC: [ 2  3  4  7  8 10 11 16 18 19 20 22 23 29 30 31 33 34]
BEST: 18
END
SOL: [ 2  3  4  7  8 10 11 16 18 19 20 22 23 29 30 31 33 34]
OBJ: 18
M: li2
PAR: 2
INC: [ 2  3  4  7  8 10 11 16 18 19 20 22 23 29 30 31 33 34]
BEST: 18
BETTER: False
START
SOL: [ 2  3  4  7  8 10 11 16 18 19 20 22 23 29 30 31 33 34]
OBJ: 18
M: li2
PAR: 2
INC: [ 2  3  4  7  8 10 11 16 18 19 20 22 23 29 30 31 33 34]
BEST: 18
END
SOL: [ 2  3  4  7  8 10 11 16 18 19 20 22 23 29 30 31 33 34]
OBJ: 18
M: li2
PAR: 2
INC: [ 2  3  4  7  8 10 11 16 18 19 20 22 23 29 30 31 33 34]
BEST: 18
BETTER: False
END_ITER
START
SOL: [ 2  3  4  7  8 10 11 16 18 19 20 22 23 29 30 31 33 34]
OBJ: 18
M: sh5
PAR: 5
INC: [ 2  3  4  7  8 10 11 16 18 19 20 22 23 29 30 31 33 34]
BEST: 18
END
SOL: [ 2  3  4  7  8 10 11 16 18 19 20 22 23 29 30 31 33 34]
OBJ: 18
M: sh5
PAR: 5
INC: [ 2  3  4  7  8 10 11 16 18 19 20 22 23 29 30 31 33 34]
BEST: 18
BETTER: False
START
SOL: [ 2  3  4  7  8 10 11 16 18 19 20 22 23 29 30 31 33 34]
OBJ: 18
M: li2
PAR: 2
INC: [ 2  3  4  7  8 10 11 16 18 19 20 22 23 29 30 31 33 34]
BEST: 18
END
SOL: [ 2  3  4  7  8 10 11 16 18 19 20 22 23 29 30 31 33 34]
OBJ: 18
M: li2
PAR: 2
INC: [ 2  3  4  7  8 10 11 16 18 19 20 22 23 29 30 31 33 34]
BEST: 18
BETTER: False
END_ITER
START
SOL: [ 2  3  4  7  8 10 11 16 18 19 20 22 23 29 30 31 33 34]
OBJ: 18
M: sh5
PAR: 5
INC: [ 2  3  4  7  8 10 11 16 18 19 20 22 23 29 30 31 33 34]
BEST: 18
END
SOL: [ 2  3  4  7  8 10 11 14 16 18 19 20 23 30 31 33 34]
OBJ: 17
M: sh5
PAR: 5
INC: [ 2  3  4  7  8 10 11 16 18 19 20 22 23 29 30 31 33 34]
BEST: 18
BETTER: False
START
SOL: [ 2  3  4  7  8 10 11 14 16 18 19 20 23 30 31 33 34]
OBJ: 17
M: li2
PAR: 2
INC: [ 2  3  4  7  8 10 11 16 18 19 20 22 23 29 30 31 33 34]
BEST: 18
END
SOL: [ 2  3  4  7  8 10 11 16 18 19 20 22 23 29 30 31 33 34]
OBJ: 18
M: li2
PAR: 2
INC: [ 2  3  4  7  8 10 11 16 18 19 20 22 23 29 30 31 33 34]
BEST: 18
BETTER: False
START
SOL: [ 2  3  4  7  8 10 11 16 18 19 20 22 23 29 30 31 33 34]
OBJ: 18
M: li2
PAR: 2
INC: [ 2  3  4  7  8 10 11 16 18 19 20 22 23 29 30 31 33 34]
BEST: 18
END
SOL: [ 2  3  4  7  8 10 11 16 18 19 20 22 23 29 30 31 33 34]
OBJ: 18
M: li2
PAR: 2
INC: [ 2  3  4  7  8 10 11 16 18 19 20 22 23 29 30 31 33 34]
BEST: 18
BETTER: False
END_ITER
START
SOL: [ 2  3  4  7  8 10 11 16 18 19 20 22 23 29 30 31 33 34]
OBJ: 18
M: sh5
PAR: 5
INC: [ 2  3  4  7  8 10 11 16 18 19 20 22 23 29 30 31 33 34]
BEST: 18
END
SOL: [ 2  3  4  7  8 10 11 16 18 19 20 22 23 29 30 31 33 34]
OBJ: 18
M: sh5
PAR: 5
INC: [ 2  3  4  7  8 10 11 16 18 19 20 22 23 29 30 31 33 34]
BEST: 18
BETTER: False
START
SOL: [ 2  3  4  7  8 10 11 16 18 19 20 22 23 29 30 31 33 34]
OBJ: 18
M: li2
PAR: 2
INC: [ 2  3  4  7  8 10 11 16 18 19 20 22 23 29 30 31 33 34]
BEST: 18
END
SOL: [ 2  3  4  7  8 10 11 16 18 19 20 22 23 29 30 31 33 34]
OBJ: 18
M: li2
PAR: 2
INC: [ 2  3  4  7  8 10 11 16 18 19 20 22 23 29 30 31 33 34]
BEST: 18
BETTER: False
END_ITER
START
SOL: [ 2  3  4  7  8 10 11 16 18 19 20 22 23 29 30 31 33 34]
OBJ: 18
M: sh5
PAR: 5
INC: [ 2  3  4  7  8 10 11 16 18 19 20 22 23 29 30 31 33 34]
BEST: 18
END
SOL: [ 2  3  4  7  8 10 11 16 18 19 20 22 23 29 30 31 33 34]
OBJ: 18
M: sh5
PAR: 5
INC: [ 2  3  4  7  8 10 11 16 18 19 20 22 23 29 30 31 33 34]
BEST: 18
BETTER: False
START
SOL: [ 2  3  4  7  8 10 11 16 18 19 20 22 23 29 30 31 33 34]
OBJ: 18
M: li2
PAR: 2
INC: [ 2  3  4  7  8 10 11 16 18 19 20 22 23 29 30 31 33 34]
BEST: 18
END
SOL: [ 2  3  4  7  8 10 11 16 18 19 20 22 23 29 30 31 33 34]
OBJ: 18
M: li2
PAR: 2
INC: [ 2  3  4  7  8 10 11 16 18 19 20 22 23 29 30 31 33 34]
BEST: 18
BETTER: False
END_ITER
START
SOL: [ 2  3  4  7  8 10 11 16 18 19 20 22 23 29 30 31 33 34]
OBJ: 18
M: sh5
PAR: 5
INC: [ 2  3  4  7  8 10 11 16 18 19 20 22 23 29 30 31 33 34]
BEST: 18
END
SOL: [ 2  3  4  7  8 10 11 16 18 19 20 22 23 29 30 31 33 34]
OBJ: 18
M: sh5
PAR: 5
INC: [ 2  3  4  7  8 10 11 16 18 19 20 22 23 29 30 31 33 34]
BEST: 18
BETTER: False
START
SOL: [ 2  3  4  7  8 10 11 16 18 19 20 22 23 29 30 31 33 34]
OBJ: 18
M: li2
PAR: 2
INC: [ 2  3  4  7  8 10 11 16 18 19 20 22 23 29 30 31 33 34]
BEST: 18
END
SOL: [ 2  3  4  7  8 10 11 16 18 19 20 22 23 29 30 31 33 34]
OBJ: 18
M: li2
PAR: 2
INC: [ 2  3  4  7  8 10 11 16 18 19 20 22 23 29 30 31 33 34]
BEST: 18
BETTER: False
END_ITER
START
SOL: [ 2  3  4  7  8 10 11 16 18 19 20 22 23 29 30 31 33 34]
OBJ: 18
M: sh5
PAR: 5
INC: [ 2  3  4  7  8 10 11 16 18 19 20 22 23 29 30 31 33 34]
BEST: 18
END
SOL: [ 2  3  4  7  8 10 11 15 16 18 20 22 23 30 31 33 34]
OBJ: 17
M: sh5
PAR: 5
INC: [ 2  3  4  7  8 10 11 16 18 19 20 22 23 29 30 31 33 34]
BEST: 18
BETTER: False
START
SOL: [ 2  3  4  7  8 10 11 15 16 18 20 22 23 30 31 33 34]
OBJ: 17
M: li2
PAR: 2
INC: [ 2  3  4  7  8 10 11 16 18 19 20 22 23 29 30 31 33 34]
BEST: 18
END
SOL: [ 2  3  4  7  8 10 11 15 16 18 20 22 23 30 31 33 34]
OBJ: 17
M: li2
PAR: 2
INC: [ 2  3  4  7  8 10 11 16 18 19 20 22 23 29 30 31 33 34]
BEST: 18
BETTER: False
END_ITER
START
SOL: [ 2  3  4  7  8 10 11 16 18 19 20 22 23 29 30 31 33 34]
OBJ: 18
M: sh5
PAR: 5
INC: [ 2  3  4  7  8 10 11 16 18 19 20 22 23 29 30 31 33 34]
BEST: 18
END
SOL: [ 2  3  4  7  8 10 11 16 18 19 20 22 23 29 30 33 34]
OBJ: 17
M: sh5
PAR: 5
INC: [ 2  3  4  7  8 10 11 16 18 19 20 22 23 29 30 31 33 34]
BEST: 18
BETTER: False
START
SOL: [ 2  3  4  7  8 10 11 16 18 19 20 22 23 29 30 33 34]
OBJ: 17
M: li2
PAR: 2
INC: [ 2  3  4  7  8 10 11 16 18 19 20 22 23 29 30 31 33 34]
BEST: 18
END
SOL: [ 2  3  4  7  8 10 11 16 18 19 20 22 23 29 30 31 33 34]
OBJ: 18
M: li2
PAR: 2
INC: [ 2  3  4  7  8 10 11 16 18 19 20 22 23 29 30 31 33 34]
BEST: 18
BETTER: False
START
SOL: [ 2  3  4  7  8 10 11 16 18 19 20 22 23 29 30 31 33 34]
OBJ: 18
M: li2
PAR: 2
INC: [ 2  3  4  7  8 10 11 16 18 19 20 22 23 29 30 31 33 34]
BEST: 18
END
SOL: [ 2  3  4  7  8 10 11 16 18 19 20 22 23 29 30 31 33 34]
OBJ: 18
M: li2
PAR: 2
INC: [ 2  3  4  7  8 10 11 16 18 19 20 22 23 29 30 31 33 34]
BEST: 18
BETTER: False
END_ITER
START
SOL: [ 2  3  4  7  8 10 11 16 18 19 20 22 23 29 30 31 33 34]
OBJ: 18
M: sh5
PAR: 5
INC: [ 2  3  4  7  8 10 11 16 18 19 20 22 23 29 30 31 33 34]
BEST: 18
END
SOL: [ 2  3  4  7  8 10 11 16 18 19 20 22 23 29 30 31 33 34]
OBJ: 18
M: sh5
PAR: 5
INC: [ 2  3  4  7  8 10 11 16 18 19 20 22 23 29 30 31 33 34]
BEST: 18
BETTER: False
START
SOL: [ 2  3  4  7  8 10 11 16 18 19 20 22 23 29 30 31 33 34]
OBJ: 18
M: li2
PAR: 2
INC: [ 2  3  4  7  8 10 11 16 18 19 20 22 23 29 30 31 33 34]
BEST: 18
END
SOL: [ 2  3  4  7  8 10 11 16 18 19 20 22 23 29 30 31 33 34]
OBJ: 18
M: li2
PAR: 2
INC: [ 2  3  4  7  8 10 11 16 18 19 20 22 23 29 30 31 33 34]
BEST: 18
BETTER: False
END_ITER
START
SOL: [ 2  3  4  7  8 10 11 16 18 19 20 22 23 29 30 31 33 34]
OBJ: 18
M: sh5
PAR: 5
INC: [ 2  3  4  7  8 10 11 16 18 19 20 22 23 29 30 31 33 34]
BEST: 18
END
SOL: [ 2  3  4  7  8 10 11 16 18 19 20 22 23 29 30 31 33 34]
OBJ: 18
M: sh5
PAR: 5
INC: [ 2  3  4  7  8 10 11 16 18 19 20 22 23 29 30 31 33 34]
BEST: 18
BETTER: False
START
SOL: [ 2  3  4  7  8 10 11 16 18 19 20 22 23 29 30 31 33 34]
OBJ: 18
M: li2
PAR: 2
INC: [ 2  3  4  7  8 10 11 16 18 19 20 22 23 29 30 31 33 34]
BEST: 18
END
SOL: [ 2  3  4  7  8 10 11 16 18 19 20 22 23 29 30 31 33 34]
OBJ: 18
M: li2
PAR: 2
INC: [ 2  3  4  7  8 10 11 16 18 19 20 22 23 29 30 31 33 34]
BEST: 18
BETTER: False
END_ITER
START
SOL: [ 2  3  4  7  8 10 11 16 18 19 20 22 23 29 30 31 33 34]
OBJ: 18
M: sh5
PAR: 5
INC: [ 2  3  4  7  8 10 11 16 18 19 20 22 23 29 30 31 33 34]
BEST: 18
END
SOL: [ 2  3  7  8 10 11 16 18 19 20 22 23 26 29 30 31 34]
OBJ: 17
M: sh5
PAR: 5
INC: [ 2  3  4  7  8 10 11 16 18 19 20 22 23 29 30 31 33 34]
BEST: 18
BETTER: False
START
SOL: [ 2  3  7  8 10 11 16 18 19 20 22 23 26 29 30 31 34]
OBJ: 17
M: li2
PAR: 2
INC: [ 2  3  4  7  8 10 11 16 18 19 20 22 23 29 30 31 33 34]
BEST: 18
END
SOL: [ 2  3  4  7  8 10 11 16 18 19 20 22 23 26 29 30 31 34]
OBJ: 18
M: li2
PAR: 2
INC: [ 2  3  4  7  8 10 11 16 18 19 20 22 23 29 30 31 33 34]
BEST: 18
BETTER: False
START
SOL: [ 2  3  4  7  8 10 11 16 18 19 20 22 23 26 29 30 31 34]
OBJ: 18
M: li2
PAR: 2
INC: [ 2  3  4  7  8 10 11 16 18 19 20 22 23 29 30 31 33 34]
BEST: 18
END
SOL: [ 2  3  4  7  8 10 11 16 18 19 20 22 23 26 29 30 31 34]
OBJ: 18
M: li2
PAR: 2
INC: [ 2  3  4  7  8 10 11 16 18 19 20 22 23 29 30 31 33 34]
BEST: 18
BETTER: False
END_ITER
START
SOL: [ 2  3  4  7  8 10 11 16 18 19 20 22 23 29 30 31 33 34]
OBJ: 18
M: sh5
PAR: 5
INC: [ 2  3  4  7  8 10 11 16 18 19 20 22 23 29 30 31 33 34]
BEST: 18
END
SOL: [ 2  3  4  7  8 10 11 16 18 19 20 22 23 29 30 31 33 34]
OBJ: 18
M: sh5
PAR: 5
INC: [ 2  3  4  7  8 10 11 16 18 19 20 22 23 29 30 31 33 34]
BEST: 18
BETTER: False
START
SOL: [ 2  3  4  7  8 10 11 16 18 19 20 22 23 29 30 31 33 34]
OBJ: 18
M: li2
PAR: 2
INC: [ 2  3  4  7  8 10 11 16 18 19 20 22 23 29 30 31 33 34]
BEST: 18
END
SOL: [ 2  3  4  7  8 10 11 16 18 19 20 22 23 29 30 31 33 34]
OBJ: 18
M: li2
PAR: 2
INC: [ 2  3  4  7  8 10 11 16 18 19 20 22 23 29 30 31 33 34]
BEST: 18
BETTER: False
END_ITER
START
SOL: [ 2  3  4  7  8 10 11 16 18 19 20 22 23 29 30 31 33 34]
OBJ: 18
M: sh5
PAR: 5
INC: [ 2  3  4  7  8 10 11 16 18 19 20 22 23 29 30 31 33 34]
BEST: 18
END
SOL: [ 2  3  4  7  8 10 11 16 18 19 20 22 23 29 30 31 33 34]
OBJ: 18
M: sh5
PAR: 5
INC: [ 2  3  4  7  8 10 11 16 18 19 20 22 23 29 30 31 33 34]
BEST: 18
BETTER: False
START
SOL: [ 2  3  4  7  8 10 11 16 18 19 20 22 23 29 30 31 33 34]
OBJ: 18
M: li2
PAR: 2
INC: [ 2  3  4  7  8 10 11 16 18 19 20 22 23 29 30 31 33 34]
BEST: 18
END
SOL: [ 2  3  4  7  8 10 11 16 18 19 20 22 23 29 30 31 33 34]
OBJ: 18
M: li2
PAR: 2
INC: [ 2  3  4  7  8 10 11 16 18 19 20 22 23 29 30 31 33 34]
BEST: 18
BETTER: False
END_ITER
START
SOL: [ 2  3  4  7  8 10 11 16 18 19 20 22 23 29 30 31 33 34]
OBJ: 18
M: sh5
PAR: 5
INC: [ 2  3  4  7  8 10 11 16 18 19 20 22 23 29 30 31 33 34]
BEST: 18
END
SOL: [ 2  3  4  7  8 10 11 16 18 19 20 22 23 29 30 31 33 34]
OBJ: 18
M: sh5
PAR: 5
INC: [ 2  3  4  7  8 10 11 16 18 19 20 22 23 29 30 31 33 34]
BEST: 18
BETTER: False
START
SOL: [ 2  3  4  7  8 10 11 16 18 19 20 22 23 29 30 31 33 34]
OBJ: 18
M: li2
PAR: 2
INC: [ 2  3  4  7  8 10 11 16 18 19 20 22 23 29 30 31 33 34]
BEST: 18
END
SOL: [ 2  3  4  7  8 10 11 16 18 19 20 22 23 29 30 31 33 34]
OBJ: 18
M: li2
PAR: 2
INC: [ 2  3  4  7  8 10 11 16 18 19 20 22 23 29 30 31 33 34]
BEST: 18
BETTER: False
END_ITER
START
SOL: [ 2  3  4  7  8 10 11 16 18 19 20 22 23 29 30 31 33 34]
OBJ: 18
M: sh5
PAR: 5
INC: [ 2  3  4  7  8 10 11 16 18 19 20 22 23 29 30 31 33 34]
BEST: 18
END
SOL: [ 2  3  4  7  8 10 11 16 18 19 20 22 23 29 30 31 33 34]
OBJ: 18
M: sh5
PAR: 5
INC: [ 2  3  4  7  8 10 11 16 18 19 20 22 23 29 30 31 33 34]
BEST: 18
BETTER: False
START
SOL: [ 2  3  4  7  8 10 11 16 18 19 20 22 23 29 30 31 33 34]
OBJ: 18
M: li2
PAR: 2
INC: [ 2  3  4  7  8 10 11 16 18 19 20 22 23 29 30 31 33 34]
BEST: 18
END
SOL: [ 2  3  4  7  8 10 11 16 18 19 20 22 23 29 30 31 33 34]
OBJ: 18
M: li2
PAR: 2
INC: [ 2  3  4  7  8 10 11 16 18 19 20 22 23 29 30 31 33 34]
BEST: 18
BETTER: False
END_ITER
START
SOL: [ 2  3  4  7  8 10 11 16 18 19 20 22 23 29 30 31 33 34]
OBJ: 18
M: sh5
PAR: 5
INC: [ 2  3  4  7  8 10 11 16 18 19 20 22 23 29 30 31 33 34]
BEST: 18
END
SOL: [ 2  3  4  7  8 10 11 16 19 20 22 23 26 29 30 31 34]
OBJ: 17
M: sh5
PAR: 5
INC: [ 2  3  4  7  8 10 11 16 18 19 20 22 23 29 30 31 33 34]
BEST: 18
BETTER: False
START
SOL: [ 2  3  4  7  8 10 11 16 19 20 22 23 26 29 30 31 34]
OBJ: 17
M: li2
PAR: 2
INC: [ 2  3  4  7  8 10 11 16 18 19 20 22 23 29 30 31 33 34]
BEST: 18
END
SOL: [ 2  3  4  7  8 10 11 16 18 19 20 22 23 26 29 30 31 34]
OBJ: 18
M: li2
PAR: 2
INC: [ 2  3  4  7  8 10 11 16 18 19 20 22 23 29 30 31 33 34]
BEST: 18
BETTER: False
START
SOL: [ 2  3  4  7  8 10 11 16 18 19 20 22 23 26 29 30 31 34]
OBJ: 18
M: li2
PAR: 2
INC: [ 2  3  4  7  8 10 11 16 18 19 20 22 23 29 30 31 33 34]
BEST: 18
END
SOL: [ 2  3  4  7  8 10 11 16 18 19 20 22 23 26 29 30 31 34]
OBJ: 18
M: li2
PAR: 2
INC: [ 2  3  4  7  8 10 11 16 18 19 20 22 23 29 30 31 33 34]
BEST: 18
BETTER: False
END_ITER
START
SOL: [ 2  3  4  7  8 10 11 16 18 19 20 22 23 29 30 31 33 34]
OBJ: 18
M: sh5
PAR: 5
INC: [ 2  3  4  7  8 10 11 16 18 19 20 22 23 29 30 31 33 34]
BEST: 18
END
SOL: [ 2  3  4  7  8 10 11 16 18 19 20 22 23 26 29 30 31 34]
OBJ: 18
M: sh5
PAR: 5
INC: [ 2  3  4  7  8 10 11 16 18 19 20 22 23 29 30 31 33 34]
BEST: 18
BETTER: False
START
SOL: [ 2  3  4  7  8 10 11 16 18 19 20 22 23 26 29 30 31 34]
OBJ: 18
M: li2
PAR: 2
INC: [ 2  3  4  7  8 10 11 16 18 19 20 22 23 29 30 31 33 34]
BEST: 18
END
SOL: [ 2  3  4  7  8 10 11 16 18 19 20 22 23 26 29 30 31 34]
OBJ: 18
M: li2
PAR: 2
INC: [ 2  3  4  7  8 10 11 16 18 19 20 22 23 29 30 31 33 34]
BEST: 18
BETTER: False
END_ITER
START
SOL: [ 2  3  4  7  8 10 11 16 18 19 20 22 23 29 30 31 33 34]
OBJ: 18
M: sh5
PAR: 5
INC: [ 2  3  4  7  8 10 11 16 18 19 20 22 23 29 30 31 33 34]
BEST: 18
END
SOL: [ 2  3  4  7  8 10 11 16 18 19 20 22 23 29 30 31 33 34]
OBJ: 18
M: sh5
PAR: 5
INC: [ 2  3  4  7  8 10 11 16 18 19 20 22 23 29 30 31 33 34]
BEST: 18
BETTER: False
START
SOL: [ 2  3  4  7  8 10 11 16 18 19 20 22 23 29 30 31 33 34]
OBJ: 18
M: li2
PAR: 2
INC: [ 2  3  4  7  8 10 11 16 18 19 20 22 23 29 30 31 33 34]
BEST: 18
END
SOL: [ 2  3  4  7  8 10 11 16 18 19 20 22 23 29 30 31 33 34]
OBJ: 18
M: li2
PAR: 2
INC: [ 2  3  4  7  8 10 11 16 18 19 20 22 23 29 30 31 33 34]
BEST: 18
BETTER: False
END_ITER
START
SOL: [ 2  3  4  7  8 10 11 16 18 19 20 22 23 29 30 31 33 34]
OBJ: 18
M: sh5
PAR: 5
INC: [ 2  3  4  7  8 10 11 16 18 19 20 22 23 29 30 31 33 34]
BEST: 18
END
SOL: [ 2  3  4  7  8 10 11 16 18 19 20 22 23 26 29 30 31 34]
OBJ: 18
M: sh5
PAR: 5
INC: [ 2  3  4  7  8 10 11 16 18 19 20 22 23 29 30 31 33 34]
BEST: 18
BETTER: False
START
SOL: [ 2  3  4  7  8 10 11 16 18 19 20 22 23 26 29 30 31 34]
OBJ: 18
M: li2
PAR: 2
INC: [ 2  3  4  7  8 10 11 16 18 19 20 22 23 29 30 31 33 34]
BEST: 18
END
SOL: [ 2  3  4  7  8 10 11 16 18 19 20 22 23 26 29 30 31 34]
OBJ: 18
M: li2
PAR: 2
INC: [ 2  3  4  7  8 10 11 16 18 19 20 22 23 29 30 31 33 34]
BEST: 18
BETTER: False
END_ITER
START
SOL: [ 2  3  4  7  8 10 11 16 18 19 20 22 23 29 30 31 33 34]
OBJ: 18
M: sh5
PAR: 5
INC: [ 2  3  4  7  8 10 11 16 18 19 20 22 23 29 30 31 33 34]
BEST: 18
END
SOL: [ 2  3  7  8  9 10 16 18 19 20 22 23 29 30 31 33 34]
OBJ: 17
M: sh5
PAR: 5
INC: [ 2  3  4  7  8 10 11 16 18 19 20 22 23 29 30 31 33 34]
BEST: 18
BETTER: False
START
SOL: [ 2  3  7  8  9 10 16 18 19 20 22 23 29 30 31 33 34]
OBJ: 17
M: li2
PAR: 2
INC: [ 2  3  4  7  8 10 11 16 18 19 20 22 23 29 30 31 33 34]
BEST: 18
END
SOL: [ 2  3  7  8  9 10 16 18 19 20 22 23 29 30 31 33 34]
OBJ: 17
M: li2
PAR: 2
INC: [ 2  3  4  7  8 10 11 16 18 19 20 22 23 29 30 31 33 34]
BEST: 18
BETTER: False
END_ITER
START
SOL: [ 2  3  4  7  8 10 11 16 18 19 20 22 23 29 30 31 33 34]
OBJ: 18
M: sh5
PAR: 5
INC: [ 2  3  4  7  8 10 11 16 18 19 20 22 23 29 30 31 33 34]
BEST: 18
END
SOL: [ 3  4  7  8 10 11 16 17 18 19 23 30 31 32 33 34]
OBJ: 16
M: sh5
PAR: 5
INC: [ 2  3  4  7  8 10 11 16 18 19 20 22 23 29 30 31 33 34]
BEST: 18
BETTER: False
START
SOL: [ 3  4  7  8 10 11 16 17 18 19 23 30 31 32 33 34]
OBJ: 16
M: li2
PAR: 2
INC: [ 2  3  4  7  8 10 11 16 18 19 20 22 23 29 30 31 33 34]
BEST: 18
END
SOL: [ 3  4  7  8 10 11 16 17 18 19 22 23 30 31 32 33 34]
OBJ: 17
M: li2
PAR: 2
INC: [ 2  3  4  7  8 10 11 16 18 19 20 22 23 29 30 31 33 34]
BEST: 18
BETTER: False
START
SOL: [ 3  4  7  8 10 11 16 17 18 19 22 23 30 31 32 33 34]
OBJ: 17
M: li2
PAR: 2
INC: [ 2  3  4  7  8 10 11 16 18 19 20 22 23 29 30 31 33 34]
BEST: 18
END
SOL: [ 3  4  7  8 10 11 16 17 18 19 22 23 30 31 32 33 34]
OBJ: 17
M: li2
PAR: 2
INC: [ 2  3  4  7  8 10 11 16 18 19 20 22 23 29 30 31 33 34]
BEST: 18
BETTER: False
END_ITER
START
SOL: [ 2  3  4  7  8 10 11 16 18 19 20 22 23 29 30 31 33 34]
OBJ: 18
M: sh5
PAR: 5
INC: [ 2  3  4  7  8 10 11 16 18 19 20 22 23 29 30 31 33 34]
BEST: 18
END
SOL: [ 2  3  4  7  8 10 11 16 18 19 20 22 23 29 30 31 33 34]
OBJ: 18
M: sh5
PAR: 5
INC: [ 2  3  4  7  8 10 11 16 18 19 20 22 23 29 30 31 33 34]
BEST: 18
BETTER: False
START
SOL: [ 2  3  4  7  8 10 11 16 18 19 20 22 23 29 30 31 33 34]
OBJ: 18
M: li2
PAR: 2
INC: [ 2  3  4  7  8 10 11 16 18 19 20 22 23 29 30 31 33 34]
BEST: 18
END
SOL: [ 2  3  4  7  8 10 11 16 18 19 20 22 23 29 30 31 33 34]
OBJ: 18
M: li2
PAR: 2
INC: [ 2  3  4  7  8 10 11 16 18 19 20 22 23 29 30 31 33 34]
BEST: 18
BETTER: False
END_ITER
START
SOL: [ 2  3  4  7  8 10 11 16 18 19 20 22 23 29 30 31 33 34]
OBJ: 18
M: sh5
PAR: 5
INC: [ 2  3  4  7  8 10 11 16 18 19 20 22 23 29 30 31 33 34]
BEST: 18
END
SOL: [ 2  3  4  7  8 10 11 16 18 19 20 22 23 26 29 30 31 34]
OBJ: 18
M: sh5
PAR: 5
INC: [ 2  3  4  7  8 10 11 16 18 19 20 22 23 29 30 31 33 34]
BEST: 18
BETTER: False
START
SOL: [ 2  3  4  7  8 10 11 16 18 19 20 22 23 26 29 30 31 34]
OBJ: 18
M: li2
PAR: 2
INC: [ 2  3  4  7  8 10 11 16 18 19 20 22 23 29 30 31 33 34]
BEST: 18
END
SOL: [ 2  3  4  7  8 10 11 16 18 19 20 22 23 26 29 30 31 34]
OBJ: 18
M: li2
PAR: 2
INC: [ 2  3  4  7  8 10 11 16 18 19 20 22 23 29 30 31 33 34]
BEST: 18
BETTER: False
END_ITER
START
SOL: [ 2  3  4  7  8 10 11 16 18 19 20 22 23 29 30 31 33 34]
OBJ: 18
M: sh5
PAR: 5
INC: [ 2  3  4  7  8 10 11 16 18 19 20 22 23 29 30 31 33 34]
BEST: 18
END
SOL: [ 2  3  4  7  8 10 11 16 18 19 20 22 23 29 30 31 33 34]
OBJ: 18
M: sh5
PAR: 5
INC: [ 2  3  4  7  8 10 11 16 18 19 20 22 23 29 30 31 33 34]
BEST: 18
BETTER: False
START
SOL: [ 2  3  4  7  8 10 11 16 18 19 20 22 23 29 30 31 33 34]
OBJ: 18
M: li2
PAR: 2
INC: [ 2  3  4  7  8 10 11 16 18 19 20 22 23 29 30 31 33 34]
BEST: 18
END
SOL: [ 2  3  4  7  8 10 11 16 18 19 20 22 23 29 30 31 33 34]
OBJ: 18
M: li2
PAR: 2
INC: [ 2  3  4  7  8 10 11 16 18 19 20 22 23 29 30 31 33 34]
BEST: 18
BETTER: False
END_ITER
START
SOL: [ 2  3  4  7  8 10 11 16 18 19 20 22 23 29 30 31 33 34]
OBJ: 18
M: sh5
PAR: 5
INC: [ 2  3  4  7  8 10 11 16 18 19 20 22 23 29 30 31 33 34]
BEST: 18
END
SOL: [ 2  3  4  7  8 10 11 16 18 19 20 22 23 29 30 31 33 34]
OBJ: 18
M: sh5
PAR: 5
INC: [ 2  3  4  7  8 10 11 16 18 19 20 22 23 29 30 31 33 34]
BEST: 18
BETTER: False
START
SOL: [ 2  3  4  7  8 10 11 16 18 19 20 22 23 29 30 31 33 34]
OBJ: 18
M: li2
PAR: 2
INC: [ 2  3  4  7  8 10 11 16 18 19 20 22 23 29 30 31 33 34]
BEST: 18
END
SOL: [ 2  3  4  7  8 10 11 16 18 19 20 22 23 29 30 31 33 34]
OBJ: 18
M: li2
PAR: 2
INC: [ 2  3  4  7  8 10 11 16 18 19 20 22 23 29 30 31 33 34]
BEST: 18
BETTER: False
END_ITER
START
SOL: [ 2  3  4  7  8 10 11 16 18 19 20 22 23 29 30 31 33 34]
OBJ: 18
M: sh5
PAR: 5
INC: [ 2  3  4  7  8 10 11 16 18 19 20 22 23 29 30 31 33 34]
BEST: 18
END
SOL: [ 2  3  4  7  8 10 11 16 18 19 20 22 23 29 30 31 33 34]
OBJ: 18
M: sh5
PAR: 5
INC: [ 2  3  4  7  8 10 11 16 18 19 20 22 23 29 30 31 33 34]
BEST: 18
BETTER: False
START
SOL: [ 2  3  4  7  8 10 11 16 18 19 20 22 23 29 30 31 33 34]
OBJ: 18
M: li2
PAR: 2
INC: [ 2  3  4  7  8 10 11 16 18 19 20 22 23 29 30 31 33 34]
BEST: 18
END
SOL: [ 2  3  4  7  8 10 11 16 18 19 20 22 23 29 30 31 33 34]
OBJ: 18
M: li2
PAR: 2
INC: [ 2  3  4  7  8 10 11 16 18 19 20 22 23 29 30 31 33 34]
BEST: 18
BETTER: False
END_ITER
START
SOL: [ 2  3  4  7  8 10 11 16 18 19 20 22 23 29 30 31 33 34]
OBJ: 18
M: sh5
PAR: 5
INC: [ 2  3  4  7  8 10 11 16 18 19 20 22 23 29 30 31 33 34]
BEST: 18
END
SOL: [ 2  3  4  7  8 10 11 16 18 19 20 22 23 29 30 31 33 34]
OBJ: 18
M: sh5
PAR: 5
INC: [ 2  3  4  7  8 10 11 16 18 19 20 22 23 29 30 31 33 34]
BEST: 18
BETTER: False
START
SOL: [ 2  3  4  7  8 10 11 16 18 19 20 22 23 29 30 31 33 34]
OBJ: 18
M: li2
PAR: 2
INC: [ 2  3  4  7  8 10 11 16 18 19 20 22 23 29 30 31 33 34]
BEST: 18
END
SOL: [ 2  3  4  7  8 10 11 16 18 19 20 22 23 29 30 31 33 34]
OBJ: 18
M: li2
PAR: 2
INC: [ 2  3  4  7  8 10 11 16 18 19 20 22 23 29 30 31 33 34]
BEST: 18
BETTER: False
END_ITER
START
SOL: [ 2  3  4  7  8 10 11 16 18 19 20 22 23 29 30 31 33 34]
OBJ: 18
M: sh5
PAR: 5
INC: [ 2  3  4  7  8 10 11 16 18 19 20 22 23 29 30 31 33 34]
BEST: 18
END
SOL: [ 2  3  4  7  8 10 11 16 18 19 20 22 23 29 30 31 33 34]
OBJ: 18
M: sh5
PAR: 5
INC: [ 2  3  4  7  8 10 11 16 18 19 20 22 23 29 30 31 33 34]
BEST: 18
BETTER: False
START
SOL: [ 2  3  4  7  8 10 11 16 18 19 20 22 23 29 30 31 33 34]
OBJ: 18
M: li2
PAR: 2
INC: [ 2  3  4  7  8 10 11 16 18 19 20 22 23 29 30 31 33 34]
BEST: 18
END
SOL: [ 2  3  4  7  8 10 11 16 18 19 20 22 23 29 30 31 33 34]
OBJ: 18
M: li2
PAR: 2
INC: [ 2  3  4  7  8 10 11 16 18 19 20 22 23 29 30 31 33 34]
BEST: 18
BETTER: False
END_ITER
START
SOL: [ 2  3  4  7  8 10 11 16 18 19 20 22 23 29 30 31 33 34]
OBJ: 18
M: sh5
PAR: 5
INC: [ 2  3  4  7  8 10 11 16 18 19 20 22 23 29 30 31 33 34]
BEST: 18
END
SOL: [ 2  3  4  7  8 11 16 18 19 20 22 23 29 30 31 33 34]
OBJ: 17
M: sh5
PAR: 5
INC: [ 2  3  4  7  8 10 11 16 18 19 20 22 23 29 30 31 33 34]
BEST: 18
BETTER: False
START
SOL: [ 2  3  4  7  8 11 16 18 19 20 22 23 29 30 31 33 34]
OBJ: 17
M: li2
PAR: 2
INC: [ 2  3  4  7  8 10 11 16 18 19 20 22 23 29 30 31 33 34]
BEST: 18
END
SOL: [ 2  3  4  7  8 10 11 16 18 19 20 22 23 29 30 31 33 34]
OBJ: 18
M: li2
PAR: 2
INC: [ 2  3  4  7  8 10 11 16 18 19 20 22 23 29 30 31 33 34]
BEST: 18
BETTER: False
START
SOL: [ 2  3  4  7  8 10 11 16 18 19 20 22 23 29 30 31 33 34]
OBJ: 18
M: li2
PAR: 2
INC: [ 2  3  4  7  8 10 11 16 18 19 20 22 23 29 30 31 33 34]
BEST: 18
END
SOL: [ 2  3  4  7  8 10 11 16 18 19 20 22 23 29 30 31 33 34]
OBJ: 18
M: li2
PAR: 2
INC: [ 2  3  4  7  8 10 11 16 18 19 20 22 23 29 30 31 33 34]
BEST: 18
BETTER: False
END_ITER
START
SOL: [ 2  3  4  7  8 10 11 16 18 19 20 22 23 29 30 31 33 34]
OBJ: 18
M: sh5
PAR: 5
INC: [ 2  3  4  7  8 10 11 16 18 19 20 22 23 29 30 31 33 34]
BEST: 18
END
SOL: [ 2  3  7  8  9 10 16 18 19 20 22 23 26 29 30 31 34]
OBJ: 17
M: sh5
PAR: 5
INC: [ 2  3  4  7  8 10 11 16 18 19 20 22 23 29 30 31 33 34]
BEST: 18
BETTER: False
START
SOL: [ 2  3  7  8  9 10 16 18 19 20 22 23 26 29 30 31 34]
OBJ: 17
M: li2
PAR: 2
INC: [ 2  3  4  7  8 10 11 16 18 19 20 22 23 29 30 31 33 34]
BEST: 18
END
SOL: [ 2  3  7  8  9 10 16 18 19 20 22 23 26 29 30 31 34]
OBJ: 17
M: li2
PAR: 2
INC: [ 2  3  4  7  8 10 11 16 18 19 20 22 23 29 30 31 33 34]
BEST: 18
BETTER: False
END_ITER
START
SOL: [ 2  3  4  7  8 10 11 16 18 19 20 22 23 29 30 31 33 34]
OBJ: 18
M: sh5
PAR: 5
INC: [ 2  3  4  7  8 10 11 16 18 19 20 22 23 29 30 31 33 34]
BEST: 18
END
SOL: [ 2  3  4  7  8 10 11 16 18 19 20 22 23 29 30 31 33 34]
OBJ: 18
M: sh5
PAR: 5
INC: [ 2  3  4  7  8 10 11 16 18 19 20 22 23 29 30 31 33 34]
BEST: 18
BETTER: False
START
SOL: [ 2  3  4  7  8 10 11 16 18 19 20 22 23 29 30 31 33 34]
OBJ: 18
M: li2
PAR: 2
INC: [ 2  3  4  7  8 10 11 16 18 19 20 22 23 29 30 31 33 34]
BEST: 18
END
SOL: [ 2  3  4  7  8 10 11 16 18 19 20 22 23 29 30 31 33 34]
OBJ: 18
M: li2
PAR: 2
INC: [ 2  3  4  7  8 10 11 16 18 19 20 22 23 29 30 31 33 34]
BEST: 18
BETTER: False
END_ITER
START
SOL: [ 2  3  4  7  8 10 11 16 18 19 20 22 23 29 30 31 33 34]
OBJ: 18
M: sh5
PAR: 5
INC: [ 2  3  4  7  8 10 11 16 18 19 20 22 23 29 30 31 33 34]
BEST: 18
END
SOL: [ 2  3  4  7  8 10 11 16 18 19 20 22 23 29 30 31 33 34]
OBJ: 18
M: sh5
PAR: 5
INC: [ 2  3  4  7  8 10 11 16 18 19 20 22 23 29 30 31 33 34]
BEST: 18
BETTER: False
START
SOL: [ 2  3  4  7  8 10 11 16 18 19 20 22 23 29 30 31 33 34]
OBJ: 18
M: li2
PAR: 2
INC: [ 2  3  4  7  8 10 11 16 18 19 20 22 23 29 30 31 33 34]
BEST: 18
END
SOL: [ 2  3  4  7  8 10 11 16 18 19 20 22 23 29 30 31 33 34]
OBJ: 18
M: li2
PAR: 2
INC: [ 2  3  4  7  8 10 11 16 18 19 20 22 23 29 30 31 33 34]
BEST: 18
BETTER: False
END_ITER
START
SOL: [ 2  3  4  7  8 10 11 16 18 19 20 22 23 29 30 31 33 34]
OBJ: 18
M: sh5
PAR: 5
INC: [ 2  3  4  7  8 10 11 16 18 19 20 22 23 29 30 31 33 34]
BEST: 18
END
SOL: [ 2  3  4  7  8 10 11 16 18 19 20 22 23 29 30 31 33 34]
OBJ: 18
M: sh5
PAR: 5
INC: [ 2  3  4  7  8 10 11 16 18 19 20 22 23 29 30 31 33 34]
BEST: 18
BETTER: False
START
SOL: [ 2  3  4  7  8 10 11 16 18 19 20 22 23 29 30 31 33 34]
OBJ: 18
M: li2
PAR: 2
INC: [ 2  3  4  7  8 10 11 16 18 19 20 22 23 29 30 31 33 34]
BEST: 18
END
SOL: [ 2  3  4  7  8 10 11 16 18 19 20 22 23 29 30 31 33 34]
OBJ: 18
M: li2
PAR: 2
INC: [ 2  3  4  7  8 10 11 16 18 19 20 22 23 29 30 31 33 34]
BEST: 18
BETTER: False
END_ITER
START
SOL: [ 2  3  4  7  8 10 11 16 18 19 20 22 23 29 30 31 33 34]
OBJ: 18
M: sh5
PAR: 5
INC: [ 2  3  4  7  8 10 11 16 18 19 20 22 23 29 30 31 33 34]
BEST: 18
END
SOL: [ 2  3  4  7  8 10 11 16 18 19 20 22 23 26 29 30 31 34]
OBJ: 18
M: sh5
PAR: 5
INC: [ 2  3  4  7  8 10 11 16 18 19 20 22 23 29 30 31 33 34]
BEST: 18
BETTER: False
END_ITER
