I: gnm_30_50_20201218121554.mis
O: CH ('random', 0)
O: LI ('two-exchange random fill neighborhood search', 1)
O: SH ('remove k and random fill', 2)
O: SH ('remove k and random fill', 4)
MISP
GVNS
START
SOL: []
OBJ: 0
M: ch0
PAR: 0
INC: []
BEST: 0
END
SOL: [ 0  2 10 12 15 16 22 23 24 25]
OBJ: 10
M: ch0
PAR: 0
INC: [ 0  2 10 12 15 16 22 23 24 25]
BEST: 10
BETTER: True
START
SOL: [ 0  2 10 12 15 16 22 23 24 25]
OBJ: 10
M: li2
PAR: 2
INC: [ 0  2 10 12 15 16 22 23 24 25]
BEST: 10
END
SOL: [ 0  2 10 12 15 16 18 22 23 24 25]
OBJ: 11
M: li2
PAR: 2
INC: [ 0  2 10 12 15 16 18 22 23 24 25]
BEST: 11
BETTER: True
START
SOL: [ 0  2 10 12 15 16 18 22 23 24 25]
OBJ: 11
M: li2
PAR: 2
INC: [ 0  2 10 12 15 16 18 22 23 24 25]
BEST: 11
END
SOL: [ 0  2 12 15 16 17 18 19 22 23 24 25]
OBJ: 12
M: li2
PAR: 2
INC: [ 0  2 12 15 16 17 18 19 22 23 24 25]
BEST: 12
BETTER: True
START
SOL: [ 0  2 12 15 16 17 18 19 22 23 24 25]
OBJ: 12
M: li2
PAR: 2
INC: [ 0  2 12 15 16 17 18 19 22 23 24 25]
BEST: 12
END
SOL: [ 0  2 12 15 17 18 19 21 22 23 24 25 28]
OBJ: 13
M: li2
PAR: 2
INC: [ 0  2 12 15 17 18 19 21 22 23 24 25 28]
BEST: 13
BETTER: True
START
SOL: [ 0  2 12 15 17 18 19 21 22 23 24 25 28]
OBJ: 13
M: li2
PAR: 2
INC: [ 0  2 12 15 17 18 19 21 22 23 24 25 28]
BEST: 13
END
SOL: [ 0  2 12 15 17 18 19 21 22 23 24 25 28]
OBJ: 13
M: li2
PAR: 2
INC: [ 0  2 12 15 17 18 19 21 22 23 24 25 28]
BEST: 13
BETTER: False
START
SOL: [ 0  2 12 15 17 18 19 21 22 23 24 25 28]
OBJ: 13
M: sh2
PAR: 2
INC: [ 0  2 12 15 17 18 19 21 22 23 24 25 28]
BEST: 13
END
SOL: [ 0  2 12 15 17 18 19 21 22 23 24 25 28]
OBJ: 13
M: sh2
PAR: 2
INC: [ 0  2 12 15 17 18 19 21 22 23 24 25 28]
BEST: 13
BETTER: False
START
SOL: [ 0  2 12 15 17 18 19 21 22 23 24 25 28]
OBJ: 13
M: li2
PAR: 2
INC: [ 0  2 12 15 17 18 19 21 22 23 24 25 28]
BEST: 13
END
SOL: [ 0  2 12 15 17 18 19 21 22 23 24 25 28]
OBJ: 13
M: li2
PAR: 2
INC: [ 0  2 12 15 17 18 19 21 22 23 24 25 28]
BEST: 13
BETTER: False
START
SOL: [ 0  2 12 15 17 18 19 21 22 23 24 25 28]
OBJ: 13
M: sh2
PAR: 2
INC: [ 0  2 12 15 17 18 19 21 22 23 24 25 28]
BEST: 13
END
SOL: [ 0  2 12 15 17 18 19 21 22 23 24 25 28]
OBJ: 13
M: sh2
PAR: 2
INC: [ 0  2 12 15 17 18 19 21 22 23 24 25 28]
BEST: 13
BETTER: False
START
SOL: [ 0  2 12 15 17 18 19 21 22 23 24 25 28]
OBJ: 13
M: li2
PAR: 2
INC: [ 0  2 12 15 17 18 19 21 22 23 24 25 28]
BEST: 13
END
SOL: [ 0  2 12 15 17 18 19 21 22 23 24 25 28]
OBJ: 13
M: li2
PAR: 2
INC: [ 0  2 12 15 17 18 19 21 22 23 24 25 28]
BEST: 13
BETTER: False
START
SOL: [ 0  2 12 15 17 18 19 21 22 23 24 25 28]
OBJ: 13
M: sh4
PAR: 4
INC: [ 0  2 12 15 17 18 19 21 22 23 24 25 28]
BEST: 13
END
SOL: [ 2  4  6 12 15 17 18 21 22 23 25 27 28]
OBJ: 13
M: sh4
PAR: 4
INC: [ 0  2 12 15 17 18 19 21 22 23 24 25 28]
BEST: 13
BETTER: False
START
SOL: [ 2  4  6 12 15 17 18 21 22 23 25 27 28]
OBJ: 13
M: li2
PAR: 2
INC: [ 0  2 12 15 17 18 19 21 22 23 24 25 28]
BEST: 13
END
SOL: [ 2  4  6 12 15 17 18 21 22 23 25 27 28]
OBJ: 13
M: li2
PAR: 2
INC: [ 0  2 12 15 17 18 19 21 22 23 24 25 28]
BEST: 13
BETTER: False
START
SOL: [ 0  2 12 15 17 18 19 21 22 23 24 25 28]
OBJ: 13
M: sh2
PAR: 2
INC: [ 0  2 12 15 17 18 19 21 22 23 24 25 28]
BEST: 13
END
SOL: [ 2  9 12 15 17 18 19 21 22 23 25 27 28]
OBJ: 13
M: sh2
PAR: 2
INC: [ 0  2 12 15 17 18 19 21 22 23 24 25 28]
BEST: 13
BETTER: False
START
SOL: [ 2  9 12 15 17 18 19 21 22 23 25 27 28]
OBJ: 13
M: li2
PAR: 2
INC: [ 0  2 12 15 17 18 19 21 22 23 24 25 28]
BEST: 13
END
SOL: [ 2  9 12 15 17 18 19 21 22 23 25 27 28]
OBJ: 13
M: li2
PAR: 2
INC: [ 0  2 12 15 17 18 19 21 22 23 24 25 28]
BEST: 13
BETTER: False
START
SOL: [ 0  2 12 15 17 18 19 21 22 23 24 25 28]
OBJ: 13
M: sh4
PAR: 4
INC: [ 0  2 12 15 17 18 19 21 22 23 24 25 28]
BEST: 13
END
SOL: [ 0  2 12 15 17 18 19 21 22 23 24 25 28]
OBJ: 13
M: sh4
PAR: 4
INC: [ 0  2 12 15 17 18 19 21 22 23 24 25 28]
BEST: 13
BETTER: False
START
SOL: [ 0  2 12 15 17 18 19 21 22 23 24 25 28]
OBJ: 13
M: li2
PAR: 2
INC: [ 0  2 12 15 17 18 19 21 22 23 24 25 28]
BEST: 13
END
SOL: [ 0  2 12 15 17 18 19 21 22 23 24 25 28]
OBJ: 13
M: li2
PAR: 2
INC: [ 0  2 12 15 17 18 19 21 22 23 24 25 28]
BEST: 13
BETTER: False
START
SOL: [ 0  2 12 15 17 18 19 21 22 23 24 25 28]
OBJ: 13
M: sh2
PAR: 2
INC: [ 0  2 12 15 17 18 19 21 22 23 24 25 28]
BEST: 13
END
SOL: [ 0  2 12 15 17 18 19 21 22 23 24 25 28]
OBJ: 13
M: sh2
PAR: 2
INC: [ 0  2 12 15 17 18 19 21 22 23 24 25 28]
BEST: 13
BETTER: False
START
SOL: [ 0  2 12 15 17 18 19 21 22 23 24 25 28]
OBJ: 13
M: li2
PAR: 2
INC: [ 0  2 12 15 17 18 19 21 22 23 24 25 28]
BEST: 13
END
SOL: [ 0  2 12 15 17 18 19 21 22 23 24 25 28]
OBJ: 13
M: li2
PAR: 2
INC: [ 0  2 12 15 17 18 19 21 22 23 24 25 28]
BEST: 13
BETTER: False
START
SOL: [ 0  2 12 15 17 18 19 21 22 23 24 25 28]
OBJ: 13
M: sh4
PAR: 4
INC: [ 0  2 12 15 17 18 19 21 22 23 24 25 28]
BEST: 13
END
SOL: [ 2 12 15 17 18 19 21 22 23 24 25 27 28]
OBJ: 13
M: sh4
PAR: 4
INC: [ 0  2 12 15 17 18 19 21 22 23 24 25 28]
BEST: 13
BETTER: False
START
SOL: [ 2 12 15 17 18 19 21 22 23 24 25 27 28]
OBJ: 13
M: li2
PAR: 2
INC: [ 0  2 12 15 17 18 19 21 22 23 24 25 28]
BEST: 13
END
SOL: [ 2 12 15 17 18 19 21 22 23 24 25 27 28]
OBJ: 13
M: li2
PAR: 2
INC: [ 0  2 12 15 17 18 19 21 22 23 24 25 28]
BEST: 13
BETTER: False
START
SOL: [ 0  2 12 15 17 18 19 21 22 23 24 25 28]
OBJ: 13
M: sh2
PAR: 2
INC: [ 0  2 12 15 17 18 19 21 22 23 24 25 28]
BEST: 13
END
SOL: [ 0  2  9 12 15 17 18 19 21 22 23 25 28]
OBJ: 13
M: sh2
PAR: 2
INC: [ 0  2 12 15 17 18 19 21 22 23 24 25 28]
BEST: 13
BETTER: False
START
SOL: [ 0  2  9 12 15 17 18 19 21 22 23 25 28]
OBJ: 13
M: li2
PAR: 2
INC: [ 0  2 12 15 17 18 19 21 22 23 24 25 28]
BEST: 13
END
SOL: [ 0  2  9 12 15 17 18 19 21 22 23 25 28]
OBJ: 13
M: li2
PAR: 2
INC: [ 0  2 12 15 17 18 19 21 22 23 24 25 28]
BEST: 13
BETTER: False
START
SOL: [ 0  2 12 15 17 18 19 21 22 23 24 25 28]
OBJ: 13
M: sh4
PAR: 4
INC: [ 0  2 12 15 17 18 19 21 22 23 24 25 28]
BEST: 13
END
SOL: [ 0  2 12 15 17 18 19 21 22 23 24 25 28]
OBJ: 13
M: sh4
PAR: 4
INC: [ 0  2 12 15 17 18 19 21 22 23 24 25 28]
BEST: 13
BETTER: False
START
SOL: [ 0  2 12 15 17 18 19 21 22 23 24 25 28]
OBJ: 13
M: li2
PAR: 2
INC: [ 0  2 12 15 17 18 19 21 22 23 24 25 28]
BEST: 13
END
SOL: [ 0  2 12 15 17 18 19 21 22 23 24 25 28]
OBJ: 13
M: li2
PAR: 2
INC: [ 0  2 12 15 17 18 19 21 22 23 24 25 28]
BEST: 13
BETTER: False
START
SOL: [ 0  2 12 15 17 18 19 21 22 23 24 25 28]
OBJ: 13
M: sh2
PAR: 2
INC: [ 0  2 12 15 17 18 19 21 22 23 24 25 28]
BEST: 13
END
SOL: [ 0  2  6 12 15 17 18 19 21 22 23 25 28]
OBJ: 13
M: sh2
PAR: 2
INC: [ 0  2 12 15 17 18 19 21 22 23 24 25 28]
BEST: 13
BETTER: False
START
SOL: [ 0  2  6 12 15 17 18 19 21 22 23 25 28]
OBJ: 13
M: li2
PAR: 2
INC: [ 0  2 12 15 17 18 19 21 22 23 24 25 28]
BEST: 13
END
SOL: [ 0  2  6 12 15 17 18 19 21 22 23 25 28]
OBJ: 13
M: li2
PAR: 2
INC: [ 0  2 12 15 17 18 19 21 22 23 24 25 28]
BEST: 13
BETTER: False
START
SOL: [ 0  2 12 15 17 18 19 21 22 23 24 25 28]
OBJ: 13
M: sh4
PAR: 4
INC: [ 0  2 12 15 17 18 19 21 22 23 24 25 28]
BEST: 13
END
SOL: [ 2 12 15 17 18 19 21 22 23 24 27 28]
OBJ: 12
M: sh4
PAR: 4
INC: [ 0  2 12 15 17 18 19 21 22 23 24 25 28]
BEST: 13
BETTER: False
START
SOL: [ 2 12 15 17 18 19 21 22 23 24 27 28]
OBJ: 12
M: li2
PAR: 2
INC: [ 0  2 12 15 17 18 19 21 22 23 24 25 28]
BEST: 13
END
SOL: [ 2 12 15 17 18 19 21 22 23 24 25 27 28]
OBJ: 13
M: li2
PAR: 2
INC: [ 0  2 12 15 17 18 19 21 22 23 24 25 28]
BEST: 13
BETTER: False
START
SOL: [ 2 12 15 17 18 19 21 22 23 24 25 27 28]
OBJ: 13
M: li2
PAR: 2
INC: [ 0  2 12 15 17 18 19 21 22 23 24 25 28]
BEST: 13
END
SOL: [ 2 12 15 17 18 19 21 22 23 24 25 27 28]
OBJ: 13
M: li2
PAR: 2
INC: [ 0  2 12 15 17 18 19 21 22 23 24 25 28]
BEST: 13
BETTER: False
START
SOL: [ 0  2 12 15 17 18 19 21 22 23 24 25 28]
OBJ: 13
M: sh2
PAR: 2
INC: [ 0  2 12 15 17 18 19 21 22 23 24 25 28]
BEST: 13
END
SOL: [ 0  2 12 15 17 18 19 21 22 23 24 25 28]
OBJ: 13
M: sh2
PAR: 2
INC: [ 0  2 12 15 17 18 19 21 22 23 24 25 28]
BEST: 13
BETTER: False
START
SOL: [ 0  2 12 15 17 18 19 21 22 23 24 25 28]
OBJ: 13
M: li2
PAR: 2
INC: [ 0  2 12 15 17 18 19 21 22 23 24 25 28]
BEST: 13
END
SOL: [ 0  2 12 15 17 18 19 21 22 23 24 25 28]
OBJ: 13
M: li2
PAR: 2
INC: [ 0  2 12 15 17 18 19 21 22 23 24 25 28]
BEST: 13
BETTER: False
START
SOL: [ 0  2 12 15 17 18 19 21 22 23 24 25 28]
OBJ: 13
M: sh4
PAR: 4
INC: [ 0  2 12 15 17 18 19 21 22 23 24 25 28]
BEST: 13
END
SOL: [ 0  2 12 15 17 18 19 21 22 23 24 25 28]
OBJ: 13
M: sh4
PAR: 4
INC: [ 0  2 12 15 17 18 19 21 22 23 24 25 28]
BEST: 13
BETTER: False
START
SOL: [ 0  2 12 15 17 18 19 21 22 23 24 25 28]
OBJ: 13
M: li2
PAR: 2
INC: [ 0  2 12 15 17 18 19 21 22 23 24 25 28]
BEST: 13
END
SOL: [ 0  2 12 15 17 18 19 21 22 23 24 25 28]
OBJ: 13
M: li2
PAR: 2
INC: [ 0  2 12 15 17 18 19 21 22 23 24 25 28]
BEST: 13
BETTER: False
START
SOL: [ 0  2 12 15 17 18 19 21 22 23 24 25 28]
OBJ: 13
M: sh2
PAR: 2
INC: [ 0  2 12 15 17 18 19 21 22 23 24 25 28]
BEST: 13
END
SOL: [ 0  2 12 15 17 18 19 21 22 23 24 25 28]
OBJ: 13
M: sh2
PAR: 2
INC: [ 0  2 12 15 17 18 19 21 22 23 24 25 28]
BEST: 13
BETTER: False
START
SOL: [ 0  2 12 15 17 18 19 21 22 23 24 25 28]
OBJ: 13
M: li2
PAR: 2
INC: [ 0  2 12 15 17 18 19 21 22 23 24 25 28]
BEST: 13
END
SOL: [ 0  2 12 15 17 18 19 21 22 23 24 25 28]
OBJ: 13
M: li2
PAR: 2
INC: [ 0  2 12 15 17 18 19 21 22 23 24 25 28]
BEST: 13
BETTER: False
START
SOL: [ 0  2 12 15 17 18 19 21 22 23 24 25 28]
OBJ: 13
M: sh4
PAR: 4
INC: [ 0  2 12 15 17 18 19 21 22 23 24 25 28]
BEST: 13
END
SOL: [ 0  2  3  7 17 18 19 21 22 23 24 25 28]
OBJ: 13
M: sh4
PAR: 4
INC: [ 0  2 12 15 17 18 19 21 22 23 24 25 28]
BEST: 13
BETTER: False
START
SOL: [ 0  2  3  7 17 18 19 21 22 23 24 25 28]
OBJ: 13
M: li2
PAR: 2
INC: [ 0  2 12 15 17 18 19 21 22 23 24 25 28]
BEST: 13
END
SOL: [ 0  2  3  7 17 18 19 21 22 23 24 25 28]
OBJ: 13
M: li2
PAR: 2
INC: [ 0  2 12 15 17 18 19 21 22 23 24 25 28]
BEST: 13
BETTER: False
START
SOL: [ 0  2 12 15 17 18 19 21 22 23 24 25 28]
OBJ: 13
M: sh2
PAR: 2
INC: [ 0  2 12 15 17 18 19 21 22 23 24 25 28]
BEST: 13
END
SOL: [ 0  2  3 15 17 18 19 21 22 23 24 25 28]
OBJ: 13
M: sh2
PAR: 2
INC: [ 0  2 12 15 17 18 19 21 22 23 24 25 28]
BEST: 13
BETTER: False
START
SOL: [ 0  2  3 15 17 18 19 21 22 23 24 25 28]
OBJ: 13
M: li2
PAR: 2
INC: [ 0  2 12 15 17 18 19 21 22 23 24 25 28]
BEST: 13
END
SOL: [ 0  2  3 15 17 18 19 21 22 23 24 25 28]
OBJ: 13
M: li2
PAR: 2
INC: [ 0  2 12 15 17 18 19 21 22 23 24 25 28]
BEST: 13
BETTER: False
START
SOL: [ 0  2 12 15 17 18 19 21 22 23 24 25 28]
OBJ: 13
M: sh4
PAR: 4
INC: [ 0  2 12 15 17 18 19 21 22 23 24 25 28]
BEST: 13
END
SOL: [ 0  2  4  9 12 15 17 18 21 22 23 25 28]
OBJ: 13
M: sh4
PAR: 4
INC: [ 0  2 12 15 17 18 19 21 22 23 24 25 28]
BEST: 13
BETTER: False
START
SOL: [ 0  2  4  9 12 15 17 18 21 22 23 25 28]
OBJ: 13
M: li2
PAR: 2
INC: [ 0  2 12 15 17 18 19 21 22 23 24 25 28]
BEST: 13
END
SOL: [ 0  2  4  9 12 15 17 18 21 22 23 25 28]
OBJ: 13
M: li2
PAR: 2
INC: [ 0  2 12 15 17 18 19 21 22 23 24 25 28]
BEST: 13
BETTER: False
START
SOL: [ 0  2 12 15 17 18 19 21 22 23 24 25 28]
OBJ: 13
M: sh2
PAR: 2
INC: [ 0  2 12 15 17 18 19 21 22 23 24 25 28]
BEST: 13
END
SOL: [ 0  2  3 15 17 18 19 21 22 23 24 25 28]
OBJ: 13
M: sh2
PAR: 2
INC: [ 0  2 12 15 17 18 19 21 22 23 24 25 28]
BEST: 13
BETTER: False
START
SOL: [ 0  2  3 15 17 18 19 21 22 23 24 25 28]
OBJ: 13
M: li2
PAR: 2
INC: [ 0  2 12 15 17 18 19 21 22 23 24 25 28]
BEST: 13
END
SOL: [ 0  2  3 15 17 18 19 21 22 23 24 25 28]
OBJ: 13
M: li2
PAR: 2
INC: [ 0  2 12 15 17 18 19 21 22 23 24 25 28]
BEST: 13
BETTER: False
START
SOL: [ 0  2 12 15 17 18 19 21 22 23 24 25 28]
OBJ: 13
M: sh4
PAR: 4
INC: [ 0  2 12 15 17 18 19 21 22 23 24 25 28]
BEST: 13
END
SOL: [ 0  2 12 15 17 18 19 21 22 24 25 28]
OBJ: 12
M: sh4
PAR: 4
INC: [ 0  2 12 15 17 18 19 21 22 23 24 25 28]
BEST: 13
BETTER: False
START
SOL: [ 0  2 12 15 17 18 19 21 22 24 25 28]
OBJ: 12
M: li2
PAR: 2
INC: [ 0  2 12 15 17 18 19 21 22 23 24 25 28]
BEST: 13
END
SOL: [ 0  2  3 15 17 18 19 21 22 23 24 25 28]
OBJ: 13
M: li2
PAR: 2
INC: [ 0  2 12 15 17 18 19 21 22 23 24 25 28]
BEST: 13
BETTER: False
START
SOL: [ 0  2  3 15 17 18 19 21 22 23 24 25 28]
OBJ: 13
M: li2
PAR: 2
INC: [ 0  2 12 15 17 18 19 21 22 23 24 25 28]
BEST: 13
END
SOL: [ 0  2  3 15 17 18 19 21 22 23 24 25 28]
OBJ: 13
M: li2
PAR: 2
INC: [ 0  2 12 15 17 18 19 21 22 23 24 25 28]
BEST: 13
BETTER: False
START
SOL: [ 0  2 12 15 17 18 19 21 22 23 24 25 28]
OBJ: 13
M: sh2
PAR: 2
INC: [ 0  2 12 15 17 18 19 21 22 23 24 25 28]
BEST: 13
END
SOL: [ 0  2 12 15 17 18 19 21 22 23 24 25 28]
OBJ: 13
M: sh2
PAR: 2
INC: [ 0  2 12 15 17 18 19 21 22 23 24 25 28]
BEST: 13
BETTER: False
START
SOL: [ 0  2 12 15 17 18 19 21 22 23 24 25 28]
OBJ: 13
M: li2
PAR: 2
INC: [ 0  2 12 15 17 18 19 21 22 23 24 25 28]
BEST: 13
END
SOL: [ 0  2 12 15 17 18 19 21 22 23 24 25 28]
OBJ: 13
M: li2
PAR: 2
INC: [ 0  2 12 15 17 18 19 21 22 23 24 25 28]
BEST: 13
BETTER: False
START
SOL: [ 0  2 12 15 17 18 19 21 22 23 24 25 28]
OBJ: 13
M: sh4
PAR: 4
INC: [ 0  2 12 15 17 18 19 21 22 23 24 25 28]
BEST: 13
END
SOL: [ 0  2 12 15 17 18 19 21 22 23 24 25 28]
OBJ: 13
M: sh4
PAR: 4
INC: [ 0  2 12 15 17 18 19 21 22 23 24 25 28]
BEST: 13
BETTER: False
START
SOL: [ 0  2 12 15 17 18 19 21 22 23 24 25 28]
OBJ: 13
M: li2
PAR: 2
INC: [ 0  2 12 15 17 18 19 21 22 23 24 25 28]
BEST: 13
END
SOL: [ 0  2 12 15 17 18 19 21 22 23 24 25 28]
OBJ: 13
M: li2
PAR: 2
INC: [ 0  2 12 15 17 18 19 21 22 23 24 25 28]
BEST: 13
BETTER: False
START
SOL: [ 0  2 12 15 17 18 19 21 22 23 24 25 28]
OBJ: 13
M: sh2
PAR: 2
INC: [ 0  2 12 15 17 18 19 21 22 23 24 25 28]
BEST: 13
END
SOL: [ 0  2  3 15 17 18 19 21 22 23 24 25 28]
OBJ: 13
M: sh2
PAR: 2
INC: [ 0  2 12 15 17 18 19 21 22 23 24 25 28]
BEST: 13
BETTER: False
START
SOL: [ 0  2  3 15 17 18 19 21 22 23 24 25 28]
OBJ: 13
M: li2
PAR: 2
INC: [ 0  2 12 15 17 18 19 21 22 23 24 25 28]
BEST: 13
END
SOL: [ 0  2  3 15 17 18 19 21 22 23 24 25 28]
OBJ: 13
M: li2
PAR: 2
INC: [ 0  2 12 15 17 18 19 21 22 23 24 25 28]
BEST: 13
BETTER: False
START
SOL: [ 0  2 12 15 17 18 19 21 22 23 24 25 28]
OBJ: 13
M: sh4
PAR: 4
INC: [ 0  2 12 15 17 18 19 21 22 23 24 25 28]
BEST: 13
END
SOL: [ 0  2  3 15 17 18 19 21 22 23 24 25 28]
OBJ: 13
M: sh4
PAR: 4
INC: [ 0  2 12 15 17 18 19 21 22 23 24 25 28]
BEST: 13
BETTER: False
START
SOL: [ 0  2  3 15 17 18 19 21 22 23 24 25 28]
OBJ: 13
M: li2
PAR: 2
INC: [ 0  2 12 15 17 18 19 21 22 23 24 25 28]
BEST: 13
END
SOL: [ 0  2  3 15 17 18 19 21 22 23 24 25 28]
OBJ: 13
M: li2
PAR: 2
INC: [ 0  2 12 15 17 18 19 21 22 23 24 25 28]
BEST: 13
BETTER: False
START
SOL: [ 0  2 12 15 17 18 19 21 22 23 24 25 28]
OBJ: 13
M: sh2
PAR: 2
INC: [ 0  2 12 15 17 18 19 21 22 23 24 25 28]
BEST: 13
END
SOL: [ 2 12 15 17 18 19 21 22 23 24 25 27 28]
OBJ: 13
M: sh2
PAR: 2
INC: [ 0  2 12 15 17 18 19 21 22 23 24 25 28]
BEST: 13
BETTER: False
START
SOL: [ 2 12 15 17 18 19 21 22 23 24 25 27 28]
OBJ: 13
M: li2
PAR: 2
INC: [ 0  2 12 15 17 18 19 21 22 23 24 25 28]
BEST: 13
END
SOL: [ 2 12 15 17 18 19 21 22 23 24 25 27 28]
OBJ: 13
M: li2
PAR: 2
INC: [ 0  2 12 15 17 18 19 21 22 23 24 25 28]
BEST: 13
BETTER: False
START
SOL: [ 0  2 12 15 17 18 19 21 22 23 24 25 28]
OBJ: 13
M: sh4
PAR: 4
INC: [ 0  2 12 15 17 18 19 21 22 23 24 25 28]
BEST: 13
END
SOL: [ 0  2  3  4  9 15 17 18 21 22 23 25 28]
OBJ: 13
M: sh4
PAR: 4
INC: [ 0  2 12 15 17 18 19 21 22 23 24 25 28]
BEST: 13
BETTER: False
START
SOL: [ 0  2  3  4  9 15 17 18 21 22 23 25 28]
OBJ: 13
M: li2
PAR: 2
INC: [ 0  2 12 15 17 18 19 21 22 23 24 25 28]
BEST: 13
END
SOL: [ 0  2  3  4  9 15 17 18 21 22 23 25 28]
OBJ: 13
M: li2
PAR: 2
INC: [ 0  2 12 15 17 18 19 21 22 23 24 25 28]
BEST: 13
BETTER: False
START
SOL: [ 0  2 12 15 17 18 19 21 22 23 24 25 28]
OBJ: 13
M: sh2
PAR: 2
INC: [ 0  2 12 15 17 18 19 21 22 23 24 25 28]
BEST: 13
END
SOL: [ 0  2  9 12 15 17 18 19 21 22 23 25 28]
OBJ: 13
M: sh2
PAR: 2
INC: [ 0  2 12 15 17 18 19 21 22 23 24 25 28]
BEST: 13
BETTER: False
START
SOL: [ 0  2  9 12 15 17 18 19 21 22 23 25 28]
OBJ: 13
M: li2
PAR: 2
INC: [ 0  2 12 15 17 18 19 21 22 23 24 25 28]
BEST: 13
END
SOL: [ 0  2  9 12 15 17 18 19 21 22 23 25 28]
OBJ: 13
M: li2
PAR: 2
INC: [ 0  2 12 15 17 18 19 21 22 23 24 25 28]
BEST: 13
BETTER: False
START
SOL: [ 0  2 12 15 17 18 19 21 22 23 24 25 28]
OBJ: 13
M: sh4
PAR: 4
INC: [ 0  2 12 15 17 18 19 21 22 23 24 25 28]
BEST: 13
END
SOL: [ 0  2 12 15 17 18 19 21 22 23 24 25 28]
OBJ: 13
M: sh4
PAR: 4
INC: [ 0  2 12 15 17 18 19 21 22 23 24 25 28]
BEST: 13
BETTER: False
START
SOL: [ 0  2 12 15 17 18 19 21 22 23 24 25 28]
OBJ: 13
M: li2
PAR: 2
INC: [ 0  2 12 15 17 18 19 21 22 23 24 25 28]
BEST: 13
END
SOL: [ 0  2 12 15 17 18 19 21 22 23 24 25 28]
OBJ: 13
M: li2
PAR: 2
INC: [ 0  2 12 15 17 18 19 21 22 23 24 25 28]
BEST: 13
BETTER: False
START
SOL: [ 0  2 12 15 17 18 19 21 22 23 24 25 28]
OBJ: 13
M: sh2
PAR: 2
INC: [ 0  2 12 15 17 18 19 21 22 23 24 25 28]
BEST: 13
END
SOL: [ 0  2 12 15 17 18 19 21 22 23 24 25 28]
OBJ: 13
M: sh2
PAR: 2
INC: [ 0  2 12 15 17 18 19 21 22 23 24 25 28]
BEST: 13
BETTER: False
START
SOL: [ 0  2 12 15 17 18 19 21 22 23 24 25 28]
OBJ: 13
M: li2
PAR: 2
INC: [ 0  2 12 15 17 18 19 21 22 23 24 25 28]
BEST: 13
END
SOL: [ 0  2 12 15 17 18 19 21 22 23 24 25 28]
OBJ: 13
M: li2
PAR: 2
INC: [ 0  2 12 15 17 18 19 21 22 23 24 25 28]
BEST: 13
BETTER: False
START
SOL: [ 0  2 12 15 17 18 19 21 22 23 24 25 28]
OBJ: 13
M: sh4
PAR: 4
INC: [ 0  2 12 15 17 18 19 21 22 23 24 25 28]
BEST: 13
END
SOL: [ 0  2 12 15 17 18 19 21 22 23 24 25 28]
OBJ: 13
M: sh4
PAR: 4
INC: [ 0  2 12 15 17 18 19 21 22 23 24 25 28]
BEST: 13
BETTER: False
START
SOL: [ 0  2 12 15 17 18 19 21 22 23 24 25 28]
OBJ: 13
M: li2
PAR: 2
INC: [ 0  2 12 15 17 18 19 21 22 23 24 25 28]
BEST: 13
END
SOL: [ 0  2 12 15 17 18 19 21 22 23 24 25 28]
OBJ: 13
M: li2
PAR: 2
INC: [ 0  2 12 15 17 18 19 21 22 23 24 25 28]
BEST: 13
BETTER: False
START
SOL: [ 0  2 12 15 17 18 19 21 22 23 24 25 28]
OBJ: 13
M: sh2
PAR: 2
INC: [ 0  2 12 15 17 18 19 21 22 23 24 25 28]
BEST: 13
END
SOL: [ 0  2  7 12 17 18 19 21 22 23 24 25 28]
OBJ: 13
M: sh2
PAR: 2
INC: [ 0  2 12 15 17 18 19 21 22 23 24 25 28]
BEST: 13
BETTER: False
START
SOL: [ 0  2  7 12 17 18 19 21 22 23 24 25 28]
OBJ: 13
M: li2
PAR: 2
INC: [ 0  2 12 15 17 18 19 21 22 23 24 25 28]
BEST: 13
END
SOL: [ 0  2  7 12 17 18 19 21 22 23 24 25 28]
OBJ: 13
M: li2
PAR: 2
INC: [ 0  2 12 15 17 18 19 21 22 23 24 25 28]
BEST: 13
BETTER: False
START
SOL: [ 0  2 12 15 17 18 19 21 22 23 24 25 28]
OBJ: 13
M: sh4
PAR: 4
INC: [ 0  2 12 15 17 18 19 21 22 23 24 25 28]
BEST: 13
END
SOL: [ 0  2  7 12 17 18 19 21 22 23 24 25 28]
OBJ: 13
M: sh4
PAR: 4
INC: [ 0  2 12 15 17 18 19 21 22 23 24 25 28]
BEST: 13
BETTER: False
START
SOL: [ 0  2  7 12 17 18 19 21 22 23 24 25 28]
OBJ: 13
M: li2
PAR: 2
INC: [ 0  2 12 15 17 18 19 21 22 23 24 25 28]
BEST: 13
END
SOL: [ 0  2  7 12 17 18 19 21 22 23 24 25 28]
OBJ: 13
M: li2
PAR: 2
INC: [ 0  2 12 15 17 18 19 21 22 23 24 25 28]
BEST: 13
BETTER: False
START
SOL: [ 0  2 12 15 17 18 19 21 22 23 24 25 28]
OBJ: 13
M: sh2
PAR: 2
INC: [ 0  2 12 15 17 18 19 21 22 23 24 25 28]
BEST: 13
END
SOL: [ 0  2 12 15 17 18 19 21 22 23 24 25 28]
OBJ: 13
M: sh2
PAR: 2
INC: [ 0  2 12 15 17 18 19 21 22 23 24 25 28]
BEST: 13
BETTER: False
START
SOL: [ 0  2 12 15 17 18 19 21 22 23 24 25 28]
OBJ: 13
M: li2
PAR: 2
INC: [ 0  2 12 15 17 18 19 21 22 23 24 25 28]
BEST: 13
END
SOL: [ 0  2 12 15 17 18 19 21 22 23 24 25 28]
OBJ: 13
M: li2
PAR: 2
INC: [ 0  2 12 15 17 18 19 21 22 23 24 25 28]
BEST: 13
BETTER: False
START
SOL: [ 0  2 12 15 17 18 19 21 22 23 24 25 28]
OBJ: 13
M: sh4
PAR: 4
INC: [ 0  2 12 15 17 18 19 21 22 23 24 25 28]
BEST: 13
END
SOL: [ 0  2 12 15 17 18 19 21 22 23 24 25 28]
OBJ: 13
M: sh4
PAR: 4
INC: [ 0  2 12 15 17 18 19 21 22 23 24 25 28]
BEST: 13
BETTER: False
START
SOL: [ 0  2 12 15 17 18 19 21 22 23 24 25 28]
OBJ: 13
M: li2
PAR: 2
INC: [ 0  2 12 15 17 18 19 21 22 23 24 25 28]
BEST: 13
END
SOL: [ 0  2 12 15 17 18 19 21 22 23 24 25 28]
OBJ: 13
M: li2
PAR: 2
INC: [ 0  2 12 15 17 18 19 21 22 23 24 25 28]
BEST: 13
BETTER: False
START
SOL: [ 0  2 12 15 17 18 19 21 22 23 24 25 28]
OBJ: 13
M: sh2
PAR: 2
INC: [ 0  2 12 15 17 18 19 21 22 23 24 25 28]
BEST: 13
END
SOL: [ 0  2 12 15 17 18 19 21 22 23 24 25 28]
OBJ: 13
M: sh2
PAR: 2
INC: [ 0  2 12 15 17 18 19 21 22 23 24 25 28]
BEST: 13
BETTER: False
START
SOL: [ 0  2 12 15 17 18 19 21 22 23 24 25 28]
OBJ: 13
M: li2
PAR: 2
INC: [ 0  2 12 15 17 18 19 21 22 23 24 25 28]
BEST: 13
END
SOL: [ 0  2 12 15 17 18 19 21 22 23 24 25 28]
OBJ: 13
M: li2
PAR: 2
INC: [ 0  2 12 15 17 18 19 21 22 23 24 25 28]
BEST: 13
BETTER: False
START
SOL: [ 0  2 12 15 17 18 19 21 22 23 24 25 28]
OBJ: 13
M: sh4
PAR: 4
INC: [ 0  2 12 15 17 18 19 21 22 23 24 25 28]
BEST: 13
END
SOL: [ 0  2 12 15 17 18 19 21 22 24 25 28]
OBJ: 12
M: sh4
PAR: 4
INC: [ 0  2 12 15 17 18 19 21 22 23 24 25 28]
BEST: 13
BETTER: False
START
SOL: [ 0  2 12 15 17 18 19 21 22 24 25 28]
OBJ: 12
M: li2
PAR: 2
INC: [ 0  2 12 15 17 18 19 21 22 23 24 25 28]
BEST: 13
END
SOL: [ 0  2 12 15 17 18 19 21 22 23 24 25 28]
OBJ: 13
M: li2
PAR: 2
INC: [ 0  2 12 15 17 18 19 21 22 23 24 25 28]
BEST: 13
BETTER: False
START
SOL: [ 0  2 12 15 17 18 19 21 22 23 24 25 28]
OBJ: 13
M: li2
PAR: 2
INC: [ 0  2 12 15 17 18 19 21 22 23 24 25 28]
BEST: 13
END
SOL: [ 0  2 12 15 17 18 19 21 22 23 24 25 28]
OBJ: 13
M: li2
PAR: 2
INC: [ 0  2 12 15 17 18 19 21 22 23 24 25 28]
BEST: 13
BETTER: False
START
SOL: [ 0  2 12 15 17 18 19 21 22 23 24 25 28]
OBJ: 13
M: sh2
PAR: 2
INC: [ 0  2 12 15 17 18 19 21 22 23 24 25 28]
BEST: 13
END
SOL: [ 0  2  7 12 17 18 19 21 22 23 24 25 28]
OBJ: 13
M: sh2
PAR: 2
INC: [ 0  2 12 15 17 18 19 21 22 23 24 25 28]
BEST: 13
BETTER: False
START
SOL: [ 0  2  7 12 17 18 19 21 22 23 24 25 28]
OBJ: 13
M: li2
PAR: 2
INC: [ 0  2 12 15 17 18 19 21 22 23 24 25 28]
BEST: 13
END
SOL: [ 0  2  7 12 17 18 19 21 22 23 24 25 28]
OBJ: 13
M: li2
PAR: 2
INC: [ 0  2 12 15 17 18 19 21 22 23 24 25 28]
BEST: 13
BETTER: False
START
SOL: [ 0  2 12 15 17 18 19 21 22 23 24 25 28]
OBJ: 13
M: sh4
PAR: 4
INC: [ 0  2 12 15 17 18 19 21 22 23 24 25 28]
BEST: 13
END
SOL: [ 0  2  6 12 15 17 18 19 21 22 23 25 28]
OBJ: 13
M: sh4
PAR: 4
INC: [ 0  2 12 15 17 18 19 21 22 23 24 25 28]
BEST: 13
BETTER: False
START
SOL: [ 0  2  6 12 15 17 18 19 21 22 23 25 28]
OBJ: 13
M: li2
PAR: 2
INC: [ 0  2 12 15 17 18 19 21 22 23 24 25 28]
BEST: 13
END
SOL: [ 0  2  6 12 15 17 18 19 21 22 23 25 28]
OBJ: 13
M: li2
PAR: 2
INC: [ 0  2 12 15 17 18 19 21 22 23 24 25 28]
BEST: 13
BETTER: False
START
SOL: [ 0  2 12 15 17 18 19 21 22 23 24 25 28]
OBJ: 13
M: sh2
PAR: 2
INC: [ 0  2 12 15 17 18 19 21 22 23 24 25 28]
BEST: 13
END
SOL: [ 0  2 12 15 17 18 19 21 22 23 24 25 28]
OBJ: 13
M: sh2
PAR: 2
INC: [ 0  2 12 15 17 18 19 21 22 23 24 25 28]
BEST: 13
BETTER: False
START
SOL: [ 0  2 12 15 17 18 19 21 22 23 24 25 28]
OBJ: 13
M: li2
PAR: 2
INC: [ 0  2 12 15 17 18 19 21 22 23 24 25 28]
BEST: 13
END
SOL: [ 0  2 12 15 17 18 19 21 22 23 24 25 28]
OBJ: 13
M: li2
PAR: 2
INC: [ 0  2 12 15 17 18 19 21 22 23 24 25 28]
BEST: 13
BETTER: False
START
SOL: [ 0  2 12 15 17 18 19 21 22 23 24 25 28]
OBJ: 13
M: sh4
PAR: 4
INC: [ 0  2 12 15 17 18 19 21 22 23 24 25 28]
BEST: 13
END
SOL: [ 0  2 12 15 17 18 19 21 22 23 24 25 28]
OBJ: 13
M: sh4
PAR: 4
INC: [ 0  2 12 15 17 18 19 21 22 23 24 25 28]
BEST: 13
BETTER: False
START
SOL: [ 0  2 12 15 17 18 19 21 22 23 24 25 28]
OBJ: 13
M: li2
PAR: 2
INC: [ 0  2 12 15 17 18 19 21 22 23 24 25 28]
BEST: 13
END
SOL: [ 0  2 12 15 17 18 19 21 22 23 24 25 28]
OBJ: 13
M: li2
PAR: 2
INC: [ 0  2 12 15 17 18 19 21 22 23 24 25 28]
BEST: 13
BETTER: False
START
SOL: [ 0  2 12 15 17 18 19 21 22 23 24 25 28]
OBJ: 13
M: sh2
PAR: 2
INC: [ 0  2 12 15 17 18 19 21 22 23 24 25 28]
BEST: 13
END
SOL: [ 0  2 12 15 17 18 19 21 22 23 24 25 28]
OBJ: 13
M: sh2
PAR: 2
INC: [ 0  2 12 15 17 18 19 21 22 23 24 25 28]
BEST: 13
BETTER: False
START
SOL: [ 0  2 12 15 17 18 19 21 22 23 24 25 28]
OBJ: 13
M: li2
PAR: 2
INC: [ 0  2 12 15 17 18 19 21 22 23 24 25 28]
BEST: 13
END
SOL: [ 0  2 12 15 17 18 19 21 22 23 24 25 28]
OBJ: 13
M: li2
PAR: 2
INC: [ 0  2 12 15 17 18 19 21 22 23 24 25 28]
BEST: 13
BETTER: False
START
SOL: [ 0  2 12 15 17 18 19 21 22 23 24 25 28]
OBJ: 13
M: sh4
PAR: 4
INC: [ 0  2 12 15 17 18 19 21 22 23 24 25 28]
BEST: 13
END
SOL: [ 0  2 12 15 17 18 19 21 22 23 24 25 28]
OBJ: 13
M: sh4
PAR: 4
INC: [ 0  2 12 15 17 18 19 21 22 23 24 25 28]
BEST: 13
BETTER: False
START
SOL: [ 0  2 12 15 17 18 19 21 22 23 24 25 28]
OBJ: 13
M: li2
PAR: 2
INC: [ 0  2 12 15 17 18 19 21 22 23 24 25 28]
BEST: 13
END
SOL: [ 0  2 12 15 17 18 19 21 22 23 24 25 28]
OBJ: 13
M: li2
PAR: 2
INC: [ 0  2 12 15 17 18 19 21 22 23 24 25 28]
BEST: 13
BETTER: False
START
SOL: [ 0  2 12 15 17 18 19 21 22 23 24 25 28]
OBJ: 13
M: sh2
PAR: 2
INC: [ 0  2 12 15 17 18 19 21 22 23 24 25 28]
BEST: 13
END
SOL: [ 0  2  9 12 15 17 18 19 21 22 23 25 28]
OBJ: 13
M: sh2
PAR: 2
INC: [ 0  2 12 15 17 18 19 21 22 23 24 25 28]
BEST: 13
BETTER: False
START
SOL: [ 0  2  9 12 15 17 18 19 21 22 23 25 28]
OBJ: 13
M: li2
PAR: 2
INC: [ 0  2 12 15 17 18 19 21 22 23 24 25 28]
BEST: 13
END
SOL: [ 0  2  9 12 15 17 18 19 21 22 23 25 28]
OBJ: 13
M: li2
PAR: 2
INC: [ 0  2 12 15 17 18 19 21 22 23 24 25 28]
BEST: 13
BETTER: False
START
SOL: [ 0  2 12 15 17 18 19 21 22 23 24 25 28]
OBJ: 13
M: sh4
PAR: 4
INC: [ 0  2 12 15 17 18 19 21 22 23 24 25 28]
BEST: 13
END
SOL: [ 2 12 15 17 18 21 22 23 24 25 27 28]
OBJ: 12
M: sh4
PAR: 4
INC: [ 0  2 12 15 17 18 19 21 22 23 24 25 28]
BEST: 13
BETTER: False
START
SOL: [ 2 12 15 17 18 21 22 23 24 25 27 28]
OBJ: 12
M: li2
PAR: 2
INC: [ 0  2 12 15 17 18 19 21 22 23 24 25 28]
BEST: 13
END
SOL: [ 2 12 15 17 18 19 21 22 23 24 25 27 28]
OBJ: 13
M: li2
PAR: 2
INC: [ 0  2 12 15 17 18 19 21 22 23 24 25 28]
BEST: 13
BETTER: False
START
SOL: [ 2 12 15 17 18 19 21 22 23 24 25 27 28]
OBJ: 13
M: li2
PAR: 2
INC: [ 0  2 12 15 17 18 19 21 22 23 24 25 28]
BEST: 13
END
SOL: [ 2 12 15 17 18 19 21 22 23 24 25 27 28]
OBJ: 13
M: li2
PAR: 2
INC: [ 0  2 12 15 17 18 19 21 22 23 24 25 28]
BEST: 13
BETTER: False
START
SOL: [ 0  2 12 15 17 18 19 21 22 23 24 25 28]
OBJ: 13
M: sh2
PAR: 2
INC: [ 0  2 12 15 17 18 19 21 22 23 24 25 28]
BEST: 13
END
SOL: [ 0  2 12 15 17 18 19 21 22 23 24 25 28]
OBJ: 13
M: sh2
PAR: 2
INC: [ 0  2 12 15 17 18 19 21 22 23 24 25 28]
BEST: 13
BETTER: False
START
SOL: [ 0  2 12 15 17 18 19 21 22 23 24 25 28]
OBJ: 13
M: li2
PAR: 2
INC: [ 0  2 12 15 17 18 19 21 22 23 24 25 28]
BEST: 13
END
SOL: [ 0  2 12 15 17 18 19 21 22 23 24 25 28]
OBJ: 13
M: li2
PAR: 2
INC: [ 0  2 12 15 17 18 19 21 22 23 24 25 28]
BEST: 13
BETTER: False
START
SOL: [ 0  2 12 15 17 18 19 21 22 23 24 25 28]
OBJ: 13
M: sh4
PAR: 4
INC: [ 0  2 12 15 17 18 19 21 22 23 24 25 28]
BEST: 13
END
SOL: [ 0  2 12 15 17 18 19 21 22 23 24 25 28]
OBJ: 13
M: sh4
PAR: 4
INC: [ 0  2 12 15 17 18 19 21 22 23 24 25 28]
BEST: 13
BETTER: False
START
SOL: [ 0  2 12 15 17 18 19 21 22 23 24 25 28]
OBJ: 13
M: li2
PAR: 2
INC: [ 0  2 12 15 17 18 19 21 22 23 24 25 28]
BEST: 13
END
SOL: [ 0  2 12 15 17 18 19 21 22 23 24 25 28]
OBJ: 13
M: li2
PAR: 2
INC: [ 0  2 12 15 17 18 19 21 22 23 24 25 28]
BEST: 13
BETTER: False
START
SOL: [ 0  2 12 15 17 18 19 21 22 23 24 25 28]
OBJ: 13
M: sh2
PAR: 2
INC: [ 0  2 12 15 17 18 19 21 22 23 24 25 28]
BEST: 13
END
SOL: [ 0  2 12 15 17 18 19 21 22 23 24 25 28]
OBJ: 13
M: sh2
PAR: 2
INC: [ 0  2 12 15 17 18 19 21 22 23 24 25 28]
BEST: 13
BETTER: False
