I: gnm_36_70_20201218134449.mis
O: CH ('random', 0)
O: LI ('two-exchange random fill neighborhood search', 1)
O: SH ('remove k and random fill', 4)
O: SH ('remove k and random fill', 9)
O: SH ('remove k and random fill', 16)
MISP
GVNS
START
SOL: []
OBJ: 0
M: ch0
PAR: 0
INC: []
BEST: 0
END
SOL: [ 1  7  8 11 12 19 20 22 23 31 35]
OBJ: 11
M: ch0
PAR: 0
INC: [ 1  7  8 11 12 19 20 22 23 31 35]
BEST: 11
BETTER: True
START
SOL: [ 1  7  8 11 12 19 20 22 23 31 35]
OBJ: 11
M: li2
PAR: 2
INC: [ 1  7  8 11 12 19 20 22 23 31 35]
BEST: 11
END
SOL: [ 1  7  8 11 12 16 20 22 23 28 31 35]
OBJ: 12
M: li2
PAR: 2
INC: [ 1  7  8 11 12 16 20 22 23 28 31 35]
BEST: 12
BETTER: True
START
SOL: [ 1  7  8 11 12 16 20 22 23 28 31 35]
OBJ: 12
M: li2
PAR: 2
INC: [ 1  7  8 11 12 16 20 22 23 28 31 35]
BEST: 12
END
SOL: [ 1  7  8 11 12 16 20 22 23 26 28 31 35]
OBJ: 13
M: li2
PAR: 2
INC: [ 1  7  8 11 12 16 20 22 23 26 28 31 35]
BEST: 13
BETTER: True
START
SOL: [ 1  7  8 11 12 16 20 22 23 26 28 31 35]
OBJ: 13
M: li2
PAR: 2
INC: [ 1  7  8 11 12 16 20 22 23 26 28 31 35]
BEST: 13
END
SOL: [ 1  7  8  9 11 12 16 20 23 26 28 31 33 35]
OBJ: 14
M: li2
PAR: 2
INC: [ 1  7  8  9 11 12 16 20 23 26 28 31 33 35]
BEST: 14
BETTER: True
START
SOL: [ 1  7  8  9 11 12 16 20 23 26 28 31 33 35]
OBJ: 14
M: li2
PAR: 2
INC: [ 1  7  8  9 11 12 16 20 23 26 28 31 33 35]
BEST: 14
END
SOL: [ 1  7  8  9 11 12 16 20 23 26 28 31 33 35]
OBJ: 14
M: li2
PAR: 2
INC: [ 1  7  8  9 11 12 16 20 23 26 28 31 33 35]
BEST: 14
BETTER: False
START
SOL: [ 1  7  8  9 11 12 16 20 23 26 28 31 33 35]
OBJ: 14
M: sh4
PAR: 4
INC: [ 1  7  8  9 11 12 16 20 23 26 28 31 33 35]
BEST: 14
END
SOL: [ 1  8  9 11 12 13 16 23 26 28 33 35]
OBJ: 12
M: sh4
PAR: 4
INC: [ 1  7  8  9 11 12 16 20 23 26 28 31 33 35]
BEST: 14
BETTER: False
START
SOL: [ 1  8  9 11 12 13 16 23 26 28 33 35]
OBJ: 12
M: li2
PAR: 2
INC: [ 1  7  8  9 11 12 16 20 23 26 28 31 33 35]
BEST: 14
END
SOL: [ 1  7  8  9 11 13 16 23 24 26 28 33 35]
OBJ: 13
M: li2
PAR: 2
INC: [ 1  7  8  9 11 12 16 20 23 26 28 31 33 35]
BEST: 14
BETTER: False
START
SOL: [ 1  7  8  9 11 13 16 23 24 26 28 33 35]
OBJ: 13
M: li2
PAR: 2
INC: [ 1  7  8  9 11 12 16 20 23 26 28 31 33 35]
BEST: 14
END
SOL: [ 1  7  8  9 11 13 16 20 23 24 26 28 33 35]
OBJ: 14
M: li2
PAR: 2
INC: [ 1  7  8  9 11 12 16 20 23 26 28 31 33 35]
BEST: 14
BETTER: False
START
SOL: [ 1  7  8  9 11 13 16 20 23 24 26 28 33 35]
OBJ: 14
M: li2
PAR: 2
INC: [ 1  7  8  9 11 12 16 20 23 26 28 31 33 35]
BEST: 14
END
SOL: [ 7  8  9 11 13 16 17 18 20 23 24 26 28 33 35]
OBJ: 15
M: li2
PAR: 2
INC: [ 7  8  9 11 13 16 17 18 20 23 24 26 28 33 35]
BEST: 15
BETTER: True
START
SOL: [ 7  8  9 11 13 16 17 18 20 23 24 26 28 33 35]
OBJ: 15
M: li2
PAR: 2
INC: [ 7  8  9 11 13 16 17 18 20 23 24 26 28 33 35]
BEST: 15
END
SOL: [ 7  8  9 11 13 16 17 18 20 23 24 26 28 33 35]
OBJ: 15
M: li2
PAR: 2
INC: [ 7  8  9 11 13 16 17 18 20 23 24 26 28 33 35]
BEST: 15
BETTER: False
START
SOL: [ 7  8  9 11 13 16 17 18 20 23 24 26 28 33 35]
OBJ: 15
M: sh4
PAR: 4
INC: [ 7  8  9 11 13 16 17 18 20 23 24 26 28 33 35]
BEST: 15
END
SOL: [ 7  8  9 10 11 13 17 18 20 23 24 26 28 33 35]
OBJ: 15
M: sh4
PAR: 4
INC: [ 7  8  9 11 13 16 17 18 20 23 24 26 28 33 35]
BEST: 15
BETTER: False
START
SOL: [ 7  8  9 10 11 13 17 18 20 23 24 26 28 33 35]
OBJ: 15
M: li2
PAR: 2
INC: [ 7  8  9 11 13 16 17 18 20 23 24 26 28 33 35]
BEST: 15
END
SOL: [ 7  8  9 10 11 13 17 18 20 23 24 26 28 33 35]
OBJ: 15
M: li2
PAR: 2
INC: [ 7  8  9 11 13 16 17 18 20 23 24 26 28 33 35]
BEST: 15
BETTER: False
START
SOL: [ 7  8  9 11 13 16 17 18 20 23 24 26 28 33 35]
OBJ: 15
M: sh9
PAR: 9
INC: [ 7  8  9 11 13 16 17 18 20 23 24 26 28 33 35]
BEST: 15
END
SOL: [ 4  7  9 10 11 13 17 18 19 20 23 24 33 35]
OBJ: 14
M: sh9
PAR: 9
INC: [ 7  8  9 11 13 16 17 18 20 23 24 26 28 33 35]
BEST: 15
BETTER: False
START
SOL: [ 4  7  9 10 11 13 17 18 19 20 23 24 33 35]
OBJ: 14
M: li2
PAR: 2
INC: [ 7  8  9 11 13 16 17 18 20 23 24 26 28 33 35]
BEST: 15
END
SOL: [ 4  7  8  9 10 11 13 17 18 19 20 23 24 33 35]
OBJ: 15
M: li2
PAR: 2
INC: [ 7  8  9 11 13 16 17 18 20 23 24 26 28 33 35]
BEST: 15
BETTER: False
START
SOL: [ 4  7  8  9 10 11 13 17 18 19 20 23 24 33 35]
OBJ: 15
M: li2
PAR: 2
INC: [ 7  8  9 11 13 16 17 18 20 23 24 26 28 33 35]
BEST: 15
END
SOL: [ 4  7  8  9 10 11 13 17 18 19 20 23 24 33 35]
OBJ: 15
M: li2
PAR: 2
INC: [ 7  8  9 11 13 16 17 18 20 23 24 26 28 33 35]
BEST: 15
BETTER: False
START
SOL: [ 7  8  9 11 13 16 17 18 20 23 24 26 28 33 35]
OBJ: 15
M: sh16
PAR: 16
INC: [ 7  8  9 11 13 16 17 18 20 23 24 26 28 33 35]
BEST: 15
END
SOL: [ 2  5  7 17 20 23 28 29 31 34]
OBJ: 10
M: sh16
PAR: 16
INC: [ 7  8  9 11 13 16 17 18 20 23 24 26 28 33 35]
BEST: 15
BETTER: False
START
SOL: [ 2  5  7 17 20 23 28 29 31 34]
OBJ: 10
M: li2
PAR: 2
INC: [ 7  8  9 11 13 16 17 18 20 23 24 26 28 33 35]
BEST: 15
END
SOL: [ 2  5  7 12 17 20 23 28 29 31 34]
OBJ: 11
M: li2
PAR: 2
INC: [ 7  8  9 11 13 16 17 18 20 23 24 26 28 33 35]
BEST: 15
BETTER: False
START
SOL: [ 2  5  7 12 17 20 23 28 29 31 34]
OBJ: 11
M: li2
PAR: 2
INC: [ 7  8  9 11 13 16 17 18 20 23 24 26 28 33 35]
BEST: 15
END
SOL: [ 5  7 11 12 17 20 23 28 29 31 33 34]
OBJ: 12
M: li2
PAR: 2
INC: [ 7  8  9 11 13 16 17 18 20 23 24 26 28 33 35]
BEST: 15
BETTER: False
START
SOL: [ 5  7 11 12 17 20 23 28 29 31 33 34]
OBJ: 12
M: li2
PAR: 2
INC: [ 7  8  9 11 13 16 17 18 20 23 24 26 28 33 35]
BEST: 15
END
SOL: [ 5  6  7 11 12 17 20 23 28 29 31 33 34]
OBJ: 13
M: li2
PAR: 2
INC: [ 7  8  9 11 13 16 17 18 20 23 24 26 28 33 35]
BEST: 15
BETTER: False
START
SOL: [ 5  6  7 11 12 17 20 23 28 29 31 33 34]
OBJ: 13
M: li2
PAR: 2
INC: [ 7  8  9 11 13 16 17 18 20 23 24 26 28 33 35]
BEST: 15
END
SOL: [ 5  6 11 12 17 20 21 23 28 29 31 32 33 34]
OBJ: 14
M: li2
PAR: 2
INC: [ 7  8  9 11 13 16 17 18 20 23 24 26 28 33 35]
BEST: 15
BETTER: False
START
SOL: [ 5  6 11 12 17 20 21 23 28 29 31 32 33 34]
OBJ: 14
M: li2
PAR: 2
INC: [ 7  8  9 11 13 16 17 18 20 23 24 26 28 33 35]
BEST: 15
END
SOL: [ 5  6 11 12 17 20 21 23 28 29 31 32 33 34]
OBJ: 14
M: li2
PAR: 2
INC: [ 7  8  9 11 13 16 17 18 20 23 24 26 28 33 35]
BEST: 15
BETTER: False
START
SOL: [ 7  8  9 11 13 16 17 18 20 23 24 26 28 33 35]
OBJ: 15
M: sh4
PAR: 4
INC: [ 7  8  9 11 13 16 17 18 20 23 24 26 28 33 35]
BEST: 15
END
SOL: [ 7  8  9 11 13 16 17 18 20 23 24 26 28 33 35]
OBJ: 15
M: sh4
PAR: 4
INC: [ 7  8  9 11 13 16 17 18 20 23 24 26 28 33 35]
BEST: 15
BETTER: False
START
SOL: [ 7  8  9 11 13 16 17 18 20 23 24 26 28 33 35]
OBJ: 15
M: li2
PAR: 2
INC: [ 7  8  9 11 13 16 17 18 20 23 24 26 28 33 35]
BEST: 15
END
SOL: [ 7  8  9 11 13 16 17 18 20 23 24 26 28 33 35]
OBJ: 15
M: li2
PAR: 2
INC: [ 7  8  9 11 13 16 17 18 20 23 24 26 28 33 35]
BEST: 15
BETTER: False
START
SOL: [ 7  8  9 11 13 16 17 18 20 23 24 26 28 33 35]
OBJ: 15
M: sh9
PAR: 9
INC: [ 7  8  9 11 13 16 17 18 20 23 24 26 28 33 35]
BEST: 15
END
SOL: [ 4  7  8  9 11 16 17 18 23 24 28 31 33 35]
OBJ: 14
M: sh9
PAR: 9
INC: [ 7  8  9 11 13 16 17 18 20 23 24 26 28 33 35]
BEST: 15
BETTER: False
START
SOL: [ 4  7  8  9 11 16 17 18 23 24 28 31 33 35]
OBJ: 14
M: li2
PAR: 2
INC: [ 7  8  9 11 13 16 17 18 20 23 24 26 28 33 35]
BEST: 15
END
SOL: [ 4  7  8  9 11 16 17 18 20 23 24 28 31 33 35]
OBJ: 15
M: li2
PAR: 2
INC: [ 7  8  9 11 13 16 17 18 20 23 24 26 28 33 35]
BEST: 15
BETTER: False
START
SOL: [ 4  7  8  9 11 16 17 18 20 23 24 28 31 33 35]
OBJ: 15
M: li2
PAR: 2
INC: [ 7  8  9 11 13 16 17 18 20 23 24 26 28 33 35]
BEST: 15
END
SOL: [ 4  7  8  9 11 16 17 18 20 23 24 28 31 33 35]
OBJ: 15
M: li2
PAR: 2
INC: [ 7  8  9 11 13 16 17 18 20 23 24 26 28 33 35]
BEST: 15
BETTER: False
START
SOL: [ 7  8  9 11 13 16 17 18 20 23 24 26 28 33 35]
OBJ: 15
M: sh16
PAR: 16
INC: [ 7  8  9 11 13 16 17 18 20 23 24 26 28 33 35]
BEST: 15
END
SOL: [ 5  6 11 14 17 21 22 25 26 28 31 32 34]
OBJ: 13
M: sh16
PAR: 16
INC: [ 7  8  9 11 13 16 17 18 20 23 24 26 28 33 35]
BEST: 15
BETTER: False
START
SOL: [ 5  6 11 14 17 21 22 25 26 28 31 32 34]
OBJ: 13
M: li2
PAR: 2
INC: [ 7  8  9 11 13 16 17 18 20 23 24 26 28 33 35]
BEST: 15
END
SOL: [ 5  6 11 14 17 20 21 22 25 26 28 31 32 34]
OBJ: 14
M: li2
PAR: 2
INC: [ 7  8  9 11 13 16 17 18 20 23 24 26 28 33 35]
BEST: 15
BETTER: False
START
SOL: [ 5  6 11 14 17 20 21 22 25 26 28 31 32 34]
OBJ: 14
M: li2
PAR: 2
INC: [ 7  8  9 11 13 16 17 18 20 23 24 26 28 33 35]
BEST: 15
END
SOL: [ 5  6 11 14 17 20 21 22 25 26 28 31 32 34]
OBJ: 14
M: li2
PAR: 2
INC: [ 7  8  9 11 13 16 17 18 20 23 24 26 28 33 35]
BEST: 15
BETTER: False
START
SOL: [ 7  8  9 11 13 16 17 18 20 23 24 26 28 33 35]
OBJ: 15
M: sh4
PAR: 4
INC: [ 7  8  9 11 13 16 17 18 20 23 24 26 28 33 35]
BEST: 15
END
SOL: [ 7  8  9 11 13 16 17 20 23 24 26 28 33 35]
OBJ: 14
M: sh4
PAR: 4
INC: [ 7  8  9 11 13 16 17 18 20 23 24 26 28 33 35]
BEST: 15
BETTER: False
START
SOL: [ 7  8  9 11 13 16 17 20 23 24 26 28 33 35]
OBJ: 14
M: li2
PAR: 2
INC: [ 7  8  9 11 13 16 17 18 20 23 24 26 28 33 35]
BEST: 15
END
SOL: [ 7  8  9 11 13 16 17 18 20 23 24 26 28 33 35]
OBJ: 15
M: li2
PAR: 2
INC: [ 7  8  9 11 13 16 17 18 20 23 24 26 28 33 35]
BEST: 15
BETTER: False
START
SOL: [ 7  8  9 11 13 16 17 18 20 23 24 26 28 33 35]
OBJ: 15
M: li2
PAR: 2
INC: [ 7  8  9 11 13 16 17 18 20 23 24 26 28 33 35]
BEST: 15
END
SOL: [ 7  8  9 11 13 16 17 18 20 23 24 26 28 33 35]
OBJ: 15
M: li2
PAR: 2
INC: [ 7  8  9 11 13 16 17 18 20 23 24 26 28 33 35]
BEST: 15
BETTER: False
START
SOL: [ 7  8  9 11 13 16 17 18 20 23 24 26 28 33 35]
OBJ: 15
M: sh9
PAR: 9
INC: [ 7  8  9 11 13 16 17 18 20 23 24 26 28 33 35]
BEST: 15
END
SOL: [ 7  9 11 13 16 17 23 24 26 28 33 35]
OBJ: 12
M: sh9
PAR: 9
INC: [ 7  8  9 11 13 16 17 18 20 23 24 26 28 33 35]
BEST: 15
BETTER: False
START
SOL: [ 7  9 11 13 16 17 23 24 26 28 33 35]
OBJ: 12
M: li2
PAR: 2
INC: [ 7  8  9 11 13 16 17 18 20 23 24 26 28 33 35]
BEST: 15
END
SOL: [ 7  9 13 15 16 17 18 20 23 24 26 28 33 35]
OBJ: 14
M: li2
PAR: 2
INC: [ 7  8  9 11 13 16 17 18 20 23 24 26 28 33 35]
BEST: 15
BETTER: False
START
SOL: [ 7  9 13 15 16 17 18 20 23 24 26 28 33 35]
OBJ: 14
M: li2
PAR: 2
INC: [ 7  8  9 11 13 16 17 18 20 23 24 26 28 33 35]
BEST: 15
END
SOL: [ 7  8  9 13 15 16 17 18 20 23 24 26 28 33 35]
OBJ: 15
M: li2
PAR: 2
INC: [ 7  8  9 11 13 16 17 18 20 23 24 26 28 33 35]
BEST: 15
BETTER: False
START
SOL: [ 7  8  9 13 15 16 17 18 20 23 24 26 28 33 35]
OBJ: 15
M: li2
PAR: 2
INC: [ 7  8  9 11 13 16 17 18 20 23 24 26 28 33 35]
BEST: 15
END
SOL: [ 7  8  9 13 15 16 17 18 20 23 24 26 28 33 35]
OBJ: 15
M: li2
PAR: 2
INC: [ 7  8  9 11 13 16 17 18 20 23 24 26 28 33 35]
BEST: 15
BETTER: False
START
SOL: [ 7  8  9 11 13 16 17 18 20 23 24 26 28 33 35]
OBJ: 15
M: sh16
PAR: 16
INC: [ 7  8  9 11 13 16 17 18 20 23 24 26 28 33 35]
BEST: 15
END
SOL: [ 4  8  9 18 20 23 24 28 30 31 32 33 34]
OBJ: 13
M: sh16
PAR: 16
INC: [ 7  8  9 11 13 16 17 18 20 23 24 26 28 33 35]
BEST: 15
BETTER: False
START
SOL: [ 4  8  9 18 20 23 24 28 30 31 32 33 34]
OBJ: 13
M: li2
PAR: 2
INC: [ 7  8  9 11 13 16 17 18 20 23 24 26 28 33 35]
BEST: 15
END
SOL: [ 5  8  9 18 20 23 24 26 28 30 31 32 33 34]
OBJ: 14
M: li2
PAR: 2
INC: [ 7  8  9 11 13 16 17 18 20 23 24 26 28 33 35]
BEST: 15
BETTER: False
START
SOL: [ 5  8  9 18 20 23 24 26 28 30 31 32 33 34]
OBJ: 14
M: li2
PAR: 2
INC: [ 7  8  9 11 13 16 17 18 20 23 24 26 28 33 35]
BEST: 15
END
SOL: [ 5  8  9 11 17 18 20 23 24 26 28 31 32 33 34]
OBJ: 15
M: li2
PAR: 2
INC: [ 7  8  9 11 13 16 17 18 20 23 24 26 28 33 35]
BEST: 15
BETTER: False
START
SOL: [ 5  8  9 11 17 18 20 23 24 26 28 31 32 33 34]
OBJ: 15
M: li2
PAR: 2
INC: [ 7  8  9 11 13 16 17 18 20 23 24 26 28 33 35]
BEST: 15
END
SOL: [ 5  8  9 11 17 18 20 23 24 26 28 31 32 33 34]
OBJ: 15
M: li2
PAR: 2
INC: [ 7  8  9 11 13 16 17 18 20 23 24 26 28 33 35]
BEST: 15
BETTER: False
START
SOL: [ 7  8  9 11 13 16 17 18 20 23 24 26 28 33 35]
OBJ: 15
M: sh4
PAR: 4
INC: [ 7  8  9 11 13 16 17 18 20 23 24 26 28 33 35]
BEST: 15
END
SOL: [ 7  9 13 15 16 17 18 20 23 24 26 28 33 35]
OBJ: 14
M: sh4
PAR: 4
INC: [ 7  8  9 11 13 16 17 18 20 23 24 26 28 33 35]
BEST: 15
BETTER: False
START
SOL: [ 7  9 13 15 16 17 18 20 23 24 26 28 33 35]
OBJ: 14
M: li2
PAR: 2
INC: [ 7  8  9 11 13 16 17 18 20 23 24 26 28 33 35]
BEST: 15
END
SOL: [ 7  8  9 13 15 16 17 18 20 23 24 26 28 33 35]
OBJ: 15
M: li2
PAR: 2
INC: [ 7  8  9 11 13 16 17 18 20 23 24 26 28 33 35]
BEST: 15
BETTER: False
START
SOL: [ 7  8  9 13 15 16 17 18 20 23 24 26 28 33 35]
OBJ: 15
M: li2
PAR: 2
INC: [ 7  8  9 11 13 16 17 18 20 23 24 26 28 33 35]
BEST: 15
END
SOL: [ 7  8  9 13 15 16 17 18 20 23 24 26 28 33 35]
OBJ: 15
M: li2
PAR: 2
INC: [ 7  8  9 11 13 16 17 18 20 23 24 26 28 33 35]
BEST: 15
BETTER: False
START
SOL: [ 7  8  9 11 13 16 17 18 20 23 24 26 28 33 35]
OBJ: 15
M: sh9
PAR: 9
INC: [ 7  8  9 11 13 16 17 18 20 23 24 26 28 33 35]
BEST: 15
END
SOL: [ 4  7  8  9 13 15 16 18 20 24 25 28 33 35]
OBJ: 14
M: sh9
PAR: 9
INC: [ 7  8  9 11 13 16 17 18 20 23 24 26 28 33 35]
BEST: 15
BETTER: False
START
SOL: [ 4  7  8  9 13 15 16 18 20 24 25 28 33 35]
OBJ: 14
M: li2
PAR: 2
INC: [ 7  8  9 11 13 16 17 18 20 23 24 26 28 33 35]
BEST: 15
END
SOL: [ 4  7  8  9 13 15 16 17 18 20 24 25 28 33 35]
OBJ: 15
M: li2
PAR: 2
INC: [ 7  8  9 11 13 16 17 18 20 23 24 26 28 33 35]
BEST: 15
BETTER: False
START
SOL: [ 4  7  8  9 13 15 16 17 18 20 24 25 28 33 35]
OBJ: 15
M: li2
PAR: 2
INC: [ 7  8  9 11 13 16 17 18 20 23 24 26 28 33 35]
BEST: 15
END
SOL: [ 4  7  8  9 13 15 16 17 18 20 24 25 28 33 35]
OBJ: 15
M: li2
PAR: 2
INC: [ 7  8  9 11 13 16 17 18 20 23 24 26 28 33 35]
BEST: 15
BETTER: False
START
SOL: [ 7  8  9 11 13 16 17 18 20 23 24 26 28 33 35]
OBJ: 15
M: sh16
PAR: 16
INC: [ 7  8  9 11 13 16 17 18 20 23 24 26 28 33 35]
BEST: 15
END
SOL: [ 3  4  7  9 17 20 24 31 34]
OBJ: 9
M: sh16
PAR: 16
INC: [ 7  8  9 11 13 16 17 18 20 23 24 26 28 33 35]
BEST: 15
BETTER: False
START
SOL: [ 3  4  7  9 17 20 24 31 34]
OBJ: 9
M: li2
PAR: 2
INC: [ 7  8  9 11 13 16 17 18 20 23 24 26 28 33 35]
BEST: 15
END
SOL: [ 2  3  4  7  9 17 24 27 31 34]
OBJ: 10
M: li2
PAR: 2
INC: [ 7  8  9 11 13 16 17 18 20 23 24 26 28 33 35]
BEST: 15
BETTER: False
START
SOL: [ 2  3  4  7  9 17 24 27 31 34]
OBJ: 10
M: li2
PAR: 2
INC: [ 7  8  9 11 13 16 17 18 20 23 24 26 28 33 35]
BEST: 15
END
SOL: [ 2  3  4  7  8  9 17 24 27 31 34]
OBJ: 11
M: li2
PAR: 2
INC: [ 7  8  9 11 13 16 17 18 20 23 24 26 28 33 35]
BEST: 15
BETTER: False
START
SOL: [ 2  3  4  7  8  9 17 24 27 31 34]
OBJ: 11
M: li2
PAR: 2
INC: [ 7  8  9 11 13 16 17 18 20 23 24 26 28 33 35]
BEST: 15
END
SOL: [ 2  3  5  7  8  9 17 18 24 27 31 34]
OBJ: 12
M: li2
PAR: 2
INC: [ 7  8  9 11 13 16 17 18 20 23 24 26 28 33 35]
BEST: 15
BETTER: False
START
SOL: [ 2  3  5  7  8  9 17 18 24 27 31 34]
OBJ: 12
M: li2
PAR: 2
INC: [ 7  8  9 11 13 16 17 18 20 23 24 26 28 33 35]
BEST: 15
END
SOL: [ 2  3  5  7  8  9 17 18 20 24 26 31 34]
OBJ: 13
M: li2
PAR: 2
INC: [ 7  8  9 11 13 16 17 18 20 23 24 26 28 33 35]
BEST: 15
BETTER: False
START
SOL: [ 2  3  5  7  8  9 17 18 20 24 26 31 34]
OBJ: 13
M: li2
PAR: 2
INC: [ 7  8  9 11 13 16 17 18 20 23 24 26 28 33 35]
BEST: 15
END
SOL: [ 0  2  3  5  8  9 17 18 20 24 26 31 32 34]
OBJ: 14
M: li2
PAR: 2
INC: [ 7  8  9 11 13 16 17 18 20 23 24 26 28 33 35]
BEST: 15
BETTER: False
START
SOL: [ 0  2  3  5  8  9 17 18 20 24 26 31 32 34]
OBJ: 14
M: li2
PAR: 2
INC: [ 7  8  9 11 13 16 17 18 20 23 24 26 28 33 35]
BEST: 15
END
SOL: [ 0  2  3  5  8  9 17 18 20 24 26 31 32 34]
OBJ: 14
M: li2
PAR: 2
INC: [ 7  8  9 11 13 16 17 18 20 23 24 26 28 33 35]
BEST: 15
BETTER: False
START
SOL: [ 7  8  9 11 13 16 17 18 20 23 24 26 28 33 35]
OBJ: 15
M: sh4
PAR: 4
INC: [ 7  8  9 11 13 16 17 18 20 23 24 26 28 33 35]
BEST: 15
END
SOL: [ 8  9 11 16 17 18 20 23 24 26 28 31 32 33 35]
OBJ: 15
M: sh4
PAR: 4
INC: [ 7  8  9 11 13 16 17 18 20 23 24 26 28 33 35]
BEST: 15
BETTER: False
START
SOL: [ 8  9 11 16 17 18 20 23 24 26 28 31 32 33 35]
OBJ: 15
M: li2
PAR: 2
INC: [ 7  8  9 11 13 16 17 18 20 23 24 26 28 33 35]
BEST: 15
END
SOL: [ 8  9 11 16 17 18 20 23 24 26 28 31 32 33 35]
OBJ: 15
M: li2
PAR: 2
INC: [ 7  8  9 11 13 16 17 18 20 23 24 26 28 33 35]
BEST: 15
BETTER: False
START
SOL: [ 7  8  9 11 13 16 17 18 20 23 24 26 28 33 35]
OBJ: 15
M: sh9
PAR: 9
INC: [ 7  8  9 11 13 16 17 18 20 23 24 26 28 33 35]
BEST: 15
END
SOL: [ 4  8  9 11 17 18 19 20 23 24 31 32 33 35]
OBJ: 14
M: sh9
PAR: 9
INC: [ 7  8  9 11 13 16 17 18 20 23 24 26 28 33 35]
BEST: 15
BETTER: False
START
SOL: [ 4  8  9 11 17 18 19 20 23 24 31 32 33 35]
OBJ: 14
M: li2
PAR: 2
INC: [ 7  8  9 11 13 16 17 18 20 23 24 26 28 33 35]
BEST: 15
END
SOL: [ 4  8  9 11 16 17 18 20 23 24 28 31 32 33 35]
OBJ: 15
M: li2
PAR: 2
INC: [ 7  8  9 11 13 16 17 18 20 23 24 26 28 33 35]
BEST: 15
BETTER: False
START
SOL: [ 4  8  9 11 16 17 18 20 23 24 28 31 32 33 35]
OBJ: 15
M: li2
PAR: 2
INC: [ 7  8  9 11 13 16 17 18 20 23 24 26 28 33 35]
BEST: 15
END
SOL: [ 4  8  9 11 16 17 18 20 23 24 28 31 32 33 35]
OBJ: 15
M: li2
PAR: 2
INC: [ 7  8  9 11 13 16 17 18 20 23 24 26 28 33 35]
BEST: 15
BETTER: False
START
SOL: [ 7  8  9 11 13 16 17 18 20 23 24 26 28 33 35]
OBJ: 15
M: sh16
PAR: 16
INC: [ 7  8  9 11 13 16 17 18 20 23 24 26 28 33 35]
BEST: 15
END
SOL: [ 1  2  4 12 15 21 23 27 28 29 30 32 34]
OBJ: 13
M: sh16
PAR: 16
INC: [ 7  8  9 11 13 16 17 18 20 23 24 26 28 33 35]
BEST: 15
BETTER: False
START
SOL: [ 1  2  4 12 15 21 23 27 28 29 30 32 34]
OBJ: 13
M: li2
PAR: 2
INC: [ 7  8  9 11 13 16 17 18 20 23 24 26 28 33 35]
BEST: 15
END
SOL: [ 1  2  4 12 15 21 23 27 28 29 30 32 34]
OBJ: 13
M: li2
PAR: 2
INC: [ 7  8  9 11 13 16 17 18 20 23 24 26 28 33 35]
BEST: 15
BETTER: False
START
SOL: [ 7  8  9 11 13 16 17 18 20 23 24 26 28 33 35]
OBJ: 15
M: sh4
PAR: 4
INC: [ 7  8  9 11 13 16 17 18 20 23 24 26 28 33 35]
BEST: 15
END
SOL: [ 7  8  9 11 16 18 20 23 24 26 28 31 33 35]
OBJ: 14
M: sh4
PAR: 4
INC: [ 7  8  9 11 13 16 17 18 20 23 24 26 28 33 35]
BEST: 15
BETTER: False
START
SOL: [ 7  8  9 11 16 18 20 23 24 26 28 31 33 35]
OBJ: 14
M: li2
PAR: 2
INC: [ 7  8  9 11 13 16 17 18 20 23 24 26 28 33 35]
BEST: 15
END
SOL: [ 7  8  9 11 16 17 18 20 24 25 26 28 31 33 35]
OBJ: 15
M: li2
PAR: 2
INC: [ 7  8  9 11 13 16 17 18 20 23 24 26 28 33 35]
BEST: 15
BETTER: False
START
SOL: [ 7  8  9 11 16 17 18 20 24 25 26 28 31 33 35]
OBJ: 15
M: li2
PAR: 2
INC: [ 7  8  9 11 13 16 17 18 20 23 24 26 28 33 35]
BEST: 15
END
SOL: [ 7  8  9 11 16 17 18 20 24 25 26 28 31 33 35]
OBJ: 15
M: li2
PAR: 2
INC: [ 7  8  9 11 13 16 17 18 20 23 24 26 28 33 35]
BEST: 15
BETTER: False
START
SOL: [ 7  8  9 11 13 16 17 18 20 23 24 26 28 33 35]
OBJ: 15
M: sh9
PAR: 9
INC: [ 7  8  9 11 13 16 17 18 20 23 24 26 28 33 35]
BEST: 15
END
SOL: [ 8  9 12 13 15 16 17 20 23 28 33 35]
OBJ: 12
M: sh9
PAR: 9
INC: [ 7  8  9 11 13 16 17 18 20 23 24 26 28 33 35]
BEST: 15
BETTER: False
START
SOL: [ 8  9 12 13 15 16 17 20 23 28 33 35]
OBJ: 12
M: li2
PAR: 2
INC: [ 7  8  9 11 13 16 17 18 20 23 24 26 28 33 35]
BEST: 15
END
SOL: [ 4  7  8  9 12 13 15 16 17 20 23 28 33 35]
OBJ: 14
M: li2
PAR: 2
INC: [ 7  8  9 11 13 16 17 18 20 23 24 26 28 33 35]
BEST: 15
BETTER: False
START
SOL: [ 4  7  8  9 12 13 15 16 17 20 23 28 33 35]
OBJ: 14
M: li2
PAR: 2
INC: [ 7  8  9 11 13 16 17 18 20 23 24 26 28 33 35]
BEST: 15
END
SOL: [ 4  7  8  9 13 15 16 17 18 20 23 24 28 33 35]
OBJ: 15
M: li2
PAR: 2
INC: [ 7  8  9 11 13 16 17 18 20 23 24 26 28 33 35]
BEST: 15
BETTER: False
START
SOL: [ 4  7  8  9 13 15 16 17 18 20 23 24 28 33 35]
OBJ: 15
M: li2
PAR: 2
INC: [ 7  8  9 11 13 16 17 18 20 23 24 26 28 33 35]
BEST: 15
END
SOL: [ 4  7  8  9 13 15 16 17 18 20 23 24 28 33 35]
OBJ: 15
M: li2
PAR: 2
INC: [ 7  8  9 11 13 16 17 18 20 23 24 26 28 33 35]
BEST: 15
BETTER: False
START
SOL: [ 7  8  9 11 13 16 17 18 20 23 24 26 28 33 35]
OBJ: 15
M: sh16
PAR: 16
INC: [ 7  8  9 11 13 16 17 18 20 23 24 26 28 33 35]
BEST: 15
END
SOL: [ 7  8  9 11 14 16 20 24 25 26 28 35]
OBJ: 12
M: sh16
PAR: 16
INC: [ 7  8  9 11 13 16 17 18 20 23 24 26 28 33 35]
BEST: 15
BETTER: False
START
SOL: [ 7  8  9 11 14 16 20 24 25 26 28 35]
OBJ: 12
M: li2
PAR: 2
INC: [ 7  8  9 11 13 16 17 18 20 23 24 26 28 33 35]
BEST: 15
END
SOL: [ 7  8  9 10 11 13 14 17 20 24 25 26 28 35]
OBJ: 14
M: li2
PAR: 2
INC: [ 7  8  9 11 13 16 17 18 20 23 24 26 28 33 35]
BEST: 15
BETTER: False
START
SOL: [ 7  8  9 10 11 13 14 17 20 24 25 26 28 35]
OBJ: 14
M: li2
PAR: 2
INC: [ 7  8  9 11 13 16 17 18 20 23 24 26 28 33 35]
BEST: 15
END
SOL: [ 7  8  9 10 11 13 17 18 20 24 25 26 28 33 35]
OBJ: 15
M: li2
PAR: 2
INC: [ 7  8  9 11 13 16 17 18 20 23 24 26 28 33 35]
BEST: 15
BETTER: False
START
SOL: [ 7  8  9 10 11 13 17 18 20 24 25 26 28 33 35]
OBJ: 15
M: li2
PAR: 2
INC: [ 7  8  9 11 13 16 17 18 20 23 24 26 28 33 35]
BEST: 15
END
SOL: [ 7  8  9 10 11 13 17 18 20 24 25 26 28 33 35]
OBJ: 15
M: li2
PAR: 2
INC: [ 7  8  9 11 13 16 17 18 20 23 24 26 28 33 35]
BEST: 15
BETTER: False
START
SOL: [ 7  8  9 11 13 16 17 18 20 23 24 26 28 33 35]
OBJ: 15
M: sh4
PAR: 4
INC: [ 7  8  9 11 13 16 17 18 20 23 24 26 28 33 35]
BEST: 15
END
SOL: [ 7  9 11 17 18 20 23 24 26 28 31 33 34]
OBJ: 13
M: sh4
PAR: 4
INC: [ 7  8  9 11 13 16 17 18 20 23 24 26 28 33 35]
BEST: 15
BETTER: False
START
SOL: [ 7  9 11 17 18 20 23 24 26 28 31 33 34]
OBJ: 13
M: li2
PAR: 2
INC: [ 7  8  9 11 13 16 17 18 20 23 24 26 28 33 35]
BEST: 15
END
SOL: [ 5  7  8  9 11 17 18 20 24 25 26 28 31 33 34]
OBJ: 15
M: li2
PAR: 2
INC: [ 7  8  9 11 13 16 17 18 20 23 24 26 28 33 35]
BEST: 15
BETTER: False
START
SOL: [ 5  7  8  9 11 17 18 20 24 25 26 28 31 33 34]
OBJ: 15
M: li2
PAR: 2
INC: [ 7  8  9 11 13 16 17 18 20 23 24 26 28 33 35]
BEST: 15
END
SOL: [ 5  7  8  9 11 17 18 20 24 25 26 28 31 33 34]
OBJ: 15
M: li2
PAR: 2
INC: [ 7  8  9 11 13 16 17 18 20 23 24 26 28 33 35]
BEST: 15
BETTER: False
START
SOL: [ 7  8  9 11 13 16 17 18 20 23 24 26 28 33 35]
OBJ: 15
M: sh9
PAR: 9
INC: [ 7  8  9 11 13 16 17 18 20 23 24 26 28 33 35]
BEST: 15
END
SOL: [ 5  9 11 13 16 18 20 23 26 28 33]
OBJ: 11
M: sh9
PAR: 9
INC: [ 7  8  9 11 13 16 17 18 20 23 24 26 28 33 35]
BEST: 15
BETTER: False
START
SOL: [ 5  9 11 13 16 18 20 23 26 28 33]
OBJ: 11
M: li2
PAR: 2
INC: [ 7  8  9 11 13 16 17 18 20 23 24 26 28 33 35]
BEST: 15
END
SOL: [ 5  7  8  9 11 13 16 18 20 23 26 28]
OBJ: 12
M: li2
PAR: 2
INC: [ 7  8  9 11 13 16 17 18 20 23 24 26 28 33 35]
BEST: 15
BETTER: False
START
SOL: [ 5  7  8  9 11 13 16 18 20 23 26 28]
OBJ: 12
M: li2
PAR: 2
INC: [ 7  8  9 11 13 16 17 18 20 23 24 26 28 33 35]
BEST: 15
END
SOL: [ 1  5  7  8  9 11 13 16 20 23 24 26 28 33]
OBJ: 14
M: li2
PAR: 2
INC: [ 7  8  9 11 13 16 17 18 20 23 24 26 28 33 35]
BEST: 15
BETTER: False
START
SOL: [ 1  5  7  8  9 11 13 16 20 23 24 26 28 33]
OBJ: 14
M: li2
PAR: 2
INC: [ 7  8  9 11 13 16 17 18 20 23 24 26 28 33 35]
BEST: 15
END
SOL: [ 1  5  7  8  9 11 13 16 20 23 24 26 28 33]
OBJ: 14
M: li2
PAR: 2
INC: [ 7  8  9 11 13 16 17 18 20 23 24 26 28 33 35]
BEST: 15
BETTER: False
START
SOL: [ 7  8  9 11 13 16 17 18 20 23 24 26 28 33 35]
OBJ: 15
M: sh16
PAR: 16
INC: [ 7  8  9 11 13 16 17 18 20 23 24 26 28 33 35]
BEST: 15
END
SOL: [ 0  2  8  9 14 16 20 24 26 31 32 35]
OBJ: 12
M: sh16
PAR: 16
INC: [ 7  8  9 11 13 16 17 18 20 23 24 26 28 33 35]
BEST: 15
BETTER: False
START
SOL: [ 0  2  8  9 14 16 20 24 26 31 32 35]
OBJ: 12
M: li2
PAR: 2
INC: [ 7  8  9 11 13 16 17 18 20 23 24 26 28 33 35]
BEST: 15
END
SOL: [ 0  2  8  9 14 16 17 20 24 25 26 31 32 35]
OBJ: 14
M: li2
PAR: 2
INC: [ 7  8  9 11 13 16 17 18 20 23 24 26 28 33 35]
BEST: 15
BETTER: False
START
SOL: [ 0  2  8  9 14 16 17 20 24 25 26 31 32 35]
OBJ: 14
M: li2
PAR: 2
INC: [ 7  8  9 11 13 16 17 18 20 23 24 26 28 33 35]
BEST: 15
END
SOL: [ 0  2  8  9 14 16 17 20 24 25 26 31 32 35]
OBJ: 14
M: li2
PAR: 2
INC: [ 7  8  9 11 13 16 17 18 20 23 24 26 28 33 35]
BEST: 15
BETTER: False
START
SOL: [ 7  8  9 11 13 16 17 18 20 23 24 26 28 33 35]
OBJ: 15
M: sh4
PAR: 4
INC: [ 7  8  9 11 13 16 17 18 20 23 24 26 28 33 35]
BEST: 15
END
SOL: [ 7  8  9 11 13 16 17 18 20 23 24 26 28 33 35]
OBJ: 15
M: sh4
PAR: 4
INC: [ 7  8  9 11 13 16 17 18 20 23 24 26 28 33 35]
BEST: 15
BETTER: False
START
SOL: [ 7  8  9 11 13 16 17 18 20 23 24 26 28 33 35]
OBJ: 15
M: li2
PAR: 2
INC: [ 7  8  9 11 13 16 17 18 20 23 24 26 28 33 35]
BEST: 15
END
SOL: [ 7  8  9 11 13 16 17 18 20 23 24 26 28 33 35]
OBJ: 15
M: li2
PAR: 2
INC: [ 7  8  9 11 13 16 17 18 20 23 24 26 28 33 35]
BEST: 15
BETTER: False
START
SOL: [ 7  8  9 11 13 16 17 18 20 23 24 26 28 33 35]
OBJ: 15
M: sh9
PAR: 9
INC: [ 7  8  9 11 13 16 17 18 20 23 24 26 28 33 35]
BEST: 15
END
SOL: [ 4  7  8  9 10 11 13 18 20 23 28 34]
OBJ: 12
M: sh9
PAR: 9
INC: [ 7  8  9 11 13 16 17 18 20 23 24 26 28 33 35]
BEST: 15
BETTER: False
START
SOL: [ 4  7  8  9 10 11 13 18 20 23 28 34]
OBJ: 12
M: li2
PAR: 2
INC: [ 7  8  9 11 13 16 17 18 20 23 24 26 28 33 35]
BEST: 15
END
SOL: [ 4  7  8  9 10 11 17 18 20 23 24 28 33 34]
OBJ: 14
M: li2
PAR: 2
INC: [ 7  8  9 11 13 16 17 18 20 23 24 26 28 33 35]
BEST: 15
BETTER: False
START
SOL: [ 4  7  8  9 10 11 17 18 20 23 24 28 33 34]
OBJ: 14
M: li2
PAR: 2
INC: [ 7  8  9 11 13 16 17 18 20 23 24 26 28 33 35]
BEST: 15
END
SOL: [ 4  7  8  9 10 11 13 17 18 20 23 24 28 33 34]
OBJ: 15
M: li2
PAR: 2
INC: [ 7  8  9 11 13 16 17 18 20 23 24 26 28 33 35]
BEST: 15
BETTER: False
START
SOL: [ 4  7  8  9 10 11 13 17 18 20 23 24 28 33 34]
OBJ: 15
M: li2
PAR: 2
INC: [ 7  8  9 11 13 16 17 18 20 23 24 26 28 33 35]
BEST: 15
END
SOL: [ 4  7  8  9 10 11 13 17 18 20 23 24 28 33 34]
OBJ: 15
M: li2
PAR: 2
INC: [ 7  8  9 11 13 16 17 18 20 23 24 26 28 33 35]
BEST: 15
BETTER: False
START
SOL: [ 7  8  9 11 13 16 17 18 20 23 24 26 28 33 35]
OBJ: 15
M: sh16
PAR: 16
INC: [ 7  8  9 11 13 16 17 18 20 23 24 26 28 33 35]
BEST: 15
END
SOL: [ 1  6 13 21 25 26 28 33 34]
OBJ: 9
M: sh16
PAR: 16
INC: [ 7  8  9 11 13 16 17 18 20 23 24 26 28 33 35]
BEST: 15
BETTER: False
START
SOL: [ 1  6 13 21 25 26 28 33 34]
OBJ: 9
M: li2
PAR: 2
INC: [ 7  8  9 11 13 16 17 18 20 23 24 26 28 33 35]
BEST: 15
END
SOL: [ 0  1  5  6 13 21 25 26 33 34]
OBJ: 10
M: li2
PAR: 2
INC: [ 7  8  9 11 13 16 17 18 20 23 24 26 28 33 35]
BEST: 15
BETTER: False
START
SOL: [ 0  1  5  6 13 21 25 26 33 34]
OBJ: 10
M: li2
PAR: 2
INC: [ 7  8  9 11 13 16 17 18 20 23 24 26 28 33 35]
BEST: 15
END
SOL: [ 0  1  5  6 13 20 21 25 26 33 34]
OBJ: 11
M: li2
PAR: 2
INC: [ 7  8  9 11 13 16 17 18 20 23 24 26 28 33 35]
BEST: 15
BETTER: False
START
SOL: [ 0  1  5  6 13 20 21 25 26 33 34]
OBJ: 11
M: li2
PAR: 2
INC: [ 7  8  9 11 13 16 17 18 20 23 24 26 28 33 35]
BEST: 15
END
SOL: [ 1  5  6 11 13 20 21 25 26 28 33 34]
OBJ: 12
M: li2
PAR: 2
INC: [ 7  8  9 11 13 16 17 18 20 23 24 26 28 33 35]
BEST: 15
BETTER: False
START
SOL: [ 1  5  6 11 13 20 21 25 26 28 33 34]
OBJ: 12
M: li2
PAR: 2
INC: [ 7  8  9 11 13 16 17 18 20 23 24 26 28 33 35]
BEST: 15
END
SOL: [ 1  5  6 11 12 13 20 21 25 26 28 33 34]
OBJ: 13
M: li2
PAR: 2
INC: [ 7  8  9 11 13 16 17 18 20 23 24 26 28 33 35]
BEST: 15
BETTER: False
START
SOL: [ 1  5  6 11 12 13 20 21 25 26 28 33 34]
OBJ: 13
M: li2
PAR: 2
INC: [ 7  8  9 11 13 16 17 18 20 23 24 26 28 33 35]
BEST: 15
END
SOL: [ 1  5  6 11 12 20 21 25 26 28 31 32 33 34]
OBJ: 14
M: li2
PAR: 2
INC: [ 7  8  9 11 13 16 17 18 20 23 24 26 28 33 35]
BEST: 15
BETTER: False
START
SOL: [ 1  5  6 11 12 20 21 25 26 28 31 32 33 34]
OBJ: 14
M: li2
PAR: 2
INC: [ 7  8  9 11 13 16 17 18 20 23 24 26 28 33 35]
BEST: 15
END
SOL: [ 1  5  6 11 12 20 21 25 26 28 31 32 33 34]
OBJ: 14
M: li2
PAR: 2
INC: [ 7  8  9 11 13 16 17 18 20 23 24 26 28 33 35]
BEST: 15
BETTER: False
START
SOL: [ 7  8  9 11 13 16 17 18 20 23 24 26 28 33 35]
OBJ: 15
M: sh4
PAR: 4
INC: [ 7  8  9 11 13 16 17 18 20 23 24 26 28 33 35]
BEST: 15
END
SOL: [ 7  8  9 11 13 16 17 18 20 23 24 26 28 33 35]
OBJ: 15
M: sh4
PAR: 4
INC: [ 7  8  9 11 13 16 17 18 20 23 24 26 28 33 35]
BEST: 15
BETTER: False
START
SOL: [ 7  8  9 11 13 16 17 18 20 23 24 26 28 33 35]
OBJ: 15
M: li2
PAR: 2
INC: [ 7  8  9 11 13 16 17 18 20 23 24 26 28 33 35]
BEST: 15
END
SOL: [ 7  8  9 11 13 16 17 18 20 23 24 26 28 33 35]
OBJ: 15
M: li2
PAR: 2
INC: [ 7  8  9 11 13 16 17 18 20 23 24 26 28 33 35]
BEST: 15
BETTER: False
START
SOL: [ 7  8  9 11 13 16 17 18 20 23 24 26 28 33 35]
OBJ: 15
M: sh9
PAR: 9
INC: [ 7  8  9 11 13 16 17 18 20 23 24 26 28 33 35]
BEST: 15
END
SOL: [ 4  7  8  9 11 16 17 18 20 24 25 28 31 33 35]
OBJ: 15
M: sh9
PAR: 9
INC: [ 7  8  9 11 13 16 17 18 20 23 24 26 28 33 35]
BEST: 15
BETTER: False
START
SOL: [ 4  7  8  9 11 16 17 18 20 24 25 28 31 33 35]
OBJ: 15
M: li2
PAR: 2
INC: [ 7  8  9 11 13 16 17 18 20 23 24 26 28 33 35]
BEST: 15
END
SOL: [ 4  7  8  9 11 16 17 18 20 24 25 28 31 33 35]
OBJ: 15
M: li2
PAR: 2
INC: [ 7  8  9 11 13 16 17 18 20 23 24 26 28 33 35]
BEST: 15
BETTER: False
START
SOL: [ 7  8  9 11 13 16 17 18 20 23 24 26 28 33 35]
OBJ: 15
M: sh16
PAR: 16
INC: [ 7  8  9 11 13 16 17 18 20 23 24 26 28 33 35]
BEST: 15
END
SOL: [ 1  5  6  7 11 16 20 22 23 24 26 28 31]
OBJ: 13
M: sh16
PAR: 16
INC: [ 7  8  9 11 13 16 17 18 20 23 24 26 28 33 35]
BEST: 15
BETTER: False
START
SOL: [ 1  5  6  7 11 16 20 22 23 24 26 28 31]
OBJ: 13
M: li2
PAR: 2
INC: [ 7  8  9 11 13 16 17 18 20 23 24 26 28 33 35]
BEST: 15
END
SOL: [ 5  6  7 11 16 17 18 20 22 23 24 26 28 31]
OBJ: 14
M: li2
PAR: 2
INC: [ 7  8  9 11 13 16 17 18 20 23 24 26 28 33 35]
BEST: 15
BETTER: False
