I: gnm_45_87_20201228131656.mis
O: CH ('random', 0)
O: LI ('two-exchange random fill neighborhood search', 1)
O: SH ('remove k and random fill', 5)
O: SH ('remove k and random fill', 10)
O: SH ('remove k and random fill', 20)
MISP
GVNS
START
SOL: []
OBJ: 0
M: ch0
PAR: 0
INC: []
BEST: 0
END
SOL: [ 2  6  8 15 16 20 23 24 27 28 32 37 40 41 42 43 44]
OBJ: 17
M: ch0
PAR: 0
INC: [ 2  6  8 15 16 20 23 24 27 28 32 37 40 41 42 43 44]
BEST: 17
BETTER: True
START
SOL: [ 2  6  8 15 16 20 23 24 27 28 32 37 40 41 42 43 44]
OBJ: 17
M: li2
PAR: 2
INC: [ 2  6  8 15 16 20 23 24 27 28 32 37 40 41 42 43 44]
BEST: 17
END
SOL: [ 2  6  8  9 15 16 20 22 23 24 27 32 37 40 41 42 43 44]
OBJ: 18
M: li2
PAR: 2
INC: [ 2  6  8  9 15 16 20 22 23 24 27 32 37 40 41 42 43 44]
BEST: 18
BETTER: True
START
SOL: [ 2  6  8  9 15 16 20 22 23 24 27 32 37 40 41 42 43 44]
OBJ: 18
M: li2
PAR: 2
INC: [ 2  6  8  9 15 16 20 22 23 24 27 32 37 40 41 42 43 44]
BEST: 18
END
SOL: [ 2  6  8  9 15 16 17 18 20 22 23 24 27 32 37 40 41 42 43]
OBJ: 19
M: li2
PAR: 2
INC: [ 2  6  8  9 15 16 17 18 20 22 23 24 27 32 37 40 41 42 43]
BEST: 19
BETTER: True
START
SOL: [ 2  6  8  9 15 16 17 18 20 22 23 24 27 32 37 40 41 42 43]
OBJ: 19
M: li2
PAR: 2
INC: [ 2  6  8  9 15 16 17 18 20 22 23 24 27 32 37 40 41 42 43]
BEST: 19
END
SOL: [ 2  6  8  9 10 15 16 17 18 20 22 24 27 32 37 38 40 41 42 43]
OBJ: 20
M: li2
PAR: 2
INC: [ 2  6  8  9 10 15 16 17 18 20 22 24 27 32 37 38 40 41 42 43]
BEST: 20
BETTER: True
START
SOL: [ 2  6  8  9 10 15 16 17 18 20 22 24 27 32 37 38 40 41 42 43]
OBJ: 20
M: li2
PAR: 2
INC: [ 2  6  8  9 10 15 16 17 18 20 22 24 27 32 37 38 40 41 42 43]
BEST: 20
END
SOL: [ 2  6  8  9 10 15 16 17 18 20 22 24 27 32 37 38 40 41 42 43]
OBJ: 20
M: li2
PAR: 2
INC: [ 2  6  8  9 10 15 16 17 18 20 22 24 27 32 37 38 40 41 42 43]
BEST: 20
BETTER: False
START
SOL: [ 2  6  8  9 10 15 16 17 18 20 22 24 27 32 37 38 40 41 42 43]
OBJ: 20
M: sh5
PAR: 5
INC: [ 2  6  8  9 10 15 16 17 18 20 22 24 27 32 37 38 40 41 42 43]
BEST: 20
END
SOL: [ 2  8  9 10 15 16 17 18 20 22 24 25 27 32 37 38 40 41 42 43]
OBJ: 20
M: sh5
PAR: 5
INC: [ 2  6  8  9 10 15 16 17 18 20 22 24 27 32 37 38 40 41 42 43]
BEST: 20
BETTER: False
START
SOL: [ 2  8  9 10 15 16 17 18 20 22 24 25 27 32 37 38 40 41 42 43]
OBJ: 20
M: li2
PAR: 2
INC: [ 2  6  8  9 10 15 16 17 18 20 22 24 27 32 37 38 40 41 42 43]
BEST: 20
END
SOL: [ 2  8  9 10 15 16 17 18 20 22 24 25 27 32 37 38 40 41 42 43]
OBJ: 20
M: li2
PAR: 2
INC: [ 2  6  8  9 10 15 16 17 18 20 22 24 27 32 37 38 40 41 42 43]
BEST: 20
BETTER: False
END_ITER
START
SOL: [ 2  8  9 10 15 16 17 18 20 22 24 25 27 32 37 38 40 41 42 43]
OBJ: 20
M: sh5
PAR: 5
INC: [ 2  6  8  9 10 15 16 17 18 20 22 24 27 32 37 38 40 41 42 43]
BEST: 20
END
SOL: [ 2  8  9 10 15 16 17 18 20 22 24 25 27 32 37 38 40 41 42 43]
OBJ: 20
M: sh5
PAR: 5
INC: [ 2  6  8  9 10 15 16 17 18 20 22 24 27 32 37 38 40 41 42 43]
BEST: 20
BETTER: False
START
SOL: [ 2  8  9 10 15 16 17 18 20 22 24 25 27 32 37 38 40 41 42 43]
OBJ: 20
M: li2
PAR: 2
INC: [ 2  6  8  9 10 15 16 17 18 20 22 24 27 32 37 38 40 41 42 43]
BEST: 20
END
SOL: [ 2  8  9 10 15 16 17 18 20 22 24 25 27 32 37 38 40 41 42 43]
OBJ: 20
M: li2
PAR: 2
INC: [ 2  6  8  9 10 15 16 17 18 20 22 24 27 32 37 38 40 41 42 43]
BEST: 20
BETTER: False
END_ITER
START
SOL: [ 2  8  9 10 15 16 17 18 20 22 24 25 27 32 37 38 40 41 42 43]
OBJ: 20
M: sh10
PAR: 10
INC: [ 2  6  8  9 10 15 16 17 18 20 22 24 27 32 37 38 40 41 42 43]
BEST: 20
END
SOL: [ 1  2  3  8  9 16 18 22 24 25 27 31 32 38 40 41 43]
OBJ: 17
M: sh10
PAR: 10
INC: [ 2  6  8  9 10 15 16 17 18 20 22 24 27 32 37 38 40 41 42 43]
BEST: 20
BETTER: False
START
SOL: [ 1  2  3  8  9 16 18 22 24 25 27 31 32 38 40 41 43]
OBJ: 17
M: li2
PAR: 2
INC: [ 2  6  8  9 10 15 16 17 18 20 22 24 27 32 37 38 40 41 42 43]
BEST: 20
END
SOL: [ 1  2  3  8  9 10 16 18 20 22 24 25 27 31 32 38 40 41 43]
OBJ: 19
M: li2
PAR: 2
INC: [ 2  6  8  9 10 15 16 17 18 20 22 24 27 32 37 38 40 41 42 43]
BEST: 20
BETTER: False
START
SOL: [ 1  2  3  8  9 10 16 18 20 22 24 25 27 31 32 38 40 41 43]
OBJ: 19
M: li2
PAR: 2
INC: [ 2  6  8  9 10 15 16 17 18 20 22 24 27 32 37 38 40 41 42 43]
BEST: 20
END
SOL: [ 1  2  3  8  9 10 16 18 20 22 24 25 27 31 32 38 40 41 43]
OBJ: 19
M: li2
PAR: 2
INC: [ 2  6  8  9 10 15 16 17 18 20 22 24 27 32 37 38 40 41 42 43]
BEST: 20
BETTER: False
END_ITER
START
SOL: [ 2  8  9 10 15 16 17 18 20 22 24 25 27 32 37 38 40 41 42 43]
OBJ: 20
M: sh20
PAR: 20
INC: [ 2  6  8  9 10 15 16 17 18 20 22 24 27 32 37 38 40 41 42 43]
BEST: 20
END
SOL: [ 8 13 14 17 23 24 26 28 30 33 34 37 40 42]
OBJ: 14
M: sh20
PAR: 20
INC: [ 2  6  8  9 10 15 16 17 18 20 22 24 27 32 37 38 40 41 42 43]
BEST: 20
BETTER: False
START
SOL: [ 8 13 14 17 23 24 26 28 30 33 34 37 40 42]
OBJ: 14
M: li2
PAR: 2
INC: [ 2  6  8  9 10 15 16 17 18 20 22 24 27 32 37 38 40 41 42 43]
BEST: 20
END
SOL: [ 0  8 11 13 14 17 20 24 25 26 28 30 33 34 37 40 42]
OBJ: 17
M: li2
PAR: 2
INC: [ 2  6  8  9 10 15 16 17 18 20 22 24 27 32 37 38 40 41 42 43]
BEST: 20
BETTER: False
START
SOL: [ 0  8 11 13 14 17 20 24 25 26 28 30 33 34 37 40 42]
OBJ: 17
M: li2
PAR: 2
INC: [ 2  6  8  9 10 15 16 17 18 20 22 24 27 32 37 38 40 41 42 43]
BEST: 20
END
SOL: [ 0  5  8 11 13 14 17 20 24 25 26 28 30 33 34 37 40 42]
OBJ: 18
M: li2
PAR: 2
INC: [ 2  6  8  9 10 15 16 17 18 20 22 24 27 32 37 38 40 41 42 43]
BEST: 20
BETTER: False
START
SOL: [ 0  5  8 11 13 14 17 20 24 25 26 28 30 33 34 37 40 42]
OBJ: 18
M: li2
PAR: 2
INC: [ 2  6  8  9 10 15 16 17 18 20 22 24 27 32 37 38 40 41 42 43]
BEST: 20
END
SOL: [ 0  5  8 11 13 14 17 19 20 24 25 26 28 30 31 33 34 37 40]
OBJ: 19
M: li2
PAR: 2
INC: [ 2  6  8  9 10 15 16 17 18 20 22 24 27 32 37 38 40 41 42 43]
BEST: 20
BETTER: False
START
SOL: [ 0  5  8 11 13 14 17 19 20 24 25 26 28 30 31 33 34 37 40]
OBJ: 19
M: li2
PAR: 2
INC: [ 2  6  8  9 10 15 16 17 18 20 22 24 27 32 37 38 40 41 42 43]
BEST: 20
END
SOL: [ 0  5  8 11 13 14 17 19 20 24 25 26 28 30 31 33 34 37 40]
OBJ: 19
M: li2
PAR: 2
INC: [ 2  6  8  9 10 15 16 17 18 20 22 24 27 32 37 38 40 41 42 43]
BEST: 20
BETTER: False
END_ITER
START
SOL: [ 2  8  9 10 15 16 17 18 20 22 24 25 27 32 37 38 40 41 42 43]
OBJ: 20
M: sh5
PAR: 5
INC: [ 2  6  8  9 10 15 16 17 18 20 22 24 27 32 37 38 40 41 42 43]
BEST: 20
END
SOL: [ 2  6  8  9 10 12 15 16 17 20 22 27 32 37 38 40 41 42 43]
OBJ: 19
M: sh5
PAR: 5
INC: [ 2  6  8  9 10 15 16 17 18 20 22 24 27 32 37 38 40 41 42 43]
BEST: 20
BETTER: False
START
SOL: [ 2  6  8  9 10 12 15 16 17 20 22 27 32 37 38 40 41 42 43]
OBJ: 19
M: li2
PAR: 2
INC: [ 2  6  8  9 10 15 16 17 18 20 22 24 27 32 37 38 40 41 42 43]
BEST: 20
END
SOL: [ 2  6  8  9 10 15 16 17 18 20 22 24 27 32 37 38 40 41 42 43]
OBJ: 20
M: li2
PAR: 2
INC: [ 2  6  8  9 10 15 16 17 18 20 22 24 27 32 37 38 40 41 42 43]
BEST: 20
BETTER: False
START
SOL: [ 2  6  8  9 10 15 16 17 18 20 22 24 27 32 37 38 40 41 42 43]
OBJ: 20
M: li2
PAR: 2
INC: [ 2  6  8  9 10 15 16 17 18 20 22 24 27 32 37 38 40 41 42 43]
BEST: 20
END
SOL: [ 2  6  8  9 10 15 16 17 18 20 22 24 27 32 37 38 40 41 42 43]
OBJ: 20
M: li2
PAR: 2
INC: [ 2  6  8  9 10 15 16 17 18 20 22 24 27 32 37 38 40 41 42 43]
BEST: 20
BETTER: False
END_ITER
START
SOL: [ 2  8  9 10 15 16 17 18 20 22 24 25 27 32 37 38 40 41 42 43]
OBJ: 20
M: sh10
PAR: 10
INC: [ 2  6  8  9 10 15 16 17 18 20 22 24 27 32 37 38 40 41 42 43]
BEST: 20
END
SOL: [ 2  9 14 15 16 17 22 24 25 26 32 37 39 40 42 43]
OBJ: 16
M: sh10
PAR: 10
INC: [ 2  6  8  9 10 15 16 17 18 20 22 24 27 32 37 38 40 41 42 43]
BEST: 20
BETTER: False
START
SOL: [ 2  9 14 15 16 17 22 24 25 26 32 37 39 40 42 43]
OBJ: 16
M: li2
PAR: 2
INC: [ 2  6  8  9 10 15 16 17 18 20 22 24 27 32 37 38 40 41 42 43]
BEST: 20
END
SOL: [ 2  9 14 15 16 20 22 24 25 26 32 37 39 40 42 43 44]
OBJ: 17
M: li2
PAR: 2
INC: [ 2  6  8  9 10 15 16 17 18 20 22 24 27 32 37 38 40 41 42 43]
BEST: 20
BETTER: False
START
SOL: [ 2  9 14 15 16 20 22 24 25 26 32 37 39 40 42 43 44]
OBJ: 17
M: li2
PAR: 2
INC: [ 2  6  8  9 10 15 16 17 18 20 22 24 27 32 37 38 40 41 42 43]
BEST: 20
END
SOL: [ 2  9 10 14 15 16 20 22 24 25 26 32 37 39 40 42 43 44]
OBJ: 18
M: li2
PAR: 2
INC: [ 2  6  8  9 10 15 16 17 18 20 22 24 27 32 37 38 40 41 42 43]
BEST: 20
BETTER: False
START
SOL: [ 2  9 10 14 15 16 20 22 24 25 26 32 37 39 40 42 43 44]
OBJ: 18
M: li2
PAR: 2
INC: [ 2  6  8  9 10 15 16 17 18 20 22 24 27 32 37 38 40 41 42 43]
BEST: 20
END
SOL: [ 2  9 10 14 15 16 20 22 24 25 26 32 37 39 40 42 43 44]
OBJ: 18
M: li2
PAR: 2
INC: [ 2  6  8  9 10 15 16 17 18 20 22 24 27 32 37 38 40 41 42 43]
BEST: 20
BETTER: False
END_ITER
START
SOL: [ 2  8  9 10 15 16 17 18 20 22 24 25 27 32 37 38 40 41 42 43]
OBJ: 20
M: sh20
PAR: 20
INC: [ 2  6  8  9 10 15 16 17 18 20 22 24 27 32 37 38 40 41 42 43]
BEST: 20
END
SOL: [ 1  5 14 24 25 27 29 33 35 36 38 40 42]
OBJ: 13
M: sh20
PAR: 20
INC: [ 2  6  8  9 10 15 16 17 18 20 22 24 27 32 37 38 40 41 42 43]
BEST: 20
BETTER: False
START
SOL: [ 1  5 14 24 25 27 29 33 35 36 38 40 42]
OBJ: 13
M: li2
PAR: 2
INC: [ 2  6  8  9 10 15 16 17 18 20 22 24 27 32 37 38 40 41 42 43]
BEST: 20
END
SOL: [ 1  5 14 16 20 24 25 27 29 32 33 35 36 38 40 42]
OBJ: 16
M: li2
PAR: 2
INC: [ 2  6  8  9 10 15 16 17 18 20 22 24 27 32 37 38 40 41 42 43]
BEST: 20
BETTER: False
START
SOL: [ 1  5 14 16 20 24 25 27 29 32 33 35 36 38 40 42]
OBJ: 16
M: li2
PAR: 2
INC: [ 2  6  8  9 10 15 16 17 18 20 22 24 27 32 37 38 40 41 42 43]
BEST: 20
END
SOL: [ 5 14 16 17 20 24 25 27 29 32 33 35 36 37 38 40 42]
OBJ: 17
M: li2
PAR: 2
INC: [ 2  6  8  9 10 15 16 17 18 20 22 24 27 32 37 38 40 41 42 43]
BEST: 20
BETTER: False
START
SOL: [ 5 14 16 17 20 24 25 27 29 32 33 35 36 37 38 40 42]
OBJ: 17
M: li2
PAR: 2
INC: [ 2  6  8  9 10 15 16 17 18 20 22 24 27 32 37 38 40 41 42 43]
BEST: 20
END
SOL: [ 0  5 14 16 17 20 24 25 27 28 32 33 35 36 37 38 40 42]
OBJ: 18
M: li2
PAR: 2
INC: [ 2  6  8  9 10 15 16 17 18 20 22 24 27 32 37 38 40 41 42 43]
BEST: 20
BETTER: False
START
SOL: [ 0  5 14 16 17 20 24 25 27 28 32 33 35 36 37 38 40 42]
OBJ: 18
M: li2
PAR: 2
INC: [ 2  6  8  9 10 15 16 17 18 20 22 24 27 32 37 38 40 41 42 43]
BEST: 20
END
SOL: [ 0  5  8 14 16 17 20 24 25 27 28 32 33 35 36 37 38 40 42]
OBJ: 19
M: li2
PAR: 2
INC: [ 2  6  8  9 10 15 16 17 18 20 22 24 27 32 37 38 40 41 42 43]
BEST: 20
BETTER: False
START
SOL: [ 0  5  8 14 16 17 20 24 25 27 28 32 33 35 36 37 38 40 42]
OBJ: 19
M: li2
PAR: 2
INC: [ 2  6  8  9 10 15 16 17 18 20 22 24 27 32 37 38 40 41 42 43]
BEST: 20
END
SOL: [ 0  5  8 11 14 17 20 24 25 27 28 32 33 34 35 36 37 38 40 42]
OBJ: 20
M: li2
PAR: 2
INC: [ 2  6  8  9 10 15 16 17 18 20 22 24 27 32 37 38 40 41 42 43]
BEST: 20
BETTER: False
START
SOL: [ 0  5  8 11 14 17 20 24 25 27 28 32 33 34 35 36 37 38 40 42]
OBJ: 20
M: li2
PAR: 2
INC: [ 2  6  8  9 10 15 16 17 18 20 22 24 27 32 37 38 40 41 42 43]
BEST: 20
END
SOL: [ 0  5  8 11 14 17 20 24 25 27 28 32 33 34 35 36 37 38 40 42]
OBJ: 20
M: li2
PAR: 2
INC: [ 2  6  8  9 10 15 16 17 18 20 22 24 27 32 37 38 40 41 42 43]
BEST: 20
BETTER: False
END_ITER
START
SOL: [ 2  8  9 10 15 16 17 18 20 22 24 25 27 32 37 38 40 41 42 43]
OBJ: 20
M: sh5
PAR: 5
INC: [ 2  6  8  9 10 15 16 17 18 20 22 24 27 32 37 38 40 41 42 43]
BEST: 20
END
SOL: [ 2  8  9 10 15 16 17 18 20 22 24 25 27 32 37 38 40 41 42 43]
OBJ: 20
M: sh5
PAR: 5
INC: [ 2  6  8  9 10 15 16 17 18 20 22 24 27 32 37 38 40 41 42 43]
BEST: 20
BETTER: False
START
SOL: [ 2  8  9 10 15 16 17 18 20 22 24 25 27 32 37 38 40 41 42 43]
OBJ: 20
M: li2
PAR: 2
INC: [ 2  6  8  9 10 15 16 17 18 20 22 24 27 32 37 38 40 41 42 43]
BEST: 20
END
SOL: [ 2  8  9 10 15 16 17 18 20 22 24 25 27 32 37 38 40 41 42 43]
OBJ: 20
M: li2
PAR: 2
INC: [ 2  6  8  9 10 15 16 17 18 20 22 24 27 32 37 38 40 41 42 43]
BEST: 20
BETTER: False
END_ITER
START
SOL: [ 2  8  9 10 15 16 17 18 20 22 24 25 27 32 37 38 40 41 42 43]
OBJ: 20
M: sh10
PAR: 10
INC: [ 2  6  8  9 10 15 16 17 18 20 22 24 27 32 37 38 40 41 42 43]
BEST: 20
END
SOL: [ 2  3  8 10 15 16 17 18 20 22 25 26 32 38 40 41 43]
OBJ: 17
M: sh10
PAR: 10
INC: [ 2  6  8  9 10 15 16 17 18 20 22 24 27 32 37 38 40 41 42 43]
BEST: 20
BETTER: False
START
SOL: [ 2  3  8 10 15 16 17 18 20 22 25 26 32 38 40 41 43]
OBJ: 17
M: li2
PAR: 2
INC: [ 2  6  8  9 10 15 16 17 18 20 22 24 27 32 37 38 40 41 42 43]
BEST: 20
END
SOL: [ 2  3  8 10 15 16 17 18 20 24 25 26 28 32 38 40 41 43]
OBJ: 18
M: li2
PAR: 2
INC: [ 2  6  8  9 10 15 16 17 18 20 22 24 27 32 37 38 40 41 42 43]
BEST: 20
BETTER: False
START
SOL: [ 2  3  8 10 15 16 17 18 20 24 25 26 28 32 38 40 41 43]
OBJ: 18
M: li2
PAR: 2
INC: [ 2  6  8  9 10 15 16 17 18 20 22 24 27 32 37 38 40 41 42 43]
BEST: 20
END
SOL: [ 2  8 10 15 16 17 18 20 24 25 26 28 32 37 38 40 41 42 43]
OBJ: 19
M: li2
PAR: 2
INC: [ 2  6  8  9 10 15 16 17 18 20 22 24 27 32 37 38 40 41 42 43]
BEST: 20
BETTER: False
START
SOL: [ 2  8 10 15 16 17 18 20 24 25 26 28 32 37 38 40 41 42 43]
OBJ: 19
M: li2
PAR: 2
INC: [ 2  6  8  9 10 15 16 17 18 20 22 24 27 32 37 38 40 41 42 43]
BEST: 20
END
SOL: [ 2  8  9 10 15 16 17 18 20 22 24 25 26 32 37 38 40 41 42 43]
OBJ: 20
M: li2
PAR: 2
INC: [ 2  6  8  9 10 15 16 17 18 20 22 24 27 32 37 38 40 41 42 43]
BEST: 20
BETTER: False
START
SOL: [ 2  8  9 10 15 16 17 18 20 22 24 25 26 32 37 38 40 41 42 43]
OBJ: 20
M: li2
PAR: 2
INC: [ 2  6  8  9 10 15 16 17 18 20 22 24 27 32 37 38 40 41 42 43]
BEST: 20
END
SOL: [ 2  8  9 10 15 16 17 18 20 22 24 25 26 32 37 38 40 41 42 43]
OBJ: 20
M: li2
PAR: 2
INC: [ 2  6  8  9 10 15 16 17 18 20 22 24 27 32 37 38 40 41 42 43]
BEST: 20
BETTER: False
END_ITER
START
SOL: [ 2  8  9 10 15 16 17 18 20 22 24 25 27 32 37 38 40 41 42 43]
OBJ: 20
M: sh20
PAR: 20
INC: [ 2  6  8  9 10 15 16 17 18 20 22 24 27 32 37 38 40 41 42 43]
BEST: 20
END
SOL: [ 1  2  4 10 12 29 30 32 36 39 42 43]
OBJ: 12
M: sh20
PAR: 20
INC: [ 2  6  8  9 10 15 16 17 18 20 22 24 27 32 37 38 40 41 42 43]
BEST: 20
BETTER: False
START
SOL: [ 1  2  4 10 12 29 30 32 36 39 42 43]
OBJ: 12
M: li2
PAR: 2
INC: [ 2  6  8  9 10 15 16 17 18 20 22 24 27 32 37 38 40 41 42 43]
BEST: 20
END
SOL: [ 1  2 10 12 15 20 25 27 29 30 32 36 39 40 42 43]
OBJ: 16
M: li2
PAR: 2
INC: [ 2  6  8  9 10 15 16 17 18 20 22 24 27 32 37 38 40 41 42 43]
BEST: 20
BETTER: False
START
SOL: [ 1  2 10 12 15 20 25 27 29 30 32 36 39 40 42 43]
OBJ: 16
M: li2
PAR: 2
INC: [ 2  6  8  9 10 15 16 17 18 20 22 24 27 32 37 38 40 41 42 43]
BEST: 20
END
SOL: [ 1  2 10 14 15 20 24 25 27 29 30 32 36 39 40 42 43]
OBJ: 17
M: li2
PAR: 2
INC: [ 2  6  8  9 10 15 16 17 18 20 22 24 27 32 37 38 40 41 42 43]
BEST: 20
BETTER: False
START
SOL: [ 1  2 10 14 15 20 24 25 27 29 30 32 36 39 40 42 43]
OBJ: 17
M: li2
PAR: 2
INC: [ 2  6  8  9 10 15 16 17 18 20 22 24 27 32 37 38 40 41 42 43]
BEST: 20
END
SOL: [ 2 10 14 15 17 20 24 25 27 29 30 32 36 37 39 40 42 43]
OBJ: 18
M: li2
PAR: 2
INC: [ 2  6  8  9 10 15 16 17 18 20 22 24 27 32 37 38 40 41 42 43]
BEST: 20
BETTER: False
START
SOL: [ 2 10 14 15 17 20 24 25 27 29 30 32 36 37 39 40 42 43]
OBJ: 18
M: li2
PAR: 2
INC: [ 2  6  8  9 10 15 16 17 18 20 22 24 27 32 37 38 40 41 42 43]
BEST: 20
END
SOL: [ 2 10 14 15 17 20 24 25 27 29 30 32 36 37 39 40 42 43]
OBJ: 18
M: li2
PAR: 2
INC: [ 2  6  8  9 10 15 16 17 18 20 22 24 27 32 37 38 40 41 42 43]
BEST: 20
BETTER: False
END_ITER
START
SOL: [ 2  8  9 10 15 16 17 18 20 22 24 25 27 32 37 38 40 41 42 43]
OBJ: 20
M: sh5
PAR: 5
INC: [ 2  6  8  9 10 15 16 17 18 20 22 24 27 32 37 38 40 41 42 43]
BEST: 20
END
SOL: [ 2  7  8  9 10 15 16 17 18 20 22 24 25 27 37 38 41 42 43]
OBJ: 19
M: sh5
PAR: 5
INC: [ 2  6  8  9 10 15 16 17 18 20 22 24 27 32 37 38 40 41 42 43]
BEST: 20
BETTER: False
START
SOL: [ 2  7  8  9 10 15 16 17 18 20 22 24 25 27 37 38 41 42 43]
OBJ: 19
M: li2
PAR: 2
INC: [ 2  6  8  9 10 15 16 17 18 20 22 24 27 32 37 38 40 41 42 43]
BEST: 20
END
SOL: [ 2  8  9 10 15 16 17 18 20 22 24 25 27 32 37 38 40 41 42 43]
OBJ: 20
M: li2
PAR: 2
INC: [ 2  6  8  9 10 15 16 17 18 20 22 24 27 32 37 38 40 41 42 43]
BEST: 20
BETTER: False
START
SOL: [ 2  8  9 10 15 16 17 18 20 22 24 25 27 32 37 38 40 41 42 43]
OBJ: 20
M: li2
PAR: 2
INC: [ 2  6  8  9 10 15 16 17 18 20 22 24 27 32 37 38 40 41 42 43]
BEST: 20
END
SOL: [ 2  8  9 10 15 16 17 18 20 22 24 25 27 32 37 38 40 41 42 43]
OBJ: 20
M: li2
PAR: 2
INC: [ 2  6  8  9 10 15 16 17 18 20 22 24 27 32 37 38 40 41 42 43]
BEST: 20
BETTER: False
END_ITER
START
SOL: [ 2  8  9 10 15 16 17 18 20 22 24 25 27 32 37 38 40 41 42 43]
OBJ: 20
M: sh10
PAR: 10
INC: [ 2  6  8  9 10 15 16 17 18 20 22 24 27 32 37 38 40 41 42 43]
BEST: 20
END
SOL: [ 1  2  7 10 15 16 18 22 24 25 27 39 41 42 43]
OBJ: 15
M: sh10
PAR: 10
INC: [ 2  6  8  9 10 15 16 17 18 20 22 24 27 32 37 38 40 41 42 43]
BEST: 20
BETTER: False
START
SOL: [ 1  2  7 10 15 16 18 22 24 25 27 39 41 42 43]
OBJ: 15
M: li2
PAR: 2
INC: [ 2  6  8  9 10 15 16 17 18 20 22 24 27 32 37 38 40 41 42 43]
BEST: 20
END
SOL: [ 2  7 10 15 16 17 18 22 24 25 27 37 39 41 42 43]
OBJ: 16
M: li2
PAR: 2
INC: [ 2  6  8  9 10 15 16 17 18 20 22 24 27 32 37 38 40 41 42 43]
BEST: 20
BETTER: False
START
SOL: [ 2  7 10 15 16 17 18 22 24 25 27 37 39 41 42 43]
OBJ: 16
M: li2
PAR: 2
INC: [ 2  6  8  9 10 15 16 17 18 20 22 24 27 32 37 38 40 41 42 43]
BEST: 20
END
SOL: [ 2  7 10 15 16 17 18 20 22 24 25 27 37 39 41 42 43]
OBJ: 17
M: li2
PAR: 2
INC: [ 2  6  8  9 10 15 16 17 18 20 22 24 27 32 37 38 40 41 42 43]
BEST: 20
BETTER: False
START
SOL: [ 2  7 10 15 16 17 18 20 22 24 25 27 37 39 41 42 43]
OBJ: 17
M: li2
PAR: 2
INC: [ 2  6  8  9 10 15 16 17 18 20 22 24 27 32 37 38 40 41 42 43]
BEST: 20
END
SOL: [ 2  9 10 15 16 17 18 20 22 24 25 27 32 37 39 40 41 42 43]
OBJ: 19
M: li2
PAR: 2
INC: [ 2  6  8  9 10 15 16 17 18 20 22 24 27 32 37 38 40 41 42 43]
BEST: 20
BETTER: False
START
SOL: [ 2  9 10 15 16 17 18 20 22 24 25 27 32 37 39 40 41 42 43]
OBJ: 19
M: li2
PAR: 2
INC: [ 2  6  8  9 10 15 16 17 18 20 22 24 27 32 37 38 40 41 42 43]
BEST: 20
END
SOL: [ 2  8  9 10 15 16 17 18 20 22 24 25 27 32 37 38 40 41 42 43]
OBJ: 20
M: li2
PAR: 2
INC: [ 2  6  8  9 10 15 16 17 18 20 22 24 27 32 37 38 40 41 42 43]
BEST: 20
BETTER: False
START
SOL: [ 2  8  9 10 15 16 17 18 20 22 24 25 27 32 37 38 40 41 42 43]
OBJ: 20
M: li2
PAR: 2
INC: [ 2  6  8  9 10 15 16 17 18 20 22 24 27 32 37 38 40 41 42 43]
BEST: 20
END
SOL: [ 2  8  9 10 15 16 17 18 20 22 24 25 27 32 37 38 40 41 42 43]
OBJ: 20
M: li2
PAR: 2
INC: [ 2  6  8  9 10 15 16 17 18 20 22 24 27 32 37 38 40 41 42 43]
BEST: 20
BETTER: False
END_ITER
START
SOL: [ 2  8  9 10 15 16 17 18 20 22 24 25 27 32 37 38 40 41 42 43]
OBJ: 20
M: sh20
PAR: 20
INC: [ 2  6  8  9 10 15 16 17 18 20 22 24 27 32 37 38 40 41 42 43]
BEST: 20
END
SOL: [ 0  2  9 10 24 25 30 31 32 36 37 40 43]
OBJ: 13
M: sh20
PAR: 20
INC: [ 2  6  8  9 10 15 16 17 18 20 22 24 27 32 37 38 40 41 42 43]
BEST: 20
BETTER: False
START
SOL: [ 0  2  9 10 24 25 30 31 32 36 37 40 43]
OBJ: 13
M: li2
PAR: 2
INC: [ 2  6  8  9 10 15 16 17 18 20 22 24 27 32 37 38 40 41 42 43]
BEST: 20
END
SOL: [ 0  2  9 10 14 24 25 27 30 31 32 36 37 40 43]
OBJ: 15
M: li2
PAR: 2
INC: [ 2  6  8  9 10 15 16 17 18 20 22 24 27 32 37 38 40 41 42 43]
BEST: 20
BETTER: False
START
SOL: [ 0  2  9 10 14 24 25 27 30 31 32 36 37 40 43]
OBJ: 15
M: li2
PAR: 2
INC: [ 2  6  8  9 10 15 16 17 18 20 22 24 27 32 37 38 40 41 42 43]
BEST: 20
END
SOL: [ 0  2 10 14 17 20 24 25 27 28 30 31 32 36 37 40 43]
OBJ: 17
M: li2
PAR: 2
INC: [ 2  6  8  9 10 15 16 17 18 20 22 24 27 32 37 38 40 41 42 43]
BEST: 20
BETTER: False
START
SOL: [ 0  2 10 14 17 20 24 25 27 28 30 31 32 36 37 40 43]
OBJ: 17
M: li2
PAR: 2
INC: [ 2  6  8  9 10 15 16 17 18 20 22 24 27 32 37 38 40 41 42 43]
BEST: 20
END
SOL: [ 0  2  8 10 14 17 20 24 25 27 28 30 31 32 36 37 40 43]
OBJ: 18
M: li2
PAR: 2
INC: [ 2  6  8  9 10 15 16 17 18 20 22 24 27 32 37 38 40 41 42 43]
BEST: 20
BETTER: False
START
SOL: [ 0  2  8 10 14 17 20 24 25 27 28 30 31 32 36 37 40 43]
OBJ: 18
M: li2
PAR: 2
INC: [ 2  6  8  9 10 15 16 17 18 20 22 24 27 32 37 38 40 41 42 43]
BEST: 20
END
SOL: [ 0  2  8 10 14 15 17 20 24 25 27 28 30 32 36 37 40 42 43]
OBJ: 19
M: li2
PAR: 2
INC: [ 2  6  8  9 10 15 16 17 18 20 22 24 27 32 37 38 40 41 42 43]
BEST: 20
BETTER: False
START
SOL: [ 0  2  8 10 14 15 17 20 24 25 27 28 30 32 36 37 40 42 43]
OBJ: 19
M: li2
PAR: 2
INC: [ 2  6  8  9 10 15 16 17 18 20 22 24 27 32 37 38 40 41 42 43]
BEST: 20
END
SOL: [ 0  2  8 10 14 15 16 17 20 24 25 27 28 32 36 37 38 40 42 43]
OBJ: 20
M: li2
PAR: 2
INC: [ 2  6  8  9 10 15 16 17 18 20 22 24 27 32 37 38 40 41 42 43]
BEST: 20
BETTER: False
START
SOL: [ 0  2  8 10 14 15 16 17 20 24 25 27 28 32 36 37 38 40 42 43]
OBJ: 20
M: li2
PAR: 2
INC: [ 2  6  8  9 10 15 16 17 18 20 22 24 27 32 37 38 40 41 42 43]
BEST: 20
END
SOL: [ 0  2  8 10 14 15 16 17 20 24 25 27 28 32 36 37 38 40 42 43]
OBJ: 20
M: li2
PAR: 2
INC: [ 2  6  8  9 10 15 16 17 18 20 22 24 27 32 37 38 40 41 42 43]
BEST: 20
BETTER: False
END_ITER
START
SOL: [ 2  8  9 10 15 16 17 18 20 22 24 25 27 32 37 38 40 41 42 43]
OBJ: 20
M: sh5
PAR: 5
INC: [ 2  6  8  9 10 15 16 17 18 20 22 24 27 32 37 38 40 41 42 43]
BEST: 20
END
SOL: [ 0  2  9 10 15 16 17 18 20 24 25 27 32 36 37 38 40 42 43]
OBJ: 19
M: sh5
PAR: 5
INC: [ 2  6  8  9 10 15 16 17 18 20 22 24 27 32 37 38 40 41 42 43]
BEST: 20
BETTER: False
START
SOL: [ 0  2  9 10 15 16 17 18 20 24 25 27 32 36 37 38 40 42 43]
OBJ: 19
M: li2
PAR: 2
INC: [ 2  6  8  9 10 15 16 17 18 20 22 24 27 32 37 38 40 41 42 43]
BEST: 20
END
SOL: [ 0  2  6  8  9 10 15 16 17 18 20 24 27 32 36 37 38 40 42 43]
OBJ: 20
M: li2
PAR: 2
INC: [ 2  6  8  9 10 15 16 17 18 20 22 24 27 32 37 38 40 41 42 43]
BEST: 20
BETTER: False
START
SOL: [ 0  2  6  8  9 10 15 16 17 18 20 24 27 32 36 37 38 40 42 43]
OBJ: 20
M: li2
PAR: 2
INC: [ 2  6  8  9 10 15 16 17 18 20 22 24 27 32 37 38 40 41 42 43]
BEST: 20
END
SOL: [ 0  2  6  8  9 10 15 16 17 18 20 24 27 32 36 37 38 40 42 43]
OBJ: 20
M: li2
PAR: 2
INC: [ 2  6  8  9 10 15 16 17 18 20 22 24 27 32 37 38 40 41 42 43]
BEST: 20
BETTER: False
END_ITER
START
SOL: [ 2  8  9 10 15 16 17 18 20 22 24 25 27 32 37 38 40 41 42 43]
OBJ: 20
M: sh10
PAR: 10
INC: [ 2  6  8  9 10 15 16 17 18 20 22 24 27 32 37 38 40 41 42 43]
BEST: 20
END
SOL: [ 2  9 10 15 16 18 20 22 24 25 27 32 37 39 40 41 42 43]
OBJ: 18
M: sh10
PAR: 10
INC: [ 2  6  8  9 10 15 16 17 18 20 22 24 27 32 37 38 40 41 42 43]
BEST: 20
BETTER: False
START
SOL: [ 2  9 10 15 16 18 20 22 24 25 27 32 37 39 40 41 42 43]
OBJ: 18
M: li2
PAR: 2
INC: [ 2  6  8  9 10 15 16 17 18 20 22 24 27 32 37 38 40 41 42 43]
BEST: 20
END
SOL: [ 2  9 10 15 16 17 18 20 22 24 25 27 32 37 39 40 41 42 43]
OBJ: 19
M: li2
PAR: 2
INC: [ 2  6  8  9 10 15 16 17 18 20 22 24 27 32 37 38 40 41 42 43]
BEST: 20
BETTER: False
START
SOL: [ 2  9 10 15 16 17 18 20 22 24 25 27 32 37 39 40 41 42 43]
OBJ: 19
M: li2
PAR: 2
INC: [ 2  6  8  9 10 15 16 17 18 20 22 24 27 32 37 38 40 41 42 43]
BEST: 20
END
SOL: [ 2  8  9 10 15 16 17 18 20 22 24 25 27 32 37 38 40 41 42 43]
OBJ: 20
M: li2
PAR: 2
INC: [ 2  6  8  9 10 15 16 17 18 20 22 24 27 32 37 38 40 41 42 43]
BEST: 20
BETTER: False
START
SOL: [ 2  8  9 10 15 16 17 18 20 22 24 25 27 32 37 38 40 41 42 43]
OBJ: 20
M: li2
PAR: 2
INC: [ 2  6  8  9 10 15 16 17 18 20 22 24 27 32 37 38 40 41 42 43]
BEST: 20
END
SOL: [ 2  8  9 10 15 16 17 18 20 22 24 25 27 32 37 38 40 41 42 43]
OBJ: 20
M: li2
PAR: 2
INC: [ 2  6  8  9 10 15 16 17 18 20 22 24 27 32 37 38 40 41 42 43]
BEST: 20
BETTER: False
END_ITER
START
SOL: [ 2  8  9 10 15 16 17 18 20 22 24 25 27 32 37 38 40 41 42 43]
OBJ: 20
M: sh20
PAR: 20
INC: [ 2  6  8  9 10 15 16 17 18 20 22 24 27 32 37 38 40 41 42 43]
BEST: 20
END
SOL: [ 1  2  7  9 15 16 23 27 36 39 42 43]
OBJ: 12
M: sh20
PAR: 20
INC: [ 2  6  8  9 10 15 16 17 18 20 22 24 27 32 37 38 40 41 42 43]
BEST: 20
BETTER: False
START
SOL: [ 1  2  7  9 15 16 23 27 36 39 42 43]
OBJ: 12
M: li2
PAR: 2
INC: [ 2  6  8  9 10 15 16 17 18 20 22 24 27 32 37 38 40 41 42 43]
BEST: 20
END
SOL: [ 1  2  4  9 15 16 23 27 32 36 39 42 43]
OBJ: 13
M: li2
PAR: 2
INC: [ 2  6  8  9 10 15 16 17 18 20 22 24 27 32 37 38 40 41 42 43]
BEST: 20
BETTER: False
START
SOL: [ 1  2  4  9 15 16 23 27 32 36 39 42 43]
OBJ: 13
M: li2
PAR: 2
INC: [ 2  6  8  9 10 15 16 17 18 20 22 24 27 32 37 38 40 41 42 43]
BEST: 20
END
SOL: [ 2  4  9 15 16 17 18 20 23 24 27 32 36 37 39 42 43]
OBJ: 17
M: li2
PAR: 2
INC: [ 2  6  8  9 10 15 16 17 18 20 22 24 27 32 37 38 40 41 42 43]
BEST: 20
BETTER: False
START
SOL: [ 2  4  9 15 16 17 18 20 23 24 27 32 36 37 39 42 43]
OBJ: 17
M: li2
PAR: 2
INC: [ 2  6  8  9 10 15 16 17 18 20 22 24 27 32 37 38 40 41 42 43]
BEST: 20
END
SOL: [ 0  2  4  8  9 15 16 17 18 20 23 24 27 32 36 37 42 43]
OBJ: 18
M: li2
PAR: 2
INC: [ 2  6  8  9 10 15 16 17 18 20 22 24 27 32 37 38 40 41 42 43]
BEST: 20
BETTER: False
START
SOL: [ 0  2  4  8  9 15 16 17 18 20 23 24 27 32 36 37 42 43]
OBJ: 18
M: li2
PAR: 2
INC: [ 2  6  8  9 10 15 16 17 18 20 22 24 27 32 37 38 40 41 42 43]
BEST: 20
END
SOL: [ 0  2  4  6  8  9 15 16 17 18 20 23 24 27 32 36 37 42 43]
OBJ: 19
M: li2
PAR: 2
INC: [ 2  6  8  9 10 15 16 17 18 20 22 24 27 32 37 38 40 41 42 43]
BEST: 20
BETTER: False
START
SOL: [ 0  2  4  6  8  9 15 16 17 18 20 23 24 27 32 36 37 42 43]
OBJ: 19
M: li2
PAR: 2
INC: [ 2  6  8  9 10 15 16 17 18 20 22 24 27 32 37 38 40 41 42 43]
BEST: 20
END
SOL: [ 0  2  4  6  8  9 10 15 16 17 18 20 24 27 32 36 37 38 42 43]
OBJ: 20
M: li2
PAR: 2
INC: [ 2  6  8  9 10 15 16 17 18 20 22 24 27 32 37 38 40 41 42 43]
BEST: 20
BETTER: False
START
SOL: [ 0  2  4  6  8  9 10 15 16 17 18 20 24 27 32 36 37 38 42 43]
OBJ: 20
M: li2
PAR: 2
INC: [ 2  6  8  9 10 15 16 17 18 20 22 24 27 32 37 38 40 41 42 43]
BEST: 20
END
SOL: [ 0  2  4  6  8  9 10 15 16 17 18 20 24 27 32 36 37 38 42 43]
OBJ: 20
M: li2
PAR: 2
INC: [ 2  6  8  9 10 15 16 17 18 20 22 24 27 32 37 38 40 41 42 43]
BEST: 20
BETTER: False
END_ITER
START
SOL: [ 2  8  9 10 15 16 17 18 20 22 24 25 27 32 37 38 40 41 42 43]
OBJ: 20
M: sh5
PAR: 5
INC: [ 2  6  8  9 10 15 16 17 18 20 22 24 27 32 37 38 40 41 42 43]
BEST: 20
END
SOL: [ 2  8  9 10 15 16 17 18 20 22 24 25 27 32 37 38 40 41 42 43]
OBJ: 20
M: sh5
PAR: 5
INC: [ 2  6  8  9 10 15 16 17 18 20 22 24 27 32 37 38 40 41 42 43]
BEST: 20
BETTER: False
START
SOL: [ 2  8  9 10 15 16 17 18 20 22 24 25 27 32 37 38 40 41 42 43]
OBJ: 20
M: li2
PAR: 2
INC: [ 2  6  8  9 10 15 16 17 18 20 22 24 27 32 37 38 40 41 42 43]
BEST: 20
END
SOL: [ 2  8  9 10 15 16 17 18 20 22 24 25 27 32 37 38 40 41 42 43]
OBJ: 20
M: li2
PAR: 2
INC: [ 2  6  8  9 10 15 16 17 18 20 22 24 27 32 37 38 40 41 42 43]
BEST: 20
BETTER: False
END_ITER
START
SOL: [ 2  8  9 10 15 16 17 18 20 22 24 25 27 32 37 38 40 41 42 43]
OBJ: 20
M: sh10
PAR: 10
INC: [ 2  6  8  9 10 15 16 17 18 20 22 24 27 32 37 38 40 41 42 43]
BEST: 20
END
SOL: [ 2  6  8  9 10 15 17 18 20 24 27 32 34 37 40 41 42]
OBJ: 17
M: sh10
PAR: 10
INC: [ 2  6  8  9 10 15 16 17 18 20 22 24 27 32 37 38 40 41 42 43]
BEST: 20
BETTER: False
START
SOL: [ 2  6  8  9 10 15 17 18 20 24 27 32 34 37 40 41 42]
OBJ: 17
M: li2
PAR: 2
INC: [ 2  6  8  9 10 15 16 17 18 20 22 24 27 32 37 38 40 41 42 43]
BEST: 20
END
SOL: [ 6  8  9 10 15 17 18 20 22 24 27 32 34 35 37 40 41 42]
OBJ: 18
M: li2
PAR: 2
INC: [ 2  6  8  9 10 15 16 17 18 20 22 24 27 32 37 38 40 41 42 43]
BEST: 20
BETTER: False
START
SOL: [ 6  8  9 10 15 17 18 20 22 24 27 32 34 35 37 40 41 42]
OBJ: 18
M: li2
PAR: 2
INC: [ 2  6  8  9 10 15 16 17 18 20 22 24 27 32 37 38 40 41 42 43]
BEST: 20
END
SOL: [ 6  8  9 10 15 17 18 20 22 24 27 32 34 35 37 38 40 41 42]
OBJ: 19
M: li2
PAR: 2
INC: [ 2  6  8  9 10 15 16 17 18 20 22 24 27 32 37 38 40 41 42 43]
BEST: 20
BETTER: False
START
SOL: [ 6  8  9 10 15 17 18 20 22 24 27 32 34 35 37 38 40 41 42]
OBJ: 19
M: li2
PAR: 2
INC: [ 2  6  8  9 10 15 16 17 18 20 22 24 27 32 37 38 40 41 42 43]
BEST: 20
END
SOL: [ 6  8  9 10 15 16 17 18 20 22 24 27 32 35 37 38 40 41 42 43]
OBJ: 20
M: li2
PAR: 2
INC: [ 2  6  8  9 10 15 16 17 18 20 22 24 27 32 37 38 40 41 42 43]
BEST: 20
BETTER: False
START
SOL: [ 6  8  9 10 15 16 17 18 20 22 24 27 32 35 37 38 40 41 42 43]
OBJ: 20
M: li2
PAR: 2
INC: [ 2  6  8  9 10 15 16 17 18 20 22 24 27 32 37 38 40 41 42 43]
BEST: 20
END
SOL: [ 6  8  9 10 15 16 17 18 20 22 24 27 32 35 37 38 40 41 42 43]
OBJ: 20
M: li2
PAR: 2
INC: [ 2  6  8  9 10 15 16 17 18 20 22 24 27 32 37 38 40 41 42 43]
BEST: 20
BETTER: False
END_ITER
START
SOL: [ 2  8  9 10 15 16 17 18 20 22 24 25 27 32 37 38 40 41 42 43]
OBJ: 20
M: sh20
PAR: 20
INC: [ 2  6  8  9 10 15 16 17 18 20 22 24 27 32 37 38 40 41 42 43]
BEST: 20
END
SOL: [ 2  3  7  9 10 22 24 25 31 34 39 41 44]
OBJ: 13
M: sh20
PAR: 20
INC: [ 2  6  8  9 10 15 16 17 18 20 22 24 27 32 37 38 40 41 42 43]
BEST: 20
BETTER: False
START
SOL: [ 2  3  7  9 10 22 24 25 31 34 39 41 44]
OBJ: 13
M: li2
PAR: 2
INC: [ 2  6  8  9 10 15 16 17 18 20 22 24 27 32 37 38 40 41 42 43]
BEST: 20
END
SOL: [ 2  3  9 10 20 22 24 25 27 31 32 34 39 40 41 44]
OBJ: 16
M: li2
PAR: 2
INC: [ 2  6  8  9 10 15 16 17 18 20 22 24 27 32 37 38 40 41 42 43]
BEST: 20
BETTER: False
START
SOL: [ 2  3  9 10 20 22 24 25 27 31 32 34 39 40 41 44]
OBJ: 16
M: li2
PAR: 2
INC: [ 2  6  8  9 10 15 16 17 18 20 22 24 27 32 37 38 40 41 42 43]
BEST: 20
END
SOL: [ 1  2  3  8  9 10 20 22 24 25 27 31 32 34 40 41 44]
OBJ: 17
M: li2
PAR: 2
INC: [ 2  6  8  9 10 15 16 17 18 20 22 24 27 32 37 38 40 41 42 43]
BEST: 20
BETTER: False
START
SOL: [ 1  2  3  8  9 10 20 22 24 25 27 31 32 34 40 41 44]
OBJ: 17
M: li2
PAR: 2
INC: [ 2  6  8  9 10 15 16 17 18 20 22 24 27 32 37 38 40 41 42 43]
BEST: 20
END
SOL: [ 1  2  3  8  9 10 16 20 22 24 25 27 31 32 40 41 43 44]
OBJ: 18
M: li2
PAR: 2
INC: [ 2  6  8  9 10 15 16 17 18 20 22 24 27 32 37 38 40 41 42 43]
BEST: 20
BETTER: False
START
SOL: [ 1  2  3  8  9 10 16 20 22 24 25 27 31 32 40 41 43 44]
OBJ: 18
M: li2
PAR: 2
INC: [ 2  6  8  9 10 15 16 17 18 20 22 24 27 32 37 38 40 41 42 43]
BEST: 20
END
SOL: [ 1  2  3  8  9 10 16 18 20 22 24 25 27 31 32 38 40 41 43]
OBJ: 19
M: li2
PAR: 2
INC: [ 2  6  8  9 10 15 16 17 18 20 22 24 27 32 37 38 40 41 42 43]
BEST: 20
BETTER: False
START
SOL: [ 1  2  3  8  9 10 16 18 20 22 24 25 27 31 32 38 40 41 43]
OBJ: 19
M: li2
PAR: 2
INC: [ 2  6  8  9 10 15 16 17 18 20 22 24 27 32 37 38 40 41 42 43]
BEST: 20
END
SOL: [ 1  2  3  8  9 10 16 18 20 22 24 25 27 31 32 38 40 41 43]
OBJ: 19
M: li2
PAR: 2
INC: [ 2  6  8  9 10 15 16 17 18 20 22 24 27 32 37 38 40 41 42 43]
BEST: 20
BETTER: False
END_ITER
START
SOL: [ 2  8  9 10 15 16 17 18 20 22 24 25 27 32 37 38 40 41 42 43]
OBJ: 20
M: sh5
PAR: 5
INC: [ 2  6  8  9 10 15 16 17 18 20 22 24 27 32 37 38 40 41 42 43]
BEST: 20
END
SOL: [ 2  8  9 10 15 16 17 18 20 22 24 25 27 32 37 38 40 41 42 43]
OBJ: 20
M: sh5
PAR: 5
INC: [ 2  6  8  9 10 15 16 17 18 20 22 24 27 32 37 38 40 41 42 43]
BEST: 20
BETTER: False
START
SOL: [ 2  8  9 10 15 16 17 18 20 22 24 25 27 32 37 38 40 41 42 43]
OBJ: 20
M: li2
PAR: 2
INC: [ 2  6  8  9 10 15 16 17 18 20 22 24 27 32 37 38 40 41 42 43]
BEST: 20
END
SOL: [ 2  8  9 10 15 16 17 18 20 22 24 25 27 32 37 38 40 41 42 43]
OBJ: 20
M: li2
PAR: 2
INC: [ 2  6  8  9 10 15 16 17 18 20 22 24 27 32 37 38 40 41 42 43]
BEST: 20
BETTER: False
END_ITER
START
SOL: [ 2  8  9 10 15 16 17 18 20 22 24 25 27 32 37 38 40 41 42 43]
OBJ: 20
M: sh10
PAR: 10
INC: [ 2  6  8  9 10 15 16 17 18 20 22 24 27 32 37 38 40 41 42 43]
BEST: 20
END
SOL: [ 2  8  9 10 12 16 17 22 25 27 31 32 37 40 41 43]
OBJ: 16
M: sh10
PAR: 10
INC: [ 2  6  8  9 10 15 16 17 18 20 22 24 27 32 37 38 40 41 42 43]
BEST: 20
BETTER: False
START
SOL: [ 2  8  9 10 12 16 17 22 25 27 31 32 37 40 41 43]
OBJ: 16
M: li2
PAR: 2
INC: [ 2  6  8  9 10 15 16 17 18 20 22 24 27 32 37 38 40 41 42 43]
BEST: 20
END
SOL: [ 2  8  9 10 12 15 16 17 20 22 25 27 32 37 38 40 41 42 43]
OBJ: 19
M: li2
PAR: 2
INC: [ 2  6  8  9 10 15 16 17 18 20 22 24 27 32 37 38 40 41 42 43]
BEST: 20
BETTER: False
START
SOL: [ 2  8  9 10 12 15 16 17 20 22 25 27 32 37 38 40 41 42 43]
OBJ: 19
M: li2
PAR: 2
INC: [ 2  6  8  9 10 15 16 17 18 20 22 24 27 32 37 38 40 41 42 43]
BEST: 20
END
SOL: [ 2  8  9 10 15 16 17 18 20 22 24 25 27 32 37 38 40 41 42 43]
OBJ: 20
M: li2
PAR: 2
INC: [ 2  6  8  9 10 15 16 17 18 20 22 24 27 32 37 38 40 41 42 43]
BEST: 20
BETTER: False
START
SOL: [ 2  8  9 10 15 16 17 18 20 22 24 25 27 32 37 38 40 41 42 43]
OBJ: 20
M: li2
PAR: 2
INC: [ 2  6  8  9 10 15 16 17 18 20 22 24 27 32 37 38 40 41 42 43]
BEST: 20
END
SOL: [ 2  8  9 10 15 16 17 18 20 22 24 25 27 32 37 38 40 41 42 43]
OBJ: 20
M: li2
PAR: 2
INC: [ 2  6  8  9 10 15 16 17 18 20 22 24 27 32 37 38 40 41 42 43]
BEST: 20
BETTER: False
END_ITER
START
SOL: [ 2  8  9 10 15 16 17 18 20 22 24 25 27 32 37 38 40 41 42 43]
OBJ: 20
M: sh20
PAR: 20
INC: [ 2  6  8  9 10 15 16 17 18 20 22 24 27 32 37 38 40 41 42 43]
BEST: 20
END
SOL: [ 1  5  6  8 12 13 16 20 26 28 35 40 41 42 43]
OBJ: 15
M: sh20
PAR: 20
INC: [ 2  6  8  9 10 15 16 17 18 20 22 24 27 32 37 38 40 41 42 43]
BEST: 20
BETTER: False
START
SOL: [ 1  5  6  8 12 13 16 20 26 28 35 40 41 42 43]
OBJ: 15
M: li2
PAR: 2
INC: [ 2  6  8  9 10 15 16 17 18 20 22 24 27 32 37 38 40 41 42 43]
BEST: 20
END
SOL: [ 1  5  6  8 12 13 16 20 26 28 33 35 38 40 41 42]
OBJ: 16
M: li2
PAR: 2
INC: [ 2  6  8  9 10 15 16 17 18 20 22 24 27 32 37 38 40 41 42 43]
BEST: 20
BETTER: False
START
SOL: [ 1  5  6  8 12 13 16 20 26 28 33 35 38 40 41 42]
OBJ: 16
M: li2
PAR: 2
INC: [ 2  6  8  9 10 15 16 17 18 20 22 24 27 32 37 38 40 41 42 43]
BEST: 20
END
SOL: [ 5  6  8 12 13 16 17 20 26 28 33 35 37 38 40 41 42]
OBJ: 17
M: li2
PAR: 2
INC: [ 2  6  8  9 10 15 16 17 18 20 22 24 27 32 37 38 40 41 42 43]
BEST: 20
BETTER: False
START
SOL: [ 5  6  8 12 13 16 17 20 26 28 33 35 37 38 40 41 42]
OBJ: 17
M: li2
PAR: 2
INC: [ 2  6  8  9 10 15 16 17 18 20 22 24 27 32 37 38 40 41 42 43]
BEST: 20
END
SOL: [ 5  6  8 11 12 13 17 20 26 28 33 34 35 37 38 40 41 42]
OBJ: 18
M: li2
PAR: 2
INC: [ 2  6  8  9 10 15 16 17 18 20 22 24 27 32 37 38 40 41 42 43]
BEST: 20
BETTER: False
START
SOL: [ 5  6  8 11 12 13 17 20 26 28 33 34 35 37 38 40 41 42]
OBJ: 18
M: li2
PAR: 2
INC: [ 2  6  8  9 10 15 16 17 18 20 22 24 27 32 37 38 40 41 42 43]
BEST: 20
END
SOL: [ 5  6  8 11 12 13 17 20 26 28 33 34 35 37 38 40 41 42]
OBJ: 18
M: li2
PAR: 2
INC: [ 2  6  8  9 10 15 16 17 18 20 22 24 27 32 37 38 40 41 42 43]
BEST: 20
BETTER: False
END_ITER
START
SOL: [ 2  8  9 10 15 16 17 18 20 22 24 25 27 32 37 38 40 41 42 43]
OBJ: 20
M: sh5
PAR: 5
INC: [ 2  6  8  9 10 15 16 17 18 20 22 24 27 32 37 38 40 41 42 43]
BEST: 20
END
SOL: [ 2  6  8  9 10 15 16 17 18 20 22 24 27 32 37 38 40 41 42 43]
OBJ: 20
M: sh5
PAR: 5
INC: [ 2  6  8  9 10 15 16 17 18 20 22 24 27 32 37 38 40 41 42 43]
BEST: 20
BETTER: False
START
SOL: [ 2  6  8  9 10 15 16 17 18 20 22 24 27 32 37 38 40 41 42 43]
OBJ: 20
M: li2
PAR: 2
INC: [ 2  6  8  9 10 15 16 17 18 20 22 24 27 32 37 38 40 41 42 43]
BEST: 20
END
SOL: [ 2  6  8  9 10 15 16 17 18 20 22 24 27 32 37 38 40 41 42 43]
OBJ: 20
M: li2
PAR: 2
INC: [ 2  6  8  9 10 15 16 17 18 20 22 24 27 32 37 38 40 41 42 43]
BEST: 20
BETTER: False
END_ITER
START
SOL: [ 2  8  9 10 15 16 17 18 20 22 24 25 27 32 37 38 40 41 42 43]
OBJ: 20
M: sh10
PAR: 10
INC: [ 2  6  8  9 10 15 16 17 18 20 22 24 27 32 37 38 40 41 42 43]
BEST: 20
END
SOL: [ 2  3  8 10 15 17 18 20 25 28 32 38 40 41 43]
OBJ: 15
M: sh10
PAR: 10
INC: [ 2  6  8  9 10 15 16 17 18 20 22 24 27 32 37 38 40 41 42 43]
BEST: 20
BETTER: False
END_ITER
